Device: cuda
GPU: NVIDIA GeForce RTX 5060 Ti

Experiment : noisy_reward
Run        : noise_0.3_lr5e6
Output dir : ./outputs/noisy_reward/noise_0.3_lr5e6

Config:
  model=roneneldan/TinyStories-33M
  batch=64, mini_batch=16, ppo_epochs=4
  kl_mode=adaptive, advantage_normalize=global
  prompts=6000, max_new_tokens=128

[init] Loading tokenizer + policy...
Warning: You are sending unauthenticated requests to the HF Hub. Please set a HF_TOKEN to enable higher rate limits and faster downloads.
Loading weights:   0%|          | 0/56 [00:00<?, ?it/s]Loading weights: 100%|██████████| 56/56 [00:00<00:00, 12750.72it/s]
[1mGPTNeoForCausalLM LOAD REPORT[0m from: roneneldan/TinyStories-33M
Key                                                   | Status     |  | 
------------------------------------------------------+------------+--+-
transformer.h.{0, 1, 2, 3}.attn.attention.bias        | UNEXPECTED |  | 
transformer.h.{0, 1, 2, 3}.attn.attention.masked_bias | UNEXPECTED |  | 

Notes:
- UNEXPECTED:	can be ignored when loading from different task/architecture; not ok if you expect identical arch.
Policy params: 68,514,817

[init] Loading reward model...
Loading weights:   0%|          | 0/201 [00:00<?, ?it/s]Loading weights: 100%|██████████| 201/201 [00:00<00:00, 3126.41it/s]
[1mRobertaForSequenceClassification LOAD REPORT[0m from: SamLowe/roberta-base-go_emotions
Key                             | Status     |  | 
--------------------------------+------------+--+-
roberta.embeddings.position_ids | UNEXPECTED |  | 

Notes:
- UNEXPECTED:	can be ignored when loading from different task/architecture; not ok if you expect identical arch.
  Noisy reward wrapper: noise_frac=0.3

[init] Building dataset...
Map:   0%|          | 0/6000 [00:00<?, ? examples/s]Map:  50%|█████     | 3000/6000 [00:00<00:00, 12217.88 examples/s]Map: 100%|██████████| 6000/6000 [00:00<00:00, 18460.98 examples/s]
Dataset: 6000 prompts
Example: Tim and Mia like to play in the park.
PPO config: batch=64, mini_batch=16, ppo_epochs=4
LR: 5e-06
KL: mode=adaptive, init_coef=0.3, target=10.0, horizon=500
Advantage normalize: global
Steps per epoch: 93, total: ~186

======================================================================
  Starting training: 2 epochs, cuda
======================================================================

  [step    0] R=0.2464 | KL=0.000 | beta=0.2923 | 5.9s/step
    >> Once upon a time, there was a curious little girl named Lily. One day, she went to the park with her mom and saw her friends playing on the swings. Lily wanted to join them, but her mom told her to wait for her turn.

Suddenly, Lily saw a big dog running towards her friends. She ran and tried to escape, but the dog was too fast. Just as the dog was about to bite her, Lily's friend jumped up and scratched the dog's nose. Ben came running too, but it was too late. Lily's mom saw what happened and quickly ran to get help.

The end.

    >> The little girl loved to explore and feel the big blue ocean. One day, she went for a walk near the beach again and saw a white bird. The bird was singing a beautiful song and the wind was blowing gently through the trees.

The little girl was so happy to see the bird and she wanted to listen more closely. So, she clapped her hands and sang along with the bird. After a while, the bird flew away and the little girl was excited to tell all of her friends about the special bird she met in the sea.

    >> One sunny day, the boy went to the train station. He had a great time picking up things and going to see the trains. He got to a train station again and got on the train.

The boy saw a long train with lots of seats. He pointed to the seat and said, "Mom, can I get a seat?" His mom smiled and said, "Sure. Let's go get one." 

The mom and the boy paid the conductor and took the train home. The boy spent the whole day looking out the train and all the places it had been. When it was time to go home, all the passengers cheered for the little
    >> In a small village, there lived a boy named Tim. Tim had a toy with a handle. He loved to play with his toy all day. One day, Tim's toy did not complete his game of hide and seek. He felt empty inside.

Tim's friend, Sam, said, "Let's play hide and seek using this handle to hide!" Tim and Sam started to play, but Sam ran away to find a hidden hiding spot. The handle got stuck in a tree. Tim saw Sam hiding there, and he wanted to help.

Tim tried to pull the handle back, but it wouldn't move. He tried to part the branch, but
    >> The puppy was so excited to see her new friend. He wanted to play too, but couldn't come over to the house. He was feeling left. One day, the puppy was feeling sad and he sat down.

The puppy's owner decided to take him out for a walk. The dad was very polite to the puppy and thanked him for coming over. As they were walking, they passed a nearby cafe. They went inside and bought some delicious ice cream for having ice cream. 

The puppy loved it! He was so happy that he started wagging his tail and barking excitedly. He followed his owner and enjoyed his ice cream, and
  [step    5] R=0.3092 | KL=2.922 | beta=0.2568 | 4.8s/step
You seem to be using the pipelines sequentially on GPU. In order to maximize efficiency please use a dataset
  [step   10] R=0.3809 | KL=6.933 | beta=0.2255 | 4.9s/step
  [step   15] R=0.3533 | KL=7.667 | beta=0.1981 | 4.8s/step
  [step   20] R=0.3790 | KL=8.934 | beta=0.1762 | 4.7s/step
    >> Once upon a time, there was a fat chicken. The fat chicken was big, and she was very happy. One day, the fat chicken saw a boy playing nearby. She thought about staying, but then she remembered what her mummy had said to her.

The yellow chicken wanted to go play with the boy. So, she hopped over to him and asked him if she could play. The boy looked sad and told the fat chicken he couldn't use her. The fat chicken was a bit sad for the boy, but she knew she had to help her new friend.

So, the fat chicken stayed and played with the boy. They had a lot of
    >> The little girl loved to play with her marbles every day. She loved to make them shine in different colors. Even when the sun went down and it's dark to sleep, she would still keep playing with her marbles.

    >> One sunny day, the boy went to the park to play. He saw a large bird and thought it wanted to help. So, the boy thought of a plan and carefully picked it up and saved it.

The boy took the large bird home and took care of it. The bird was very happy and sang a beautiful song. The boy learned that it is important to help others when they are in trouble. From that day on, the boy always looked for ways to help and the bird became his friend.

    >> In a small village, there lived a boy named Tim. Tim was very stubborn. He liked to play without playing with his toys. One day, Tim decided to go for a walk in the forest.

In the forest, Tim found a big tree with a hole in it. He looked inside the hole and saw something shiny. Tim wanted to touch it, but he couldn't reach it. So, he went to his dad and told him about the shiny object in the hole.

Tim's dad told him not to go near the tree and touch it, but Tim was too stubborn. So, he went back to the tree and tried to reach it.
    >> The puppy was so excited to see the puppy that he started to wag his tail.

One girl took out the newspaper and she gave her dog some money to pay for the book. The pup was very happy to buy the newspaper, and it was a fine day for their adventure.

  [step   25] R=0.4191 | KL=7.335 | beta=0.1547 | 4.8s/step
  [step   30] R=0.4543 | KL=7.233 | beta=0.1393 | 4.7s/step
  [step   35] R=0.4755 | KL=8.231 | beta=0.1238 | 4.7s/step
  [step   40] R=0.5518 | KL=8.729 | beta=0.1158 | 4.7s/step
    >> Once upon a time, there was a naughty dog named Max. Max liked to eat waste. He would eat it all. Max's best friend, a little boy, would also eat waste.

One day, Max saw a piece of paper on the ground. He wanted to eat it, but he couldn't reach it. Max thought, "If I eat waste, maybe I will become smarter." So, Max ate the waste and became a very big dog.

At first, Max was happy. His friend's mom and dad would applaud for Max. But Max's mom and dad still loved him even more. Max learned that sometimes, even if he ate
    >> The little girl loved to use her brain. She used her brain to think and solve problems. When she had solved a problem, she would sometimes think happy thoughts.

    >> One sunny day, the boy went outside to play. He found a big, red ball. The boy liked the red ball very much. He played with the ball all day in the warm sun.

    >> In a small village, there lived a wealthy man. He had a big red bicycle that he loved to ride. One evening, the wealthy man went to the park to ride his bicycle.

While riding around the park, he noticed a little girl. She was scared and alone. The wealthy man stopped his bicycle and asked her, "What's wrong?" The little girl said, "I'm lost. Can you help me find my mom?" The wealthy man smiled and said, "Of course! Let's ride our bicycles together."

    >> The puppy was so excited to have a new friend he and the girl played all day. They both got really hungry and then had a break.

The loyal dog had a yummy snack and the two were happy that they had a fun day.

  [step   45] R=0.4375 | KL=9.460 | beta=0.1075 | 5.1s/step
  [step   50] R=0.4649 | KL=10.587 | beta=0.1061 | 4.7s/step
  [step   55] R=0.4805 | KL=9.880 | beta=0.1031 | 4.8s/step
  [step   60] R=0.4312 | KL=9.854 | beta=0.0992 | 5.0s/step
    >> Once upon a time, there was a little dog named Spot. Spot was very happy because he had a clean yard to play in. Every day, Spot would play in the yard and feel so free.

One sunny day, Spot was playing in the yard when he saw a big ball. Spot wanted to play with the ball, but it was too big for him. He thought and thought about how to play with the ball. Spot was very good at playing with the ball for a long time.

When Spot was tired, he decided he wanted to quit playing with the big ball. He thought that playing with the ball was much more fun than playing with the
    >> The little girl loved to use her creative magic wand. She would use it to do fun things like play games with her friends or help her mom build a fort.

One day, the little girl wanted to use her creative magic wand again. She waved it and said, "Magic, come play with me!" The magic wand got up and played with the little girl. They had so much fun together. They played games, made shapes with their hands, and danced around like crazy.

The little girl and her magic wand had a great day. They loved using their imagination to create new fun games. And they loved that magic made the day so
    >> One sunny day, the boy went outside and collected some shiny rocks. He thought the rocks were so much fun!

Using his new rocks, the boy built a special nest nest. The nest was very useful. On the nest, he made a safe place for little little birds. He liked to sit in the nest and feel happy. 

The boy and the bright shining sun made the wind blow around him. The boy laughed and smiled as he watched the birds flying around with his colorful, shiny rocks.

    >> In a small village, there lived a little girl named Ann. Ann was sad because she had no friends to play with. One day, she went to the park and met a kind boy named Tim.

Tim said to Ann, "Don't be sad, I will marry you when you are older." Ann looked at Tim and smiled. They were very happy that they could marry.

From that day on, Ann and Tim were never sad again. They played together every day and had lots of fun. They knew that they were special because they had each other. And they lived happily ever after.

    >> The puppy was so excited to go out exploring. He put on his jacket and off he went, running and chasing the raindrops. He had so much fun!

  [step   65] R=0.5183 | KL=9.805 | beta=0.0960 | 4.7s/step
  [step   70] R=0.5279 | KL=9.514 | beta=0.0965 | 4.7s/step
  [step   75] R=0.4672 | KL=10.172 | beta=0.0941 | 4.8s/step
  [step   80] R=0.4923 | KL=11.382 | beta=0.0979 | 4.8s/step
    >> Once upon a time, there was a dog named Max. Max was very happy playing with his toys. One day, Max found a new toy on the ground. It was an easy toy to play with! Max started to make lots of fun shapes with his toy. Max was very good at making things with his toy. He made lots of shapes and he had lots of fun playing with his new toy.

    >> The little girl loved to play outside and explore the world around her.

    >> One sunny day, the boy went outside to play. He saw a shiny wire and decided to try it. The boy pulled the wire and it made a loud noise. The boy was very happy to play with the wire. He played with it all day long. The boy had so much fun playing with the shiny wire.

    >> In a small village, there lived a happy family. They loved each other very much. One day, they had a big meal together.

In the meal, they found a disgusting pile of rubbish in the big house. The children did not like what happened. The mom said, "We must clean this up!"

So, the mom and the children worked together. They put the rubbish in their bags. The children learned the value of being clean. They promised to always take care of each other. And they lived happily ever after.

    >> The puppy was so excited to see her friend that he had made something he wanted to give her. He ran over to give her the biggest hug ever. He gave her a hug all of the way! 

The puppy knew that by giving his friend a hug, he always felt so good. He was so happy that he had made her smile.

  [step   85] R=0.4843 | KL=10.486 | beta=0.0956 | 4.7s/step
  [step   90] R=0.4703 | KL=10.980 | beta=0.0971 | 4.7s/step
  [step   95] R=0.4583 | KL=11.856 | beta=0.1033 | 4.7s/step
  [step  100] R=0.5183 | KL=9.260 | beta=0.1040 | 4.7s/step
    >> Once upon a time, there was a little child walking in the park. It was a sunny day and the child felt very happy. 

Suddenly, something amazing happened! The sky began to fill with lots of colourful balloons and made the world full of happy noise. The child ran around, jumping and skipping, feeling very jolly. 

The child reached up and grabbed one balloon and ran back home. When it arrived, the child was so excited to show everyone the amazing balloon and how much joy it had brought to the lively world!

    >> The little girl loved to climb all day. The little girl would climb all day long. 

One day, the little girl went to her house and found a mirror. The mirror was very pretty and it sparkled even more. The little girl asked her mommy if she could get the mirror. Her mommy said yes and went to get her special mirror. 

The little girl was so happy to have her mirror and said she would always climb with it. And from that day on, the little girl and the attractive mirror were the best of friends.

    >> One sunny day, the boy went out to the park to have some fun. He met another tall boy named Mark who saw himself and asked if he wanted to play. They played together and had a great time. 

The end.

    >> In a small village, there lived a boy named Tim. Tim loved to play with his toy boat. One day, he went out to play near the woods with his boat.

While Tim was playing, he saw a hungry bird. The hungry bird saw Tim's big, red brick in the grass. Tim wanted to help the bird, but he did not know how. He thought it was a terrible idea.

Tim went back home with his boat, still thinking about the hungry bird and his big, red brick. He hoped that one day he could help the bird again. He went to a new part of the woods and found the little bird and its
    >> The puppy was so excited to be outside that she ran into the house and started to play with the family. She even lay down to sleep in their lovely little bed. 

The little puppy had a very fun day at the park. She was so happy she had asked her family for a play place.

  [step  105] R=0.4739 | KL=9.731 | beta=0.1068 | 4.7s/step
  [step  110] R=0.5946 | KL=9.809 | beta=0.1044 | 4.8s/step
  [step  115] R=0.4556 | KL=9.783 | beta=0.1003 | 4.7s/step
  [step  120] R=0.4743 | KL=10.326 | beta=0.1036 | 4.7s/step
    >> Once upon a time, there was a little boy named Timmy. Timmy loved to ride his bike. He loved to feel the wind in his hair.

One day, Timmy saw a big, wide tree. He thought it would be fun to ride his bike over the tree. Timmy's mom saw what he was doing and said, "Timmy, that's not safe! You have to play on the tree."

Timmy listened to his mom and played on the big, wide tree. He had so much fun riding his bike around the tree. When it was time to go home, Timmy remembered he had to return to his mom
    >> The little girl loved to eat and eat. She was so happy that she had found an original way to keep her pet safe.

    >> One sunny day, the boy went to the park to swing. He was so happy! He swung higher and higher. He watched the world and smile. He enjoyed swinging!

    >> In a small village, there lived a boy named Tim. Tim loved to play baseball with his friends. They would throw the baseball far and high in the sky.

One day, Tim and his friends decided to play a game in the deep, dark forest near their village. They wanted to show their friends how cool their game could be. They took turns throwing the baseball.

At the end of the day, Tim and his friends told their friends about their fun game. They all wanted to play more games in the deep, dark forest with their friends. They played until the sun went down and the sky turned dark, and they promised to come back and play
    >> The puppy was so excited to have a friend. He played with the puppy and the toy and cuddled him all day long. 

The puppy was so happy. He was the best friend from that day on. He and the puppy were together forever after!

  [step  125] R=0.5587 | KL=9.714 | beta=0.0999 | 4.8s/step
  [step  130] R=0.4466 | KL=9.454 | beta=0.0971 | 4.8s/step
  [step  135] R=0.5409 | KL=10.680 | beta=0.0977 | 4.7s/step
  [step  140] R=0.4805 | KL=8.503 | beta=0.0975 | 4.7s/step
    >> Once upon a time, there was a small bug named Tim. Tim was very good at changing things. He changed leaves, flowers, and even his home. All his friends loved his work and asked him to keep showing them off.

One day, Tim's power went slow. He could not change anything. His friends were sad and worried. They did not know what to do. Tim's mom saw the problem and had an idea. She told Tim to change his power. Tim did as his mom said.

Tim was happy to change what he received. He kept changing everything. His friends played and had fun. Tim had become a smart and kind bug
    >> The little girl loved to play outside in the warm sunshine with her friend.

    >> One sunny day, the boy went outside to play. He was very happy.

The boy saw a big cloud in the sky. Then he heard a voice. The voice said, "Thank you for being so loud!" The boy was surprised. 

The voice said, "You are very welcome. Now be quiet, otherwise everything will be silent!" The boy was amazed and he smiled as he played quietly. 

The boy waved at the sky as he went back to playing quietly. He was happy to be doing friendly things.

    >> In a small village, there lived a little boy named Tim. Tim loved to play with his friends. They played with balls and ran around the village.

One sunny day, Tim and his friends met near the same group of trees. The trees were big and strong. Tim and his friends wanted to unite and make the trees their friend. So, they all gathered together and talked.

Tim and his friends decided to unite and build a new, bigger and stronger tree. They built it high and strong. They were happy and proud of their tree's big and new leaves. From that day on, they played in the big and strong tree.

    >> The puppy was so excited to meet someone!

Soon, the puppy and the puppy became very good friends. They loved to share stories and adventures together.

The puppy and the puppy were the best of friends and always had so much fun!

  [step  145] R=0.5385 | KL=10.223 | beta=0.0995 | 4.7s/step
  [step  150] R=0.5304 | KL=9.913 | beta=0.0987 | 4.7s/step
  [step  155] R=0.4398 | KL=9.586 | beta=0.0946 | 4.7s/step
  [step  160] R=0.4133 | KL=11.304 | beta=0.0998 | 5.1s/step
    >> Once upon a time, there was a happy little boy named Tim. Tim loved to play with his favorite toy, a red ball. One day, Tim went to the park to play with his big red ball. He bounced it high and low, and even bounced it on the ground. Tim had a lot of fun in the park and was very happy.

    >> The little girl loved to look at the shiny and pretty things that her parents had collected. She and her parents liked that something so new and so delicious.

    >> One sunny day, the boy went up a hill and met a squirrel.

"Hello, friend!" said the squirrel.

"Hi, neighbor!" replied the boy.

The boy and his neighbor decided to play together. They ran around the neighborhood and had lots of fun.

The boy was happy that he made a friend and to have his brown neighbor with a kind heart.

    >> In a small village, there lived a mighty rabbit. This rabbit was too large to make food for everyone. The other animals in the village did not want to share their food. They tried to make food for themselves.

One day, the other animals decided to work together. They said, "We need more food for us to eat." So, they sent more food to their friends. The village people were happy to share their food with everyone.

Soon, the other animals in the village started to share their food with everyone. The people learned that sharing is important. They promised to share with everyone in the village from then on.

The moral of
    >> The puppy was so excited to meet the bear and learn from him.

The bear taught the puppy all about nature and helped him to learn. The puppy was so delighted to know how to be helpful. 

The puppy was so much happier and felt like he belonged. He was so grateful to have a friend in the wild, and he was glad he could learn from the book!

  [step  165] R=0.4192 | KL=10.370 | beta=0.1000 | 4.8s/step
  [step  170] R=0.4706 | KL=11.682 | beta=0.1006 | 4.7s/step
  [step  175] R=0.4125 | KL=10.273 | beta=0.1018 | 4.6s/step
  [step  180] R=0.4655 | KL=11.120 | beta=0.1029 | 4.7s/step
    >> Once upon a time, there was a little girl named Lily. One day, Lily's mommy asked her to clean her closet. Lily didn't want to because she was playing with her toys. But her mommy said, "Lily, if you clean your closet, you can spend your money on nice things."

Lily thought about it and decided to clean her closet. She swept the closet and put all her toys in it. When she was done, her mommy gave her a nice, tidy teddy bear. Lily was so happy and hugged her mommy. From then on, Lily spent her money on nice things and never played with her toys
    >> The little girl loved to play with her little pet. She would feed it licks, play with it, and give it cuddles. It was so loyal, it made everything around her happy.

At the end of the day, the little girl and her pet went back home. The little girl smiled as she thought about how much her loving pet was

    >> One sunny day, the boy went out into the yard. He was wearing his white suit and having lots of fun!
He saw a big puddle of water and so he started to splash around in it. He smiled and laughed as he splashed around in the puddle of water.
Suddenly, the sky started to get dark again. But, the boy still had a big smile on his face. He took off his white suit, and splashed around in the puddle of water. It was so much fun splashing in the puddle!

    >> In a small village, there lived a young gorilla named Mojo. Mojo loved to play with his friends in the jungle.

One day, Mojo and his friends found a big tree to climb. They all climbed to the top and yelled as they got to the top. All the other young monkeys looked down and saw there were little birds in the tree.

From then on, Mojo and his friends played all day in the big tree with their little trees. They were all very happy and loved being together in the jungle.

    >> The puppy was so excited to find someone else. They stayed for hours, playing with the puppy and eating the grass. 

Mum was the happiest she had ever been. She had found something she could all love so long as her little pup was around.

  [step  185] R=0.5297 | KL=10.243 | beta=0.1011 | 4.7s/step

======================================================================
  Done: 186 steps in 894s (4.8s/step avg)
======================================================================

======================================================================
  SUMMARY — noisy_reward/noise_0.3_lr5e6
======================================================================
  Total steps:    186
  Final R (avg):  0.4804
  Peak R:         0.5946
  Final KL (avg): 9.952
  Final beta:     0.1011
--- Step 0 ---
  Once upon a time, there was a curious little girl named Lily. One day, she went to the park with her mom and saw her friends playing on the swings. Lily wanted to join them, but her mom told her to wait for her turn.

Suddenly, Lily saw a big dog running towards her friends. She ran and tried to escape, but the dog was too fast. Just as the dog was about to bite her, Lily's friend jumped up and scratched the dog's nose. Ben came running too, but it was too late. Lily's mom saw what happened and quickly ran to get help.

The end.

  The little girl loved to explore and feel the big blue ocean. One day, she went for a walk near the beach again and saw a white bird. The bird was singing a beautiful song and the wind was blowing gently through the trees.

The little girl was so happy to see the bird and she wanted to listen more closely. So, she clapped her hands and sang along with the bird. After a while, the bird flew away and the little girl was excited to tell all of her friends about the special bird she met in the sea.

  One sunny day, the boy went to the train station. He had a great time picking up things and going to see the trains. He got to a train station again and got on the train.

The boy saw a long train with lots of seats. He pointed to the seat and said, "Mom, can I get a seat?" His mom smiled and said, "Sure. Let's go get one." 

The mom and the boy paid the conductor and took the train home. The boy spent the whole day looking out the train and all the places it had been. When it was time to go home, all the passengers cheered for the little
  In a small village, there lived a boy named Tim. Tim had a toy with a handle. He loved to play with his toy all day. One day, Tim's toy did not complete his game of hide and seek. He felt empty inside.

Tim's friend, Sam, said, "Let's play hide and seek using this handle to hide!" Tim and Sam started to play, but Sam ran away to find a hidden hiding spot. The handle got stuck in a tree. Tim saw Sam hiding there, and he wanted to help.

Tim tried to pull the handle back, but it wouldn't move. He tried to part the branch, but
  The puppy was so excited to see her new friend. He wanted to play too, but couldn't come over to the house. He was feeling left. One day, the puppy was feeling sad and he sat down.

The puppy's owner decided to take him out for a walk. The dad was very polite to the puppy and thanked him for coming over. As they were walking, they passed a nearby cafe. They went inside and bought some delicious ice cream for having ice cream. 

The puppy loved it! He was so happy that he started wagging his tail and barking excitedly. He followed his owner and enjoyed his ice cream, and
--- Step 20 ---
  Once upon a time, there was a fat chicken. The fat chicken was big, and she was very happy. One day, the fat chicken saw a boy playing nearby. She thought about staying, but then she remembered what her mummy had said to her.

The yellow chicken wanted to go play with the boy. So, she hopped over to him and asked him if she could play. The boy looked sad and told the fat chicken he couldn't use her. The fat chicken was a bit sad for the boy, but she knew she had to help her new friend.

So, the fat chicken stayed and played with the boy. They had a lot of
  The little girl loved to play with her marbles every day. She loved to make them shine in different colors. Even when the sun went down and it's dark to sleep, she would still keep playing with her marbles.

  One sunny day, the boy went to the park to play. He saw a large bird and thought it wanted to help. So, the boy thought of a plan and carefully picked it up and saved it.

The boy took the large bird home and took care of it. The bird was very happy and sang a beautiful song. The boy learned that it is important to help others when they are in trouble. From that day on, the boy always looked for ways to help and the bird became his friend.

  In a small village, there lived a boy named Tim. Tim was very stubborn. He liked to play without playing with his toys. One day, Tim decided to go for a walk in the forest.

In the forest, Tim found a big tree with a hole in it. He looked inside the hole and saw something shiny. Tim wanted to touch it, but he couldn't reach it. So, he went to his dad and told him about the shiny object in the hole.

Tim's dad told him not to go near the tree and touch it, but Tim was too stubborn. So, he went back to the tree and tried to reach it.
  The puppy was so excited to see the puppy that he started to wag his tail.

One girl took out the newspaper and she gave her dog some money to pay for the book. The pup was very happy to buy the newspaper, and it was a fine day for their adventure.

--- Step 40 ---
  Once upon a time, there was a naughty dog named Max. Max liked to eat waste. He would eat it all. Max's best friend, a little boy, would also eat waste.

One day, Max saw a piece of paper on the ground. He wanted to eat it, but he couldn't reach it. Max thought, "If I eat waste, maybe I will become smarter." So, Max ate the waste and became a very big dog.

At first, Max was happy. His friend's mom and dad would applaud for Max. But Max's mom and dad still loved him even more. Max learned that sometimes, even if he ate
  The little girl loved to use her brain. She used her brain to think and solve problems. When she had solved a problem, she would sometimes think happy thoughts.

  One sunny day, the boy went outside to play. He found a big, red ball. The boy liked the red ball very much. He played with the ball all day in the warm sun.

  In a small village, there lived a wealthy man. He had a big red bicycle that he loved to ride. One evening, the wealthy man went to the park to ride his bicycle.

While riding around the park, he noticed a little girl. She was scared and alone. The wealthy man stopped his bicycle and asked her, "What's wrong?" The little girl said, "I'm lost. Can you help me find my mom?" The wealthy man smiled and said, "Of course! Let's ride our bicycles together."

  The puppy was so excited to have a new friend he and the girl played all day. They both got really hungry and then had a break.

The loyal dog had a yummy snack and the two were happy that they had a fun day.

--- Step 60 ---
  Once upon a time, there was a little dog named Spot. Spot was very happy because he had a clean yard to play in. Every day, Spot would play in the yard and feel so free.

One sunny day, Spot was playing in the yard when he saw a big ball. Spot wanted to play with the ball, but it was too big for him. He thought and thought about how to play with the ball. Spot was very good at playing with the ball for a long time.

When Spot was tired, he decided he wanted to quit playing with the big ball. He thought that playing with the ball was much more fun than playing with the
  The little girl loved to use her creative magic wand. She would use it to do fun things like play games with her friends or help her mom build a fort.

One day, the little girl wanted to use her creative magic wand again. She waved it and said, "Magic, come play with me!" The magic wand got up and played with the little girl. They had so much fun together. They played games, made shapes with their hands, and danced around like crazy.

The little girl and her magic wand had a great day. They loved using their imagination to create new fun games. And they loved that magic made the day so
  One sunny day, the boy went outside and collected some shiny rocks. He thought the rocks were so much fun!

Using his new rocks, the boy built a special nest nest. The nest was very useful. On the nest, he made a safe place for little little birds. He liked to sit in the nest and feel happy. 

The boy and the bright shining sun made the wind blow around him. The boy laughed and smiled as he watched the birds flying around with his colorful, shiny rocks.

  In a small village, there lived a little girl named Ann. Ann was sad because she had no friends to play with. One day, she went to the park and met a kind boy named Tim.

Tim said to Ann, "Don't be sad, I will marry you when you are older." Ann looked at Tim and smiled. They were very happy that they could marry.

From that day on, Ann and Tim were never sad again. They played together every day and had lots of fun. They knew that they were special because they had each other. And they lived happily ever after.

  The puppy was so excited to go out exploring. He put on his jacket and off he went, running and chasing the raindrops. He had so much fun!

--- Step 80 ---
  Once upon a time, there was a dog named Max. Max was very happy playing with his toys. One day, Max found a new toy on the ground. It was an easy toy to play with! Max started to make lots of fun shapes with his toy. Max was very good at making things with his toy. He made lots of shapes and he had lots of fun playing with his new toy.

  The little girl loved to play outside and explore the world around her.

  One sunny day, the boy went outside to play. He saw a shiny wire and decided to try it. The boy pulled the wire and it made a loud noise. The boy was very happy to play with the wire. He played with it all day long. The boy had so much fun playing with the shiny wire.

  In a small village, there lived a happy family. They loved each other very much. One day, they had a big meal together.

In the meal, they found a disgusting pile of rubbish in the big house. The children did not like what happened. The mom said, "We must clean this up!"

So, the mom and the children worked together. They put the rubbish in their bags. The children learned the value of being clean. They promised to always take care of each other. And they lived happily ever after.

  The puppy was so excited to see her friend that he had made something he wanted to give her. He ran over to give her the biggest hug ever. He gave her a hug all of the way! 

The puppy knew that by giving his friend a hug, he always felt so good. He was so happy that he had made her smile.

--- Step 100 ---
  Once upon a time, there was a little child walking in the park. It was a sunny day and the child felt very happy. 

Suddenly, something amazing happened! The sky began to fill with lots of colourful balloons and made the world full of happy noise. The child ran around, jumping and skipping, feeling very jolly. 

The child reached up and grabbed one balloon and ran back home. When it arrived, the child was so excited to show everyone the amazing balloon and how much joy it had brought to the lively world!

  The little girl loved to climb all day. The little girl would climb all day long. 

One day, the little girl went to her house and found a mirror. The mirror was very pretty and it sparkled even more. The little girl asked her mommy if she could get the mirror. Her mommy said yes and went to get her special mirror. 

The little girl was so happy to have her mirror and said she would always climb with it. And from that day on, the little girl and the attractive mirror were the best of friends.

  One sunny day, the boy went out to the park to have some fun. He met another tall boy named Mark who saw himself and asked if he wanted to play. They played together and had a great time. 

The end.

  In a small village, there lived a boy named Tim. Tim loved to play with his toy boat. One day, he went out to play near the woods with his boat.

While Tim was playing, he saw a hungry bird. The hungry bird saw Tim's big, red brick in the grass. Tim wanted to help the bird, but he did not know how. He thought it was a terrible idea.

Tim went back home with his boat, still thinking about the hungry bird and his big, red brick. He hoped that one day he could help the bird again. He went to a new part of the woods and found the little bird and its
  The puppy was so excited to be outside that she ran into the house and started to play with the family. She even lay down to sleep in their lovely little bed. 

The little puppy had a very fun day at the park. She was so happy she had asked her family for a play place.

--- Step 120 ---
  Once upon a time, there was a little boy named Timmy. Timmy loved to ride his bike. He loved to feel the wind in his hair.

One day, Timmy saw a big, wide tree. He thought it would be fun to ride his bike over the tree. Timmy's mom saw what he was doing and said, "Timmy, that's not safe! You have to play on the tree."

Timmy listened to his mom and played on the big, wide tree. He had so much fun riding his bike around the tree. When it was time to go home, Timmy remembered he had to return to his mom
  The little girl loved to eat and eat. She was so happy that she had found an original way to keep her pet safe.

  One sunny day, the boy went to the park to swing. He was so happy! He swung higher and higher. He watched the world and smile. He enjoyed swinging!

  In a small village, there lived a boy named Tim. Tim loved to play baseball with his friends. They would throw the baseball far and high in the sky.

One day, Tim and his friends decided to play a game in the deep, dark forest near their village. They wanted to show their friends how cool their game could be. They took turns throwing the baseball.

At the end of the day, Tim and his friends told their friends about their fun game. They all wanted to play more games in the deep, dark forest with their friends. They played until the sun went down and the sky turned dark, and they promised to come back and play
  The puppy was so excited to have a friend. He played with the puppy and the toy and cuddled him all day long. 

The puppy was so happy. He was the best friend from that day on. He and the puppy were together forever after!

--- Step 140 ---
  Once upon a time, there was a small bug named Tim. Tim was very good at changing things. He changed leaves, flowers, and even his home. All his friends loved his work and asked him to keep showing them off.

One day, Tim's power went slow. He could not change anything. His friends were sad and worried. They did not know what to do. Tim's mom saw the problem and had an idea. She told Tim to change his power. Tim did as his mom said.

Tim was happy to change what he received. He kept changing everything. His friends played and had fun. Tim had become a smart and kind bug
  The little girl loved to play outside in the warm sunshine with her friend.

  One sunny day, the boy went outside to play. He was very happy.

The boy saw a big cloud in the sky. Then he heard a voice. The voice said, "Thank you for being so loud!" The boy was surprised. 

The voice said, "You are very welcome. Now be quiet, otherwise everything will be silent!" The boy was amazed and he smiled as he played quietly. 

The boy waved at the sky as he went back to playing quietly. He was happy to be doing friendly things.

  In a small village, there lived a little boy named Tim. Tim loved to play with his friends. They played with balls and ran around the village.

One sunny day, Tim and his friends met near the same group of trees. The trees were big and strong. Tim and his friends wanted to unite and make the trees their friend. So, they all gathered together and talked.

Tim and his friends decided to unite and build a new, bigger and stronger tree. They built it high and strong. They were happy and proud of their tree's big and new leaves. From that day on, they played in the big and strong tree.

  The puppy was so excited to meet someone!

Soon, the puppy and the puppy became very good friends. They loved to share stories and adventures together.

The puppy and the puppy were the best of friends and always had so much fun!

--- Step 160 ---
  Once upon a time, there was a happy little boy named Tim. Tim loved to play with his favorite toy, a red ball. One day, Tim went to the park to play with his big red ball. He bounced it high and low, and even bounced it on the ground. Tim had a lot of fun in the park and was very happy.

  The little girl loved to look at the shiny and pretty things that her parents had collected. She and her parents liked that something so new and so delicious.

  One sunny day, the boy went up a hill and met a squirrel.

"Hello, friend!" said the squirrel.

"Hi, neighbor!" replied the boy.

The boy and his neighbor decided to play together. They ran around the neighborhood and had lots of fun.

The boy was happy that he made a friend and to have his brown neighbor with a kind heart.

  In a small village, there lived a mighty rabbit. This rabbit was too large to make food for everyone. The other animals in the village did not want to share their food. They tried to make food for themselves.

One day, the other animals decided to work together. They said, "We need more food for us to eat." So, they sent more food to their friends. The village people were happy to share their food with everyone.

Soon, the other animals in the village started to share their food with everyone. The people learned that sharing is important. They promised to share with everyone in the village from then on.

The moral of
  The puppy was so excited to meet the bear and learn from him.

The bear taught the puppy all about nature and helped him to learn. The puppy was so delighted to know how to be helpful. 

The puppy was so much happier and felt like he belonged. He was so grateful to have a friend in the wild, and he was glad he could learn from the book!

--- Step 180 ---
  Once upon a time, there was a little girl named Lily. One day, Lily's mommy asked her to clean her closet. Lily didn't want to because she was playing with her toys. But her mommy said, "Lily, if you clean your closet, you can spend your money on nice things."

Lily thought about it and decided to clean her closet. She swept the closet and put all her toys in it. When she was done, her mommy gave her a nice, tidy teddy bear. Lily was so happy and hugged her mommy. From then on, Lily spent her money on nice things and never played with her toys
  The little girl loved to play with her little pet. She would feed it licks, play with it, and give it cuddles. It was so loyal, it made everything around her happy.

At the end of the day, the little girl and her pet went back home. The little girl smiled as she thought about how much her loving pet was

  One sunny day, the boy went out into the yard. He was wearing his white suit and having lots of fun!
He saw a big puddle of water and so he started to splash around in it. He smiled and laughed as he splashed around in the puddle of water.
Suddenly, the sky started to get dark again. But, the boy still had a big smile on his face. He took off his white suit, and splashed around in the puddle of water. It was so much fun splashing in the puddle!

  In a small village, there lived a young gorilla named Mojo. Mojo loved to play with his friends in the jungle.

One day, Mojo and his friends found a big tree to climb. They all climbed to the top and yelled as they got to the top. All the other young monkeys looked down and saw there were little birds in the tree.

From then on, Mojo and his friends played all day in the big tree with their little trees. They were all very happy and loved being together in the jungle.

  The puppy was so excited to find someone else. They stayed for hours, playing with the puppy and eating the grass. 

Mum was the happiest she had ever been. She had found something she could all love so long as her little pup was around.


Plots saved to ./outputs/noisy_reward/noise_0.3_lr5e6/
