Device: cuda
GPU: NVIDIA GeForce RTX 5060 Ti

Experiment : target_kl
Run        : tkl_20_lr1e6
Output dir : ./outputs/target_kl/tkl_20_lr1e6

Config:
  model=roneneldan/TinyStories-33M
  batch=64, mini_batch=16, ppo_epochs=4
  kl_mode=adaptive, advantage_normalize=global
  prompts=6000, max_new_tokens=128

[init] Loading tokenizer + policy...
Warning: You are sending unauthenticated requests to the HF Hub. Please set a HF_TOKEN to enable higher rate limits and faster downloads.
Loading weights:   0%|          | 0/56 [00:00<?, ?it/s]Loading weights: 100%|██████████| 56/56 [00:00<00:00, 23518.68it/s]
[1mGPTNeoForCausalLM LOAD REPORT[0m from: roneneldan/TinyStories-33M
Key                                                   | Status     |  | 
------------------------------------------------------+------------+--+-
transformer.h.{0, 1, 2, 3}.attn.attention.masked_bias | UNEXPECTED |  | 
transformer.h.{0, 1, 2, 3}.attn.attention.bias        | UNEXPECTED |  | 

Notes:
- UNEXPECTED:	can be ignored when loading from different task/architecture; not ok if you expect identical arch.
Policy params: 68,514,817

[init] Loading reward model...
Loading weights:   0%|          | 0/201 [00:00<?, ?it/s]Loading weights: 100%|██████████| 201/201 [00:00<00:00, 3550.57it/s]
[1mRobertaForSequenceClassification LOAD REPORT[0m from: SamLowe/roberta-base-go_emotions
Key                             | Status     |  | 
--------------------------------+------------+--+-
roberta.embeddings.position_ids | UNEXPECTED |  | 

Notes:
- UNEXPECTED:	can be ignored when loading from different task/architecture; not ok if you expect identical arch.

[init] Building dataset...
Map:   0%|          | 0/6000 [00:00<?, ? examples/s]Map:  50%|█████     | 3000/6000 [00:00<00:00, 12430.86 examples/s]Map: 100%|██████████| 6000/6000 [00:00<00:00, 19469.12 examples/s]
Dataset: 6000 prompts
Example: Tim and Mia like to play in the park.
PPO config: batch=64, mini_batch=16, ppo_epochs=4
LR: 1e-06
KL: mode=adaptive, init_coef=0.3, target=20.0, horizon=500
Advantage normalize: global
Steps per epoch: 93, total: ~186

======================================================================
  Starting training: 2 epochs, cuda
======================================================================

  [step    0] R=0.1746 | KL=0.000 | beta=0.2923 | 5.8s/step
    >> Once upon a time, there was a curious little girl named Mia. One day, Mia went to the park with her mom to play. Mia had a lot of fun playing with her ball.

But, suddenly, Mia forgot her favorite cup at home. She was sad and wanted to go back home. Her mom said they could return to her own home. Mia nodded and they went back to their own home.

On their way, they saw a big, red ball in the park. Mia thought it was so cool and wanted to take it home too. But her mom said they couldn't because it belonged to the park. Mia felt sad, but she
    >> The little girl loved to explore and feel the big blue ocean. One day, she went for a walk near the beach again and saw a white bird. The bird was singing a beautiful song and the wind was blowing gently through the trees.

The little girl was so excited and started singing a little song about the ocean. As she was singing, a little dove came down from the sky and perched on her shoulder. The little girl was so amazed and said hello to the dove.

The dove stayed with the little girl for a few weeks, singing her song and playing in the park. She even decided to visit the beach one day to play with
    >> One sunny day, the boy went to the zoo to see the gorillas. He went to peek at them and noticed one gorilla was just playing around a nearby tree. The boy was curious so he slowly approached the gorilla. 

The boy peeked at the gorilla in the tree and he couldn't believe it. He had never seen a gorilla make friends before! The boy was very excited and he stayed there for a long while.

After a while, the boy had to go home. He wished he could see the gorilla up close so he could look at it a bit. But he was too young to know if the gorilla was safe. The boy
    >> In a small village, there lived a boy named Tim. Tim had a toy fork. He loved to play with his fork all day long. He would use it to eat his food, even when he was not supposed to.

One day, Tim found a dangerous snake in the woods. The snake had a mean look. Tim wanted to play with the snake, but he knew he should not touch it. So, he just watched it from far away.

The snake was hungry and saw the food Tim was eating. It slithered closer to the food. Tim knew he should not eat the dangerous food. He wanted to tell someone about the snake. So
    >> The puppy was so excited to see her new friend. He wanted to play too, but couldn't come over the long grass. He was feeling left. One day, the puppy was feeling sad and he sat down.

The puppy's owner decided to take him for a walk. He was very nice and gentle with the puppy. Suddenly, the owner saw an old man looking out of his window but didn't do anything.

The puppy got impatient. He wanted the owner to come back and play with him. He barked and barked, but the owner didn't hear him. He kept walking until he reached the long grass.

The
  [step    5] R=0.2737 | KL=1.844 | beta=0.2568 | 4.8s/step
You seem to be using the pipelines sequentially on GPU. In order to maximize efficiency please use a dataset
  [step   10] R=0.2968 | KL=5.201 | beta=0.2255 | 5.1s/step
  [step   15] R=0.4015 | KL=5.058 | beta=0.1981 | 4.8s/step
  [step   20] R=0.2614 | KL=5.701 | beta=0.1740 | 4.7s/step
    >> Once upon a time, there was a fat chicken. He was living in the barn and was very content. He was a very happy chicken and he never wanted to leave the barn. Everyone looked on in awe of his fluffy feathers making it all comfortable. Then one day the farmer noticed that the chicken was starting to shiver and realized he had left the barn door open. He quickly ran out and started looking for help. He found a farmer and told him to stay in the barn and put a coat on him so he wouldn't shiver in the cold. Soon after, the farmer came to help him back inside the barn. The moral of the story is that it's
    >> The little girl loved to play with her marbles every day. She loved picking up pink, round and square. She was also very alert and always looking around before jumping from one spot to the next.

One day, while she was pushing her marble, the girl became very excited. She wanted to take the marble to the store where she would get it. She knew this was the perfect chance.

But she was not happy to go to the store. She was impatient and wanted to get the marble right away. As she ran off without paying, her mum had to call the police. 

The police came quickly and caught the girl
    >> One sunny day, the boy went to the park to play. He saw a large bird and thought it wanted to help. So, the boy thought of a plan and carefully put it closer to the bird.

The bird was so happy it could now rest its wings. When they all got together, they found a strong stick and decided to attach it to a fence. The boy held one end and then the other.

They started to walk around the woods, looking for the bird and soon the bird was back in it's nest. It was so happy to be back in its home and soon the boy was happy and singing again.

    >> In a small village, there lived a three-year-old named Peter. One day, Peter's mom said, "We're going for a walk!" Peter was so happy that he ran out to the open field.

In the distance, Peter saw a big brown tree. He looked up at it and asked his mom, "What's that?"
"That's a tree," his mom said. "We use it to play games."
Peter was excited to see the tree. He shouted to his mom, "Let's play tree!"

As he and his mom played tree, Peter took some time to eat and look around. He was so
    >> The puppy was so excited to see the puppy that he started to bark. 

The puppy had a surprise. In one of his arms he had found a stick. The owner was looking for the puppy. He was so compassionate to the puppy, she couldn't give it to him.

But the pup had found his new toy. He was so happy, and he was having lots of fun.

  [step   25] R=0.3892 | KL=4.854 | beta=0.1529 | 4.8s/step
  [step   30] R=0.3365 | KL=7.041 | beta=0.1343 | 4.7s/step
  [step   35] R=0.4052 | KL=6.888 | beta=0.1179 | 4.7s/step
  [step   40] R=0.4738 | KL=6.306 | beta=0.1036 | 4.7s/step
    >> Once upon a time, there was a little boy named Timmy. Timmy loved to ride his bike and go on adventures with his friends. One day, they found a big switch on the sidewalk to see what would happen. Timmy's friend, Sally, said, "Let's check it out!"

They hopped on their bikes and started to go faster than they ever had before. They rode around the block and saw a big truck! They were so excited to see the truck do something special. They shouted, "Sally, look at Daddy!" Sally laughed and said, "That's what we want to do today!"

The next day, they
    >> The little girl loved to use her eraser to draw pictures. She would make funny shapes and animals. She loved to use her eraser to make her pictures strong and happy.

One day, the little girl was playing with her eraser on the wall and her drawings came to life. Her mother was surprised to see how powerful her eraser was. She wanted to make it even better and more powerful.

The little girl and her eraser lived in an eraser kingdom and they printed different pieces of art to life. They were very happy and the eraser was always there. The end.

    >> One sunny day, the boy went outside that he had a picnic in the grass. He thought it was so yummy, so he made a new friend while he played. He had a really colorful sandwich, and the two of them went off in to explore the new land.

The boy played until the sky got dark. He was so sleepy after playing, so he lay off on a pillow and fell asleep. Suddenly, there was a voice again and a giant, looking right up at him. Jimmy had never seen a giant before!

The giant asked Jimmy if he wanted to come home with him and the boy said yes. The two grew scared of
    >> In a small village, there lived a wealthy man and two young children. They loved playing with their toys. The kids often played on the hill.

At the top of the hill, they could see the beautiful view. They played ball and rolled down the hill. They laughed and had lots of fun.

But suddenly, the sky got dark and rain started to fall. The children started running home, but they didn't give the park back their toys. The rain made the happy times slippery.

The wealthy man and the young children all looked at the sky and listened to the rain. They were amazed by their happy moment. From that day on,
    >> The puppy was so excited to see the new puppy he started to run. He ran all around the lawn until he reached the playground and jumped onto its back. He was jumping so much and even jumped to the top of the slide. He felt like he was flying!

Suddenly, another puppy jumped up on the lily's back. It was a friendly puppy, wearing its big collar. The puppy jumped up onto the lily's back again. They both laughed happily and jumped until the sun went down.

  [step   45] R=0.4185 | KL=7.785 | beta=0.0910 | 4.7s/step
  [step   50] R=0.3714 | KL=7.128 | beta=0.0799 | 4.7s/step
  [step   55] R=0.5163 | KL=6.894 | beta=0.0702 | 4.7s/step
  [step   60] R=0.4562 | KL=8.180 | beta=0.0617 | 4.7s/step
    >> Once upon a time, there was a little dog named Bobo. Bobo loved to play with his friends in the morning. The morning was full of fun and it was great to feel so free.

One morning, Bobo was playing so very carefully. He threw his bone and he chased it down the path. Bobo was so happy to have his bone back. He thought to himself, "I must make sure that I do that every day so that everyone does it."

Bobo was very content with his bone, keeping he safe. Because Bobo was so nice to his friends and playing happily. 

Bobo was so happy and
    >> The little girl loved to use her creative magic wand. She would use it to do fun things like play with her friends, or help her mom build a fort. They would all enjoy the delicious dessert the family had just tasted. They were all very happy with the clever little girl and all the fun they had doing. The end.

    >> One sunny day, the boy went outside and spread his warm clothes on the ground. He ran on circles and had so much fun.

He then found an elderly lady in the park and asked her to look out for him.
The lady was happy to see the little boy making up.

The elderly lady and the boy shared a warm cup of tea and the little boy played games inside. The little boy had so much fun and continued to spread his blanket on the ground with his colorful clothes on.

The two were very happy and enjoyed a wonderful day together. The End.

    >> In a small village, there lived a brave lion. The lion did not like to play for the people of the village. He always roared when they got too close or they would have to run away.

One day, the lion was very loud and woke up all the people of the village. They were all scared and ran away. But the lion was still roaring, looking for more food.

As the lion kept roaring, the people of the village remembered the brave lion. So, the people of the village started to talk and play. They found a new friend, the lion. They all lived happily together in the jungle.

    >> The puppy was so excited to go out exploring. He ran in and out of his house, wagging his tail. He felt happy he could finally feel the joy of summer adventure and it was so beautiful.

  [step   65] R=0.5391 | KL=11.125 | beta=0.0542 | 4.7s/step
  [step   70] R=0.5487 | KL=11.712 | beta=0.0476 | 5.1s/step
  [step   75] R=0.5438 | KL=11.886 | beta=0.0418 | 4.7s/step
  [step   80] R=0.5485 | KL=12.261 | beta=0.0367 | 4.7s/step
    >> Once upon a time, there was a dog named Max. Max was very happy playing with his toys. One day, Max wanted to print a picture of his toys. But he was not very good at this. He tried and tried, but he couldn't do it. Max tried harder and harder, but he still struggled. Finally, Max got the picture printed. He was very happy and proud of himself. 

Max learned that success doesn't come easy, and that he didn't have to struggle all the time. He liked his new picture and showed it to his family. The family liked it too and said that Max was the happiest boy in the world.
    >> The little girl loved to play with the bear every day, and they both enjoyed it so much. Lily's mom was able to find the perfect toy and they both enjoyed the fun of playing with it.

The little girl and her bear were so happy and they enjoyed playing with their new toy every day. They were so very happy to be able love each other and they both enjoyed playing, too. The End.

    >> One sunny day, the boy went outside and sat together in the chair and the boy said, "I'm not very lazy, this is so much fun." 

He looked into the chair and the boy said, "It makes me happy when I sit in the chair. Let's do this every day, little bear!" And so, they played together in the chair all the time, and their friendship grew.

    >> In a small village, there lived a happy family. They loved each other very much.

One day, the family received a yummy sandwich for lunch. The family was excited and very happy. They enjoyed their delicious sandwich and felt full and strong. And they lived happily ever after.

    >> The puppy was so excited to see the big dog and his two wiggly jumps around too. The puppy and the boy chased the pup around and around until they both tired out. Then the puppy and the boy both lay in the grass and had a really nice rest.

It was the perfect day and the two friends finished playing and were all happy together.

  [step   85] R=0.6230 | KL=15.297 | beta=0.0322 | 4.7s/step
  [step   90] R=0.6132 | KL=14.191 | beta=0.0283 | 4.8s/step
  [step   95] R=0.6368 | KL=16.258 | beta=0.0253 | 4.8s/step
  [step  100] R=0.6565 | KL=16.266 | beta=0.0224 | 4.8s/step
    >> Once upon a time, there was a bird who owned a lot of sticks to build wings in the park. The bird made the world a cozy and fair place to live in. 

One day, when the bird finished playing, the bird found a small squirrel sleeping in a tree. The bird thought it would be the perfect place to build its own nest and have a tasty and happy home for as long. 

The bird and the squirrel became one of the best friends. The bird and the squirrel lived together in the garden together every day. The bird and the squirrel were happy and peaceful in their nice and fair home.

    >> The little girl loved to play near the ocean.

It would always sparkle whenever she got too close. The old woman and her little sister would play together and the little girl loved it.

    >> One sunny day, the boy went to play with his friend. They had so much fun playing together in the big field. The boy was happy to learn new skills and make him happy.

    >> In a small village, there lived a kind mouse. He loved to play with all the animals in the village. One day, he decided to make some food for himself.

He went to the store to get a special treat as long as he was careful. He also found the special treat, that was a very yummy cheese. When he picked it up, he was so happy to do it!

He started to run back and forth along the way, carefully, and laughed excitedly. He didn't know what he would do and it was so much fun!

The mouse felt so happy and he was so full of joy. He enjoyed the
    >> The puppy was so excited to see the surprise that he ran as fast and jumped around the room, exploring all the fun things.

They played until it was time to go home. The little boy was happy to have had a great time with his puppy. With the puppy's surprise, he and his mom went on walks in the sunset and laughed.

At the end of the day, all of the kids were happy and tired. They had such a great time with their surprise. In the end, the sunset and the puppy were so glad in friendship.

  [step  105] R=0.6730 | KL=18.351 | beta=0.0209 | 4.7s/step
  [step  110] R=0.7358 | KL=19.432 | beta=0.0195 | 4.7s/step
  [step  115] R=0.7520 | KL=19.791 | beta=0.0193 | 4.7s/step
  [step  120] R=0.7698 | KL=20.754 | beta=0.0192 | 4.7s/step
    >> Once upon a time, there was a rabbit. The rabbit loved to play all day. Then, the rabbit went outside and played with his friends.

As the day started to end, the rabbit remembered he had to go back home. He said goodbye to his friends and hopped back home. When the farmer came out, the bunny had left his home and he was very happy. It was a fun day and the bunny was happy.

    >> The little girl loved to play with the bear. She would bring him the ball and they would become friends. They would play together and have a great time.

Later, they played a game of hide and seek. The little girl hid first and the bear found her. They ran and hid. They laughed and had fun. When it was time to finish playing, they said goodbye to each other.

But they had so much fun. They played the game many more times. They always put more toys and had a great time. At the end of the day, they were tired but happy. They hugged and said goodbye and went home.

    >> One sunny day, the boy went to the beach. He wore a hat, some shirts, and even an arrow to play with.

The boy had a lot of fun shooting his arrow and eating it. He was very happy and smiled. Soon, it was time to go home and he said goodbye to all his friends.

They all played in the sunshine and sang a song. The boy and everyone had a great time at the park. The day ended, and the boy went home to take a nap with a smile on his face.

    >> In a small village, there lived a girl who loved playing sports. One day, she was going to play a game in the jungle with her friends.

When they arrived, they played their new sports together. They had a lot of fun and lots of laughs. After a while, they all wanted to play again.
 
At the end of their game, they were all very tired at the end. They all smiled and hugged each other. They had so much fun playing sports and having a great time. 

On their way home from playing, they all said goodbye in different voices. 

The End.

    >> The puppy was so excited to be with mommy! She was happy to be back with her and they had lots of fun playing in the snow again.

  [step  125] R=0.7228 | KL=17.436 | beta=0.0182 | 4.7s/step
  [step  130] R=0.7232 | KL=16.770 | beta=0.0176 | 4.6s/step
  [step  135] R=0.6762 | KL=20.505 | beta=0.0168 | 4.6s/step
  [step  140] R=0.7322 | KL=16.447 | beta=0.0174 | 4.7s/step
    >> Once upon a time, there was a little girl named Mary. She liked to play outside in the sun, but it was getting a bit cold.

When it was too cold, Mary was about to give her warm wool a big hug. It was a lot of fun! Mary twirled around and around, and she laughed and laughed. She was having so much fun.

But it was getting cold, so Mary ran inside and put her coat inside.

When she got to the blanket, she knew it was good for her snuggly, so she took it out to play. Every time, she and her friends played, they all laughed and
    >> The little girl loved to spend her days in the park with her mommy. The end!

    >> One sunny day, the boy went outside. He was happy and he smiled. "Look at those pretty birds," the boy said.

Suddenly, the boy saw a squirrel and he laughed. The boy and all friends played together and had lots of fun. They all laughed and played as they played. The boy and his friends were happy and they had a great day.

    >> In a small village, there lived a little girl named Emma. Emma loved to play outside. One day, she wanted to play with her friends. "Can you come out and play with me?" she asked her friends.

"Sure, you can play," said her friends. They started to play a game. They took turns and played the game. They were having a lot of fun.

At the end of the day, it was time for Emma to go home. She said goodbye to her friends and put on her mask. She was happy to have played with them. She took her bike home, got on her bike, and took off her helmet
    >> The puppy was so excited to get some food!

  [step  145] R=0.8175 | KL=20.035 | beta=0.0173 | 4.7s/step
  [step  150] R=0.7935 | KL=22.037 | beta=0.0188 | 4.6s/step
  [step  155] R=0.7691 | KL=18.413 | beta=0.0185 | 4.6s/step
  [step  160] R=0.8153 | KL=20.263 | beta=0.0187 | 4.6s/step
    >> Once upon a time, there was a big, big, green tree in a big green field. One sunny day, the tree was very happy playing in the grass with the little squirrel.

During dinner time, a family went to a yummy pizza for lunch. They had all so much fun eating the food together. It was a fun day for both of them. They played games and laughed all day in the big field.

    >> The little girl loved to play with the dog on some days. She even liked to go pick the flowers in the fields, and make lots of friends. They had a lot of fun playing in the grass, and when it was time to go home, they said goodbye to each other and the little girl was so happy to return to her safe, big ball home.

    >> One sunny day, the boy went to the park and the little boy brought his friends. 

They played games and laughed together. The boy showed off his beautiful dress and the other people in the park were happy. It was a fun day for both of them.

    >> In a small village, there lived a boy named Tom. Tom loved to play outside with his red ball. One sunny day, Tom went outside to play with his ball.

Tom played and played. They had lots of fun. They threw the red ball to each other. Jack, Tom, and the red ball played all day long. They were very happy. The sun was shining and it was a great time.

    >> The puppy was so excited to have a friend. He and the little girl had lots of fun playing on the carpet all day long.

At the end of the day, the puppy and the little girl were happy to meet each other. They laughed and hugged and made each other so all because of being together.

  [step  165] R=0.7939 | KL=18.710 | beta=0.0187 | 4.6s/step
  [step  170] R=0.7981 | KL=17.106 | beta=0.0172 | 4.6s/step
  [step  175] R=0.7978 | KL=16.518 | beta=0.0165 | 4.6s/step
  [step  180] R=0.7936 | KL=18.470 | beta=0.0154 | 4.5s/step
    >> Once upon a time, there was a pink cow. The cow loved to play all day long. Every day, the pink cow and the pink cow would play together all day long. They were very happy.

    >> The little girl loved to draw and she went out to the garden every day with a red crayon. She was so happy when she was drawing because it was such a fun time in the backyard! It was so much fun for the little girl and her family every day after that.

    >> One sunny day, the boy went to school in his very modest bike. They had a lot of fun playing together. When the sunshine went down, the grass would dance all around him. 
When the day was done, the boy's mom called him home. She told him so that it was a great time at his house and he was so happy to have a modest lunch. The boy and his mom played outside every day until they grew up. 
They continued to enjoy their days until the sun went down. They took walks and sang happy songs of fun and happy music. The little boy and his mom were very happy and they had a lot of fun
    >> In a small village, there lived a boy named Tim. He loved playing outside with his friends every day. Tim and his friends played ball, had fun games, and had more fun together. They were all very happy.

    >> The puppy was so excited to go on with its adventure! The puppy and the little girl stayed at the park and had the day of the special day. 
And they lived happily ever after. The end.

  [step  185] R=0.7692 | KL=21.062 | beta=0.0155 | 4.5s/step

======================================================================
  Done: 186 steps in 886s (4.8s/step avg)
======================================================================

======================================================================
  SUMMARY — target_kl/tkl_20_lr1e6
======================================================================
  Total steps:    186
  Final R (avg):  0.7904
  Peak R:         0.8271
  Final KL (avg): 18.492
  Final beta:     0.0155
--- Step 0 ---
  Once upon a time, there was a curious little girl named Mia. One day, Mia went to the park with her mom to play. Mia had a lot of fun playing with her ball.

But, suddenly, Mia forgot her favorite cup at home. She was sad and wanted to go back home. Her mom said they could return to her own home. Mia nodded and they went back to their own home.

On their way, they saw a big, red ball in the park. Mia thought it was so cool and wanted to take it home too. But her mom said they couldn't because it belonged to the park. Mia felt sad, but she
  The little girl loved to explore and feel the big blue ocean. One day, she went for a walk near the beach again and saw a white bird. The bird was singing a beautiful song and the wind was blowing gently through the trees.

The little girl was so excited and started singing a little song about the ocean. As she was singing, a little dove came down from the sky and perched on her shoulder. The little girl was so amazed and said hello to the dove.

The dove stayed with the little girl for a few weeks, singing her song and playing in the park. She even decided to visit the beach one day to play with
  One sunny day, the boy went to the zoo to see the gorillas. He went to peek at them and noticed one gorilla was just playing around a nearby tree. The boy was curious so he slowly approached the gorilla. 

The boy peeked at the gorilla in the tree and he couldn't believe it. He had never seen a gorilla make friends before! The boy was very excited and he stayed there for a long while.

After a while, the boy had to go home. He wished he could see the gorilla up close so he could look at it a bit. But he was too young to know if the gorilla was safe. The boy
  In a small village, there lived a boy named Tim. Tim had a toy fork. He loved to play with his fork all day long. He would use it to eat his food, even when he was not supposed to.

One day, Tim found a dangerous snake in the woods. The snake had a mean look. Tim wanted to play with the snake, but he knew he should not touch it. So, he just watched it from far away.

The snake was hungry and saw the food Tim was eating. It slithered closer to the food. Tim knew he should not eat the dangerous food. He wanted to tell someone about the snake. So
  The puppy was so excited to see her new friend. He wanted to play too, but couldn't come over the long grass. He was feeling left. One day, the puppy was feeling sad and he sat down.

The puppy's owner decided to take him for a walk. He was very nice and gentle with the puppy. Suddenly, the owner saw an old man looking out of his window but didn't do anything.

The puppy got impatient. He wanted the owner to come back and play with him. He barked and barked, but the owner didn't hear him. He kept walking until he reached the long grass.

The
--- Step 20 ---
  Once upon a time, there was a fat chicken. He was living in the barn and was very content. He was a very happy chicken and he never wanted to leave the barn. Everyone looked on in awe of his fluffy feathers making it all comfortable. Then one day the farmer noticed that the chicken was starting to shiver and realized he had left the barn door open. He quickly ran out and started looking for help. He found a farmer and told him to stay in the barn and put a coat on him so he wouldn't shiver in the cold. Soon after, the farmer came to help him back inside the barn. The moral of the story is that it's
  The little girl loved to play with her marbles every day. She loved picking up pink, round and square. She was also very alert and always looking around before jumping from one spot to the next.

One day, while she was pushing her marble, the girl became very excited. She wanted to take the marble to the store where she would get it. She knew this was the perfect chance.

But she was not happy to go to the store. She was impatient and wanted to get the marble right away. As she ran off without paying, her mum had to call the police. 

The police came quickly and caught the girl
  One sunny day, the boy went to the park to play. He saw a large bird and thought it wanted to help. So, the boy thought of a plan and carefully put it closer to the bird.

The bird was so happy it could now rest its wings. When they all got together, they found a strong stick and decided to attach it to a fence. The boy held one end and then the other.

They started to walk around the woods, looking for the bird and soon the bird was back in it's nest. It was so happy to be back in its home and soon the boy was happy and singing again.

  In a small village, there lived a three-year-old named Peter. One day, Peter's mom said, "We're going for a walk!" Peter was so happy that he ran out to the open field.

In the distance, Peter saw a big brown tree. He looked up at it and asked his mom, "What's that?"
"That's a tree," his mom said. "We use it to play games."
Peter was excited to see the tree. He shouted to his mom, "Let's play tree!"

As he and his mom played tree, Peter took some time to eat and look around. He was so
  The puppy was so excited to see the puppy that he started to bark. 

The puppy had a surprise. In one of his arms he had found a stick. The owner was looking for the puppy. He was so compassionate to the puppy, she couldn't give it to him.

But the pup had found his new toy. He was so happy, and he was having lots of fun.

--- Step 40 ---
  Once upon a time, there was a little boy named Timmy. Timmy loved to ride his bike and go on adventures with his friends. One day, they found a big switch on the sidewalk to see what would happen. Timmy's friend, Sally, said, "Let's check it out!"

They hopped on their bikes and started to go faster than they ever had before. They rode around the block and saw a big truck! They were so excited to see the truck do something special. They shouted, "Sally, look at Daddy!" Sally laughed and said, "That's what we want to do today!"

The next day, they
  The little girl loved to use her eraser to draw pictures. She would make funny shapes and animals. She loved to use her eraser to make her pictures strong and happy.

One day, the little girl was playing with her eraser on the wall and her drawings came to life. Her mother was surprised to see how powerful her eraser was. She wanted to make it even better and more powerful.

The little girl and her eraser lived in an eraser kingdom and they printed different pieces of art to life. They were very happy and the eraser was always there. The end.

  One sunny day, the boy went outside that he had a picnic in the grass. He thought it was so yummy, so he made a new friend while he played. He had a really colorful sandwich, and the two of them went off in to explore the new land.

The boy played until the sky got dark. He was so sleepy after playing, so he lay off on a pillow and fell asleep. Suddenly, there was a voice again and a giant, looking right up at him. Jimmy had never seen a giant before!

The giant asked Jimmy if he wanted to come home with him and the boy said yes. The two grew scared of
  In a small village, there lived a wealthy man and two young children. They loved playing with their toys. The kids often played on the hill.

At the top of the hill, they could see the beautiful view. They played ball and rolled down the hill. They laughed and had lots of fun.

But suddenly, the sky got dark and rain started to fall. The children started running home, but they didn't give the park back their toys. The rain made the happy times slippery.

The wealthy man and the young children all looked at the sky and listened to the rain. They were amazed by their happy moment. From that day on,
  The puppy was so excited to see the new puppy he started to run. He ran all around the lawn until he reached the playground and jumped onto its back. He was jumping so much and even jumped to the top of the slide. He felt like he was flying!

Suddenly, another puppy jumped up on the lily's back. It was a friendly puppy, wearing its big collar. The puppy jumped up onto the lily's back again. They both laughed happily and jumped until the sun went down.

--- Step 60 ---
  Once upon a time, there was a little dog named Bobo. Bobo loved to play with his friends in the morning. The morning was full of fun and it was great to feel so free.

One morning, Bobo was playing so very carefully. He threw his bone and he chased it down the path. Bobo was so happy to have his bone back. He thought to himself, "I must make sure that I do that every day so that everyone does it."

Bobo was very content with his bone, keeping he safe. Because Bobo was so nice to his friends and playing happily. 

Bobo was so happy and
  The little girl loved to use her creative magic wand. She would use it to do fun things like play with her friends, or help her mom build a fort. They would all enjoy the delicious dessert the family had just tasted. They were all very happy with the clever little girl and all the fun they had doing. The end.

  One sunny day, the boy went outside and spread his warm clothes on the ground. He ran on circles and had so much fun.

He then found an elderly lady in the park and asked her to look out for him.
The lady was happy to see the little boy making up.

The elderly lady and the boy shared a warm cup of tea and the little boy played games inside. The little boy had so much fun and continued to spread his blanket on the ground with his colorful clothes on.

The two were very happy and enjoyed a wonderful day together. The End.

  In a small village, there lived a brave lion. The lion did not like to play for the people of the village. He always roared when they got too close or they would have to run away.

One day, the lion was very loud and woke up all the people of the village. They were all scared and ran away. But the lion was still roaring, looking for more food.

As the lion kept roaring, the people of the village remembered the brave lion. So, the people of the village started to talk and play. They found a new friend, the lion. They all lived happily together in the jungle.

  The puppy was so excited to go out exploring. He ran in and out of his house, wagging his tail. He felt happy he could finally feel the joy of summer adventure and it was so beautiful.

--- Step 80 ---
  Once upon a time, there was a dog named Max. Max was very happy playing with his toys. One day, Max wanted to print a picture of his toys. But he was not very good at this. He tried and tried, but he couldn't do it. Max tried harder and harder, but he still struggled. Finally, Max got the picture printed. He was very happy and proud of himself. 

Max learned that success doesn't come easy, and that he didn't have to struggle all the time. He liked his new picture and showed it to his family. The family liked it too and said that Max was the happiest boy in the world.
  The little girl loved to play with the bear every day, and they both enjoyed it so much. Lily's mom was able to find the perfect toy and they both enjoyed the fun of playing with it.

The little girl and her bear were so happy and they enjoyed playing with their new toy every day. They were so very happy to be able love each other and they both enjoyed playing, too. The End.

  One sunny day, the boy went outside and sat together in the chair and the boy said, "I'm not very lazy, this is so much fun." 

He looked into the chair and the boy said, "It makes me happy when I sit in the chair. Let's do this every day, little bear!" And so, they played together in the chair all the time, and their friendship grew.

  In a small village, there lived a happy family. They loved each other very much.

One day, the family received a yummy sandwich for lunch. The family was excited and very happy. They enjoyed their delicious sandwich and felt full and strong. And they lived happily ever after.

  The puppy was so excited to see the big dog and his two wiggly jumps around too. The puppy and the boy chased the pup around and around until they both tired out. Then the puppy and the boy both lay in the grass and had a really nice rest.

It was the perfect day and the two friends finished playing and were all happy together.

--- Step 100 ---
  Once upon a time, there was a bird who owned a lot of sticks to build wings in the park. The bird made the world a cozy and fair place to live in. 

One day, when the bird finished playing, the bird found a small squirrel sleeping in a tree. The bird thought it would be the perfect place to build its own nest and have a tasty and happy home for as long. 

The bird and the squirrel became one of the best friends. The bird and the squirrel lived together in the garden together every day. The bird and the squirrel were happy and peaceful in their nice and fair home.

  The little girl loved to play near the ocean.

It would always sparkle whenever she got too close. The old woman and her little sister would play together and the little girl loved it.

  One sunny day, the boy went to play with his friend. They had so much fun playing together in the big field. The boy was happy to learn new skills and make him happy.

  In a small village, there lived a kind mouse. He loved to play with all the animals in the village. One day, he decided to make some food for himself.

He went to the store to get a special treat as long as he was careful. He also found the special treat, that was a very yummy cheese. When he picked it up, he was so happy to do it!

He started to run back and forth along the way, carefully, and laughed excitedly. He didn't know what he would do and it was so much fun!

The mouse felt so happy and he was so full of joy. He enjoyed the
  The puppy was so excited to see the surprise that he ran as fast and jumped around the room, exploring all the fun things.

They played until it was time to go home. The little boy was happy to have had a great time with his puppy. With the puppy's surprise, he and his mom went on walks in the sunset and laughed.

At the end of the day, all of the kids were happy and tired. They had such a great time with their surprise. In the end, the sunset and the puppy were so glad in friendship.

--- Step 120 ---
  Once upon a time, there was a rabbit. The rabbit loved to play all day. Then, the rabbit went outside and played with his friends.

As the day started to end, the rabbit remembered he had to go back home. He said goodbye to his friends and hopped back home. When the farmer came out, the bunny had left his home and he was very happy. It was a fun day and the bunny was happy.

  The little girl loved to play with the bear. She would bring him the ball and they would become friends. They would play together and have a great time.

Later, they played a game of hide and seek. The little girl hid first and the bear found her. They ran and hid. They laughed and had fun. When it was time to finish playing, they said goodbye to each other.

But they had so much fun. They played the game many more times. They always put more toys and had a great time. At the end of the day, they were tired but happy. They hugged and said goodbye and went home.

  One sunny day, the boy went to the beach. He wore a hat, some shirts, and even an arrow to play with.

The boy had a lot of fun shooting his arrow and eating it. He was very happy and smiled. Soon, it was time to go home and he said goodbye to all his friends.

They all played in the sunshine and sang a song. The boy and everyone had a great time at the park. The day ended, and the boy went home to take a nap with a smile on his face.

  In a small village, there lived a girl who loved playing sports. One day, she was going to play a game in the jungle with her friends.

When they arrived, they played their new sports together. They had a lot of fun and lots of laughs. After a while, they all wanted to play again.
 
At the end of their game, they were all very tired at the end. They all smiled and hugged each other. They had so much fun playing sports and having a great time. 

On their way home from playing, they all said goodbye in different voices. 

The End.

  The puppy was so excited to be with mommy! She was happy to be back with her and they had lots of fun playing in the snow again.

--- Step 140 ---
  Once upon a time, there was a little girl named Mary. She liked to play outside in the sun, but it was getting a bit cold.

When it was too cold, Mary was about to give her warm wool a big hug. It was a lot of fun! Mary twirled around and around, and she laughed and laughed. She was having so much fun.

But it was getting cold, so Mary ran inside and put her coat inside.

When she got to the blanket, she knew it was good for her snuggly, so she took it out to play. Every time, she and her friends played, they all laughed and
  The little girl loved to spend her days in the park with her mommy. The end!

  One sunny day, the boy went outside. He was happy and he smiled. "Look at those pretty birds," the boy said.

Suddenly, the boy saw a squirrel and he laughed. The boy and all friends played together and had lots of fun. They all laughed and played as they played. The boy and his friends were happy and they had a great day.

  In a small village, there lived a little girl named Emma. Emma loved to play outside. One day, she wanted to play with her friends. "Can you come out and play with me?" she asked her friends.

"Sure, you can play," said her friends. They started to play a game. They took turns and played the game. They were having a lot of fun.

At the end of the day, it was time for Emma to go home. She said goodbye to her friends and put on her mask. She was happy to have played with them. She took her bike home, got on her bike, and took off her helmet
  The puppy was so excited to get some food!

--- Step 160 ---
  Once upon a time, there was a big, big, green tree in a big green field. One sunny day, the tree was very happy playing in the grass with the little squirrel.

During dinner time, a family went to a yummy pizza for lunch. They had all so much fun eating the food together. It was a fun day for both of them. They played games and laughed all day in the big field.

  The little girl loved to play with the dog on some days. She even liked to go pick the flowers in the fields, and make lots of friends. They had a lot of fun playing in the grass, and when it was time to go home, they said goodbye to each other and the little girl was so happy to return to her safe, big ball home.

  One sunny day, the boy went to the park and the little boy brought his friends. 

They played games and laughed together. The boy showed off his beautiful dress and the other people in the park were happy. It was a fun day for both of them.

  In a small village, there lived a boy named Tom. Tom loved to play outside with his red ball. One sunny day, Tom went outside to play with his ball.

Tom played and played. They had lots of fun. They threw the red ball to each other. Jack, Tom, and the red ball played all day long. They were very happy. The sun was shining and it was a great time.

  The puppy was so excited to have a friend. He and the little girl had lots of fun playing on the carpet all day long.

At the end of the day, the puppy and the little girl were happy to meet each other. They laughed and hugged and made each other so all because of being together.

--- Step 180 ---
  Once upon a time, there was a pink cow. The cow loved to play all day long. Every day, the pink cow and the pink cow would play together all day long. They were very happy.

  The little girl loved to draw and she went out to the garden every day with a red crayon. She was so happy when she was drawing because it was such a fun time in the backyard! It was so much fun for the little girl and her family every day after that.

  One sunny day, the boy went to school in his very modest bike. They had a lot of fun playing together. When the sunshine went down, the grass would dance all around him. 
When the day was done, the boy's mom called him home. She told him so that it was a great time at his house and he was so happy to have a modest lunch. The boy and his mom played outside every day until they grew up. 
They continued to enjoy their days until the sun went down. They took walks and sang happy songs of fun and happy music. The little boy and his mom were very happy and they had a lot of fun
  In a small village, there lived a boy named Tim. He loved playing outside with his friends every day. Tim and his friends played ball, had fun games, and had more fun together. They were all very happy.

  The puppy was so excited to go on with its adventure! The puppy and the little girl stayed at the park and had the day of the special day. 
And they lived happily ever after. The end.


Plots saved to ./outputs/target_kl/tkl_20_lr1e6/
