Device: cuda
GPU: NVIDIA GeForce RTX 5060 Ti

Experiment : lam
Run        : lam_08_lr1e6
Output dir : ./outputs/lam/lam_08_lr1e6

Config:
  model=roneneldan/TinyStories-33M
  batch=64, mini_batch=16, ppo_epochs=4
  kl_mode=adaptive, advantage_normalize=global
  prompts=6000, max_new_tokens=128

[init] Loading tokenizer + policy...
Warning: You are sending unauthenticated requests to the HF Hub. Please set a HF_TOKEN to enable higher rate limits and faster downloads.
Loading weights:   0%|          | 0/56 [00:00<?, ?it/s]Loading weights: 100%|██████████| 56/56 [00:00<00:00, 23551.69it/s]
[1mGPTNeoForCausalLM LOAD REPORT[0m from: roneneldan/TinyStories-33M
Key                                                   | Status     |  | 
------------------------------------------------------+------------+--+-
transformer.h.{0, 1, 2, 3}.attn.attention.bias        | UNEXPECTED |  | 
transformer.h.{0, 1, 2, 3}.attn.attention.masked_bias | UNEXPECTED |  | 

Notes:
- UNEXPECTED:	can be ignored when loading from different task/architecture; not ok if you expect identical arch.
Policy params: 68,514,817

[init] Loading reward model...
Loading weights:   0%|          | 0/201 [00:00<?, ?it/s]Loading weights: 100%|██████████| 201/201 [00:00<00:00, 4739.06it/s]
[1mRobertaForSequenceClassification LOAD REPORT[0m from: SamLowe/roberta-base-go_emotions
Key                             | Status     |  | 
--------------------------------+------------+--+-
roberta.embeddings.position_ids | UNEXPECTED |  | 

Notes:
- UNEXPECTED:	can be ignored when loading from different task/architecture; not ok if you expect identical arch.

[init] Building dataset...
Map:   0%|          | 0/6000 [00:00<?, ? examples/s]Map:  50%|█████     | 3000/6000 [00:00<00:00, 8917.49 examples/s]Map: 100%|██████████| 6000/6000 [00:00<00:00, 14358.11 examples/s]
Dataset: 6000 prompts
Example: Tim and Mia like to play in the park.
PPO config: batch=64, mini_batch=16, ppo_epochs=4
LR: 1e-06
KL: mode=adaptive, init_coef=0.3, target=10.0, horizon=500
Advantage normalize: global
Steps per epoch: 93, total: ~186

======================================================================
  Starting training: 2 epochs, cuda
======================================================================

  [step    0] R=0.1746 | KL=0.000 | beta=0.2923 | 5.7s/step
    >> Once upon a time, there was a curious little girl named Mia. One day, Mia went to the park with her mom to play. Mia saw a lot of trees and pretty flowers and heard birds singing. But then, Mia saw a bug that made her panic. It was a mosquito! 

Mia was very scared and didn't know what to do. Her mom saw her panic and quickly helped her. They went to a nearby bench and sat down. Mia's mom told her not to worry and they were both calm. 

After a while, the mosquito disappeared and they were able to go back to the tree. Mia felt much better and was
    >> The little girl loved to explore and feel the big blue ocean. One day, she went for a walk near the beach again and saw a white bird. The bird was singing a beautiful song and the wind was blowing gently through the trees.

The little girl was so excited and started singing a little song about the ocean. As she was singing, a little dove came down from the sky and perched on her shoulder. The little girl was so amazed and said hello to the dove.

The dove stayed with the little girl for a few weeks, singing her song and playing in the park. She even decided to visit the beach one day to play with
    >> One sunny day, the boy went to the train station. He had a great time picking up things and going to see different places. He got to a train station again and got on to the train tracks. Inside the station, he saw lots of things. There was popcorn to eat, and he even got a ride on a train! He had so much fun that day. 

When it was time to go home, the boy remembered to leave. The little boy rode back to the station and went back to the train station. He had so much fun at the train station and couldn't wait to go back to the subway station again.

    >> In a small village, there lived a boy named Tim. Tim had a toy fork. He loved to play with his fork all day long. He would use it to eat his food, even when he was not supposed to.

One day, while playing outside with his fork, Tim fell down and got a big cut. His mom saw the cut and said, "Oh no, Tim! Your fork is so big and sticky. We need to use it to make a clean home for your toy fork."

Tim's mom helped him tie the fork to a cloth and they went inside. They put the cloth on the table with the fork, made a warm
    >> The puppy was so excited to see her new friend. He wanted to play too, but couldn't come over the long grass. He was feeling very uncomfortable.

Suddenly, a soft voice came from the puppy's paw. "Don't be scared little one," said the voice.

The dog felt much better when he heard the voice's kind words. His tail started to tap him on the shoulder and he was no longer so uncomfortable.

The puppy and the owner had a wonderful time playing together and they never forgot their adventure. And, most importantly, they made a friendship that would last forever.

  [step    5] R=0.1593 | KL=1.706 | beta=0.2568 | 4.7s/step
You seem to be using the pipelines sequentially on GPU. In order to maximize efficiency please use a dataset
  [step   10] R=0.2699 | KL=4.969 | beta=0.2255 | 4.7s/step
  [step   15] R=0.3079 | KL=4.618 | beta=0.1981 | 4.7s/step
  [step   20] R=0.3826 | KL=5.442 | beta=0.1740 | 4.7s/step
    >> Once upon a time, there was a fat chicken. He was living in the barn and was very content. He was a very happy chicken and he never wanted to leave the barn. Everyone looked on in the barn and smiled at the fat chicken.

One day, the fat chicken wanted to explore outside. He was excited but he couldn't find his way home. He was so eager to go. But then he saw a big, mean cat! The poor chicken was scared and alone.
Just as the chicken was about to leave, he heard the cat say, "I won't help you now." The fat chicken was too scared to move.

Suddenly
    >> The little girl loved to play with her football, and the wind on her face was always nice.

One day, the little girl's mom reminded her of the football and she was very happy. She gave her little girl a big kiss and said they could have a new playdate.

The little girl was so excited about her new friend, and they started to play together - in the garden, in the park. But they kept playing, instead, each of them had their own playmate.

The little girl grew more serious when they played with the two footballs. She was always so happy that they could be together.


    >> One sunny day, the boy went to the park to play. He saw a large bird and thought it wanted to help. So, the boy thought of a plan and carefully put it closer to the forest.

The bird was so happy it could see the large bird. When they got back to the park, the boy told his little friends about his big idea. They were all very excited to think of what the bird could do.

They decided to be happy and play the game together. As a result, all of the birds in the forest would cheer and applaud. They were glad they had worked together to solve the problem and could enjoy the forest even
    >> In a small village, there lived a three-year-old named Peter. One day, Peter's mom said, "We're going for a walk!" Peter was so happy that he ran out to the open field.

In the distance, Peter saw a big brown tree. He looked up at it and asked his mom, "What's that?"
"That's a tree," his mom said. "We use it to play games."
Peter was so excited and asked, "Can I touch it?" His mom said, "Of course. Just be careful and don't get hurt."

So Peter carefully brushed away the dirt from the dead tree
    >> The puppy was so excited to see the puppy that he started to bark. 

The puppy had a surprise. In one of his arms he had found a stick. The owner was looking for the puppy. He was so happy to find the puppy that he decided to take him back to the house and give him something warm to eat. 

The next day, the puppy was playing with his new toy. He ran towards the house and the owner caught up with the puppy. The owner put the toy on top of the toy so the puppy could curl up and take a nap with it. The puppy was so happy and the owner was a bit en
  [step   25] R=0.3114 | KL=7.187 | beta=0.1529 | 4.7s/step
  [step   30] R=0.2562 | KL=4.867 | beta=0.1343 | 4.7s/step
  [step   35] R=0.3087 | KL=6.850 | beta=0.1179 | 4.7s/step
  [step   40] R=0.3684 | KL=7.182 | beta=0.1036 | 4.7s/step
    >> Once upon a time, there was a little boy named Timmy. Timmy loved to ride his bike on the street. One day, Timmy was riding his bike on a mild day when he saw a big bird flying in the sky. 

Timmy stopped on the bike and asked his mom, "Can I ride on the street?" His mom replied, "Yes, you can ride on the street, but be careful and wear your helmet." Timmy replied, "I will be careful, Mom!" 

Timmy pedaled and rode on the mild day for a long time. He saw other kids going on the street and waved hello. He
    >> The little girl loved to use her eraser to draw pictures. She would make funny shapes and animals. She loved to use her eraser to make her pictures strong and special.

One day, the little girl was playing with her eraser on the ground and her drawings got very dirty. Her mother was worried because she had told her not to play too close to the road. She quickly grabbed a sponge and cleaned the dirt off the pictures. 

The little girl was amazed at how clean her mommy's eraser was now. She was happy and she used it to make her drawings even better. Every time she used the eraser,
    >> One sunny day, the boy went to the park to play. He saw a big pile of mud, but it looked dangerous. He asked his mom, "What is that?" His mom said, "That is the mud from the park."

The boy said, "I will go put clean mud in the park to prevent it from getting dangerous. That way, it will be safer."

The little boy was very excited to go to the park. He put his toy truck in the mud and played carefully. And he never got in the bad mud again!

    >> In a small village, there lived a boy named Tim. Tim was not very good at talking. He was always talking a lot. One day, Tim met a girl named Sue. They began to talk near the fence. Tim saw Sally, and he liked her very much. They became friends.

That day, Tim wanted to make a promise. He said, "I promise we can play together under the tree without talking." Sue liked the plan. They played together under the tree. They were happy and not lonely anymore.

    >> The puppy was so excited to have the new toy he and the girl became the best of friends.

  [step   45] R=0.3987 | KL=7.490 | beta=0.0911 | 4.7s/step
  [step   50] R=0.2572 | KL=10.119 | beta=0.0891 | 4.7s/step
  [step   55] R=0.3653 | KL=9.252 | beta=0.0862 | 4.7s/step
  [step   60] R=0.4212 | KL=8.602 | beta=0.0801 | 4.7s/step
    >> Once upon a time, there was a little dog named Bobo. Bobo loved to race with his friends. They had a lot of fun together.

One day, Bobo and his friends decided to race across the big green park. They ran as fast as they could. Bobo was very competitive and wanted to win the race.

As they raced, they saw a big tree. Bobo and his friends decided to rest under the tree. They talked and laughed together. They all had a great time. When the sun started to go down, Bobo and his friends had to go home. They were happy to have a fun day in the park
    >> The little girl loved to use her creative magic wand to draw things in the sky. It was her favorite thing to do!

    >> One sunny day, the boy went outside and spread his basket under the big tree. He climbed on the blanket and put his book on the tree. Then, he got down and took his toy and continued to look out the window.

    >> In a small village, there lived a brave lion. The lion did not like to play for in the village. He liked to scare the people there. So, he had an idea to make everyone be happy.

One day, the lion saw a big, yellow line across the road. He decided to watch that was his chance. He roared very loud. All the people in the village heard his roar and went to see it. They were happy to see this funny lion. They laughed and clapped their hands. The lion was very happy too. He made everyone in the village smile. And they all lived happily ever after.

    >> The puppy was so excited to go out exploring. He ran up and down the porch. He explored everywhere and he had so much fun. 
At the end of the adventure and it was time to go home. The puppy made another happy promise to never let his parents get him near the porch again.

  [step   65] R=0.3765 | KL=9.574 | beta=0.0811 | 4.7s/step
  [step   70] R=0.4322 | KL=9.634 | beta=0.0785 | 4.7s/step
  [step   75] R=0.3800 | KL=8.652 | beta=0.0768 | 4.7s/step
  [step   80] R=0.4122 | KL=9.475 | beta=0.0806 | 4.7s/step
    >> Once upon a time, there was a dog named Max. Max was very happy playing with his toys, but he was also lonely because he had no one to play with. He was about to start to think of a plan to find a friend, but he didn't know where to look. Max had an idea to keep searching until he found a nice friend for his. 

In the end, Max was happy that he found a friend and he wouldn't be lonely anymore. They had lots of fun together and were no longer lonely. They were the best of friends and were happy together. The end.

    >> The little girl loved to play with the bear every day, and they were the best of friends.

    >> One sunny day, the boy went outside to the playground to play with his friends. They saw his motorcycle and thought it was so cool!

“Let’s play tag,” the boy said to his friends. They all agreed and started running around. Suddenly, one of the boys stopped and said, “Oh, I forgot to bring the motorcycle to the playground!”

Luckily, one of the boys remembered. They quickly ran to the playground and back. They were so happy to continue playing! It was such a nice and tidy afternoon.

    >> In a small village, there lived a happy family. They loved each other very much. They were always smiling and playing together. They had so much life together, doing everything together. The family lived happily in their little house.

One day, the family had a big storm coming to their town. The family was scared, but they were brave. They worked hard to stay safe, and they wanted to protect their home and home. Suddenly, the storm stopped. The wind blew fiercely, and the tree where their family was standing were safe and sound.

In their house, they all hugged each other and sang cheerful songs. Everyone was relieved, and the family
    >> The puppy was so excited to see the big dog and his big, fluffy coat and the bright, blue colour.

The puppy quickly ran up to the dog and gave his tail a pat with his furry brown coat. The puppy happily wagged his tail and cheered. He was so excited to see the new puppy, and a very big smile came to his face too.

  [step   85] R=0.4462 | KL=10.009 | beta=0.0781 | 4.7s/step
  [step   90] R=0.4008 | KL=11.601 | beta=0.0763 | 4.7s/step
  [step   95] R=0.5043 | KL=10.007 | beta=0.0752 | 4.7s/step
  [step  100] R=0.4933 | KL=10.250 | beta=0.0762 | 4.8s/step
    >> Once upon a time, there was a bird who owned a lot of sticks to build wings in the park. The bird made many pieces and made many friends while flying around in the trees. One day, the bird was so proud of its hard work that it decided to build a special place just for the nest. 

The bird flew over to the roof and started to build its nest with the pieces of sticks. When the nest was finished, the bird was really proud and thanked all his friends for making it. The birds agreed it was a perfect nest and they all lived happily ever after.

    >> The little girl loved to play near the ocean. One day, while playing near the water, she noticed a net was in the way. This made her very sad. She wanted to get rid of the net to the ocean. 

The little girl shouted for her mommy. "Momma, over here! The net needs me to get a new net!" she shouted.

Their mommy was in a very good mood when she heard little shouts. She quickly rushed over to the net and set it down near it.

The little girl quickly grabbed her bag and said goodbye. The little girl was happy because no one could take
    >> One sunny day, the boy went to the park to play. He saw his friend Sue playing by the lake. They decided to play catch with a toy that had a rope hanging from it. They threw the toy in the air and caught it. They had a great time playing together.

In the end, they were both tired. They lay down on the soft grass and looked up at the sky. The sun was warm on their faces and they enjoyed the day together. They smiled at each other and knew they would always have fun together.

    >> In a small village, there lived a kind lady. She loved to help everyone in her village. Everyone in the village liked her. They were all happy. The honest lady always had a big smile on her face.

    >> The puppy was so excited to see the surprise that he ran as fast and jumped around the room. 

Mom said, “Who's that?” 

Sara smiled and said, “That is my pet! I found it at the beach!”

  [step  105] R=0.5043 | KL=10.468 | beta=0.0773 | 4.7s/step
  [step  110] R=0.4395 | KL=10.415 | beta=0.0777 | 5.1s/step
  [step  115] R=0.5117 | KL=9.437 | beta=0.0777 | 4.8s/step
  [step  120] R=0.4985 | KL=8.066 | beta=0.0790 | 4.7s/step
    >> Once upon a time, there was a rabbit. The rabbit loved to play all day. But one day, the rabbit heard a sound. It was coming from a trap! The rabbit wanted to play with it, but it was too wet. 

The rabbit decided to find a safe place to play instead. It found a big pile of leaves and started playing. Suddenly, the trap caught again. The rabbit was happy and decided to stay in this spot, where it could be safe. 

The rabbit played and played all day. When it was time for the rabbit to go home, the string on its tail got stuck in the trap. The rabbit hopped
    >> The little girl loved to play with the bear. She would bring him every day. They were her best friends.

    >> One sunny day, the boy went to the beach. He wore a hat to keep the sun off. His mom watched him play and built a sand castle by the ocean. She wanted to protect and help him.

The boy played near the water and made a new home. He built a small slide for him to go down! The boy was so happy. He laughed and played all day long. And they all lived happily ever after.

    >> In a small village, there lived a girl who loved to play with her toys. She had a big, soft teddy bear named Brownie. Brownie was very, very soft. They lived in a place called China. They had many friendly people who loved to play and have fun together.

One day, Brownie told a funny joke that made everyone laugh. The big, fluffy bear said, "Why did the chicken cross the playground? To get to the other slide!" They all laughed even harder, because they loved to hear each other's jokes.

Finally, it was time for the big, soft bear and the little girl to go home.
    >> The puppy was so excited to be with mommy! She was happy to finally get to stay and play.

  [step  125] R=0.4028 | KL=9.983 | beta=0.0768 | 5.0s/step
  [step  130] R=0.4485 | KL=8.204 | beta=0.0744 | 4.7s/step
  [step  135] R=0.4193 | KL=10.591 | beta=0.0719 | 4.6s/step
  [step  140] R=0.5076 | KL=9.992 | beta=0.0725 | 4.7s/step
    >> Once upon a time, there was a little girl named Lily. She had long hair that she loved to play with. One day, her mommy and daddy got married. Lily was so happy to hear the news. She danced and clapped her hands all the way through the long, long grass.

    >> The little girl loved to spend her days in the park with her mommy. The end!

    >> One sunny day, the boy went outside. He saw a nice patch of grass with flowers. The boy was very happy to find it. 

He asked his mom to help him pick the grass. She carefully picked the boy up and made a big circle to the patch of grass. The boy was happy and he started saying, "I'm never going to quit a day!" 

The boy spent the whole day playing on the green grass. He was very happy and he was proud of himself. It was the best day ever!

    >> In a small village, there lived a little girl named Emma. Emma loved to play outside. One day, she found a beautiful tree with many beautiful branches. She wanted to climb the tree, but she started to struggle.

Emma called out, "Help! I want to climb this tree!" A kind bird heard her and came to help. With her new bird's help, Emma made the tree into a comfortable place. She was very happy and thanked the bird.

The tree was so happy to have a new place. Emma and the bird became good friends. They played together every day under the big tree. And they were both very happy.

    >> The puppy was so excited to get some food! He quickly ran up to the basket, but the basket was gone. He searched high and low, but he just couldn't find it. 

He had lost the net! He was sad and a little scared, but he knew he had to find a way to get more food. He had to try again! He was hoping that he would find his food. 

After looking all over, he finally found the net! He was so happy and he quickly opened it up again. He was able to have his food. He was so happy to have found some food at last!

  [step  145] R=0.5290 | KL=9.553 | beta=0.0725 | 4.7s/step
  [step  150] R=0.4625 | KL=9.518 | beta=0.0721 | 4.6s/step
  [step  155] R=0.5156 | KL=9.310 | beta=0.0712 | 4.7s/step
  [step  160] R=0.5089 | KL=10.075 | beta=0.0717 | 4.7s/step
    >> Once upon a time, there was a big, big boat. The boat was big and had a lot of steam in the air. One day, the boat went on a trip to a faraway island. When the captain arrived at the island, the boat let out a big puff of steam. The steam was very hot! It burned the entire island and the captain was sad. But the captain didn't feel frustrated because he still had the flag. The end.

    >> The little girl loved to play pretend with her new toy.

    >> One sunny day, the boy went to the park and the sun kept shining and the air was all very dry. 

The boy laughed and he enjoyed his day in the fresh air. He had a great day and he made many happy memories when he came back to the park.

    >> In a small village, there lived a powerful wizard. The wizard loved to design things. He made a spell with a powerful pen and a strong spell. The spell made everything happy.

One day, the powerful wizard wanted to show his spell to more people. He called all of his friends into his castle. He asked the castle master to tell the good news. The castle master told the wizard the spell would make everyone happy.

The wizard was very happy to hear this. He got even more excited to show his spell to everyone. When he was done, everyone hugged the wizard! They were so happy to have such a powerful wizard in the castle.

    >> The puppy was so excited to see everything. It jumped and bounded around the playground. Bob's owner saw and started to chase the puppy. He ran and ran and chased after the puppy. Bob and his owner had so much fun playing catch.

When the day ended, Bob's owner gave him an extra big hug and said goodbye. Bob and his owner were both very happy and couldn't stop smiling. They both had a great day thanks to Bob's amazing new game.

  [step  165] R=0.4372 | KL=9.162 | beta=0.0704 | 5.1s/step
  [step  170] R=0.5019 | KL=10.464 | beta=0.0664 | 4.7s/step
  [step  175] R=0.4393 | KL=9.719 | beta=0.0645 | 4.7s/step
  [step  180] R=0.5529 | KL=10.453 | beta=0.0610 | 5.0s/step
    >> Once upon a time, there was a clumsy little boy called Tom.

Tom was a very happy boy and always liked to play outside.

One day, Tom decided to explore and went and wandered around the garden. He saw a big tree and started to climb up it.

Once at the top, he saw a beautiful white print, which was an owl made of clouds. He wanted to play with the owl, so he reached out to poke the print.

The owl flew away quickly, but when Tom came down, he was happy to have found her. He gave the owl a hug and then he returned to the garden, where he could
    >> The little girl loved to jump, but she had to be quiet when she was playing. She had a lot of fun playing the game.

At the end of the day, the little girl smiled as she said goodbye to her special friend. She enjoyed jumping in her quiet new way in the forest!

    >> One sunny day, the boy went outside to have some fun with his toys. They were all so dirty from playing in the mud. The boy decided to give his toys a wash. He put his hands in the water and started to scrub them. The boy had a fun time washing his toys. When he was done, he put them all back together. The boy was very happy with his clean toys. The boy and his toys played outside all day long.

    >> In a small village, there lived a wise old lady. She was very kind and wise, and she would always help everyone in the village. One day, the old lady found a big spear in the forest.

The old lady took the spear and went to the village. She called all her friends to play with it. They had a jolly time playing with the spear. The old lady and her friends were all very happy.

The wise old lady and her friends played with the spear every day. They had a lot of fun and they were all very happy. Every time they played, they had a jolly time together. And they lived happily ever
    >> The puppy was so excited to have the new toy. He thanked Mimi and then ran away on his way. The puppy had found a new home and he was happy.

  [step  185] R=0.5095 | KL=9.274 | beta=0.0629 | 4.8s/step

======================================================================
  Done: 186 steps in 888s (4.8s/step avg)
======================================================================

======================================================================
  SUMMARY — lam/lam_08_lr1e6
======================================================================
  Total steps:    186
  Final R (avg):  0.5331
  Peak R:         0.6166
  Final KL (avg): 9.816
  Final beta:     0.0629
--- Step 0 ---
  Once upon a time, there was a curious little girl named Mia. One day, Mia went to the park with her mom to play. Mia saw a lot of trees and pretty flowers and heard birds singing. But then, Mia saw a bug that made her panic. It was a mosquito! 

Mia was very scared and didn't know what to do. Her mom saw her panic and quickly helped her. They went to a nearby bench and sat down. Mia's mom told her not to worry and they were both calm. 

After a while, the mosquito disappeared and they were able to go back to the tree. Mia felt much better and was
  The little girl loved to explore and feel the big blue ocean. One day, she went for a walk near the beach again and saw a white bird. The bird was singing a beautiful song and the wind was blowing gently through the trees.

The little girl was so excited and started singing a little song about the ocean. As she was singing, a little dove came down from the sky and perched on her shoulder. The little girl was so amazed and said hello to the dove.

The dove stayed with the little girl for a few weeks, singing her song and playing in the park. She even decided to visit the beach one day to play with
  One sunny day, the boy went to the train station. He had a great time picking up things and going to see different places. He got to a train station again and got on to the train tracks. Inside the station, he saw lots of things. There was popcorn to eat, and he even got a ride on a train! He had so much fun that day. 

When it was time to go home, the boy remembered to leave. The little boy rode back to the station and went back to the train station. He had so much fun at the train station and couldn't wait to go back to the subway station again.

  In a small village, there lived a boy named Tim. Tim had a toy fork. He loved to play with his fork all day long. He would use it to eat his food, even when he was not supposed to.

One day, while playing outside with his fork, Tim fell down and got a big cut. His mom saw the cut and said, "Oh no, Tim! Your fork is so big and sticky. We need to use it to make a clean home for your toy fork."

Tim's mom helped him tie the fork to a cloth and they went inside. They put the cloth on the table with the fork, made a warm
  The puppy was so excited to see her new friend. He wanted to play too, but couldn't come over the long grass. He was feeling very uncomfortable.

Suddenly, a soft voice came from the puppy's paw. "Don't be scared little one," said the voice.

The dog felt much better when he heard the voice's kind words. His tail started to tap him on the shoulder and he was no longer so uncomfortable.

The puppy and the owner had a wonderful time playing together and they never forgot their adventure. And, most importantly, they made a friendship that would last forever.

--- Step 20 ---
  Once upon a time, there was a fat chicken. He was living in the barn and was very content. He was a very happy chicken and he never wanted to leave the barn. Everyone looked on in the barn and smiled at the fat chicken.

One day, the fat chicken wanted to explore outside. He was excited but he couldn't find his way home. He was so eager to go. But then he saw a big, mean cat! The poor chicken was scared and alone.
Just as the chicken was about to leave, he heard the cat say, "I won't help you now." The fat chicken was too scared to move.

Suddenly
  The little girl loved to play with her football, and the wind on her face was always nice.

One day, the little girl's mom reminded her of the football and she was very happy. She gave her little girl a big kiss and said they could have a new playdate.

The little girl was so excited about her new friend, and they started to play together - in the garden, in the park. But they kept playing, instead, each of them had their own playmate.

The little girl grew more serious when they played with the two footballs. She was always so happy that they could be together.


  One sunny day, the boy went to the park to play. He saw a large bird and thought it wanted to help. So, the boy thought of a plan and carefully put it closer to the forest.

The bird was so happy it could see the large bird. When they got back to the park, the boy told his little friends about his big idea. They were all very excited to think of what the bird could do.

They decided to be happy and play the game together. As a result, all of the birds in the forest would cheer and applaud. They were glad they had worked together to solve the problem and could enjoy the forest even
  In a small village, there lived a three-year-old named Peter. One day, Peter's mom said, "We're going for a walk!" Peter was so happy that he ran out to the open field.

In the distance, Peter saw a big brown tree. He looked up at it and asked his mom, "What's that?"
"That's a tree," his mom said. "We use it to play games."
Peter was so excited and asked, "Can I touch it?" His mom said, "Of course. Just be careful and don't get hurt."

So Peter carefully brushed away the dirt from the dead tree
  The puppy was so excited to see the puppy that he started to bark. 

The puppy had a surprise. In one of his arms he had found a stick. The owner was looking for the puppy. He was so happy to find the puppy that he decided to take him back to the house and give him something warm to eat. 

The next day, the puppy was playing with his new toy. He ran towards the house and the owner caught up with the puppy. The owner put the toy on top of the toy so the puppy could curl up and take a nap with it. The puppy was so happy and the owner was a bit en
--- Step 40 ---
  Once upon a time, there was a little boy named Timmy. Timmy loved to ride his bike on the street. One day, Timmy was riding his bike on a mild day when he saw a big bird flying in the sky. 

Timmy stopped on the bike and asked his mom, "Can I ride on the street?" His mom replied, "Yes, you can ride on the street, but be careful and wear your helmet." Timmy replied, "I will be careful, Mom!" 

Timmy pedaled and rode on the mild day for a long time. He saw other kids going on the street and waved hello. He
  The little girl loved to use her eraser to draw pictures. She would make funny shapes and animals. She loved to use her eraser to make her pictures strong and special.

One day, the little girl was playing with her eraser on the ground and her drawings got very dirty. Her mother was worried because she had told her not to play too close to the road. She quickly grabbed a sponge and cleaned the dirt off the pictures. 

The little girl was amazed at how clean her mommy's eraser was now. She was happy and she used it to make her drawings even better. Every time she used the eraser,
  One sunny day, the boy went to the park to play. He saw a big pile of mud, but it looked dangerous. He asked his mom, "What is that?" His mom said, "That is the mud from the park."

The boy said, "I will go put clean mud in the park to prevent it from getting dangerous. That way, it will be safer."

The little boy was very excited to go to the park. He put his toy truck in the mud and played carefully. And he never got in the bad mud again!

  In a small village, there lived a boy named Tim. Tim was not very good at talking. He was always talking a lot. One day, Tim met a girl named Sue. They began to talk near the fence. Tim saw Sally, and he liked her very much. They became friends.

That day, Tim wanted to make a promise. He said, "I promise we can play together under the tree without talking." Sue liked the plan. They played together under the tree. They were happy and not lonely anymore.

  The puppy was so excited to have the new toy he and the girl became the best of friends.

--- Step 60 ---
  Once upon a time, there was a little dog named Bobo. Bobo loved to race with his friends. They had a lot of fun together.

One day, Bobo and his friends decided to race across the big green park. They ran as fast as they could. Bobo was very competitive and wanted to win the race.

As they raced, they saw a big tree. Bobo and his friends decided to rest under the tree. They talked and laughed together. They all had a great time. When the sun started to go down, Bobo and his friends had to go home. They were happy to have a fun day in the park
  The little girl loved to use her creative magic wand to draw things in the sky. It was her favorite thing to do!

  One sunny day, the boy went outside and spread his basket under the big tree. He climbed on the blanket and put his book on the tree. Then, he got down and took his toy and continued to look out the window.

  In a small village, there lived a brave lion. The lion did not like to play for in the village. He liked to scare the people there. So, he had an idea to make everyone be happy.

One day, the lion saw a big, yellow line across the road. He decided to watch that was his chance. He roared very loud. All the people in the village heard his roar and went to see it. They were happy to see this funny lion. They laughed and clapped their hands. The lion was very happy too. He made everyone in the village smile. And they all lived happily ever after.

  The puppy was so excited to go out exploring. He ran up and down the porch. He explored everywhere and he had so much fun. 
At the end of the adventure and it was time to go home. The puppy made another happy promise to never let his parents get him near the porch again.

--- Step 80 ---
  Once upon a time, there was a dog named Max. Max was very happy playing with his toys, but he was also lonely because he had no one to play with. He was about to start to think of a plan to find a friend, but he didn't know where to look. Max had an idea to keep searching until he found a nice friend for his. 

In the end, Max was happy that he found a friend and he wouldn't be lonely anymore. They had lots of fun together and were no longer lonely. They were the best of friends and were happy together. The end.

  The little girl loved to play with the bear every day, and they were the best of friends.

  One sunny day, the boy went outside to the playground to play with his friends. They saw his motorcycle and thought it was so cool!

“Let’s play tag,” the boy said to his friends. They all agreed and started running around. Suddenly, one of the boys stopped and said, “Oh, I forgot to bring the motorcycle to the playground!”

Luckily, one of the boys remembered. They quickly ran to the playground and back. They were so happy to continue playing! It was such a nice and tidy afternoon.

  In a small village, there lived a happy family. They loved each other very much. They were always smiling and playing together. They had so much life together, doing everything together. The family lived happily in their little house.

One day, the family had a big storm coming to their town. The family was scared, but they were brave. They worked hard to stay safe, and they wanted to protect their home and home. Suddenly, the storm stopped. The wind blew fiercely, and the tree where their family was standing were safe and sound.

In their house, they all hugged each other and sang cheerful songs. Everyone was relieved, and the family
  The puppy was so excited to see the big dog and his big, fluffy coat and the bright, blue colour.

The puppy quickly ran up to the dog and gave his tail a pat with his furry brown coat. The puppy happily wagged his tail and cheered. He was so excited to see the new puppy, and a very big smile came to his face too.

--- Step 100 ---
  Once upon a time, there was a bird who owned a lot of sticks to build wings in the park. The bird made many pieces and made many friends while flying around in the trees. One day, the bird was so proud of its hard work that it decided to build a special place just for the nest. 

The bird flew over to the roof and started to build its nest with the pieces of sticks. When the nest was finished, the bird was really proud and thanked all his friends for making it. The birds agreed it was a perfect nest and they all lived happily ever after.

  The little girl loved to play near the ocean. One day, while playing near the water, she noticed a net was in the way. This made her very sad. She wanted to get rid of the net to the ocean. 

The little girl shouted for her mommy. "Momma, over here! The net needs me to get a new net!" she shouted.

Their mommy was in a very good mood when she heard little shouts. She quickly rushed over to the net and set it down near it.

The little girl quickly grabbed her bag and said goodbye. The little girl was happy because no one could take
  One sunny day, the boy went to the park to play. He saw his friend Sue playing by the lake. They decided to play catch with a toy that had a rope hanging from it. They threw the toy in the air and caught it. They had a great time playing together.

In the end, they were both tired. They lay down on the soft grass and looked up at the sky. The sun was warm on their faces and they enjoyed the day together. They smiled at each other and knew they would always have fun together.

  In a small village, there lived a kind lady. She loved to help everyone in her village. Everyone in the village liked her. They were all happy. The honest lady always had a big smile on her face.

  The puppy was so excited to see the surprise that he ran as fast and jumped around the room. 

Mom said, “Who's that?” 

Sara smiled and said, “That is my pet! I found it at the beach!”

--- Step 120 ---
  Once upon a time, there was a rabbit. The rabbit loved to play all day. But one day, the rabbit heard a sound. It was coming from a trap! The rabbit wanted to play with it, but it was too wet. 

The rabbit decided to find a safe place to play instead. It found a big pile of leaves and started playing. Suddenly, the trap caught again. The rabbit was happy and decided to stay in this spot, where it could be safe. 

The rabbit played and played all day. When it was time for the rabbit to go home, the string on its tail got stuck in the trap. The rabbit hopped
  The little girl loved to play with the bear. She would bring him every day. They were her best friends.

  One sunny day, the boy went to the beach. He wore a hat to keep the sun off. His mom watched him play and built a sand castle by the ocean. She wanted to protect and help him.

The boy played near the water and made a new home. He built a small slide for him to go down! The boy was so happy. He laughed and played all day long. And they all lived happily ever after.

  In a small village, there lived a girl who loved to play with her toys. She had a big, soft teddy bear named Brownie. Brownie was very, very soft. They lived in a place called China. They had many friendly people who loved to play and have fun together.

One day, Brownie told a funny joke that made everyone laugh. The big, fluffy bear said, "Why did the chicken cross the playground? To get to the other slide!" They all laughed even harder, because they loved to hear each other's jokes.

Finally, it was time for the big, soft bear and the little girl to go home.
  The puppy was so excited to be with mommy! She was happy to finally get to stay and play.

--- Step 140 ---
  Once upon a time, there was a little girl named Lily. She had long hair that she loved to play with. One day, her mommy and daddy got married. Lily was so happy to hear the news. She danced and clapped her hands all the way through the long, long grass.

  The little girl loved to spend her days in the park with her mommy. The end!

  One sunny day, the boy went outside. He saw a nice patch of grass with flowers. The boy was very happy to find it. 

He asked his mom to help him pick the grass. She carefully picked the boy up and made a big circle to the patch of grass. The boy was happy and he started saying, "I'm never going to quit a day!" 

The boy spent the whole day playing on the green grass. He was very happy and he was proud of himself. It was the best day ever!

  In a small village, there lived a little girl named Emma. Emma loved to play outside. One day, she found a beautiful tree with many beautiful branches. She wanted to climb the tree, but she started to struggle.

Emma called out, "Help! I want to climb this tree!" A kind bird heard her and came to help. With her new bird's help, Emma made the tree into a comfortable place. She was very happy and thanked the bird.

The tree was so happy to have a new place. Emma and the bird became good friends. They played together every day under the big tree. And they were both very happy.

  The puppy was so excited to get some food! He quickly ran up to the basket, but the basket was gone. He searched high and low, but he just couldn't find it. 

He had lost the net! He was sad and a little scared, but he knew he had to find a way to get more food. He had to try again! He was hoping that he would find his food. 

After looking all over, he finally found the net! He was so happy and he quickly opened it up again. He was able to have his food. He was so happy to have found some food at last!

--- Step 160 ---
  Once upon a time, there was a big, big boat. The boat was big and had a lot of steam in the air. One day, the boat went on a trip to a faraway island. When the captain arrived at the island, the boat let out a big puff of steam. The steam was very hot! It burned the entire island and the captain was sad. But the captain didn't feel frustrated because he still had the flag. The end.

  The little girl loved to play pretend with her new toy.

  One sunny day, the boy went to the park and the sun kept shining and the air was all very dry. 

The boy laughed and he enjoyed his day in the fresh air. He had a great day and he made many happy memories when he came back to the park.

  In a small village, there lived a powerful wizard. The wizard loved to design things. He made a spell with a powerful pen and a strong spell. The spell made everything happy.

One day, the powerful wizard wanted to show his spell to more people. He called all of his friends into his castle. He asked the castle master to tell the good news. The castle master told the wizard the spell would make everyone happy.

The wizard was very happy to hear this. He got even more excited to show his spell to everyone. When he was done, everyone hugged the wizard! They were so happy to have such a powerful wizard in the castle.

  The puppy was so excited to see everything. It jumped and bounded around the playground. Bob's owner saw and started to chase the puppy. He ran and ran and chased after the puppy. Bob and his owner had so much fun playing catch.

When the day ended, Bob's owner gave him an extra big hug and said goodbye. Bob and his owner were both very happy and couldn't stop smiling. They both had a great day thanks to Bob's amazing new game.

--- Step 180 ---
  Once upon a time, there was a clumsy little boy called Tom.

Tom was a very happy boy and always liked to play outside.

One day, Tom decided to explore and went and wandered around the garden. He saw a big tree and started to climb up it.

Once at the top, he saw a beautiful white print, which was an owl made of clouds. He wanted to play with the owl, so he reached out to poke the print.

The owl flew away quickly, but when Tom came down, he was happy to have found her. He gave the owl a hug and then he returned to the garden, where he could
  The little girl loved to jump, but she had to be quiet when she was playing. She had a lot of fun playing the game.

At the end of the day, the little girl smiled as she said goodbye to her special friend. She enjoyed jumping in her quiet new way in the forest!

  One sunny day, the boy went outside to have some fun with his toys. They were all so dirty from playing in the mud. The boy decided to give his toys a wash. He put his hands in the water and started to scrub them. The boy had a fun time washing his toys. When he was done, he put them all back together. The boy was very happy with his clean toys. The boy and his toys played outside all day long.

  In a small village, there lived a wise old lady. She was very kind and wise, and she would always help everyone in the village. One day, the old lady found a big spear in the forest.

The old lady took the spear and went to the village. She called all her friends to play with it. They had a jolly time playing with the spear. The old lady and her friends were all very happy.

The wise old lady and her friends played with the spear every day. They had a lot of fun and they were all very happy. Every time they played, they had a jolly time together. And they lived happily ever
  The puppy was so excited to have the new toy. He thanked Mimi and then ran away on his way. The puppy had found a new home and he was happy.


Plots saved to ./outputs/lam/lam_08_lr1e6/
