Device: cuda
GPU: NVIDIA GeForce RTX 5060 Ti

Experiment : kl_mode
Run        : kl_fixed_b0.5_lr5e6
Output dir : ./outputs/kl_mode/kl_fixed_b0.5_lr5e6

Config:
  model=roneneldan/TinyStories-33M
  batch=64, mini_batch=16, ppo_epochs=4
  kl_mode=fixed, advantage_normalize=global
  prompts=6000, max_new_tokens=128

[init] Loading tokenizer + policy...
Warning: You are sending unauthenticated requests to the HF Hub. Please set a HF_TOKEN to enable higher rate limits and faster downloads.
Loading weights:   0%|          | 0/56 [00:00<?, ?it/s]Loading weights: 100%|██████████| 56/56 [00:00<00:00, 26220.25it/s]
[1mGPTNeoForCausalLM LOAD REPORT[0m from: roneneldan/TinyStories-33M
Key                                                   | Status     |  | 
------------------------------------------------------+------------+--+-
transformer.h.{0, 1, 2, 3}.attn.attention.masked_bias | UNEXPECTED |  | 
transformer.h.{0, 1, 2, 3}.attn.attention.bias        | UNEXPECTED |  | 

Notes:
- UNEXPECTED:	can be ignored when loading from different task/architecture; not ok if you expect identical arch.
Policy params: 68,514,817

[init] Loading reward model...
Loading weights:   0%|          | 0/201 [00:00<?, ?it/s]Loading weights: 100%|██████████| 201/201 [00:00<00:00, 3927.76it/s]
[1mRobertaForSequenceClassification LOAD REPORT[0m from: SamLowe/roberta-base-go_emotions
Key                             | Status     |  | 
--------------------------------+------------+--+-
roberta.embeddings.position_ids | UNEXPECTED |  | 

Notes:
- UNEXPECTED:	can be ignored when loading from different task/architecture; not ok if you expect identical arch.

[init] Building dataset...
Map:   0%|          | 0/6000 [00:00<?, ? examples/s]Map:  50%|█████     | 3000/6000 [00:00<00:00, 11087.93 examples/s]Map: 100%|██████████| 6000/6000 [00:00<00:00, 18103.55 examples/s]
Dataset: 6000 prompts
Example: Tim and Mia like to play in the park.
PPO config: batch=64, mini_batch=16, ppo_epochs=4
LR: 5e-06
KL: mode=fixed, init_coef=0.5, target=10.0, horizon=500
Advantage normalize: global
Steps per epoch: 93, total: ~186

======================================================================
  Starting training: 2 epochs, cuda
======================================================================

  [step    0] R=0.1746 | KL=0.000 | beta=0.5000 | 5.9s/step
    >> Once upon a time, there was a curious little girl named Lily. One day, she went to the park with her mom and saw her friends playing on the swings. Lily wanted to join them, but her mom told her to wait for her turn.

Suddenly, Lily saw a big dog running towards her friends. She ran and tried to escape, but the dog was too fast. Just as the dog was about to bite her, Lily's friend jumped up and scratched the dog's nose. Ben came running too, but it was too late. Lily's mom saw what happened and quickly ran to get help.

The end.

    >> The little girl loved to explore and feel the big blue ocean. One day, she went for a walk near the beach again and saw a white bird. The bird was singing a beautiful song and the wind was blowing gently through the trees.

The little girl was so happy and started singing a song about being kind to animals along the way. The bird flew down to listen to her and they became friends. From that day on, they always went for walks together and the bird would sing a beautiful song. The little girl learned that being kind to animals is important and it's always good to sing a song that we can hear!

    >> One sunny day, the boy went to the train station. He had a great time picking up things and going to see the trains. He got to a train station again and got on the train.

The boy saw a long train with lots of seats. He pointed to the seat and said, "Mom, can I get a seat?" His mom smiled and said, "Sure. Let's go get one." 

The mom and the boy paid the conductor and took the train home. The boy spent the whole day looking out the train and all the places it had been. When it was time to go home, all the passengers cheered for the little
    >> In a small village, there lived a boy named Tim. Tim had a toy with a handle. He loved to play with his toy all day. One day, Tim's toy did not complete his game of hide and seek. He felt empty inside.

Tim's friend, Sam, said, "Let's play hide and seek using this dull stick." But Tim wanted to play with his toy with the handle. He asked his other friends, "Can we play with the dull stick too?" Sam said, "No, we can't play with that. It's not nice to hurt others."

Tim felt sad, but he did not want to break his
    >> The puppy was so excited to see her new friend. He wanted to play too, but couldn't come over to the house. He was feeling left. One day, the puppy was feeling sad and he sat down.

The puppy's owner decided to take him out for a walk. The dad was very polite to the puppy and thanked him for coming over. As they were walking, they passed a nearby cafe. They went inside and bought some delicious ice cream for having ice cream. 

The puppy loved it! He was so happy that he started wagging his tail and barking excitedly. He followed his owner and enjoyed his ice cream, and
  [step    5] R=0.2405 | KL=2.412 | beta=0.5000 | 5.0s/step
You seem to be using the pipelines sequentially on GPU. In order to maximize efficiency please use a dataset
  [step   10] R=0.3232 | KL=3.952 | beta=0.5000 | 5.0s/step
  [step   15] R=0.2493 | KL=3.889 | beta=0.5000 | 5.0s/step
  [step   20] R=0.1987 | KL=4.478 | beta=0.5000 | 5.0s/step
    >> Once upon a time, there was a fat chicken. The fat chicken was always hungry and wanted to eat lots of food. 

One day, the fat chicken went to a farmer's house. The farmer said, "What do you want?" The fat chicken replied, "I want to eat all the chickens in the farm!" 

The farmer said, "No you cannot come to the farm. You have to stay with us all! You have to leave!" 

The fat chicken was sad but agreed to leave the farm. The farmer hugged the fat chicken and said, "Goodbye, and don't come to the farm anymore." 

    >> The little girl loved to play with her marbles every day. She loved to spread them out in different patterns. Even though the other cubes were different, they all made her very happy. 

Every day the little girl found something new to spread out. She spread her marbles out in different patterns to the beat. The whole room was filled with the sweet noise of the marbles and everyone cheered!

The little girl was so proud of her marbles that she thanked them for making her unique creations so that she can make them special.

    >> One sunny day, the boy went to the park to play. He saw a large bird and thought it wanted to help. So, the boy thought, "Let's be friends with the bird!"

The boy and the bird played in the park all day. They played on the swings, and the boy fed the bird. The little boy learned how to care for the bird. They became the best of friends. And they lived happily ever after.

    >> In a small village, there lived a boy named Tom. Tom loved to play with his friends. One day, he had a bright idea. He wanted to invite his friends to play with him. So, Tom went to each friend's house.

When Tom reached them, he knocked on their door. "Friends, have you come to my house?" Tom's friends were very excited. They loved to play on Tom's computer and be with him. The friends liked the new thing and had a lot of fun.

After playing all day, Tom and his friends were very happy. They learned that sharing play with others is a good way to be friends.
    >> The puppy was so excited to see the puppy that he started to wag his tail.

One girl noticed that the puppy was running around and asked her, "What's wrong, puppy? Are you hungry?"

The puppy yipped, as if to give her a hug. The kids around the neighbourhood all thought it was fair that the pup had food, and they were very excited to hear the little girl's happy laughter.

The girl watched the puppy, and then said, "It looks like they need more energy so they should take a walk, play with these apples and eat them."

The puppy was happy to oblige,
  [step   25] R=0.2975 | KL=3.651 | beta=0.5000 | 5.0s/step
  [step   30] R=0.2770 | KL=4.063 | beta=0.5000 | 5.0s/step
  [step   35] R=0.2865 | KL=3.857 | beta=0.5000 | 4.9s/step
  [step   40] R=0.2791 | KL=3.867 | beta=0.5000 | 4.9s/step
    >> Once upon a time, there was a naughty dog named Max. Max liked to eat waste. He did not care about the waste in his toy box. His friends, Sam and Lily, would get mad at him.

One sunny day, Max found his waste. He didn't care about his toys. Sam and Lily wanted to help Max. They went to the toy box and found all the waste. They put the waste in the trash can and threw it away.

From that day on, Max was not naughty anymore. He played with Sam and Lily using the waste from the toy box. They all had fun together and Max never dug the waste again.
    >> The little girl loved to use her eraser to see things better. She was very good at it too, so she was very proud.

One day, the mommy came home to find that her little girl was still using her eraser. She was so surprised when she saw how perfect it was. She asked where she found it, and a little girl said it had become her best friend.

Mommy was very happy that her little girl was so thoughtful and thoughtful. She gave her a big hug and said "You are a very special eraser, and you'll always be my perfect little girl.”

    >> One sunny day, the boy went outside to play. He found a big tree with a hole in it. He looked inside and saw a little cat.

"Hi, cat!" said the little boy. "Do you want to play with me?" The cat looked happy and said, "Yes, I want to play too!"

So, the boy and the cat played together under the tree. They laughed and had a lot of fun. After a while, they said goodbye and went back to the house. And from that day on, the boy and the cat were best friends.

    >> In a small village, there lived a boy named Tim. Tim was a very happy boy who liked to play with his friends. One day, Tim was playing with his friends when he saw a dangerous sign near his house.

Tim was scared and told his friends about the dangerous sign. They decided to stay away from the sign and found a safe place to play. They played hide and seek, but Tim was still scared. His friends saw that Tim was scared and wanted to help him.

Then, Tim's mom came to call him. She told him that it was time to go home and play tomorrow. Tim walked home with his mom, leaving the dangerous
    >> The puppy was so excited to have a new friend he started to wag his tail. The 3 year old and the puppy had a great time together.
They kept jumping and running around together. The 3 year old was so happy to have a new friend. Everywhere he went the puppy followed. They had such fun playing together that the 3 year old felt so happy.
It was a perfect day for the 3 year old. He found a new home and his new friend to love and trust.

  [step   45] R=0.2892 | KL=5.502 | beta=0.5000 | 5.3s/step
  [step   50] R=0.2416 | KL=4.308 | beta=0.5000 | 4.9s/step
  [WARNING] step 53 ppo_epoch 1: mean ratio=96085.48 > 10.0 — skipping batch
  [step   55] R=0.3015 | KL=4.619 | beta=0.5000 | 5.0s/step
  [step   60] R=0.3553 | KL=3.530 | beta=0.5000 | 4.9s/step
    >> Once upon a time, there was a little dog named Bobo. Bobo loved to play with his ball. One day, he was playing with his ball near a big tree. He was having fun, but then he slipped and fell down.

"Ouch!" cried Bobo with a bump. His tail was hurt, but he didn't know that the tree had a big hole in it. Bobo was very sad and wanted to fix the hole for his friend. He tried to put a soft patch over the hole, but it didn't work.

Bobo went to find his friend, a kind bird named Chirpy. He told Ch
    >> The little girl loved to use her creative magic wand. She would make things fly, say words, and fly things at home with it. She was very happy with her magical powers.

    >> One sunny day, the boy went outside and spread his warm clothes on the ground. He ran around and made shapes with his arms and legs. The wind pushed his clothes away in no time and he continued to look all around. He noticed a small ant walking around the grass and followed it up a path that went into the woods. The two were soon lost, but the boy found what he was looking for. The leaves on the grass were bright and colourful and the sun was setting. He was happy and ready to go back outside and play again.

    >> In a small village, there lived a brave lion. The lion loved to race. All the animals in the forest were his friends. They would race to see who was the fastest in the whole forest.

One day, a small mouse came to the lion and asked if he could race. The lion said no. The mouse was sad and left the village. The lion walked and walked, being very slow.

Then, the lion saw the mouse and asked, "Do you want to race? I will let you race for a whole day." The mouse was happy and said yes. They raced and raced, but suddenly, the lion got tired and stopped.
    >> The puppy was so excited to go out exploring. He ran up and down the porch, exploring the new places he had never seen before. 
At the end of the adventure, the puppy was so happy that he had gotten to explore. He knew he would stay on the porch and have lots of fun adventures. 
The end.

  [step   65] R=0.2699 | KL=4.411 | beta=0.5000 | 5.0s/step
  [step   70] R=0.3231 | KL=4.008 | beta=0.5000 | 5.0s/step
  [step   75] R=0.2514 | KL=5.088 | beta=0.5000 | 4.9s/step
  [step   80] R=0.2279 | KL=5.098 | beta=0.5000 | 5.0s/step
    >> Once upon a time, there was a dog named Max. Max was very happy playing with his toys, but he was also lonely because he didn't have any friends to play with. One day, Max went for a walk and he saw a car go reverse. Max was very excited to see the car go reverse.

After a few minutes, Max got bored and decided to go back to his yard. Max saw a big bowl of sauce on his porch. Max thought it smelled sweet and decided to try it. He licked the sauce off the side of his bowl but it tasted bitter. Max didn't like the taste and he didn't want to try it again
    >> The little girl loved to play outside. She liked to touch the flowers and the trees. She was happy when the sun shone on the grass.

One day, the little girl's mommy made her some special breakfast. She cooked the most delicious pancakes and syrup. She tasted the new toast and said "this is so lovely". Her mommy laughed and said "I'm glad you like it". The little girl smiled and said "Yes, it is so lovely".

    >> One sunny day, the boy went outside to see the flowers. He saw a big green flower that was just beginning to bloom. He was so happy to see the pretty flower.

The boy stayed in the garden for a while, playing and laughing. He was very calm. Then, he decided it was time to go inside. But, he wanted to stay outside for some more of the blooming flowers. He hopped in the house and lay down on the ground.

He loved the day! He hopped around the garden, feeling the calmness of the garden and all the fun he could have. He was so content and happy.

    >> In a small village, there lived a happy boy named Tim.

Once all day, Tim always wore his favorite cap. It was red with red stripes. He wore it every time he played. One day, he met a girl named Sue. Sue was sad because she lost her ball. Tim wanted to help Sue find her ball.

Tim and Sue looked and looked for the ball. They found it under a big tree. Sue was so happy! She thanked Tim for helping her. They played together every day, and Tim always wore his big, red cap.

    >> The puppy was so excited to see the big dog so he started wagging and wagging his tail.

The puppy and the big dog went on all kinds of adventures together. They had lots of fun playing games and discovering all of the interesting items in nature.

The two of them became the best of friends and went on many adventures together.

  [step   85] R=0.2266 | KL=4.044 | beta=0.5000 | 5.0s/step
  [step   90] R=0.2555 | KL=4.423 | beta=0.5000 | 4.9s/step
  [step   95] R=0.3005 | KL=4.882 | beta=0.5000 | 5.0s/step
  [step  100] R=0.3569 | KL=4.002 | beta=0.5000 | 5.0s/step
    >> Once upon a time, there was a poor little girl named Lily. She lived in a house with a dirty laundry that made her feel sad and lonely. One day, Lily decided to clean the laundry, but when she got to the top, she found a small bird sleeping inside. 

"Hello little bird," said Lily. "Do you need help getting out of the sock and into the clothes?"

But the bird did not answer. Lily felt sad and didn't know what to do. 

Suddenly, she had an idea. She ran to her mother and said, "Mommy, we need to call the bird to come and help the
    >> The little girl loved to play near the ocean. One day, while she was playing, she got too close and the water splashed her. She was very hurt and had to go to the hospital. 

When she got there, the doctor told her that she was okay but she had to pay a lot of money to get better. The little girl felt very sad and she did not get better. She was in such a bad situation! 

The little girl never went near the ocean again and she was hurt for a long time.

    >> One sunny day, the boy went to the park to play. He saw a big dog doing a puzzle. The puzzle had a picture of a red spot on it. The boy wanted to help.

The boy asked the dog, "Can I help you with the puzzle?" The dog wagged its tail and said, "Yes, you can help!" The boy and the dog worked together to put the pieces together. They were very happy when they finished the puzzle.

While they finished the puzzle, they found a message under a tree. The message said, "Come to the big tree." The boy and his mom went to the big tree. When
    >> In a small village, there lived a kind mouse. He loved to share his food with his friends. One day, he saw a big pile of coal near his home. He was very excited and wanted to share it with his friends as a surprise.

He asked his friend the rabbit to join him to the pile of coal. The mouse and the rabbit took turns picking up the coal and taking it away from each other. The mouse was very happy to see his friend having fun.

They shared the coal and had a great time. All their friends came to see the coal and they were all surprised at each other. They learned that sharing is important and will
    >> The puppy was so excited to see the surprise that he ran as fast as he could. He ran up to the door and shouted “Who's there?” 

A voice answered from inside the cabin and it belonged to an old fox. “Surprise!” said the fox.

The puppy said, “But it’s a smelly surprise! You won’t like it, I’ll take it!”

The fox smiled and said, “I guess so, but you have to go back to your adventure. It’s time for me to end my trick first
  [step  105] R=0.3321 | KL=5.036 | beta=0.5000 | 5.0s/step
  [step  110] R=0.2461 | KL=4.717 | beta=0.5000 | 4.9s/step
  [step  115] R=0.3241 | KL=4.481 | beta=0.5000 | 5.0s/step
  [step  120] R=0.2995 | KL=4.372 | beta=0.5000 | 5.0s/step
    >> Once upon a time, there was a little girl named Sue. Sue had a big toy box that was easy to open. One day, Sue found a lock on her toy chest. She wanted to open it, but it was too hard.

Sue asked her mom for help. Her mom used a special key to open Sue's toy chest. Sue was very happy. She told her mom about the key because they needed to remove the lock before opening the chest.

Sue and her mom worked together to remove the lock. They found a big box at the end of the room. Sue used the key to unlock the box. Inside the box, they
    >> The little girl loved to play with the animals in the spring. She would run and jump and laugh, and her mother smiled too. And they always enjoyed spring together.

    >> One sunny day, the boy went to the beach. He wore a hat to keep the sun off his face. He had no hair on his head! He felt so excited and happy.

The boy got to play in the sand and make a sandcastle. He built a castle and had a few fun running around to do it. He was so happy. He laughed and played until the sun went down.

When it was time to go home, the boy waved goodbye. He was happy to have an day of fun and make new memories. The boy still felt comfortable in the sand and was glad he came to the beach.

    >> In a small village, there lived a girl named Mia. Mia had a big, soft teddy bear named Bob. One day, Mia was feeling nervous because she had lost her favorite toy. She looked everywhere for it, but she could not find it.

Mia went to her friend Tom and asked, "Tom, is this my teddy bear?" Tom looked at her and said, "No, this is my favorite toy. I saw it at the park today and I want to help you find it." Mia was happy and said, "Thank you, Tom!"

They went to the park together and started looking for the lost toy. After a
    >> The puppy was so excited to be with mommy! She was no longer restless and was really happy. The puppy and mommy had lots to do after the parade. With the puppy's leash, the puppy was safe and it was fun. It was the best parade ever!

  [step  125] R=0.2698 | KL=5.110 | beta=0.5000 | 5.0s/step
  [step  130] R=0.2976 | KL=5.321 | beta=0.5000 | 5.0s/step
  [step  135] R=0.2594 | KL=5.544 | beta=0.5000 | 4.9s/step
  [step  140] R=0.3480 | KL=5.711 | beta=0.5000 | 5.3s/step
    >> Once upon a time, there was a little girl named Lily. She loved to play with her little toys, but one day she lost her favorite toy bunny. She looked everywhere, but she couldn't find it. She felt sad and frustrated.

Suddenly, she saw a little boy holding her bunny. Lily asked him to help her find her bunny. The boy said, "If you follow me, I can reveal it to you." So, they walked together until they found Lily's bunny. Lily was so happy and thanked the little boy.

The moral of the story is that it's always better to help others and stand up for yourself. And when someone
    >> The little girl loved to spend her days in the park with her mommy. One day, while they were playing, the little girl found a beautiful flower. She showed it to her mommy and daddy. They told her the flower was beautiful and it reminded her of all the happy moments.

The little girl was so excited and she realized that every day was special in the air. Whenever she went to the park with her mommy and daddy, she felt like she was part of something beautiful too. She would always remember how special her moment was and it made her feel happy.

    >> One sunny day, the boy went outside. He saw a nice patch of soft grass. He walked over to it and it was so soft and the sun felt warm. The boy lay down in the grass and closed his eyes. He felt so peaceful. He stayed there and listened for a long time, until it was time for him to go home. The boy knew he could come back anytime because the nice patch of grass was his special place.

    >> In a small village, there lived a little girl named Emma. Emma was a spoiled girl who liked to play alone. She had many toys, but she did not like to share with others. She thought she knew best about everything.

One day, Emma went for a walk in the forest. She saw a spirit and said, "Hello, spirit. I don't want to share my things." The spirit smiled and said, "Well, in that box, dear. Sharing is good. It makes everyone happy."

Emma thought about what the spirit said. She knew that sharing was important. From then on, she tried to keep her secrets safe.
    >> The puppy was so excited to explore the park! He ran around and saw so many new activities! All around him the children laughed and smiled. 

Eventually it was time to go home, but this had a different memory now. And when he asked his mom, he also remembered how happy it made the puppy and gave him the chance to explore the park. 

The end!

  [step  145] R=0.2602 | KL=4.963 | beta=0.5000 | 4.9s/step
  [step  150] R=0.2930 | KL=4.468 | beta=0.5000 | 5.0s/step
  [step  155] R=0.3461 | KL=5.146 | beta=0.5000 | 4.9s/step
  [step  160] R=0.2720 | KL=5.429 | beta=0.5000 | 4.9s/step
    >> Once upon a time, there was a big, big boat. The boat was very sad because it was stuck in the middle of the lake. The boat wanted to go on a journey, but it was in the way of a big, scary storm.

One day, a little bird flew by the boat. The bird saw that the boat needed help, so it asked the boat to help it. The bird flew down and worked the boat's way to get out of the lake. Soon, the boat was free from the big, scary storm and it was so happy!

The boat thanked the little bird for saving it and for helping it. From that day
    >> The little girl loved to play pretend with her friends. She put a big pot on her head and said, "Look, I am a teacher!" Her friends laughed and danced around.

But then, the pot fell down on the little girl. She was sad and worried. Her friends helped her pick up the pot. They put a new pot on her head, the right size for her feet, and the new pot for her feet. The little girl smiled, and they all danced together once more.

    >> One sunny day, the boy went to the park. He saw a big red truck. He smiled and ran to it.

The boy was excited. He wanted to see the truck. He put his hands on the wheel and pushed. The truck began to move. He smiled and giggled as he pushed it.

The truck was moving so fast! The boy felt happy and free. The truck left, and the boy watched it go. He waved goodbye and decided to come back tomorrow.

    >> In a small village, there lived a powerful wizard. The wizard loved to design magic. He made a spell with a powerful pen and a strong spell. The spell was so powerful, it could solve anything. All the animals in the village were very happy.

One day, a little rabbit named Peter saw the wizard working hard. Peter was scared. He thought the wizard might hurt him if he used his powerful magic. So, Peter decided to watch the wizard work. He saw the wizard using his powerful magic to make things break.

One day, the deer saw the wizard was not in the same place. He was busy making lots of spells like the wizard
    >> The puppy was so excited to see everything. It jumped and bounded around the playground. After a while, it started to feel tired. 

Seeing the puppy so much fun, the wealthy family decided it was time to take a break. They sat back in the park and the puppy lay down for a rest. The family enjoyed some food and after a nap, the puppy felt much better.

The puppy and the family enjoyed their time together before heading home. The puppy was very thankful for their day with a happy smile.

  [step  165] R=0.3280 | KL=6.041 | beta=0.5000 | 5.0s/step
  [step  170] R=0.3158 | KL=5.816 | beta=0.5000 | 5.2s/step
  [step  175] R=0.3225 | KL=5.496 | beta=0.5000 | 4.9s/step
  [step  180] R=0.2664 | KL=5.432 | beta=0.5000 | 5.0s/step
    >> Once upon a time, there was a clumsy little boy named Tim. Tim loved to play outside on the grass with his friends. One day, Tim and his friends were playing a fun game. The game was to see who could get the ball the farthest.

Tim and his friends took turns kicking the ball. The ball went so fast that it went far away. Tim was a little bit clumsy, but he tried to catch the ball. He looked around for the ball, but it was still far away.

Tim and his friends played the game all day long. They ran, jumped, and kicked the ball to each other. Even though they were all
    >> The little girl loved to jump, but she had a problem. Her jump was very high and it hurt her ankle. It hurt a lot and she couldn’t jump anymore. 

One day, the little girl saw her friend, Tom, with a big smile on his face. “Tom, what’s wrong?” she asked. Tom told her his story. He said it hurt a lot and he couldn’t jump like her. 

“I want to jump,” said Tom. He held out his hand to her, and she put her hand in it. Together, they jumped to
    >> One sunny day, the boy went outside to have some fun. He jumped up and down all day long, feeling the warm sun on him.
He ran and jumped across the yard and laughed. The sun felt so nice in the warm rays. The boy looked around until the sun was ready to go back inside and go to bed.
The boy waved goodbye to the yard as the sun set in the sky. He felt so happy to have spent time with his new friend.

    >> In a small village, there lived a wise old lady. She was very kind and wise. This old lady had many friends who loved her too.

One day, a little girl came to the old lady. The little girl was sad because she lost her toy. The big, wise lady wanted to help the little girl. She said, "Don't worry, dear. I will take care of your toy."

The old lady went to look for her toy. She found the toy under a big tree. She picked it up and returned it to the little girl. The little girl was very happy and said, "Thank you, big, wise lady!"
    >> The puppy was so excited to have the new friend. He spent all the time playing with the two of them and showed them his happy life.

Before he knew it, the sun had gone down and the puppy was very tired. He said goodbye to the two of them thanked the sky for allowing them to play all day. So the puppy curled up in a ball and drifted off into dreamland, dreaming of all the fun adventures he'd have with his new friend the two of them.

  [step  185] R=0.2611 | KL=6.531 | beta=0.5000 | 5.0s/step

======================================================================
  Done: 186 steps in 937s (5.0s/step avg)
======================================================================

======================================================================
  SUMMARY — kl_mode/kl_fixed_b0.5_lr5e6
======================================================================
  Total steps:    186
  Final R (avg):  0.2853
  Peak R:         0.3927
  Final KL (avg): 5.562
  Final beta:     0.5000
--- Step 0 ---
  Once upon a time, there was a curious little girl named Lily. One day, she went to the park with her mom and saw her friends playing on the swings. Lily wanted to join them, but her mom told her to wait for her turn.

Suddenly, Lily saw a big dog running towards her friends. She ran and tried to escape, but the dog was too fast. Just as the dog was about to bite her, Lily's friend jumped up and scratched the dog's nose. Ben came running too, but it was too late. Lily's mom saw what happened and quickly ran to get help.

The end.

  The little girl loved to explore and feel the big blue ocean. One day, she went for a walk near the beach again and saw a white bird. The bird was singing a beautiful song and the wind was blowing gently through the trees.

The little girl was so happy and started singing a song about being kind to animals along the way. The bird flew down to listen to her and they became friends. From that day on, they always went for walks together and the bird would sing a beautiful song. The little girl learned that being kind to animals is important and it's always good to sing a song that we can hear!

  One sunny day, the boy went to the train station. He had a great time picking up things and going to see the trains. He got to a train station again and got on the train.

The boy saw a long train with lots of seats. He pointed to the seat and said, "Mom, can I get a seat?" His mom smiled and said, "Sure. Let's go get one." 

The mom and the boy paid the conductor and took the train home. The boy spent the whole day looking out the train and all the places it had been. When it was time to go home, all the passengers cheered for the little
  In a small village, there lived a boy named Tim. Tim had a toy with a handle. He loved to play with his toy all day. One day, Tim's toy did not complete his game of hide and seek. He felt empty inside.

Tim's friend, Sam, said, "Let's play hide and seek using this dull stick." But Tim wanted to play with his toy with the handle. He asked his other friends, "Can we play with the dull stick too?" Sam said, "No, we can't play with that. It's not nice to hurt others."

Tim felt sad, but he did not want to break his
  The puppy was so excited to see her new friend. He wanted to play too, but couldn't come over to the house. He was feeling left. One day, the puppy was feeling sad and he sat down.

The puppy's owner decided to take him out for a walk. The dad was very polite to the puppy and thanked him for coming over. As they were walking, they passed a nearby cafe. They went inside and bought some delicious ice cream for having ice cream. 

The puppy loved it! He was so happy that he started wagging his tail and barking excitedly. He followed his owner and enjoyed his ice cream, and
--- Step 20 ---
  Once upon a time, there was a fat chicken. The fat chicken was always hungry and wanted to eat lots of food. 

One day, the fat chicken went to a farmer's house. The farmer said, "What do you want?" The fat chicken replied, "I want to eat all the chickens in the farm!" 

The farmer said, "No you cannot come to the farm. You have to stay with us all! You have to leave!" 

The fat chicken was sad but agreed to leave the farm. The farmer hugged the fat chicken and said, "Goodbye, and don't come to the farm anymore." 

  The little girl loved to play with her marbles every day. She loved to spread them out in different patterns. Even though the other cubes were different, they all made her very happy. 

Every day the little girl found something new to spread out. She spread her marbles out in different patterns to the beat. The whole room was filled with the sweet noise of the marbles and everyone cheered!

The little girl was so proud of her marbles that she thanked them for making her unique creations so that she can make them special.

  One sunny day, the boy went to the park to play. He saw a large bird and thought it wanted to help. So, the boy thought, "Let's be friends with the bird!"

The boy and the bird played in the park all day. They played on the swings, and the boy fed the bird. The little boy learned how to care for the bird. They became the best of friends. And they lived happily ever after.

  In a small village, there lived a boy named Tom. Tom loved to play with his friends. One day, he had a bright idea. He wanted to invite his friends to play with him. So, Tom went to each friend's house.

When Tom reached them, he knocked on their door. "Friends, have you come to my house?" Tom's friends were very excited. They loved to play on Tom's computer and be with him. The friends liked the new thing and had a lot of fun.

After playing all day, Tom and his friends were very happy. They learned that sharing play with others is a good way to be friends.
  The puppy was so excited to see the puppy that he started to wag his tail.

One girl noticed that the puppy was running around and asked her, "What's wrong, puppy? Are you hungry?"

The puppy yipped, as if to give her a hug. The kids around the neighbourhood all thought it was fair that the pup had food, and they were very excited to hear the little girl's happy laughter.

The girl watched the puppy, and then said, "It looks like they need more energy so they should take a walk, play with these apples and eat them."

The puppy was happy to oblige,
--- Step 40 ---
  Once upon a time, there was a naughty dog named Max. Max liked to eat waste. He did not care about the waste in his toy box. His friends, Sam and Lily, would get mad at him.

One sunny day, Max found his waste. He didn't care about his toys. Sam and Lily wanted to help Max. They went to the toy box and found all the waste. They put the waste in the trash can and threw it away.

From that day on, Max was not naughty anymore. He played with Sam and Lily using the waste from the toy box. They all had fun together and Max never dug the waste again.
  The little girl loved to use her eraser to see things better. She was very good at it too, so she was very proud.

One day, the mommy came home to find that her little girl was still using her eraser. She was so surprised when she saw how perfect it was. She asked where she found it, and a little girl said it had become her best friend.

Mommy was very happy that her little girl was so thoughtful and thoughtful. She gave her a big hug and said "You are a very special eraser, and you'll always be my perfect little girl.”

  One sunny day, the boy went outside to play. He found a big tree with a hole in it. He looked inside and saw a little cat.

"Hi, cat!" said the little boy. "Do you want to play with me?" The cat looked happy and said, "Yes, I want to play too!"

So, the boy and the cat played together under the tree. They laughed and had a lot of fun. After a while, they said goodbye and went back to the house. And from that day on, the boy and the cat were best friends.

  In a small village, there lived a boy named Tim. Tim was a very happy boy who liked to play with his friends. One day, Tim was playing with his friends when he saw a dangerous sign near his house.

Tim was scared and told his friends about the dangerous sign. They decided to stay away from the sign and found a safe place to play. They played hide and seek, but Tim was still scared. His friends saw that Tim was scared and wanted to help him.

Then, Tim's mom came to call him. She told him that it was time to go home and play tomorrow. Tim walked home with his mom, leaving the dangerous
  The puppy was so excited to have a new friend he started to wag his tail. The 3 year old and the puppy had a great time together.
They kept jumping and running around together. The 3 year old was so happy to have a new friend. Everywhere he went the puppy followed. They had such fun playing together that the 3 year old felt so happy.
It was a perfect day for the 3 year old. He found a new home and his new friend to love and trust.

--- Step 60 ---
  Once upon a time, there was a little dog named Bobo. Bobo loved to play with his ball. One day, he was playing with his ball near a big tree. He was having fun, but then he slipped and fell down.

"Ouch!" cried Bobo with a bump. His tail was hurt, but he didn't know that the tree had a big hole in it. Bobo was very sad and wanted to fix the hole for his friend. He tried to put a soft patch over the hole, but it didn't work.

Bobo went to find his friend, a kind bird named Chirpy. He told Ch
  The little girl loved to use her creative magic wand. She would make things fly, say words, and fly things at home with it. She was very happy with her magical powers.

  One sunny day, the boy went outside and spread his warm clothes on the ground. He ran around and made shapes with his arms and legs. The wind pushed his clothes away in no time and he continued to look all around. He noticed a small ant walking around the grass and followed it up a path that went into the woods. The two were soon lost, but the boy found what he was looking for. The leaves on the grass were bright and colourful and the sun was setting. He was happy and ready to go back outside and play again.

  In a small village, there lived a brave lion. The lion loved to race. All the animals in the forest were his friends. They would race to see who was the fastest in the whole forest.

One day, a small mouse came to the lion and asked if he could race. The lion said no. The mouse was sad and left the village. The lion walked and walked, being very slow.

Then, the lion saw the mouse and asked, "Do you want to race? I will let you race for a whole day." The mouse was happy and said yes. They raced and raced, but suddenly, the lion got tired and stopped.
  The puppy was so excited to go out exploring. He ran up and down the porch, exploring the new places he had never seen before. 
At the end of the adventure, the puppy was so happy that he had gotten to explore. He knew he would stay on the porch and have lots of fun adventures. 
The end.

--- Step 80 ---
  Once upon a time, there was a dog named Max. Max was very happy playing with his toys, but he was also lonely because he didn't have any friends to play with. One day, Max went for a walk and he saw a car go reverse. Max was very excited to see the car go reverse.

After a few minutes, Max got bored and decided to go back to his yard. Max saw a big bowl of sauce on his porch. Max thought it smelled sweet and decided to try it. He licked the sauce off the side of his bowl but it tasted bitter. Max didn't like the taste and he didn't want to try it again
  The little girl loved to play outside. She liked to touch the flowers and the trees. She was happy when the sun shone on the grass.

One day, the little girl's mommy made her some special breakfast. She cooked the most delicious pancakes and syrup. She tasted the new toast and said "this is so lovely". Her mommy laughed and said "I'm glad you like it". The little girl smiled and said "Yes, it is so lovely".

  One sunny day, the boy went outside to see the flowers. He saw a big green flower that was just beginning to bloom. He was so happy to see the pretty flower.

The boy stayed in the garden for a while, playing and laughing. He was very calm. Then, he decided it was time to go inside. But, he wanted to stay outside for some more of the blooming flowers. He hopped in the house and lay down on the ground.

He loved the day! He hopped around the garden, feeling the calmness of the garden and all the fun he could have. He was so content and happy.

  In a small village, there lived a happy boy named Tim.

Once all day, Tim always wore his favorite cap. It was red with red stripes. He wore it every time he played. One day, he met a girl named Sue. Sue was sad because she lost her ball. Tim wanted to help Sue find her ball.

Tim and Sue looked and looked for the ball. They found it under a big tree. Sue was so happy! She thanked Tim for helping her. They played together every day, and Tim always wore his big, red cap.

  The puppy was so excited to see the big dog so he started wagging and wagging his tail.

The puppy and the big dog went on all kinds of adventures together. They had lots of fun playing games and discovering all of the interesting items in nature.

The two of them became the best of friends and went on many adventures together.

--- Step 100 ---
  Once upon a time, there was a poor little girl named Lily. She lived in a house with a dirty laundry that made her feel sad and lonely. One day, Lily decided to clean the laundry, but when she got to the top, she found a small bird sleeping inside. 

"Hello little bird," said Lily. "Do you need help getting out of the sock and into the clothes?"

But the bird did not answer. Lily felt sad and didn't know what to do. 

Suddenly, she had an idea. She ran to her mother and said, "Mommy, we need to call the bird to come and help the
  The little girl loved to play near the ocean. One day, while she was playing, she got too close and the water splashed her. She was very hurt and had to go to the hospital. 

When she got there, the doctor told her that she was okay but she had to pay a lot of money to get better. The little girl felt very sad and she did not get better. She was in such a bad situation! 

The little girl never went near the ocean again and she was hurt for a long time.

  One sunny day, the boy went to the park to play. He saw a big dog doing a puzzle. The puzzle had a picture of a red spot on it. The boy wanted to help.

The boy asked the dog, "Can I help you with the puzzle?" The dog wagged its tail and said, "Yes, you can help!" The boy and the dog worked together to put the pieces together. They were very happy when they finished the puzzle.

While they finished the puzzle, they found a message under a tree. The message said, "Come to the big tree." The boy and his mom went to the big tree. When
  In a small village, there lived a kind mouse. He loved to share his food with his friends. One day, he saw a big pile of coal near his home. He was very excited and wanted to share it with his friends as a surprise.

He asked his friend the rabbit to join him to the pile of coal. The mouse and the rabbit took turns picking up the coal and taking it away from each other. The mouse was very happy to see his friend having fun.

They shared the coal and had a great time. All their friends came to see the coal and they were all surprised at each other. They learned that sharing is important and will
  The puppy was so excited to see the surprise that he ran as fast as he could. He ran up to the door and shouted “Who's there?” 

A voice answered from inside the cabin and it belonged to an old fox. “Surprise!” said the fox.

The puppy said, “But it’s a smelly surprise! You won’t like it, I’ll take it!”

The fox smiled and said, “I guess so, but you have to go back to your adventure. It’s time for me to end my trick first
--- Step 120 ---
  Once upon a time, there was a little girl named Sue. Sue had a big toy box that was easy to open. One day, Sue found a lock on her toy chest. She wanted to open it, but it was too hard.

Sue asked her mom for help. Her mom used a special key to open Sue's toy chest. Sue was very happy. She told her mom about the key because they needed to remove the lock before opening the chest.

Sue and her mom worked together to remove the lock. They found a big box at the end of the room. Sue used the key to unlock the box. Inside the box, they
  The little girl loved to play with the animals in the spring. She would run and jump and laugh, and her mother smiled too. And they always enjoyed spring together.

  One sunny day, the boy went to the beach. He wore a hat to keep the sun off his face. He had no hair on his head! He felt so excited and happy.

The boy got to play in the sand and make a sandcastle. He built a castle and had a few fun running around to do it. He was so happy. He laughed and played until the sun went down.

When it was time to go home, the boy waved goodbye. He was happy to have an day of fun and make new memories. The boy still felt comfortable in the sand and was glad he came to the beach.

  In a small village, there lived a girl named Mia. Mia had a big, soft teddy bear named Bob. One day, Mia was feeling nervous because she had lost her favorite toy. She looked everywhere for it, but she could not find it.

Mia went to her friend Tom and asked, "Tom, is this my teddy bear?" Tom looked at her and said, "No, this is my favorite toy. I saw it at the park today and I want to help you find it." Mia was happy and said, "Thank you, Tom!"

They went to the park together and started looking for the lost toy. After a
  The puppy was so excited to be with mommy! She was no longer restless and was really happy. The puppy and mommy had lots to do after the parade. With the puppy's leash, the puppy was safe and it was fun. It was the best parade ever!

--- Step 140 ---
  Once upon a time, there was a little girl named Lily. She loved to play with her little toys, but one day she lost her favorite toy bunny. She looked everywhere, but she couldn't find it. She felt sad and frustrated.

Suddenly, she saw a little boy holding her bunny. Lily asked him to help her find her bunny. The boy said, "If you follow me, I can reveal it to you." So, they walked together until they found Lily's bunny. Lily was so happy and thanked the little boy.

The moral of the story is that it's always better to help others and stand up for yourself. And when someone
  The little girl loved to spend her days in the park with her mommy. One day, while they were playing, the little girl found a beautiful flower. She showed it to her mommy and daddy. They told her the flower was beautiful and it reminded her of all the happy moments.

The little girl was so excited and she realized that every day was special in the air. Whenever she went to the park with her mommy and daddy, she felt like she was part of something beautiful too. She would always remember how special her moment was and it made her feel happy.

  One sunny day, the boy went outside. He saw a nice patch of soft grass. He walked over to it and it was so soft and the sun felt warm. The boy lay down in the grass and closed his eyes. He felt so peaceful. He stayed there and listened for a long time, until it was time for him to go home. The boy knew he could come back anytime because the nice patch of grass was his special place.

  In a small village, there lived a little girl named Emma. Emma was a spoiled girl who liked to play alone. She had many toys, but she did not like to share with others. She thought she knew best about everything.

One day, Emma went for a walk in the forest. She saw a spirit and said, "Hello, spirit. I don't want to share my things." The spirit smiled and said, "Well, in that box, dear. Sharing is good. It makes everyone happy."

Emma thought about what the spirit said. She knew that sharing was important. From then on, she tried to keep her secrets safe.
  The puppy was so excited to explore the park! He ran around and saw so many new activities! All around him the children laughed and smiled. 

Eventually it was time to go home, but this had a different memory now. And when he asked his mom, he also remembered how happy it made the puppy and gave him the chance to explore the park. 

The end!

--- Step 160 ---
  Once upon a time, there was a big, big boat. The boat was very sad because it was stuck in the middle of the lake. The boat wanted to go on a journey, but it was in the way of a big, scary storm.

One day, a little bird flew by the boat. The bird saw that the boat needed help, so it asked the boat to help it. The bird flew down and worked the boat's way to get out of the lake. Soon, the boat was free from the big, scary storm and it was so happy!

The boat thanked the little bird for saving it and for helping it. From that day
  The little girl loved to play pretend with her friends. She put a big pot on her head and said, "Look, I am a teacher!" Her friends laughed and danced around.

But then, the pot fell down on the little girl. She was sad and worried. Her friends helped her pick up the pot. They put a new pot on her head, the right size for her feet, and the new pot for her feet. The little girl smiled, and they all danced together once more.

  One sunny day, the boy went to the park. He saw a big red truck. He smiled and ran to it.

The boy was excited. He wanted to see the truck. He put his hands on the wheel and pushed. The truck began to move. He smiled and giggled as he pushed it.

The truck was moving so fast! The boy felt happy and free. The truck left, and the boy watched it go. He waved goodbye and decided to come back tomorrow.

  In a small village, there lived a powerful wizard. The wizard loved to design magic. He made a spell with a powerful pen and a strong spell. The spell was so powerful, it could solve anything. All the animals in the village were very happy.

One day, a little rabbit named Peter saw the wizard working hard. Peter was scared. He thought the wizard might hurt him if he used his powerful magic. So, Peter decided to watch the wizard work. He saw the wizard using his powerful magic to make things break.

One day, the deer saw the wizard was not in the same place. He was busy making lots of spells like the wizard
  The puppy was so excited to see everything. It jumped and bounded around the playground. After a while, it started to feel tired. 

Seeing the puppy so much fun, the wealthy family decided it was time to take a break. They sat back in the park and the puppy lay down for a rest. The family enjoyed some food and after a nap, the puppy felt much better.

The puppy and the family enjoyed their time together before heading home. The puppy was very thankful for their day with a happy smile.

--- Step 180 ---
  Once upon a time, there was a clumsy little boy named Tim. Tim loved to play outside on the grass with his friends. One day, Tim and his friends were playing a fun game. The game was to see who could get the ball the farthest.

Tim and his friends took turns kicking the ball. The ball went so fast that it went far away. Tim was a little bit clumsy, but he tried to catch the ball. He looked around for the ball, but it was still far away.

Tim and his friends played the game all day long. They ran, jumped, and kicked the ball to each other. Even though they were all
  The little girl loved to jump, but she had a problem. Her jump was very high and it hurt her ankle. It hurt a lot and she couldn’t jump anymore. 

One day, the little girl saw her friend, Tom, with a big smile on his face. “Tom, what’s wrong?” she asked. Tom told her his story. He said it hurt a lot and he couldn’t jump like her. 

“I want to jump,” said Tom. He held out his hand to her, and she put her hand in it. Together, they jumped to
  One sunny day, the boy went outside to have some fun. He jumped up and down all day long, feeling the warm sun on him.
He ran and jumped across the yard and laughed. The sun felt so nice in the warm rays. The boy looked around until the sun was ready to go back inside and go to bed.
The boy waved goodbye to the yard as the sun set in the sky. He felt so happy to have spent time with his new friend.

  In a small village, there lived a wise old lady. She was very kind and wise. This old lady had many friends who loved her too.

One day, a little girl came to the old lady. The little girl was sad because she lost her toy. The big, wise lady wanted to help the little girl. She said, "Don't worry, dear. I will take care of your toy."

The old lady went to look for her toy. She found the toy under a big tree. She picked it up and returned it to the little girl. The little girl was very happy and said, "Thank you, big, wise lady!"
  The puppy was so excited to have the new friend. He spent all the time playing with the two of them and showed them his happy life.

Before he knew it, the sun had gone down and the puppy was very tired. He said goodbye to the two of them thanked the sky for allowing them to play all day. So the puppy curled up in a ball and drifted off into dreamland, dreaming of all the fun adventures he'd have with his new friend the two of them.


Plots saved to ./outputs/kl_mode/kl_fixed_b0.5_lr5e6/
