Device: cuda
GPU: NVIDIA GeForce RTX 5060 Ti

Experiment : critic
Run        : vf_01_lr1e6
Output dir : ./outputs/critic/vf_01_lr1e6

Config:
  model=roneneldan/TinyStories-33M
  batch=64, mini_batch=16, ppo_epochs=4
  kl_mode=adaptive, advantage_normalize=global
  prompts=6000, max_new_tokens=128

[init] Loading tokenizer + policy...
Warning: You are sending unauthenticated requests to the HF Hub. Please set a HF_TOKEN to enable higher rate limits and faster downloads.
Loading weights:   0%|          | 0/56 [00:00<?, ?it/s]Loading weights: 100%|██████████| 56/56 [00:00<00:00, 29163.28it/s]
[1mGPTNeoForCausalLM LOAD REPORT[0m from: roneneldan/TinyStories-33M
Key                                                   | Status     |  | 
------------------------------------------------------+------------+--+-
transformer.h.{0, 1, 2, 3}.attn.attention.masked_bias | UNEXPECTED |  | 
transformer.h.{0, 1, 2, 3}.attn.attention.bias        | UNEXPECTED |  | 

Notes:
- UNEXPECTED:	can be ignored when loading from different task/architecture; not ok if you expect identical arch.
Policy params: 68,514,817

[init] Loading reward model...
Loading weights:   0%|          | 0/201 [00:00<?, ?it/s]Loading weights: 100%|██████████| 201/201 [00:00<00:00, 4906.53it/s]
[1mRobertaForSequenceClassification LOAD REPORT[0m from: SamLowe/roberta-base-go_emotions
Key                             | Status     |  | 
--------------------------------+------------+--+-
roberta.embeddings.position_ids | UNEXPECTED |  | 

Notes:
- UNEXPECTED:	can be ignored when loading from different task/architecture; not ok if you expect identical arch.

[init] Building dataset...
Map:   0%|          | 0/6000 [00:00<?, ? examples/s]Map:  50%|█████     | 3000/6000 [00:00<00:00, 9993.43 examples/s]Map: 100%|██████████| 6000/6000 [00:00<00:00, 16592.69 examples/s]
Dataset: 6000 prompts
Example: Tim and Mia like to play in the park.
PPO config: batch=64, mini_batch=16, ppo_epochs=4
LR: 1e-06
KL: mode=adaptive, init_coef=0.3, target=10.0, horizon=500
Advantage normalize: global
Steps per epoch: 93, total: ~186

======================================================================
  Starting training: 2 epochs, cuda
======================================================================

  [step    0] R=0.1746 | KL=0.000 | beta=0.2923 | 5.6s/step
    >> Once upon a time, there was a curious little girl named Lily. One day, she went to the park with her mom and saw her friends playing on the swings. Lily wanted to join them, but her mom told her to wait for her turn.

Suddenly, Lily saw a boy being rude to his sister. He ran and slapped his sister's hand. Lily knew that wasn't nice, so she told her mom. Her mom explained that it's important to be kind to others and not be rude.

The moral of the story is that we should always be kind to others and not get too distracted with what we want. And sometimes, what is important
    >> The little girl loved to explore and feel the big blue ocean. One day, she went for a walk near the beach again and saw a white bird. The bird was singing a beautiful song and the wind was blowing gently through the trees.

The little girl was so happy to see the bird and wanted to keep it as a friend. She went back home and told her mom about her adventure. "Mommy, I saw a white bird and it sang a song. I love all the animals on the island!" 

Suddenly, they heard a loud noise and saw a little boy crying because he lost his toy. The little girl picked up the
    >> One sunny day, the boy went to the train station. He had a great time picking up things and going to see different places. He got to a train station with people on the train. He saw many different trains with different colors and sizes.

Suddenly, he heard a loud noise and saw a strange man trying to get on the train. The man tried to get help, but nobody came. The train continued to beep and the doors opened. The man got confused and didn't know what to do. 

The train stopped so loud, and the man had to walk away. The boy who had been trying to have a conversation was left behind
    >> In a small village, there lived a boy named Tim. Tim had a toy fork. He loved to play with his fork all day long. He would use it to eat his food, even when he was not supposed to.

One day, Tim found a dangerous snake in the woods. The snake had a mean look. Tim wanted to play with the snake, but he knew he should not touch it. So, he just watched it from far away.

The snake was hungry and saw the food Tim was eating. It slithered closer to the food. Tim knew he should not eat the dangerous food. He wanted to tell someone about the snake. So
    >> The puppy was so excited to see her new friend. He wanted to play too, but he was impatient. He jumped around and wagged his tail.

So the puppy and the puppy played together all day. They ran, chased each other and even had a little picnic together.

But then something strange happened. The puppy started to feel a little down. Suddenly, he felt different. He didn't feel like playing. He just felt so impatient.

The puppy and the puppy became friends that day. They would always meet up and never leave the house again.

  [step    5] R=0.2084 | KL=-0.766 | beta=0.2568 | 4.8s/step
You seem to be using the pipelines sequentially on GPU. In order to maximize efficiency please use a dataset
  [step   10] R=0.2766 | KL=-0.534 | beta=0.2255 | 4.7s/step
  [step   15] R=0.2098 | KL=0.367 | beta=0.1981 | 4.7s/step
  [step   20] R=0.1850 | KL=0.076 | beta=0.1740 | 4.7s/step
    >> Once upon a time, there was a fat chicken. He was living in the barn and was very content. He was content in the barn all day long.

But one day, he felt something pinch him. He quickly ran out and found the farmer. The farmer was very surprised and asked him what had happened.

The chicken explained that he was looking for a home. The farmer thought about it for a moment, and then he decided it was okay. He scooped up the fat chicken in his hands and gave him an egg to make him feel better.

The chicken was so thankful and he and the farmer became friends. Every day they would work
    >> The little girl loved to play with her marbles every day. She loved to spread them out in different patterns and pretend they were the most interesting things ever.

One day she was out in the garden, rolling her marbles around in the grass and spinning them round. Suddenly she heard a noise and saw a little bird. She watched it soar and spin, with its bright and colourful feathers.

She smiled, thinking how happy the little bird looked, and that day she had spread her marbles so much that it went for a really interesting adventure!

    >> One sunny day, the boy went to the park to play. He saw a large bird and thought it wanted to help. So, the boy thought of a plan and took a long piece of string. He tied the string to his face, and the big bird saw the string. The bird was curious and followed the string.

The boy led the big bird away from the park. They walked and walked until they found a beautiful park. The boy was so happy that he played with the string all day long. And all his friends heard about the string and knew they could find a new game for their adventure.

    >> In a small village, there lived a boy named Tom. Tom was very stubborn. He liked to play with his friends every day. They played games that were fun to run around.

One day, Tom and his friends found a long cable in the park. They wanted to play with it. But it was not fun to play with it too! Tom's friends started to tease him. They said he was too small to play with it.

Tom was sad, but he tried to be nice to his friends. He shared the cable with them. They all played with it and had lots of fun. Soon, the cable was not boring anymore. They all
    >> The puppy was so excited to see the puppy that he started to wag his tail.

One of the owners said to him, “Let’s give this puppy a special treat. What do you recommend?”

The puppy thought the treat looked very thin. He replied, “I recommend the yummiest snack of all!”

So, the owners gave the puppy a big treat. The puppy happily ate the treat and said, “That really is the best treat I have ever had!”

  [step   25] R=0.2424 | KL=0.554 | beta=0.1529 | 4.7s/step
  [step   30] R=0.2393 | KL=0.961 | beta=0.1343 | 4.7s/step
  [step   35] R=0.3146 | KL=0.484 | beta=0.1179 | 4.7s/step
  [step   40] R=0.3691 | KL=1.208 | beta=0.1036 | 4.6s/step
    >> Once upon a time, there was a little boy named Timmy. Timmy loved to ride his bike, but his mom said he had to wear his helmet. Timmy didn't like wearing his helmet because it was too hot and heavy, but his mom helped him feel safe while it was still heavy.

One day, Timmy's friend came over to play. His friend wanted to ride Timmy's bike, but Timmy didn't want to share. This made his friend sad and Timmy's mom reminded him that it was more fun to share with friends.

Timmy thought about what his mom said and decided to share his bike with his friend
    >> The little girl loved to use her eraser to draw pictures. She would make funny shapes and animals. She loved to use her eraser to make her pictures strong and special.

One day, the little girl was playing with her eraser on the wall and her drawings got very messy. Her mother came into the room and saw what the little girl had done. She scolded the little girl, telling her that she was not allowed to use the eraser on the wall.

The little girl was sad and scared. She knew that she shouldn't have used the eraser on her wall and so she asked her mother for permission to use it
    >> One sunny day, the boy went outside to play. He found a big, red ball. The boy liked the red ball very much. He played with the ball all day long, and the boy learned that colors can come from under the ground. 

When the sun went down, it was time for the boy to go inside. He was sad to leave the red ball, but he knew he could find it again tomorrow. The boy went to bed, dreaming of the red ball and the memories of the day they would play together.

    >> In a small village, there lived a wealthy man. He had a big red ball that he liked to play with.

One sunny day, the wealthy man met a little boy named Tim. Tim saw the ball and wanted it very much. The wealthy man said, "I suggest you ask your friend, Sam." Tim thought for a moment and then said, "Sam, can we take the ball from your house?"

Sam liked the idea and together, they went to Sam's house. They played with the big red ball, and they all had a lot of fun.

In the end, Tim and Sam learned that having good friends was better than
    >> The puppy was so excited to see the new puppy he started to wag his tail. The puppy and his owner were soon playing and running around.

They kept playing and running around together. The owner would throw the puppy and the puppy would catch it. Everywhere they went the puppy was so excited to meet the owner.

After a few days, their friends and family came to the park. Everyone was happy to see them and they all played and played together. The puppy and his owner were so relieved that the new friends brought smiles and laughter.

  [step   45] R=0.3042 | KL=1.841 | beta=0.0910 | 4.7s/step
  [step   50] R=0.2304 | KL=1.796 | beta=0.0799 | 4.7s/step
  [step   55] R=0.3663 | KL=2.909 | beta=0.0702 | 4.7s/step
  [step   60] R=0.2893 | KL=2.514 | beta=0.0617 | 4.7s/step
    >> Once upon a time, there was a little dog named Bobo. Bobo loved to play with his ball all day. One day, Bobo's mommy told him, "Bobo, it's time for dinner. You need to eat so you can be strong and fit."

Bobo knew that his mommy was very smart. He loved to eat spaghetti with chicken. So, Bobo went to the kitchen. He saw his mommy go to the office for dinner. Bobo said, "Hi, mommy! Can I have some spaghetti with chicken with chicken?" His mommy said, "Yes, Bobo, you can eat the spaghetti
    >> The little girl loved to use her creative magic wand to draw things in the backyard. It made her feel happy and excited. Whenever the little girl was tired she would use her magic wand to make her bedroom even more beautiful.

    >> One sunny day, the boy went outside and spread his toys out in the garden. He ran around and made shapes with his colorful toys. He zoomed around and played tag in the garden until it was time for dinner. The boy went inside for dinner, satisfied and happy that his day had been so full of fun.

    >> In a small village, there lived a brave lion. The lion did not like to play for the people of the village. He always roared when they got too close or too close. The people had to stay away from the lion because of how big it was.

One day, the brave lion got too close to the houses of the people. They were very angry at the lion for being too loud. The lion was scared it would run away as fast as it could. The people of the village were sad because they knew they had to leave the village where they lived.

The lion felt bad after the people of the village were found. It wanted someone to
    >> The puppy was so excited to go out exploring. He ran in and out of the park, wagging his tail.

After he had been out for a while, he saw a big, juicy apple. He ran over to it and sat down, because he was so excited to eat it.

The big, juicy apple smiled down at him and said, "Come back anytime you want to go out exploring!"

The puppy barked in agreement and snuggled back down to enjoy the yummy apple.

  [step   65] R=0.3251 | KL=3.638 | beta=0.0542 | 4.7s/step
  [step   70] R=0.3880 | KL=3.216 | beta=0.0476 | 4.7s/step
  [step   75] R=0.3702 | KL=4.022 | beta=0.0418 | 4.7s/step
  [step   80] R=0.3828 | KL=4.895 | beta=0.0367 | 4.7s/step
    >> Once upon a time, there was a dog named Max. Max was very happy playing with his ball every day. One day, he took his ball to the park to play fetch. He ran and ran and ran until he was very tired. Then he lay down on the grass and took a nap. When he woke up, he remembered that it was getting dark outside. So, Max went home and went to sleep in his cozy bed.

    >> The little girl loved to play outside near the fence. She liked to open the gate so she could get out the fun.

The little girl and the funny little fence were very happy together. The fence was full of fun and laughter. Every day the fence and the little girl would play their games.

They were best friends and they were always happy to play around the fence together, too. The people in the neighborhood knew to keep the fence safe and make sure they would always be safe, too.

    >> One sunny day, the boy went outside to play. He saw a sign near the park. The sign said, "Play here, boy!". The boy thought the sign looked fun and wanted to play there.

The boy played with all his friends on the popular sign. They had lots of fun. The girl liked to see the boy play without getting in trouble. The boy and his friends played all day long. They all had a great time.

    >> In a small village, there lived a happy family. They loved each other very much.

One day, the family received a letter after the letter. The letter said that there was a new family in the village. They wanted to play and make everyone in the village happy.

The family, the mom, the dad, and the little child lived in a happy place with lots of trees, flowers, and a river. They loved each other very much and they all loved their new home.

    >> The puppy was so excited to see the big dog and his big, fluffy coat made the puppy feel very comfortable.

The puppy and his mommy knew she had to take the puppy home with them so he could keep on running around and playing. So they both put on their leashes and went home.

They had lots of fun playing on the lawn!

  [step   85] R=0.4695 | KL=6.028 | beta=0.0322 | 4.6s/step
  [step   90] R=0.5105 | KL=6.890 | beta=0.0283 | 4.6s/step
  [step   95] R=0.5287 | KL=6.002 | beta=0.0256 | 4.6s/step
  [step  100] R=0.5894 | KL=8.757 | beta=0.0241 | 4.6s/step
    >> Once upon a time, there was a little girl named Daisy. Daisy had a garden in her backyard. The garden was very wide and green. Daisy loved to play in her garden every day.

One day, Daisy went outside to play in her garden. She started to play with her dolls and ran around them. After a while, Daisy got hungry. She went inside to look for something to eat. She found an apple in the kitchen and used it to eat it. Daisy was very happy.

After eating the apple, Daisy finished playing in her garden. She had so much fun that she played with her toys all day long. When it started to get
    >> The little girl loved to write and go on the porch and use her fingers. She felt like she was very rich and powerful.

Each day, the little girl would write on the porch. She kept going and going, and writing every day. She enjoyed every moment of her simple writing.

And when she was done, the little girl would be so happy to be on the porch. She was the proud owner of the porch, and the love it brought her.

    >> One sunny day, the boy went outside and made his new friend. The boy was so happy to own the little puppy. They played and had lots of fun together. And they lived happily ever after.

    >> In a small village, there lived a little girl named Lucy. She loved to play outside in nature with her mom and dad.

One day, Lucy and her mom and dad went to visit their friend, Timmy, who lived in a very big, dry forest. They sat in their garden and enjoyed the beautiful, green trees and many different animals.

While they were playing, Sally asked Timmy if he wanted to play hide and seek. They all had a great time, laughing and running around. When it was time to go home, they all hugged goodbye and promised to play again soon.

    >> The puppy was so excited to be out of the barrel. He had lots of fun rolling around and playing with his tire. The puppy and his family played games and had the best of fun.

  [step  105] R=0.6537 | KL=10.556 | beta=0.0225 | 4.7s/step
  [step  110] R=0.7019 | KL=11.079 | beta=0.0230 | 4.7s/step
  [step  115] R=0.7049 | KL=10.562 | beta=0.0247 | 4.6s/step
  [step  120] R=0.6802 | KL=17.478 | beta=0.0280 | 4.6s/step
    >> Once upon a time, there was a little girl named Lily. She loved to play outside and sing songs with her friends.

One day, Lily and her friends decided to play soccer in the park. They had a lot of fun kicking the ball and running around. Lily's friends were very thoughtful and asked her every time they played on the new pitch.

Lily and her friends had a wonderful day playing soccer, and they were all very happy. They had so much fun playing together on the pitch. It was a great day and Lily was very grateful for her friends' kindness.

    >> The little girl loved to play outside even more because she made her family happy. She would play all day long and laugh together. 

The little girl and her family were very lucky to get married. They stayed happy and lived together forever in the same house. And they always were very happy.

    >> One sunny day, the boy went outside and started to dig and make new shapes with the grass. Suddenly, a bee flew overhead and the boy watched it.

The boy stopped digging and said to the bee, "Hi bee! Do you want to play?"

The bee said, "Yes I do!" and and the boy and the bee played together until it was time to go. 

It was such a friendly moment and the boy and the bee had so much fun. They said goodbye to the ground and the boy and the bee flew home.

    >> In a small village, there lived a boy named Tim. Tim and his friends liked to play outside all day.

One day, Tim and his friends went outside to play. They did not want to quit playing. They played hide and seek, and Tim was very happy. At the end of the day, they all went home, tired but happy from their fun day outside.

    >> The puppy was so excited to have a friend! Then the puppy and the bear and the puppy ran around the woods together, playing and laughing. The puppy was so happy he was no longer alone.

  [step  125] R=0.6722 | KL=17.398 | beta=0.0318 | 4.6s/step
  [step  130] R=0.6140 | KL=14.919 | beta=0.0361 | 4.9s/step
  [step  135] R=0.7110 | KL=16.433 | beta=0.0409 | 4.9s/step
  [step  140] R=0.6001 | KL=9.963 | beta=0.0453 | 4.6s/step
    >> Once upon a time, there was a happy family living happily over a regular hill. They liked to play games outside, and they liked to smile and laugh together. One day, the family decided to make a big picnic. 

They collected all kinds of tasty treats and the fun activities were all going on. The family laughed and ate as they played together. It was so much fun. Then, it was time to end the fun and they all agreed it was a regular, but very special day to go on their picnic.

    >> The little girl loved to watch the birds in the trees. She had a big garden at home and a bright red bird that she would feed every day. The girl and her mommy were very happy and had lots of fun together.

    >> One sunny day, the boy went outside to play with the baseball and the green ball. They played catch and laughed together.

The boy was very happy. He had a new game to play with his family and he had fun. The boy and his family played and laughed all day long.

    >> In a small village, there lived a young boy. The boy had a lot of friends. He had a best friend, a dog, and a bird, and a man with the things he had.

One day, the boy and the dog were playing near the park. The boy liked the park and wanted to play with his friends. The dog and the boy went to the park and played together. They had so much fun, and they all lived happily ever after.

    >> The puppy was so excited to be free! He ran back down the zigzag path and hugged his owner as he ran home. He was so happy to be outdoors and to have such a wonderful day.

  [step  145] R=0.6267 | KL=11.084 | beta=0.0508 | 4.6s/step
  [step  150] R=0.5631 | KL=12.269 | beta=0.0559 | 4.9s/step
  [step  155] R=0.6041 | KL=11.259 | beta=0.0576 | 4.5s/step
  [step  160] R=0.5418 | KL=8.245 | beta=0.0569 | 4.6s/step
    >> Once upon a time, there was a little bird who lived in a nest. One day, the bird's nest started to become very quiet. The bird didn't like the quiet because it wanted to make its nest quiet. 

So, the bird decided to find a new place to make its nest quiet. It looked outside the tree and saw there was a big, big rock available. The bird decided to fly over and rest on the rock. The bird was happy to be at the big, big rock and it was now quiet. 

From then on, the little bird made its peaceful home in the big, big rock. The end.

    >> The little girl loved to play with the man. They became good friends.

    >> One sunny day, the boy went outside to play. He took his red brick with him as he made his nest inside. It was a very happy day.

    >> In a small village, there lived a tall soldier. The soldier had an important job: to protect the kingdom.

One day, the soldier met a small child. The child was only three years old. The soldier asked the child, "How long do you want to be my friend?"

The child replied, "I want to be your friend."

The soldier smiled and said, "It is an important thing to do. I will always be here for you."

The little child smiled and felt safe with the tall soldier. He was happy that he had a new best friend.

    >> The puppy was so excited to find this rare bone again!

  [step  165] R=0.5369 | KL=10.381 | beta=0.0540 | 4.6s/step
  [step  170] R=0.5686 | KL=9.155 | beta=0.0511 | 4.7s/step
  [step  175] R=0.6264 | KL=8.778 | beta=0.0486 | 4.6s/step
  [step  180] R=0.6305 | KL=11.595 | beta=0.0480 | 4.7s/step
    >> Once upon a time, there was a little girl named Lily. Lily was always a very patient girl. She had a bell that she always wore when she went outside.

One day, Lily was playing outside with her friends. They were having so much fun! They were laughing and playing games all day long. Lily's bell started to ring again. It was time for lunch.

Lily and her friends decided to have a picnic in the shade of the big tree. They spread a blanket on the ground and had lots of yummy food. They ate and laughed and had a great time. It was a happy day for Lily and her friends.

    >> The little girl loved to play with the toy all day. She named it Mop the "Toot".

One day, when the little girl was playing with her toy, it broke. The little girl was so sad. She ran to her toy and hugged it. She said, "I love you, Mooty".

The little girl was so happy, she ran to her mom and said, "Mama! I love Mooty too!". She hugged her mom and said, "Thank you, Mama!"

The little girl and her mother enjoyed playing with Mooty all day long. They had a lot of fun
    >> One sunny day, the boy went to the park to have some fun. He played on the slide and rolled around on the grass. It was very nice to be outside, having a good time.

While the man continued playing, the boy and his friends had a great time in the park. They laughed, ran and danced together. When it was time to leave, the man gave all the boy and his friends his toy back. It was a fun day for everyone!

    >> In a small village, there lived a boy named Tom. Tom was a happy boy who loved to play outside.

One day, Tom saw some lumber in the woods. He went to play with the lumber and made a big fort. Tom had so much fun in his new fort made with the lumber. He built the fort and played in it every day for many days.

Tom and his friends were so happy in their little village. They loved to play in their wood fort every day. And they all lived happily ever after.

    >> The puppy was so excited to have two people like them that it forgot all about being dirty.

  [step  185] R=0.5951 | KL=10.092 | beta=0.0465 | 4.6s/step

======================================================================
  Done: 186 steps in 878s (4.7s/step avg)
======================================================================

======================================================================
  SUMMARY — critic/vf_01_lr1e6
======================================================================
  Total steps:    186
  Final R (avg):  0.6111
  Peak R:         0.7744
  Final KL (avg): 9.446
  Final beta:     0.0465
--- Step 0 ---
  Once upon a time, there was a curious little girl named Lily. One day, she went to the park with her mom and saw her friends playing on the swings. Lily wanted to join them, but her mom told her to wait for her turn.

Suddenly, Lily saw a boy being rude to his sister. He ran and slapped his sister's hand. Lily knew that wasn't nice, so she told her mom. Her mom explained that it's important to be kind to others and not be rude.

The moral of the story is that we should always be kind to others and not get too distracted with what we want. And sometimes, what is important
  The little girl loved to explore and feel the big blue ocean. One day, she went for a walk near the beach again and saw a white bird. The bird was singing a beautiful song and the wind was blowing gently through the trees.

The little girl was so happy to see the bird and wanted to keep it as a friend. She went back home and told her mom about her adventure. "Mommy, I saw a white bird and it sang a song. I love all the animals on the island!" 

Suddenly, they heard a loud noise and saw a little boy crying because he lost his toy. The little girl picked up the
  One sunny day, the boy went to the train station. He had a great time picking up things and going to see different places. He got to a train station with people on the train. He saw many different trains with different colors and sizes.

Suddenly, he heard a loud noise and saw a strange man trying to get on the train. The man tried to get help, but nobody came. The train continued to beep and the doors opened. The man got confused and didn't know what to do. 

The train stopped so loud, and the man had to walk away. The boy who had been trying to have a conversation was left behind
  In a small village, there lived a boy named Tim. Tim had a toy fork. He loved to play with his fork all day long. He would use it to eat his food, even when he was not supposed to.

One day, Tim found a dangerous snake in the woods. The snake had a mean look. Tim wanted to play with the snake, but he knew he should not touch it. So, he just watched it from far away.

The snake was hungry and saw the food Tim was eating. It slithered closer to the food. Tim knew he should not eat the dangerous food. He wanted to tell someone about the snake. So
  The puppy was so excited to see her new friend. He wanted to play too, but he was impatient. He jumped around and wagged his tail.

So the puppy and the puppy played together all day. They ran, chased each other and even had a little picnic together.

But then something strange happened. The puppy started to feel a little down. Suddenly, he felt different. He didn't feel like playing. He just felt so impatient.

The puppy and the puppy became friends that day. They would always meet up and never leave the house again.

--- Step 20 ---
  Once upon a time, there was a fat chicken. He was living in the barn and was very content. He was content in the barn all day long.

But one day, he felt something pinch him. He quickly ran out and found the farmer. The farmer was very surprised and asked him what had happened.

The chicken explained that he was looking for a home. The farmer thought about it for a moment, and then he decided it was okay. He scooped up the fat chicken in his hands and gave him an egg to make him feel better.

The chicken was so thankful and he and the farmer became friends. Every day they would work
  The little girl loved to play with her marbles every day. She loved to spread them out in different patterns and pretend they were the most interesting things ever.

One day she was out in the garden, rolling her marbles around in the grass and spinning them round. Suddenly she heard a noise and saw a little bird. She watched it soar and spin, with its bright and colourful feathers.

She smiled, thinking how happy the little bird looked, and that day she had spread her marbles so much that it went for a really interesting adventure!

  One sunny day, the boy went to the park to play. He saw a large bird and thought it wanted to help. So, the boy thought of a plan and took a long piece of string. He tied the string to his face, and the big bird saw the string. The bird was curious and followed the string.

The boy led the big bird away from the park. They walked and walked until they found a beautiful park. The boy was so happy that he played with the string all day long. And all his friends heard about the string and knew they could find a new game for their adventure.

  In a small village, there lived a boy named Tom. Tom was very stubborn. He liked to play with his friends every day. They played games that were fun to run around.

One day, Tom and his friends found a long cable in the park. They wanted to play with it. But it was not fun to play with it too! Tom's friends started to tease him. They said he was too small to play with it.

Tom was sad, but he tried to be nice to his friends. He shared the cable with them. They all played with it and had lots of fun. Soon, the cable was not boring anymore. They all
  The puppy was so excited to see the puppy that he started to wag his tail.

One of the owners said to him, “Let’s give this puppy a special treat. What do you recommend?”

The puppy thought the treat looked very thin. He replied, “I recommend the yummiest snack of all!”

So, the owners gave the puppy a big treat. The puppy happily ate the treat and said, “That really is the best treat I have ever had!”

--- Step 40 ---
  Once upon a time, there was a little boy named Timmy. Timmy loved to ride his bike, but his mom said he had to wear his helmet. Timmy didn't like wearing his helmet because it was too hot and heavy, but his mom helped him feel safe while it was still heavy.

One day, Timmy's friend came over to play. His friend wanted to ride Timmy's bike, but Timmy didn't want to share. This made his friend sad and Timmy's mom reminded him that it was more fun to share with friends.

Timmy thought about what his mom said and decided to share his bike with his friend
  The little girl loved to use her eraser to draw pictures. She would make funny shapes and animals. She loved to use her eraser to make her pictures strong and special.

One day, the little girl was playing with her eraser on the wall and her drawings got very messy. Her mother came into the room and saw what the little girl had done. She scolded the little girl, telling her that she was not allowed to use the eraser on the wall.

The little girl was sad and scared. She knew that she shouldn't have used the eraser on her wall and so she asked her mother for permission to use it
  One sunny day, the boy went outside to play. He found a big, red ball. The boy liked the red ball very much. He played with the ball all day long, and the boy learned that colors can come from under the ground. 

When the sun went down, it was time for the boy to go inside. He was sad to leave the red ball, but he knew he could find it again tomorrow. The boy went to bed, dreaming of the red ball and the memories of the day they would play together.

  In a small village, there lived a wealthy man. He had a big red ball that he liked to play with.

One sunny day, the wealthy man met a little boy named Tim. Tim saw the ball and wanted it very much. The wealthy man said, "I suggest you ask your friend, Sam." Tim thought for a moment and then said, "Sam, can we take the ball from your house?"

Sam liked the idea and together, they went to Sam's house. They played with the big red ball, and they all had a lot of fun.

In the end, Tim and Sam learned that having good friends was better than
  The puppy was so excited to see the new puppy he started to wag his tail. The puppy and his owner were soon playing and running around.

They kept playing and running around together. The owner would throw the puppy and the puppy would catch it. Everywhere they went the puppy was so excited to meet the owner.

After a few days, their friends and family came to the park. Everyone was happy to see them and they all played and played together. The puppy and his owner were so relieved that the new friends brought smiles and laughter.

--- Step 60 ---
  Once upon a time, there was a little dog named Bobo. Bobo loved to play with his ball all day. One day, Bobo's mommy told him, "Bobo, it's time for dinner. You need to eat so you can be strong and fit."

Bobo knew that his mommy was very smart. He loved to eat spaghetti with chicken. So, Bobo went to the kitchen. He saw his mommy go to the office for dinner. Bobo said, "Hi, mommy! Can I have some spaghetti with chicken with chicken?" His mommy said, "Yes, Bobo, you can eat the spaghetti
  The little girl loved to use her creative magic wand to draw things in the backyard. It made her feel happy and excited. Whenever the little girl was tired she would use her magic wand to make her bedroom even more beautiful.

  One sunny day, the boy went outside and spread his toys out in the garden. He ran around and made shapes with his colorful toys. He zoomed around and played tag in the garden until it was time for dinner. The boy went inside for dinner, satisfied and happy that his day had been so full of fun.

  In a small village, there lived a brave lion. The lion did not like to play for the people of the village. He always roared when they got too close or too close. The people had to stay away from the lion because of how big it was.

One day, the brave lion got too close to the houses of the people. They were very angry at the lion for being too loud. The lion was scared it would run away as fast as it could. The people of the village were sad because they knew they had to leave the village where they lived.

The lion felt bad after the people of the village were found. It wanted someone to
  The puppy was so excited to go out exploring. He ran in and out of the park, wagging his tail.

After he had been out for a while, he saw a big, juicy apple. He ran over to it and sat down, because he was so excited to eat it.

The big, juicy apple smiled down at him and said, "Come back anytime you want to go out exploring!"

The puppy barked in agreement and snuggled back down to enjoy the yummy apple.

--- Step 80 ---
  Once upon a time, there was a dog named Max. Max was very happy playing with his ball every day. One day, he took his ball to the park to play fetch. He ran and ran and ran until he was very tired. Then he lay down on the grass and took a nap. When he woke up, he remembered that it was getting dark outside. So, Max went home and went to sleep in his cozy bed.

  The little girl loved to play outside near the fence. She liked to open the gate so she could get out the fun.

The little girl and the funny little fence were very happy together. The fence was full of fun and laughter. Every day the fence and the little girl would play their games.

They were best friends and they were always happy to play around the fence together, too. The people in the neighborhood knew to keep the fence safe and make sure they would always be safe, too.

  One sunny day, the boy went outside to play. He saw a sign near the park. The sign said, "Play here, boy!". The boy thought the sign looked fun and wanted to play there.

The boy played with all his friends on the popular sign. They had lots of fun. The girl liked to see the boy play without getting in trouble. The boy and his friends played all day long. They all had a great time.

  In a small village, there lived a happy family. They loved each other very much.

One day, the family received a letter after the letter. The letter said that there was a new family in the village. They wanted to play and make everyone in the village happy.

The family, the mom, the dad, and the little child lived in a happy place with lots of trees, flowers, and a river. They loved each other very much and they all loved their new home.

  The puppy was so excited to see the big dog and his big, fluffy coat made the puppy feel very comfortable.

The puppy and his mommy knew she had to take the puppy home with them so he could keep on running around and playing. So they both put on their leashes and went home.

They had lots of fun playing on the lawn!

--- Step 100 ---
  Once upon a time, there was a little girl named Daisy. Daisy had a garden in her backyard. The garden was very wide and green. Daisy loved to play in her garden every day.

One day, Daisy went outside to play in her garden. She started to play with her dolls and ran around them. After a while, Daisy got hungry. She went inside to look for something to eat. She found an apple in the kitchen and used it to eat it. Daisy was very happy.

After eating the apple, Daisy finished playing in her garden. She had so much fun that she played with her toys all day long. When it started to get
  The little girl loved to write and go on the porch and use her fingers. She felt like she was very rich and powerful.

Each day, the little girl would write on the porch. She kept going and going, and writing every day. She enjoyed every moment of her simple writing.

And when she was done, the little girl would be so happy to be on the porch. She was the proud owner of the porch, and the love it brought her.

  One sunny day, the boy went outside and made his new friend. The boy was so happy to own the little puppy. They played and had lots of fun together. And they lived happily ever after.

  In a small village, there lived a little girl named Lucy. She loved to play outside in nature with her mom and dad.

One day, Lucy and her mom and dad went to visit their friend, Timmy, who lived in a very big, dry forest. They sat in their garden and enjoyed the beautiful, green trees and many different animals.

While they were playing, Sally asked Timmy if he wanted to play hide and seek. They all had a great time, laughing and running around. When it was time to go home, they all hugged goodbye and promised to play again soon.

  The puppy was so excited to be out of the barrel. He had lots of fun rolling around and playing with his tire. The puppy and his family played games and had the best of fun.

--- Step 120 ---
  Once upon a time, there was a little girl named Lily. She loved to play outside and sing songs with her friends.

One day, Lily and her friends decided to play soccer in the park. They had a lot of fun kicking the ball and running around. Lily's friends were very thoughtful and asked her every time they played on the new pitch.

Lily and her friends had a wonderful day playing soccer, and they were all very happy. They had so much fun playing together on the pitch. It was a great day and Lily was very grateful for her friends' kindness.

  The little girl loved to play outside even more because she made her family happy. She would play all day long and laugh together. 

The little girl and her family were very lucky to get married. They stayed happy and lived together forever in the same house. And they always were very happy.

  One sunny day, the boy went outside and started to dig and make new shapes with the grass. Suddenly, a bee flew overhead and the boy watched it.

The boy stopped digging and said to the bee, "Hi bee! Do you want to play?"

The bee said, "Yes I do!" and and the boy and the bee played together until it was time to go. 

It was such a friendly moment and the boy and the bee had so much fun. They said goodbye to the ground and the boy and the bee flew home.

  In a small village, there lived a boy named Tim. Tim and his friends liked to play outside all day.

One day, Tim and his friends went outside to play. They did not want to quit playing. They played hide and seek, and Tim was very happy. At the end of the day, they all went home, tired but happy from their fun day outside.

  The puppy was so excited to have a friend! Then the puppy and the bear and the puppy ran around the woods together, playing and laughing. The puppy was so happy he was no longer alone.

--- Step 140 ---
  Once upon a time, there was a happy family living happily over a regular hill. They liked to play games outside, and they liked to smile and laugh together. One day, the family decided to make a big picnic. 

They collected all kinds of tasty treats and the fun activities were all going on. The family laughed and ate as they played together. It was so much fun. Then, it was time to end the fun and they all agreed it was a regular, but very special day to go on their picnic.

  The little girl loved to watch the birds in the trees. She had a big garden at home and a bright red bird that she would feed every day. The girl and her mommy were very happy and had lots of fun together.

  One sunny day, the boy went outside to play with the baseball and the green ball. They played catch and laughed together.

The boy was very happy. He had a new game to play with his family and he had fun. The boy and his family played and laughed all day long.

  In a small village, there lived a young boy. The boy had a lot of friends. He had a best friend, a dog, and a bird, and a man with the things he had.

One day, the boy and the dog were playing near the park. The boy liked the park and wanted to play with his friends. The dog and the boy went to the park and played together. They had so much fun, and they all lived happily ever after.

  The puppy was so excited to be free! He ran back down the zigzag path and hugged his owner as he ran home. He was so happy to be outdoors and to have such a wonderful day.

--- Step 160 ---
  Once upon a time, there was a little bird who lived in a nest. One day, the bird's nest started to become very quiet. The bird didn't like the quiet because it wanted to make its nest quiet. 

So, the bird decided to find a new place to make its nest quiet. It looked outside the tree and saw there was a big, big rock available. The bird decided to fly over and rest on the rock. The bird was happy to be at the big, big rock and it was now quiet. 

From then on, the little bird made its peaceful home in the big, big rock. The end.

  The little girl loved to play with the man. They became good friends.

  One sunny day, the boy went outside to play. He took his red brick with him as he made his nest inside. It was a very happy day.

  In a small village, there lived a tall soldier. The soldier had an important job: to protect the kingdom.

One day, the soldier met a small child. The child was only three years old. The soldier asked the child, "How long do you want to be my friend?"

The child replied, "I want to be your friend."

The soldier smiled and said, "It is an important thing to do. I will always be here for you."

The little child smiled and felt safe with the tall soldier. He was happy that he had a new best friend.

  The puppy was so excited to find this rare bone again!

--- Step 180 ---
  Once upon a time, there was a little girl named Lily. Lily was always a very patient girl. She had a bell that she always wore when she went outside.

One day, Lily was playing outside with her friends. They were having so much fun! They were laughing and playing games all day long. Lily's bell started to ring again. It was time for lunch.

Lily and her friends decided to have a picnic in the shade of the big tree. They spread a blanket on the ground and had lots of yummy food. They ate and laughed and had a great time. It was a happy day for Lily and her friends.

  The little girl loved to play with the toy all day. She named it Mop the "Toot".

One day, when the little girl was playing with her toy, it broke. The little girl was so sad. She ran to her toy and hugged it. She said, "I love you, Mooty".

The little girl was so happy, she ran to her mom and said, "Mama! I love Mooty too!". She hugged her mom and said, "Thank you, Mama!"

The little girl and her mother enjoyed playing with Mooty all day long. They had a lot of fun
  One sunny day, the boy went to the park to have some fun. He played on the slide and rolled around on the grass. It was very nice to be outside, having a good time.

While the man continued playing, the boy and his friends had a great time in the park. They laughed, ran and danced together. When it was time to leave, the man gave all the boy and his friends his toy back. It was a fun day for everyone!

  In a small village, there lived a boy named Tom. Tom was a happy boy who loved to play outside.

One day, Tom saw some lumber in the woods. He went to play with the lumber and made a big fort. Tom had so much fun in his new fort made with the lumber. He built the fort and played in it every day for many days.

Tom and his friends were so happy in their little village. They loved to play in their wood fort every day. And they all lived happily ever after.

  The puppy was so excited to have two people like them that it forgot all about being dirty.


Plots saved to ./outputs/critic/vf_01_lr1e6/
