Device: cuda
GPU: NVIDIA GeForce RTX 5060 Ti

Experiment : noisy_reward
Run        : noise_0.2_lr5e6
Output dir : ./outputs/noisy_reward/noise_0.2_lr5e6

Config:
  model=roneneldan/TinyStories-33M
  batch=64, mini_batch=16, ppo_epochs=4
  kl_mode=adaptive, advantage_normalize=global
  prompts=6000, max_new_tokens=128

[init] Loading tokenizer + policy...
Warning: You are sending unauthenticated requests to the HF Hub. Please set a HF_TOKEN to enable higher rate limits and faster downloads.
Loading weights:   0%|          | 0/56 [00:00<?, ?it/s]Loading weights: 100%|██████████| 56/56 [00:00<00:00, 28780.91it/s]
[1mGPTNeoForCausalLM LOAD REPORT[0m from: roneneldan/TinyStories-33M
Key                                                   | Status     |  | 
------------------------------------------------------+------------+--+-
transformer.h.{0, 1, 2, 3}.attn.attention.masked_bias | UNEXPECTED |  | 
transformer.h.{0, 1, 2, 3}.attn.attention.bias        | UNEXPECTED |  | 

Notes:
- UNEXPECTED:	can be ignored when loading from different task/architecture; not ok if you expect identical arch.
Policy params: 68,514,817

[init] Loading reward model...
Loading weights:   0%|          | 0/201 [00:00<?, ?it/s]Loading weights: 100%|██████████| 201/201 [00:00<00:00, 3888.56it/s]
[1mRobertaForSequenceClassification LOAD REPORT[0m from: SamLowe/roberta-base-go_emotions
Key                             | Status     |  | 
--------------------------------+------------+--+-
roberta.embeddings.position_ids | UNEXPECTED |  | 

Notes:
- UNEXPECTED:	can be ignored when loading from different task/architecture; not ok if you expect identical arch.
  Noisy reward wrapper: noise_frac=0.2

[init] Building dataset...
Map:   0%|          | 0/6000 [00:00<?, ? examples/s]Map:  50%|█████     | 3000/6000 [00:00<00:00, 9824.90 examples/s]Map: 100%|██████████| 6000/6000 [00:00<00:00, 15338.51 examples/s]
Dataset: 6000 prompts
Example: Tim and Mia like to play in the park.
PPO config: batch=64, mini_batch=16, ppo_epochs=4
LR: 5e-06
KL: mode=adaptive, init_coef=0.3, target=10.0, horizon=500
Advantage normalize: global
Steps per epoch: 93, total: ~186

======================================================================
  Starting training: 2 epochs, cuda
======================================================================

  [step    0] R=0.2235 | KL=0.000 | beta=0.2923 | 5.8s/step
    >> Once upon a time, there was a curious little girl named Lily. One day, she went to the park with her mom and saw her friends playing on the swings. Lily wanted to join them, but her mom told her to wait for her turn.

Suddenly, Lily saw a big dog running towards her friends. She ran and tried to escape, but the dog was too fast. Just as the dog was about to bite her, Lily's friend jumped up and scratched the dog's nose. Ben came running too, but it was too late. Lily's mom saw what happened and quickly ran to get help.

The end.

    >> The little girl loved to explore and feel the big blue ocean. One day, she went for a walk near the beach again and saw a white bird. The bird was singing a beautiful song and the wind was blowing gently through the trees.

The little girl was so happy and started singing a song about being kind to animals along the way. The bird flew down to listen to her and they became friends. From that day on, they always went for walks together and the bird would sing a beautiful song. The little girl learned that being kind to animals is important and it's always good to sing a song that we can hear!

    >> One sunny day, the boy went to the train station. He had a great time picking up things and going to see the trains. He got to a train station again and got on the train.

The boy saw a long train with lots of seats. He pointed to the seat and said, "Mom, can I get a seat?" His mom smiled and said, "Sure. Let's go get one." 

The mom and the boy paid the conductor and took the train home. The boy spent the whole day looking up the train and pretending to be the driver. He felt so happy to have a new toy all his own!

    >> In a small village, there lived a boy named Tim. Tim had a toy with a handle. He loved to play with his toy all day. One day, Tim's toy did not complete his game of hide and seek. He felt empty inside.

Tim's friend, Sam, said, "Let's play hide and seek using this handle to hide!" Tim and Sam started to play, but Sam ran away to find a hidden hiding spot. The handle got stuck in a tree. Tim saw Sam hiding there, and he wanted to help.

Tim tried to pull the handle back, but it wouldn't move. He tried to part the branch, but
    >> The puppy was so excited to see her new friend. He wanted to play too, but couldn't come over the long grass. He was feeling left. One day, the puppy was feeling sad and he sat down.

The puppy's owner decided to take him for a walk. He was sure he didn't belong there and he was feeling left out. As she walked, the puppy noticed his happy face and heard someone say, "Come play with me".

The owner said, "We're going to play hide and seek." The puppy, relieved, hopped up and started barking excitedly. He followed his owner and soon enough they were out in
  [step    5] R=0.2706 | KL=4.531 | beta=0.2568 | 4.7s/step
You seem to be using the pipelines sequentially on GPU. In order to maximize efficiency please use a dataset
  [step   10] R=0.3804 | KL=6.680 | beta=0.2255 | 4.8s/step
  [step   15] R=0.4093 | KL=8.785 | beta=0.2002 | 4.7s/step
  [step   20] R=0.4514 | KL=7.719 | beta=0.1758 | 4.6s/step
    >> Once upon a time, there was a fat chicken. The fat chicken was big, and it was very happy. One day, the fat chicken went to a party. At the party, there was a party of other animals. They played and ate the best food. When the fat chicken came back to the party, the animals were not happy anymore. They shouted at the fat chicken and the party was over. The end.

    >> The little girl loved to play with her football, and the wind on her face was always nice.

    >> One sunny day, the boy went to the park to play. He saw a large bird in a tree. The bird had a gift to give to the little boy and a bottle of lotion in its beak. The little boy smiled and thanked the big bird. He took the lotion and used it to make a beautiful picture. The boy learned that the bird's name was Sam. They became good friends and played at the park every day.

    >> In a small village, there lived a boy named Tim. Tim was very stubborn. He liked to play without playing with his toys. One day, Tim decided to go for a walk with his friends.

While walking, Tim saw a big tree. He thought it would be fun to climb the tree. So, Tim put his knee on a rock and tried to climb up the tree. At first, he fell down many times and got a little hurt. But finally, he climbed and it was fun to play with his friends.

    >> The puppy was so excited to see the puppy that he started to wag his tail.

One girl took out the newspaper and she gave her dog some money to pay for the newspaper. The pup was very happy to have the newspaper, and it quickly ran to give it to the girl.

The girl smiled and said, "Thank you pup! I will play with the newspaper now." 

The dog barked happily and the girl laughed. He put the newspaper pieces back together and the girl said goodbye before she ran off home with her new newspaper friend.

  [step   25] R=0.4662 | KL=8.255 | beta=0.1550 | 4.7s/step
  [step   30] R=0.4278 | KL=8.451 | beta=0.1400 | 4.7s/step
  [step   35] R=0.4621 | KL=6.834 | beta=0.1243 | 4.6s/step
  [step   40] R=0.4959 | KL=9.371 | beta=0.1168 | 4.6s/step
    >> Once upon a time, there was a little girl called Mary. Mary had a special toy, which she was very excited about. One day, Mary and her toy were walking in the park when suddenly they saw an ugly animal. Mary was scared and she wanted to hide behind her toy. She held it close and slowly sat very still. But then the ugly animal bit the toy and hopped away. Mary was so happy she hugged her toy and said thank you. Then she and her toy went home. The end.

    >> The little girl loved to ride the motor. She would go fast, and the motor would move. 

The girl and the motor were best friends. They did all sorts of fun things together. Whenever they were done, they would do each new thing again, and that was what happened to them.

    >> One sunny day, the boy went outside. He saw a big, purple cauliflower. He was so excited - that he ran to it! He wanted to squeeze it with his hands, so he did! It was so nice to squeeze! Soon after, the spicy cauliflower filled the sky and the boy went inside.  He had so much fun exploring his purple cauliflower. It was the best day ever!

    >> In a small village, there lived a kind rabbit who loved to bounce around in her garden. One sunny day, the rabbit hopped out of her burrow and up to the top of a big rock. 

To the rabbit's surprise, a little mouse popped out from near the rock and asked if they could bounce together. The rabbit happily agreed, and together they bounced the rock back and forth. The two of them had a lot of fun bouncing around their gardens, until it was time to go back home.

Before they left, the rabbit made the little mouse a gift of a big carrot to celebrate. The mouse was so happy and they skipped and bounced
    >> The puppy was so excited to have a new friend!

From then on, the puppy and the puppy were the best of friends. They played all day long, and the puppy always felt cheerful and happy.

The end!

  [step   45] R=0.4589 | KL=8.884 | beta=0.1090 | 4.7s/step
  [step   50] R=0.5010 | KL=9.699 | beta=0.1049 | 4.6s/step
  [step   55] R=0.5682 | KL=10.189 | beta=0.1036 | 4.7s/step
  [step   60] R=0.5021 | KL=9.124 | beta=0.0991 | 4.6s/step
    >> Once upon a time, there was a small boy named Joe. He loved to wander around the garden with his toy. He often played in the garden as he ran around. 

One morning, Joe was walking through the garden and he noticed something special. It was a little daisy. Joe picked the daisy and put it in the grass. He smiled with delight at the bright yellow petals that he had spread to.

When Joe got tired, he decided to sit down on the grass and rest. He closed his eyes, snoozing and dreaming.

When Joe opened his eyes, the sun was starting to set. His mummy was calling
    >> The little girl loved to watch the birds singing in the branches of the tall tree. She smiled every time she saw the birds, and they were always happy when they came to visit.

    >> One sunny day, the boy went for a swim in the river. He splashed and played in the water all around. He had so much fun that he forgot all about the big tree tree. The end.

    >> In a small village, there lived a kind lady. She loved to make cakes with pies. One day, she made a cake with a special pie. The cake was so happy, it said, "Thank you for making me a cake."

The kind lady smiled and said, "You're welcome, dear. I love making cakes with my pie." She gave a piece of the cake to her little friend. They both enjoyed the sweet cake and the friendly lady. From that day on, they became the best of friends, and they always made cakes together.

    >> The puppy was so excited to see what was inside! He reached out and grabbed the book in the tiny paws of the book. The puppy opened the book and he couldn't believe what he saw. It was a whole secret world! He couldn't believe it. He was so happy that he had discovered the secret world!

The end.

  [step   65] R=0.4593 | KL=10.117 | beta=0.0979 | 4.7s/step
  [step   70] R=0.5053 | KL=10.722 | beta=0.0979 | 5.0s/step
  [step   75] R=0.5552 | KL=8.878 | beta=0.0950 | 4.7s/step
  [step   80] R=0.5454 | KL=10.717 | beta=0.0968 | 4.6s/step
    >> Once upon a time, there was a little girl named Lily. She loved to go on long walks with her mommy and dad. One day, they went on a walk in the woods. They saw lots of trees, flowers, and bugs. Lily was happy to see all the pretty things in the woods.

But after they continued walking, they saw something terrible. A big, scary bear was running towards them! Lily's mommy and daddy didn't know where they were going. They ran back to where they were walking and all the way back to their house. They all laughed and had a fun walk in the woods. The end.

    >> The little girl loved to play baseball with her friends. She used her creative mind to think of a new way to play.

One day, the little girl's friends wanted to play in a beautiful park. But the lady with the sharp whip was not able to help them out. The little girl's friends were sad.

The moral of the story is that it is important to stay creative and make ideas, but it is also important to always be mindful, too. The people are not so lucky in the different ways of playing baseball, while the little girl and her friends still play baseball, because it was no longer simple.

    >> One sunny day, the boy went to a big park with his mom. They saw a tall tree and the tall tree said, "Welcome, little one. Look at the birds and the sky." The boy was so happy to see the park and the flowers and the trees.

At the park, the boy and his mom played a game. The mom would count the tall trees and the short branches. The little boy played and played, and soon the mom saw a pretty butterfly. The mom said, "Look, the butterfly likes the park. Let's go there!" So they both went to the park, the tall tree, and the little boy was very
    >> In a small village, there lived a boy named Tim. Tim was a happy boy named Sam. They loved to play together at the park. One day, they saw a ball and both Tim and Sam liked the same games. Tim and Sam decided to play catch with the ball every day. They were very happy to have each other as friends.

    >> The puppy was so excited to share the story with Lily. They became best friends and they would be at the park every day. From that day on, Lily's puppy loved the story of the magical story of her magical puppy.

  [step   85] R=0.4447 | KL=9.838 | beta=0.0955 | 4.9s/step
  [step   90] R=0.4238 | KL=10.376 | beta=0.0954 | 4.6s/step
  [step   95] R=0.4778 | KL=9.700 | beta=0.0943 | 4.7s/step
  [step  100] R=0.5120 | KL=10.722 | beta=0.0918 | 4.6s/step
    >> Once upon a time, there was a farmer named Tim. Tim had a big cow named Molly. Molly was always happy and ready to eat beef.

One day, Tim told a joke to Molly. Molly felt happy and they both laughed. The cows were a happy family. They liked to walk and eat grass with each other. Tim and Molly were best friends.

From that day on, Tim and Molly took walks and joked together. They were happy and always ready for fun. And they lived happily ever after in their big, green farm.

    >> The little girl loved to play with clay too. 

They had so much fun together. The little girl played with the clay in the sun and the pretty clay. It was the perfect way to end their day of exploring the day.

    >> One sunny day, the boy went to a store. The store was very big and had many things.

In the store, there was a loud alarm. It made the people go home. The boy was a little sad, but he was happy. The boy and his mom put a pretty, red apple on the shelf for everyone.

    >> In a small village, there lived a happy family of moles. They were always enthusiastic and loved to play together.

    >> The puppy was so excited to receive something special. He wagged his tail and ran over to the ball. He picked it up and sniffed and then wagged his tail. Everyone was so happy to receive the famous puppy! He was very happy and he went to sleep with his cute tail wagging. The puppy dreamt of many days and nights that he was getting bigger and he was getting bigger. His friends called him the famous puppy, and he was so happy!

  [step  105] R=0.5181 | KL=9.026 | beta=0.0900 | 4.6s/step
  [step  110] R=0.6268 | KL=9.808 | beta=0.0899 | 4.5s/step
  [step  115] R=0.6017 | KL=11.239 | beta=0.0890 | 4.7s/step
  [step  120] R=0.5735 | KL=10.151 | beta=0.0896 | 4.6s/step
    >> Once upon a time, there was a young girl named Lily. One day, Lily's mom gave her a lovely scarf to wear. Lily loved her new scarf very much. The scarf was pink and soft. Lily wore it every day and felt very nice in it. The end.

    >> The little girl loved to look at the bright colors. She even made a rainbow with her mom so she could show it their special rainbow.

    >> One sunny day, the boy went outside and felt the warm sunshine. It made him happy too.

    >> In a small village, there lived a girl named Lily. She had a pet pig named Pinky. Lily and Pinky were very happy together. They played in the sun and ate good food. They were a good team.

    >> The puppy was so excited to be part of the family. He followed them everywhere and made them feel good. They were very happy together. 

  [step  125] R=0.5677 | KL=10.648 | beta=0.0910 | 4.6s/step
  [step  130] R=0.5341 | KL=10.773 | beta=0.0892 | 4.6s/step
  [step  135] R=0.5884 | KL=10.415 | beta=0.0907 | 4.5s/step
  [step  140] R=0.6237 | KL=9.178 | beta=0.0927 | 4.6s/step
    >> Once upon a time, there was a little girl named Amy. Amy loved to go outside and play.

One day, Amy went for a walk in the sun. She felt good and full of energy. She played with her friends and had fun.

After that, Amy went to eat a snack. She found a lemon in the park. She was very hungry, so she ate the lemon with her friends. They all enjoyed the lemon and were happy.

    >> The little girl loved to laugh and clap her hands all day. 
One sunny day, the little girl and her mom went to the park. They watched a colorful butterfly fly above them. The little girl smiled happily and clapped her hands, just like the butterfly.

    >> One sunny day, the boy went to the park. He saw a big tree with a hole in it. He thought it might be a chamber. So, he walked to the tree and hid behind the tree. The man went to the tree and took a nap under it.

When the boy woke up, he went back to the big tree. He saw the chamber again. This time, the man was not alone and had many friends. They played together and had lots of fun. The boy was happy that he had made a new friend. They became famous in their town, and everyone loved their famous visits from the big tree.

    >> In a small village, there lived a boy named Tim. Tim loved to play outside. One day, while he was playing, he found a big spear.

Tim was curious and wanted to show his friends his big spear. He walked to the village and saw his friends. When he showed them the spear, they all smiled and clapped. Tim felt happy and proud.

The moral value of the story is that sharing with friends makes everyone happy. By being kind and helping others, Tim gained a beautiful smile on his face.

    >> The puppy was so excited to have two new friends! They played together and had so much fun. It was so wonderful.

The puppy and the puppy were the best of friends. They were all so lucky to be together.

  [step  145] R=0.4535 | KL=10.140 | beta=0.0956 | 4.6s/step
  [step  150] R=0.4873 | KL=9.662 | beta=0.0957 | 4.6s/step
  [step  155] R=0.5208 | KL=8.800 | beta=0.0988 | 4.6s/step
  [step  160] R=0.5346 | KL=11.230 | beta=0.1002 | 4.6s/step
    >> Once upon a time, there was a little boy named Timmy. Timmy lived in a big country with his family.

One day, Timmy went for a walk in the park. He saw a little bird in a tree and said, "Hello birdie! You are just talking to the tree. What are you doing?" The bird replied, "I'm just singing the mystery of the sky."

Timmy was excited to hear the mystery. He said, "Can I join you? I heard the answer!" The bird agreed and they flew together. They played in the park for a while, and then went back for a walk.


    >> The little girl loved to study too, and she found it very exciting to be able to study with the power of knowledge.

    >> One sunny day, the boy went outside to enjoy the warm weather. He liked playing in the sunny sky.

    >> In a small village, there lived a boy named Tom. Tom liked to polish his shoes all the time. One day, he found a broken toy car on the ground. The toy car looked very sad.

Tom wanted to fix the toy car, so he thought hard. He remembered he had a magnet in his pocket. He got the magnet and tied the magnet to the toy car's foot. The magnet helped to repair the toy car. The toy car was very happy because it could play with it.

Tom and the toy car became friends. They ran and played together every day. Tom learned how to repair things and the toy car was very happy.
    >> The puppy was so excited to see what was inside. The puppy peered in to the box and saw something sparkling inside. It was a necklace! The puppy jumped up and down in joy, and started to play with the necklace.

The puppy was so excited to find such a rare treasure. He was glad he had come on this lovely walk. And the puppy was very happy that he had gone on such an adventure.

  [step  165] R=0.4391 | KL=8.777 | beta=0.1002 | 5.0s/step
  [step  170] R=0.4699 | KL=10.693 | beta=0.0999 | 4.6s/step
  [step  175] R=0.5297 | KL=9.688 | beta=0.0993 | 4.6s/step
  [step  180] R=0.5187 | KL=11.610 | beta=0.1025 | 4.9s/step
    >> Once upon a time, there was a little girl named Lily. She loved to play dress-up with her mommy's clothes. One day, she found an incredible dress in her closet. It was shiny and sparkly, and she couldn't wait to wear it to her friend's birthday party.

When her friend arrived, they all played together and had lots of fun. Lily was so happy to have her incredible dress. She knew it was the best present ever! That night, they all went to bed with big smiles on their faces. Lily felt so special to have such wonderful friends.

    >> The little girl loved to play with her toys and her daddy. She was happy that she received the picture to send.

    >> One sunny day, the boy went to the playground to play. He saw his friends playing on the equipment. He joined them and played with the toy. They all had fun together. It was a good day for the friends.

    >> In a small village, there lived a boy named Tim. He was very glad because his mom always brought him a big pie. Tim's mom made a beautiful pie for him and his friends.

One day, Tim was very sad. His mom said, "Tim, let's make a better pie for your friends. We can include Tim's pie in the pie." Tim was happy again. He said, "No, I will not include Tim! We can't include him in my pie!"

They all lived happily together with the big pie. Tim learned that sharing makes everyone happy. The moral of the story is to include everyone in your things, so
    >> The puppy was so excited to get to the water. He ran along the beach, and in one arm the puppy went inside, until he was so full of energy. He went back to the ocean and jumped in.
He splashed and played in the water, and felt so cool.
When he was done, he dried himself with a cool towel and said, "Wake!" The puppy had a great day, and he stayed at the beach until it was time to go home.

  [step  185] R=0.4860 | KL=10.692 | beta=0.1057 | 4.6s/step

======================================================================
  Done: 186 steps in 875s (4.7s/step avg)
======================================================================

======================================================================
  SUMMARY — noisy_reward/noise_0.2_lr5e6
======================================================================
  Total steps:    186
  Final R (avg):  0.5172
  Peak R:         0.6268
  Final KL (avg): 10.515
  Final beta:     0.1057
--- Step 0 ---
  Once upon a time, there was a curious little girl named Lily. One day, she went to the park with her mom and saw her friends playing on the swings. Lily wanted to join them, but her mom told her to wait for her turn.

Suddenly, Lily saw a big dog running towards her friends. She ran and tried to escape, but the dog was too fast. Just as the dog was about to bite her, Lily's friend jumped up and scratched the dog's nose. Ben came running too, but it was too late. Lily's mom saw what happened and quickly ran to get help.

The end.

  The little girl loved to explore and feel the big blue ocean. One day, she went for a walk near the beach again and saw a white bird. The bird was singing a beautiful song and the wind was blowing gently through the trees.

The little girl was so happy and started singing a song about being kind to animals along the way. The bird flew down to listen to her and they became friends. From that day on, they always went for walks together and the bird would sing a beautiful song. The little girl learned that being kind to animals is important and it's always good to sing a song that we can hear!

  One sunny day, the boy went to the train station. He had a great time picking up things and going to see the trains. He got to a train station again and got on the train.

The boy saw a long train with lots of seats. He pointed to the seat and said, "Mom, can I get a seat?" His mom smiled and said, "Sure. Let's go get one." 

The mom and the boy paid the conductor and took the train home. The boy spent the whole day looking up the train and pretending to be the driver. He felt so happy to have a new toy all his own!

  In a small village, there lived a boy named Tim. Tim had a toy with a handle. He loved to play with his toy all day. One day, Tim's toy did not complete his game of hide and seek. He felt empty inside.

Tim's friend, Sam, said, "Let's play hide and seek using this handle to hide!" Tim and Sam started to play, but Sam ran away to find a hidden hiding spot. The handle got stuck in a tree. Tim saw Sam hiding there, and he wanted to help.

Tim tried to pull the handle back, but it wouldn't move. He tried to part the branch, but
  The puppy was so excited to see her new friend. He wanted to play too, but couldn't come over the long grass. He was feeling left. One day, the puppy was feeling sad and he sat down.

The puppy's owner decided to take him for a walk. He was sure he didn't belong there and he was feeling left out. As she walked, the puppy noticed his happy face and heard someone say, "Come play with me".

The owner said, "We're going to play hide and seek." The puppy, relieved, hopped up and started barking excitedly. He followed his owner and soon enough they were out in
--- Step 20 ---
  Once upon a time, there was a fat chicken. The fat chicken was big, and it was very happy. One day, the fat chicken went to a party. At the party, there was a party of other animals. They played and ate the best food. When the fat chicken came back to the party, the animals were not happy anymore. They shouted at the fat chicken and the party was over. The end.

  The little girl loved to play with her football, and the wind on her face was always nice.

  One sunny day, the boy went to the park to play. He saw a large bird in a tree. The bird had a gift to give to the little boy and a bottle of lotion in its beak. The little boy smiled and thanked the big bird. He took the lotion and used it to make a beautiful picture. The boy learned that the bird's name was Sam. They became good friends and played at the park every day.

  In a small village, there lived a boy named Tim. Tim was very stubborn. He liked to play without playing with his toys. One day, Tim decided to go for a walk with his friends.

While walking, Tim saw a big tree. He thought it would be fun to climb the tree. So, Tim put his knee on a rock and tried to climb up the tree. At first, he fell down many times and got a little hurt. But finally, he climbed and it was fun to play with his friends.

  The puppy was so excited to see the puppy that he started to wag his tail.

One girl took out the newspaper and she gave her dog some money to pay for the newspaper. The pup was very happy to have the newspaper, and it quickly ran to give it to the girl.

The girl smiled and said, "Thank you pup! I will play with the newspaper now." 

The dog barked happily and the girl laughed. He put the newspaper pieces back together and the girl said goodbye before she ran off home with her new newspaper friend.

--- Step 40 ---
  Once upon a time, there was a little girl called Mary. Mary had a special toy, which she was very excited about. One day, Mary and her toy were walking in the park when suddenly they saw an ugly animal. Mary was scared and she wanted to hide behind her toy. She held it close and slowly sat very still. But then the ugly animal bit the toy and hopped away. Mary was so happy she hugged her toy and said thank you. Then she and her toy went home. The end.

  The little girl loved to ride the motor. She would go fast, and the motor would move. 

The girl and the motor were best friends. They did all sorts of fun things together. Whenever they were done, they would do each new thing again, and that was what happened to them.

  One sunny day, the boy went outside. He saw a big, purple cauliflower. He was so excited - that he ran to it! He wanted to squeeze it with his hands, so he did! It was so nice to squeeze! Soon after, the spicy cauliflower filled the sky and the boy went inside.  He had so much fun exploring his purple cauliflower. It was the best day ever!

  In a small village, there lived a kind rabbit who loved to bounce around in her garden. One sunny day, the rabbit hopped out of her burrow and up to the top of a big rock. 

To the rabbit's surprise, a little mouse popped out from near the rock and asked if they could bounce together. The rabbit happily agreed, and together they bounced the rock back and forth. The two of them had a lot of fun bouncing around their gardens, until it was time to go back home.

Before they left, the rabbit made the little mouse a gift of a big carrot to celebrate. The mouse was so happy and they skipped and bounced
  The puppy was so excited to have a new friend!

From then on, the puppy and the puppy were the best of friends. They played all day long, and the puppy always felt cheerful and happy.

The end!

--- Step 60 ---
  Once upon a time, there was a small boy named Joe. He loved to wander around the garden with his toy. He often played in the garden as he ran around. 

One morning, Joe was walking through the garden and he noticed something special. It was a little daisy. Joe picked the daisy and put it in the grass. He smiled with delight at the bright yellow petals that he had spread to.

When Joe got tired, he decided to sit down on the grass and rest. He closed his eyes, snoozing and dreaming.

When Joe opened his eyes, the sun was starting to set. His mummy was calling
  The little girl loved to watch the birds singing in the branches of the tall tree. She smiled every time she saw the birds, and they were always happy when they came to visit.

  One sunny day, the boy went for a swim in the river. He splashed and played in the water all around. He had so much fun that he forgot all about the big tree tree. The end.

  In a small village, there lived a kind lady. She loved to make cakes with pies. One day, she made a cake with a special pie. The cake was so happy, it said, "Thank you for making me a cake."

The kind lady smiled and said, "You're welcome, dear. I love making cakes with my pie." She gave a piece of the cake to her little friend. They both enjoyed the sweet cake and the friendly lady. From that day on, they became the best of friends, and they always made cakes together.

  The puppy was so excited to see what was inside! He reached out and grabbed the book in the tiny paws of the book. The puppy opened the book and he couldn't believe what he saw. It was a whole secret world! He couldn't believe it. He was so happy that he had discovered the secret world!

The end.

--- Step 80 ---
  Once upon a time, there was a little girl named Lily. She loved to go on long walks with her mommy and dad. One day, they went on a walk in the woods. They saw lots of trees, flowers, and bugs. Lily was happy to see all the pretty things in the woods.

But after they continued walking, they saw something terrible. A big, scary bear was running towards them! Lily's mommy and daddy didn't know where they were going. They ran back to where they were walking and all the way back to their house. They all laughed and had a fun walk in the woods. The end.

  The little girl loved to play baseball with her friends. She used her creative mind to think of a new way to play.

One day, the little girl's friends wanted to play in a beautiful park. But the lady with the sharp whip was not able to help them out. The little girl's friends were sad.

The moral of the story is that it is important to stay creative and make ideas, but it is also important to always be mindful, too. The people are not so lucky in the different ways of playing baseball, while the little girl and her friends still play baseball, because it was no longer simple.

  One sunny day, the boy went to a big park with his mom. They saw a tall tree and the tall tree said, "Welcome, little one. Look at the birds and the sky." The boy was so happy to see the park and the flowers and the trees.

At the park, the boy and his mom played a game. The mom would count the tall trees and the short branches. The little boy played and played, and soon the mom saw a pretty butterfly. The mom said, "Look, the butterfly likes the park. Let's go there!" So they both went to the park, the tall tree, and the little boy was very
  In a small village, there lived a boy named Tim. Tim was a happy boy named Sam. They loved to play together at the park. One day, they saw a ball and both Tim and Sam liked the same games. Tim and Sam decided to play catch with the ball every day. They were very happy to have each other as friends.

  The puppy was so excited to share the story with Lily. They became best friends and they would be at the park every day. From that day on, Lily's puppy loved the story of the magical story of her magical puppy.

--- Step 100 ---
  Once upon a time, there was a farmer named Tim. Tim had a big cow named Molly. Molly was always happy and ready to eat beef.

One day, Tim told a joke to Molly. Molly felt happy and they both laughed. The cows were a happy family. They liked to walk and eat grass with each other. Tim and Molly were best friends.

From that day on, Tim and Molly took walks and joked together. They were happy and always ready for fun. And they lived happily ever after in their big, green farm.

  The little girl loved to play with clay too. 

They had so much fun together. The little girl played with the clay in the sun and the pretty clay. It was the perfect way to end their day of exploring the day.

  One sunny day, the boy went to a store. The store was very big and had many things.

In the store, there was a loud alarm. It made the people go home. The boy was a little sad, but he was happy. The boy and his mom put a pretty, red apple on the shelf for everyone.

  In a small village, there lived a happy family of moles. They were always enthusiastic and loved to play together.

  The puppy was so excited to receive something special. He wagged his tail and ran over to the ball. He picked it up and sniffed and then wagged his tail. Everyone was so happy to receive the famous puppy! He was very happy and he went to sleep with his cute tail wagging. The puppy dreamt of many days and nights that he was getting bigger and he was getting bigger. His friends called him the famous puppy, and he was so happy!

--- Step 120 ---
  Once upon a time, there was a young girl named Lily. One day, Lily's mom gave her a lovely scarf to wear. Lily loved her new scarf very much. The scarf was pink and soft. Lily wore it every day and felt very nice in it. The end.

  The little girl loved to look at the bright colors. She even made a rainbow with her mom so she could show it their special rainbow.

  One sunny day, the boy went outside and felt the warm sunshine. It made him happy too.

  In a small village, there lived a girl named Lily. She had a pet pig named Pinky. Lily and Pinky were very happy together. They played in the sun and ate good food. They were a good team.

  The puppy was so excited to be part of the family. He followed them everywhere and made them feel good. They were very happy together. 

--- Step 140 ---
  Once upon a time, there was a little girl named Amy. Amy loved to go outside and play.

One day, Amy went for a walk in the sun. She felt good and full of energy. She played with her friends and had fun.

After that, Amy went to eat a snack. She found a lemon in the park. She was very hungry, so she ate the lemon with her friends. They all enjoyed the lemon and were happy.

  The little girl loved to laugh and clap her hands all day. 
One sunny day, the little girl and her mom went to the park. They watched a colorful butterfly fly above them. The little girl smiled happily and clapped her hands, just like the butterfly.

  One sunny day, the boy went to the park. He saw a big tree with a hole in it. He thought it might be a chamber. So, he walked to the tree and hid behind the tree. The man went to the tree and took a nap under it.

When the boy woke up, he went back to the big tree. He saw the chamber again. This time, the man was not alone and had many friends. They played together and had lots of fun. The boy was happy that he had made a new friend. They became famous in their town, and everyone loved their famous visits from the big tree.

  In a small village, there lived a boy named Tim. Tim loved to play outside. One day, while he was playing, he found a big spear.

Tim was curious and wanted to show his friends his big spear. He walked to the village and saw his friends. When he showed them the spear, they all smiled and clapped. Tim felt happy and proud.

The moral value of the story is that sharing with friends makes everyone happy. By being kind and helping others, Tim gained a beautiful smile on his face.

  The puppy was so excited to have two new friends! They played together and had so much fun. It was so wonderful.

The puppy and the puppy were the best of friends. They were all so lucky to be together.

--- Step 160 ---
  Once upon a time, there was a little boy named Timmy. Timmy lived in a big country with his family.

One day, Timmy went for a walk in the park. He saw a little bird in a tree and said, "Hello birdie! You are just talking to the tree. What are you doing?" The bird replied, "I'm just singing the mystery of the sky."

Timmy was excited to hear the mystery. He said, "Can I join you? I heard the answer!" The bird agreed and they flew together. They played in the park for a while, and then went back for a walk.


  The little girl loved to study too, and she found it very exciting to be able to study with the power of knowledge.

  One sunny day, the boy went outside to enjoy the warm weather. He liked playing in the sunny sky.

  In a small village, there lived a boy named Tom. Tom liked to polish his shoes all the time. One day, he found a broken toy car on the ground. The toy car looked very sad.

Tom wanted to fix the toy car, so he thought hard. He remembered he had a magnet in his pocket. He got the magnet and tied the magnet to the toy car's foot. The magnet helped to repair the toy car. The toy car was very happy because it could play with it.

Tom and the toy car became friends. They ran and played together every day. Tom learned how to repair things and the toy car was very happy.
  The puppy was so excited to see what was inside. The puppy peered in to the box and saw something sparkling inside. It was a necklace! The puppy jumped up and down in joy, and started to play with the necklace.

The puppy was so excited to find such a rare treasure. He was glad he had come on this lovely walk. And the puppy was very happy that he had gone on such an adventure.

--- Step 180 ---
  Once upon a time, there was a little girl named Lily. She loved to play dress-up with her mommy's clothes. One day, she found an incredible dress in her closet. It was shiny and sparkly, and she couldn't wait to wear it to her friend's birthday party.

When her friend arrived, they all played together and had lots of fun. Lily was so happy to have her incredible dress. She knew it was the best present ever! That night, they all went to bed with big smiles on their faces. Lily felt so special to have such wonderful friends.

  The little girl loved to play with her toys and her daddy. She was happy that she received the picture to send.

  One sunny day, the boy went to the playground to play. He saw his friends playing on the equipment. He joined them and played with the toy. They all had fun together. It was a good day for the friends.

  In a small village, there lived a boy named Tim. He was very glad because his mom always brought him a big pie. Tim's mom made a beautiful pie for him and his friends.

One day, Tim was very sad. His mom said, "Tim, let's make a better pie for your friends. We can include Tim's pie in the pie." Tim was happy again. He said, "No, I will not include Tim! We can't include him in my pie!"

They all lived happily together with the big pie. Tim learned that sharing makes everyone happy. The moral of the story is to include everyone in your things, so
  The puppy was so excited to get to the water. He ran along the beach, and in one arm the puppy went inside, until he was so full of energy. He went back to the ocean and jumped in.
He splashed and played in the water, and felt so cool.
When he was done, he dried himself with a cool towel and said, "Wake!" The puppy had a great day, and he stayed at the beach until it was time to go home.


Plots saved to ./outputs/noisy_reward/noise_0.2_lr5e6/
