Device: cuda
GPU: NVIDIA GeForce RTX 5060 Ti

Experiment : clip
Run        : clip_005_lr5e6
Output dir : ./outputs/clip/clip_005_lr5e6

Config:
  model=roneneldan/TinyStories-33M
  batch=64, mini_batch=16, ppo_epochs=4
  kl_mode=adaptive, advantage_normalize=global
  prompts=6000, max_new_tokens=128

[init] Loading tokenizer + policy...
Warning: You are sending unauthenticated requests to the HF Hub. Please set a HF_TOKEN to enable higher rate limits and faster downloads.
Loading weights:   0%|          | 0/56 [00:00<?, ?it/s]Loading weights: 100%|██████████| 56/56 [00:00<00:00, 12501.65it/s]
[1mGPTNeoForCausalLM LOAD REPORT[0m from: roneneldan/TinyStories-33M
Key                                                   | Status     |  | 
------------------------------------------------------+------------+--+-
transformer.h.{0, 1, 2, 3}.attn.attention.masked_bias | UNEXPECTED |  | 
transformer.h.{0, 1, 2, 3}.attn.attention.bias        | UNEXPECTED |  | 

Notes:
- UNEXPECTED:	can be ignored when loading from different task/architecture; not ok if you expect identical arch.
Policy params: 68,514,817

[init] Loading reward model...
Loading weights:   0%|          | 0/201 [00:00<?, ?it/s]Loading weights: 100%|██████████| 201/201 [00:00<00:00, 4769.92it/s]
[1mRobertaForSequenceClassification LOAD REPORT[0m from: SamLowe/roberta-base-go_emotions
Key                             | Status     |  | 
--------------------------------+------------+--+-
roberta.embeddings.position_ids | UNEXPECTED |  | 

Notes:
- UNEXPECTED:	can be ignored when loading from different task/architecture; not ok if you expect identical arch.

[init] Building dataset...
Map:   0%|          | 0/6000 [00:00<?, ? examples/s]Map:  67%|██████▋   | 4000/6000 [00:00<00:00, 13731.73 examples/s]Map: 100%|██████████| 6000/6000 [00:00<00:00, 17601.11 examples/s]
Dataset: 6000 prompts
Example: Tim and Mia like to play in the park.
PPO config: batch=64, mini_batch=16, ppo_epochs=4
LR: 5e-06
KL: mode=adaptive, init_coef=0.3, target=10.0, horizon=500
Advantage normalize: global
Steps per epoch: 93, total: ~186

======================================================================
  Starting training: 2 epochs, cuda
======================================================================

  [step    0] R=0.1746 | KL=0.000 | beta=0.2923 | 5.9s/step
    >> Once upon a time, there was a curious little girl named Lily. One day, she went to the park with her mom and saw her friends playing on the swings. Lily wanted to join them, but her mom told her to wait for her turn.

Suddenly, Lily saw a big dog running towards her friends. She ran and tried to escape, but the dog was too fast. Just as the dog was about to bite her, Lily's friend jumped up and scratched the dog's nose. Ben came running too, but it was too late. Lily's mom saw what happened and quickly took her to the hospital.

At the hospital, the doctor said that
    >> The little girl loved to explore and feel the big blue ocean. One day, she went for a walk near the beach again and saw a white bird. The bird was singing a beautiful song and the wind was blowing gently through the trees.

The little girl was so happy to see the bird and wanted to keep it as a friend. She went back home and told her mom about her adventure. "Mommy, I saw a white bird and it sang a song. I love all the animals on the island!" 

Suddenly, they heard a loud noise and saw a little boy crying because he lost his toy. The little girl picked up the
    >> One sunny day, the boy went to the train station. He had a great time picking up things and going to see different places. He got to a train station again and got on to the train tracks. Inside the station, he saw lots of things. There was popcorn to eat, and he even got a ride on a train! He had so much fun that day. 

When it was time to go home, the boy remembered to leave. The little boy rode back to the station and went back to the train station. He had so much fun at the train station and couldn't wait to go back to the station again!

    >> In a small village, there lived a boy named Tim. Tim had a toy fork. He loved to play with his fork all day long. He would use it to eat his food, even when he was not supposed to.

One day, while playing outside with his fork, Tim fell down and got a big cut. His mom saw the cut and said, "Oh no, Tim! Your fork is so big and sticky. We need to use it to make a clean home for your toy fork."

Tim's mom helped him tie the fork to a cloth and some soap. Then, she said, "Now, wash your hands before you eat."
    >> The puppy was so excited to see her new friend. He wanted to play too, but couldn't come over the long grass. He was feeling very uncomfortable.

Suddenly, a soft voice came from the puppy's paw. "Don't be scared little one," said the voice.

The dog felt much better when he heard the voice's kind words. His tail started to tap him on the shoulder and he was no longer so uncomfortable.

The puppy and the owner had so much fun together that the puppy never wanted to leave. And, most importantly, he made a happy memory away by smiling as they continued to play.

  [step    5] R=0.2127 | KL=1.230 | beta=0.2568 | 4.7s/step
You seem to be using the pipelines sequentially on GPU. In order to maximize efficiency please use a dataset
  [step   10] R=0.2610 | KL=5.100 | beta=0.2255 | 4.7s/step
  [step   15] R=0.3140 | KL=7.345 | beta=0.1986 | 4.8s/step
  [step   20] R=0.3103 | KL=11.084 | beta=0.1931 | 4.7s/step
    >> Once upon a time, there was a fat chicken. The fat chicken was big, and it was very happy. One day, the fat chicken saw a boy playing nearby. The fat chicken looked at the boy and said, "Hello, I am the best chicken." The boy looked surprised and said, "Um, can you be my friend?" The fat chicken said, "No, I want to be your friend." The boy felt happy and said, "Okay, I will be your friend." They had fun together and played all day. The end.

    >> The little girl loved to play with her marbles every day. She loved to spread them out in different patterns. Even when the sun was very hot, the little girl was very happy to make her marbles look pretty with her.

    >> One sunny day, the boy went to the park to play on the slide. He saw many other kids playing on the slide and he joined them too. 

As the boy played on the slide, he started to gain something. He noticed that one of the other kids had a big number on the slide. The boy told his little sister that the big number on the slide had a number on it, but no one else made it. He knew that if he had not increased the number, then the slide wouldn't have it all.

When the boy felt a little older than he remembered that he was the only one making the slide move. He understood
    >> In a small village, there lived a boy named Tim. Tim was very stubborn and did not want to clean his house. His mom told him that it was important to clean his room with the mop.

One day, Tim's mom told him that they would have a big party. Tim liked the idea of the party. He decided to clean his house for the party using the mop. He used a small, old and reliable mop to clean his house properly. Tim and his mom worked together to make the room look nice and clean.

As Tim and his mom finished cleaning the house, they started the party. Tim was so happy that he
    >> The puppy was so excited to see the puppy that he started to bark even louder! The children all joined in and they started to play with an even louder puppy around the house.

It was so much fun, but eventually the little puppies got tired of playing the same game. So they decided it was time to take a break and have a snack together. 

So the little puppies all ran off and had a happy, silly day.

  [step   25] R=0.2812 | KL=11.627 | beta=0.1973 | 4.8s/step
  [step   30] R=0.3550 | KL=10.353 | beta=0.2098 | 4.7s/step
  [step   35] R=0.3752 | KL=12.426 | beta=0.2251 | 5.1s/step
  [step   40] R=0.3292 | KL=10.022 | beta=0.2391 | 4.7s/step
    >> Once upon a time, there was a naughty dog named Max. Max liked to eat waste. He would hide it from other dogs and give it to people who didn't clean it.

One day, Max saw a bird feeder in the park. Max wanted to eat waste too. So, he hopped over to the bird and shook it. The waste came out! Max was so happy and ate all the waste from the bird feeder.

From that day on, Max was never naughty again. He played with his friends and always knew where to find food.

    >> The little girl loved to use her brain. She used her brain to think and think.

The little girl was happy to use her brain. She had made the right choice.

    >> One sunny day, the boy went outside that he had a picnic in the grass. He had a big sandwich, a red sandwich, and a red sandwich. The boy was very happy to be outside in the spring.

When the boy went to his picnic spot in the grass, he put his red food in the red food bag. After lunch, he was ready to go home. When he got home, he was very excited to tell his mom about the red picnic.

After lunch, the boy went outside to play in the spring. He went on a slow, green walk and all the leaves were very clean. Then he played with his red ball
    >> In a small village, there lived a wealthy man. He had a big red bicycle that he liked to play with.

One sunny day, while playing with his friends, the wealthy lady saw something near her fence. She saw a small cat that looked like the cat too. The cat was hungry and wanted to eat the lady's food.

The wealthy lady knew about the cat, so she quickly went to feed it. The cat was very happy and full. The cat was happy too because it got its food all on its own.

The moral of the story is that if you are generous and kind, you can help others and have a nice home
    >> The puppy was so excited to see the new thing he and the girl playing together and having fun.

  [step   45] R=0.3395 | KL=11.802 | beta=0.2531 | 4.7s/step
  [step   50] R=0.3000 | KL=10.693 | beta=0.2720 | 4.8s/step
  [step   55] R=0.2700 | KL=11.019 | beta=0.2906 | 4.7s/step
  [step   60] R=0.2918 | KL=8.853 | beta=0.2805 | 4.7s/step
    >> Once upon a time, there was a little dog named Bob. Bob was a very happy dog, but one day he decided to go and explore the forest.

As Bob walked through the forest, he started to shiver as the cold breeze touched his fur. He wondered why he was still so cold and wanted to find a warm place.

As he kept walking through the forest, he saw a light. The light was actually a bright rainbow, but it made Bob's fur glimmer in the sun. He was so happy to see the rainbow that he jumped up and down with joy.

Finally, Bob continued to explore the forest and soon he felt
    >> The little girl loved to use her creative magic wand. She used her magic kit all the time. She was happy because she had a creative adventure.

    >> One sunny day, the boy went outside to play in the park. He saw many trees, birds and flowers.

As the boy was playing, he saw a dead leaf on the ground. He felt sad and told his mom about the leaf. His mom said, "Don't worry, Jack, let's go to the doctor and help the leaf." So the boy and his mom went to the doctor, and the doctor helped the flower and the bird was soon better.

The boy and his mom went back outside to play in the park. He told his friends, and they all had fun running, jumping, and flying the bird. They were happy
    >> In a small village, there lived a witch. She was very nice and generous. She had many things, like food, clothes, and toys.

One day, the witch met a little boy who had a big toy that could spin. He loved the spinning toy and tried to make it spin. The witch said, "Why do you spin the toy? It has so much fun!" The boy was very happy and replied, "I want to spin the toy, too!"

The witch and the boy played with the spinning toy and had a great time. They became good friends and played together every day. And they all lived happily ever after.

    >> The puppy was so excited to go out and feel the sun on its nose.

The puppy went outside and felt warm and happy. It felt like the sun was shining down and it felt so special. Everywhere the puppy went, it was so happy to have the sun on its face.

As the puppy ran around, it laughed and smiled. It felt so happy and warm, and happy to be outside. It was so happy that it never wanted to go out and feel the sunlight again!

  [step   65] R=0.3601 | KL=8.697 | beta=0.2711 | 4.7s/step
  [step   70] R=0.4065 | KL=7.372 | beta=0.2446 | 4.7s/step
  [step   75] R=0.3487 | KL=9.212 | beta=0.2261 | 4.6s/step
  [step   80] R=0.4058 | KL=9.150 | beta=0.2138 | 4.7s/step
    >> Once upon a time, there was a dog named Max. Max was very happy playing with his toys in the garden. One day, Max saw a cat in his yard. Max was happy to see the cat in his yard.

Max said to his owner, "I am sorry for being naughty and playing with the cat. He is my best friend." His owner replied, "That's okay, Max. We can play together again." Max was very happy and wagged his tail.

From that day on, Max and the cat were the best of friends. They played together every day and were always happy because they were the nicest pets in the world
    >> The little girl loved to play outside and explore the world around her.

    >> One sunny day, the boy went outside to see the flowers. He saw a big green flower that was just as pretty. The boy was so happy to see the pretty flower. He hugged the flower and the sunshine.

    >> In a small village, there lived a happy boy named Tim.

Once all day, Tim always wore his favorite cap. It was red with green stripes. Tim wore the cap every day, and he was very alert at finding his cap.

One day, Tim realized that he had lost his cap while trying to look for a cap. He searched everywhere, but he couldn't find it. Tim felt sad, and his friends wanted to help. They all worked together to look for the lost cap. In the end, they found it under the big tree. Tim was so happy to have his cap back.

    >> The puppy was so excited to see the big dog so he walked over to it and the puppy smiled back!

The pup was very happy that his new friend had come to see him. He was so excited that he wanted to thank him. He jumped up and down and gave the leash a big hug.

From that day on, the pup and the big dog became very good friends. They would spend all day together, and the pup never again had to worry about feeling alone.

  [step   85] R=0.4723 | KL=7.289 | beta=0.1906 | 5.1s/step
  [step   90] R=0.4911 | KL=7.812 | beta=0.1750 | 4.7s/step
  [step   95] R=0.4652 | KL=8.218 | beta=0.1632 | 4.7s/step
  [step  100] R=0.4307 | KL=9.719 | beta=0.1528 | 4.7s/step
    >> Once upon a time, there was a poor little girl named Lily. She lived in a house with a stove. One day, she decided that she wanted to own the stove. 

Lily went to the stove and knelt in front of it. She closed her eyes and imagined that the stove was hers. Suddenly, a genie appeared and said, "I will grant you three wishes!" 

Lily was so happy and thought that this was the best one of all! She thought of a flower and made a wish every day. The genie granted her wishes and Lily knew that she would always have a friend in the kind stove, a gen
    >> The little girl loved to play near the ocean. One day, while playing near the water, she saw a little oyster.

The little oyster said, "What are you doing here? It's so nice to see you!"

The humble oyster said, "The water was so nice! I am trying to find food. That is what makes a good friend."

The little girl smiled and said, "Thank you for talking to me. I will leave you here now and have a good life!"

The little girl smiled and said, "You're welcome. Be sure to come back here soon for a nice chat
    >> One sunny day, the boy went to the big tree and began to play. He made a lot of things with his new toy.
The boy was very happy now. He played all day and became less naughty in the town. When the day was over, the boy went home with a big smile on his face and his toy. From that day on, the boy became a very best friend with his toy in the big tree.

    >> In a small village, there lived a kind lady. She loved to help everyone in her town. One day, she heard about a poor family who lived in a big, green house.

The kind lady decided to help her family in the big, green house. She took her lotion and went to the small family's house. When she got there, the family was so happy to see her! They thanked her and gave her big hugs. The kind lady felt very happy that she was able to help her family.

The kind lady and the families became best friends. They played games together and had fun every day. The people in the town were very
    >> The puppy was so excited to see the mail that he ran as fast and jumped right into the mail box. He felt very happy when he arrived at the house and the mail stopped for good. He happily went to the mailbox to pick up the mail and it made him stay very excited and ready for his adventure.

  [step  105] R=0.5019 | KL=9.776 | beta=0.1449 | 4.8s/step
  [step  110] R=0.4759 | KL=9.024 | beta=0.1389 | 4.7s/step
  [step  115] R=0.4862 | KL=9.971 | beta=0.1359 | 4.7s/step
  [step  120] R=0.4410 | KL=9.712 | beta=0.1381 | 4.7s/step
    >> Once upon a time, there was a little girl. She loved to play in the garden and pick flowers. One day, she found a shiny treasure in the garden. She was so happy! She picked it up and showed it to her mom. They hugged and felt happy again. The end.

    >> The little girl loved to play with the dog. She would bring toys, they would play all day long. The dog liked to make the little girl happy with her toys, and they would go for walks and play all day.

    >> One sunny day, the boy went to the beach. He wore a hat to keep the sun off. His hat was a yellow hat because it had a big sea hat that would let the weather and become very busy.

At the beach, the boy saw a little seagull. The seagull had a yellow hat! The seagull saw the boy and asked him, "Hello, what is your name?" The boy smiled and said, "My name is Tom. Do you like my hat?" The seagull smiled and said, "Yes, I like it very much!"

The boy and the seagull became friends. They
    >> In a small village, there lived a girl who loved to play with her toys. One day, she found a pretty rag that was very clean and soft. The girl liked the rag very much, but she did not know how to fix it.

The girl thought and thought about how to fix the rag. She remembered her dad's tool box with tools from the box. She found a tool at the garage where her dad used the tools. She used the tool to fix the rag using the soft cloth together.

When it was done, the girl showed her dad the clean rag. Her dad knew it should be fixed with a clean cloth. The girl felt
    >> The puppy was so excited to be free now that he stopped barking. His owners were so proud of him. He was happier now that he wasn't in trouble.  With a big smile on his face, he went home.

  [step  125] R=0.5344 | KL=10.709 | beta=0.1367 | 4.8s/step
  [step  130] R=0.5344 | KL=8.797 | beta=0.1294 | 4.7s/step
  [step  135] R=0.4956 | KL=11.004 | beta=0.1300 | 4.6s/step
  [step  140] R=0.5531 | KL=9.912 | beta=0.1327 | 4.7s/step
    >> Once upon a time, there was a little girl named Lily. She loved to play outside in the park. One day, she saw a big, blue wave in the sky. She thought it was so cool! She wanted to grab the wave and play with it. So, she ran over to the wave and tried to grab it. She felt so happy to play with the wave. She had so much fun playing with the wave!

    >> The little girl loved to spend her days in the park with her mom.

    >> One sunny day, the boy went outside. He saw a nice big puddle. He thought it was very shiny. The boy was so happy and smiled at the clear water.

    >> In a small village, there lived a little girl named Emma. Emma loved to play outside with her friends.

One sunny day, Emma and her friends went to the park. They played games and had lots of fun. After playing, they got hungry. They went to the store to get some sweet treats.

At the store, they found a nice sweet lollipop. The lollipop was big and shiny. Emma was very happy. They ate the sweet treat and had a great time playing together.

    >> The puppy was so excited to get some food!

  [step  145] R=0.5002 | KL=10.069 | beta=0.1332 | 4.7s/step
  [step  150] R=0.5134 | KL=8.839 | beta=0.1309 | 4.7s/step
  [step  155] R=0.5658 | KL=9.800 | beta=0.1312 | 4.7s/step
  [step  160] R=0.4545 | KL=8.866 | beta=0.1227 | 4.7s/step
    >> Once upon a time, there was a little girl named Lily. One day, Lily's mommy told her it was time for a haircut. Lily didn't know why, but her mommy said it would be okay.

The next day, Lily's mommy took her to the barber shop. The barber had a very loud voice to say hello and make a yummy noise. Lily was scared at first, but then she tried it all. It turned out both colors together, and it smelled really good.

After the haircut, Lily's mommy surprised her with a cute little haircut. Lily was so happy and proud of her new look.
    >> The little girl loved to dance. She danced all day long and every night.

    >> One sunny day, the boy went outside to play. He saw a bird flying in the sky. The bird was singing a happy song.

The boy started to run and run around, trying to catch the fly. The more he ran, the faster he ran. He laughed and kept chasing the fly in the sky.

Soon, the boy was tired and stopped running. He decided to go inside to have a rest. He was happy and content from playing outside.

    >> In a small village, there lived a little boy named Tim. Tim had his toy figure with him all the time. During play time, Tim and his toy figure played together in the park. They were so happy to be together.

As the sun started to set, Tim and his toy figure climbed into his safe safe place to stay. They looked at each other and smiled. They were the best of friends, having lots of fun together and making their playtime safe. And that night, when it was time to say goodnight, Tim knew he would have another fun playtime with his toy figure next time, and all his friends.

    >> The puppy was so excited to be outside. It had so much to eat in the yard.
The little puppy had so much fun outside that day.

  [step  165] R=0.5213 | KL=9.640 | beta=0.1183 | 4.7s/step
  [step  170] R=0.5360 | KL=9.879 | beta=0.1199 | 4.7s/step
  [step  175] R=0.4802 | KL=10.174 | beta=0.1196 | 4.7s/step
  [step  180] R=0.5560 | KL=10.367 | beta=0.1149 | 4.7s/step
    >> Once upon a time, there was a happy fish in the ocean. The fish loved to swim and play with all of his friends. One day, the fish met a turtle in the ocean. The turtle was slow at swimming, but the fish and the turtle became friends and played together every day. They swam fast and had so much fun. The fish and the turtle became best friends and were very happy in the ocean.

    >> The little girl loved to ride the pink scooter. She would have a lot of fun with it.

    >> One sunny day, the boy went to the park and saw a man. The man was happy to see the boy talking to him.

The boy said to the man, "Hi, man! Do you like to play?" The man smiled and said, "Yes, I am a young boy. I love to play outside. Do you like to play too?" The boy thought for a moment and then said, "Yes, I do!" The boy and the man played together all day, laughing and having fun.

At the end of the day, the boy said, "Thank you, man, for playing with me today. I had a great
    >> In a small village, there lived a boy named Tim. Tim was a very adventurous boy. One day, Tim went to his classroom to play with his friends.

As he was playing, Tim's friend, Lily, sneezed very loud. Tim didn't know what to do. He wanted to talk to Lily, but he didn't want to keep being scared. Tim decided to talk to Lily and tell her about the loud noise that scared Lily.

As Tim talked to Lily, he realized that he was brave. Together, they became even more adventurous. They went to the playground and had lots of fun playing together. Tim was happy that he had
    >> The puppy was so excited to have a friend. They enjoyed chasing each other and playing together. The little puppy was so happy and the girl was so glad to have made a new friend.

  [step  185] R=0.6035 | KL=10.611 | beta=0.1165 | 4.7s/step

======================================================================
  Done: 186 steps in 890s (4.8s/step avg)
======================================================================

======================================================================
  SUMMARY — clip/clip_005_lr5e6
======================================================================
  Total steps:    186
  Final R (avg):  0.5580
  Peak R:         0.6359
  Final KL (avg): 9.778
  Final beta:     0.1165
--- Step 0 ---
  Once upon a time, there was a curious little girl named Lily. One day, she went to the park with her mom and saw her friends playing on the swings. Lily wanted to join them, but her mom told her to wait for her turn.

Suddenly, Lily saw a big dog running towards her friends. She ran and tried to escape, but the dog was too fast. Just as the dog was about to bite her, Lily's friend jumped up and scratched the dog's nose. Ben came running too, but it was too late. Lily's mom saw what happened and quickly took her to the hospital.

At the hospital, the doctor said that
  The little girl loved to explore and feel the big blue ocean. One day, she went for a walk near the beach again and saw a white bird. The bird was singing a beautiful song and the wind was blowing gently through the trees.

The little girl was so happy to see the bird and wanted to keep it as a friend. She went back home and told her mom about her adventure. "Mommy, I saw a white bird and it sang a song. I love all the animals on the island!" 

Suddenly, they heard a loud noise and saw a little boy crying because he lost his toy. The little girl picked up the
  One sunny day, the boy went to the train station. He had a great time picking up things and going to see different places. He got to a train station again and got on to the train tracks. Inside the station, he saw lots of things. There was popcorn to eat, and he even got a ride on a train! He had so much fun that day. 

When it was time to go home, the boy remembered to leave. The little boy rode back to the station and went back to the train station. He had so much fun at the train station and couldn't wait to go back to the station again!

  In a small village, there lived a boy named Tim. Tim had a toy fork. He loved to play with his fork all day long. He would use it to eat his food, even when he was not supposed to.

One day, while playing outside with his fork, Tim fell down and got a big cut. His mom saw the cut and said, "Oh no, Tim! Your fork is so big and sticky. We need to use it to make a clean home for your toy fork."

Tim's mom helped him tie the fork to a cloth and some soap. Then, she said, "Now, wash your hands before you eat."
  The puppy was so excited to see her new friend. He wanted to play too, but couldn't come over the long grass. He was feeling very uncomfortable.

Suddenly, a soft voice came from the puppy's paw. "Don't be scared little one," said the voice.

The dog felt much better when he heard the voice's kind words. His tail started to tap him on the shoulder and he was no longer so uncomfortable.

The puppy and the owner had so much fun together that the puppy never wanted to leave. And, most importantly, he made a happy memory away by smiling as they continued to play.

--- Step 20 ---
  Once upon a time, there was a fat chicken. The fat chicken was big, and it was very happy. One day, the fat chicken saw a boy playing nearby. The fat chicken looked at the boy and said, "Hello, I am the best chicken." The boy looked surprised and said, "Um, can you be my friend?" The fat chicken said, "No, I want to be your friend." The boy felt happy and said, "Okay, I will be your friend." They had fun together and played all day. The end.

  The little girl loved to play with her marbles every day. She loved to spread them out in different patterns. Even when the sun was very hot, the little girl was very happy to make her marbles look pretty with her.

  One sunny day, the boy went to the park to play on the slide. He saw many other kids playing on the slide and he joined them too. 

As the boy played on the slide, he started to gain something. He noticed that one of the other kids had a big number on the slide. The boy told his little sister that the big number on the slide had a number on it, but no one else made it. He knew that if he had not increased the number, then the slide wouldn't have it all.

When the boy felt a little older than he remembered that he was the only one making the slide move. He understood
  In a small village, there lived a boy named Tim. Tim was very stubborn and did not want to clean his house. His mom told him that it was important to clean his room with the mop.

One day, Tim's mom told him that they would have a big party. Tim liked the idea of the party. He decided to clean his house for the party using the mop. He used a small, old and reliable mop to clean his house properly. Tim and his mom worked together to make the room look nice and clean.

As Tim and his mom finished cleaning the house, they started the party. Tim was so happy that he
  The puppy was so excited to see the puppy that he started to bark even louder! The children all joined in and they started to play with an even louder puppy around the house.

It was so much fun, but eventually the little puppies got tired of playing the same game. So they decided it was time to take a break and have a snack together. 

So the little puppies all ran off and had a happy, silly day.

--- Step 40 ---
  Once upon a time, there was a naughty dog named Max. Max liked to eat waste. He would hide it from other dogs and give it to people who didn't clean it.

One day, Max saw a bird feeder in the park. Max wanted to eat waste too. So, he hopped over to the bird and shook it. The waste came out! Max was so happy and ate all the waste from the bird feeder.

From that day on, Max was never naughty again. He played with his friends and always knew where to find food.

  The little girl loved to use her brain. She used her brain to think and think.

The little girl was happy to use her brain. She had made the right choice.

  One sunny day, the boy went outside that he had a picnic in the grass. He had a big sandwich, a red sandwich, and a red sandwich. The boy was very happy to be outside in the spring.

When the boy went to his picnic spot in the grass, he put his red food in the red food bag. After lunch, he was ready to go home. When he got home, he was very excited to tell his mom about the red picnic.

After lunch, the boy went outside to play in the spring. He went on a slow, green walk and all the leaves were very clean. Then he played with his red ball
  In a small village, there lived a wealthy man. He had a big red bicycle that he liked to play with.

One sunny day, while playing with his friends, the wealthy lady saw something near her fence. She saw a small cat that looked like the cat too. The cat was hungry and wanted to eat the lady's food.

The wealthy lady knew about the cat, so she quickly went to feed it. The cat was very happy and full. The cat was happy too because it got its food all on its own.

The moral of the story is that if you are generous and kind, you can help others and have a nice home
  The puppy was so excited to see the new thing he and the girl playing together and having fun.

--- Step 60 ---
  Once upon a time, there was a little dog named Bob. Bob was a very happy dog, but one day he decided to go and explore the forest.

As Bob walked through the forest, he started to shiver as the cold breeze touched his fur. He wondered why he was still so cold and wanted to find a warm place.

As he kept walking through the forest, he saw a light. The light was actually a bright rainbow, but it made Bob's fur glimmer in the sun. He was so happy to see the rainbow that he jumped up and down with joy.

Finally, Bob continued to explore the forest and soon he felt
  The little girl loved to use her creative magic wand. She used her magic kit all the time. She was happy because she had a creative adventure.

  One sunny day, the boy went outside to play in the park. He saw many trees, birds and flowers.

As the boy was playing, he saw a dead leaf on the ground. He felt sad and told his mom about the leaf. His mom said, "Don't worry, Jack, let's go to the doctor and help the leaf." So the boy and his mom went to the doctor, and the doctor helped the flower and the bird was soon better.

The boy and his mom went back outside to play in the park. He told his friends, and they all had fun running, jumping, and flying the bird. They were happy
  In a small village, there lived a witch. She was very nice and generous. She had many things, like food, clothes, and toys.

One day, the witch met a little boy who had a big toy that could spin. He loved the spinning toy and tried to make it spin. The witch said, "Why do you spin the toy? It has so much fun!" The boy was very happy and replied, "I want to spin the toy, too!"

The witch and the boy played with the spinning toy and had a great time. They became good friends and played together every day. And they all lived happily ever after.

  The puppy was so excited to go out and feel the sun on its nose.

The puppy went outside and felt warm and happy. It felt like the sun was shining down and it felt so special. Everywhere the puppy went, it was so happy to have the sun on its face.

As the puppy ran around, it laughed and smiled. It felt so happy and warm, and happy to be outside. It was so happy that it never wanted to go out and feel the sunlight again!

--- Step 80 ---
  Once upon a time, there was a dog named Max. Max was very happy playing with his toys in the garden. One day, Max saw a cat in his yard. Max was happy to see the cat in his yard.

Max said to his owner, "I am sorry for being naughty and playing with the cat. He is my best friend." His owner replied, "That's okay, Max. We can play together again." Max was very happy and wagged his tail.

From that day on, Max and the cat were the best of friends. They played together every day and were always happy because they were the nicest pets in the world
  The little girl loved to play outside and explore the world around her.

  One sunny day, the boy went outside to see the flowers. He saw a big green flower that was just as pretty. The boy was so happy to see the pretty flower. He hugged the flower and the sunshine.

  In a small village, there lived a happy boy named Tim.

Once all day, Tim always wore his favorite cap. It was red with green stripes. Tim wore the cap every day, and he was very alert at finding his cap.

One day, Tim realized that he had lost his cap while trying to look for a cap. He searched everywhere, but he couldn't find it. Tim felt sad, and his friends wanted to help. They all worked together to look for the lost cap. In the end, they found it under the big tree. Tim was so happy to have his cap back.

  The puppy was so excited to see the big dog so he walked over to it and the puppy smiled back!

The pup was very happy that his new friend had come to see him. He was so excited that he wanted to thank him. He jumped up and down and gave the leash a big hug.

From that day on, the pup and the big dog became very good friends. They would spend all day together, and the pup never again had to worry about feeling alone.

--- Step 100 ---
  Once upon a time, there was a poor little girl named Lily. She lived in a house with a stove. One day, she decided that she wanted to own the stove. 

Lily went to the stove and knelt in front of it. She closed her eyes and imagined that the stove was hers. Suddenly, a genie appeared and said, "I will grant you three wishes!" 

Lily was so happy and thought that this was the best one of all! She thought of a flower and made a wish every day. The genie granted her wishes and Lily knew that she would always have a friend in the kind stove, a gen
  The little girl loved to play near the ocean. One day, while playing near the water, she saw a little oyster.

The little oyster said, "What are you doing here? It's so nice to see you!"

The humble oyster said, "The water was so nice! I am trying to find food. That is what makes a good friend."

The little girl smiled and said, "Thank you for talking to me. I will leave you here now and have a good life!"

The little girl smiled and said, "You're welcome. Be sure to come back here soon for a nice chat
  One sunny day, the boy went to the big tree and began to play. He made a lot of things with his new toy.
The boy was very happy now. He played all day and became less naughty in the town. When the day was over, the boy went home with a big smile on his face and his toy. From that day on, the boy became a very best friend with his toy in the big tree.

  In a small village, there lived a kind lady. She loved to help everyone in her town. One day, she heard about a poor family who lived in a big, green house.

The kind lady decided to help her family in the big, green house. She took her lotion and went to the small family's house. When she got there, the family was so happy to see her! They thanked her and gave her big hugs. The kind lady felt very happy that she was able to help her family.

The kind lady and the families became best friends. They played games together and had fun every day. The people in the town were very
  The puppy was so excited to see the mail that he ran as fast and jumped right into the mail box. He felt very happy when he arrived at the house and the mail stopped for good. He happily went to the mailbox to pick up the mail and it made him stay very excited and ready for his adventure.

--- Step 120 ---
  Once upon a time, there was a little girl. She loved to play in the garden and pick flowers. One day, she found a shiny treasure in the garden. She was so happy! She picked it up and showed it to her mom. They hugged and felt happy again. The end.

  The little girl loved to play with the dog. She would bring toys, they would play all day long. The dog liked to make the little girl happy with her toys, and they would go for walks and play all day.

  One sunny day, the boy went to the beach. He wore a hat to keep the sun off. His hat was a yellow hat because it had a big sea hat that would let the weather and become very busy.

At the beach, the boy saw a little seagull. The seagull had a yellow hat! The seagull saw the boy and asked him, "Hello, what is your name?" The boy smiled and said, "My name is Tom. Do you like my hat?" The seagull smiled and said, "Yes, I like it very much!"

The boy and the seagull became friends. They
  In a small village, there lived a girl who loved to play with her toys. One day, she found a pretty rag that was very clean and soft. The girl liked the rag very much, but she did not know how to fix it.

The girl thought and thought about how to fix the rag. She remembered her dad's tool box with tools from the box. She found a tool at the garage where her dad used the tools. She used the tool to fix the rag using the soft cloth together.

When it was done, the girl showed her dad the clean rag. Her dad knew it should be fixed with a clean cloth. The girl felt
  The puppy was so excited to be free now that he stopped barking. His owners were so proud of him. He was happier now that he wasn't in trouble.  With a big smile on his face, he went home.

--- Step 140 ---
  Once upon a time, there was a little girl named Lily. She loved to play outside in the park. One day, she saw a big, blue wave in the sky. She thought it was so cool! She wanted to grab the wave and play with it. So, she ran over to the wave and tried to grab it. She felt so happy to play with the wave. She had so much fun playing with the wave!

  The little girl loved to spend her days in the park with her mom.

  One sunny day, the boy went outside. He saw a nice big puddle. He thought it was very shiny. The boy was so happy and smiled at the clear water.

  In a small village, there lived a little girl named Emma. Emma loved to play outside with her friends.

One sunny day, Emma and her friends went to the park. They played games and had lots of fun. After playing, they got hungry. They went to the store to get some sweet treats.

At the store, they found a nice sweet lollipop. The lollipop was big and shiny. Emma was very happy. They ate the sweet treat and had a great time playing together.

  The puppy was so excited to get some food!

--- Step 160 ---
  Once upon a time, there was a little girl named Lily. One day, Lily's mommy told her it was time for a haircut. Lily didn't know why, but her mommy said it would be okay.

The next day, Lily's mommy took her to the barber shop. The barber had a very loud voice to say hello and make a yummy noise. Lily was scared at first, but then she tried it all. It turned out both colors together, and it smelled really good.

After the haircut, Lily's mommy surprised her with a cute little haircut. Lily was so happy and proud of her new look.
  The little girl loved to dance. She danced all day long and every night.

  One sunny day, the boy went outside to play. He saw a bird flying in the sky. The bird was singing a happy song.

The boy started to run and run around, trying to catch the fly. The more he ran, the faster he ran. He laughed and kept chasing the fly in the sky.

Soon, the boy was tired and stopped running. He decided to go inside to have a rest. He was happy and content from playing outside.

  In a small village, there lived a little boy named Tim. Tim had his toy figure with him all the time. During play time, Tim and his toy figure played together in the park. They were so happy to be together.

As the sun started to set, Tim and his toy figure climbed into his safe safe place to stay. They looked at each other and smiled. They were the best of friends, having lots of fun together and making their playtime safe. And that night, when it was time to say goodnight, Tim knew he would have another fun playtime with his toy figure next time, and all his friends.

  The puppy was so excited to be outside. It had so much to eat in the yard.
The little puppy had so much fun outside that day.

--- Step 180 ---
  Once upon a time, there was a happy fish in the ocean. The fish loved to swim and play with all of his friends. One day, the fish met a turtle in the ocean. The turtle was slow at swimming, but the fish and the turtle became friends and played together every day. They swam fast and had so much fun. The fish and the turtle became best friends and were very happy in the ocean.

  The little girl loved to ride the pink scooter. She would have a lot of fun with it.

  One sunny day, the boy went to the park and saw a man. The man was happy to see the boy talking to him.

The boy said to the man, "Hi, man! Do you like to play?" The man smiled and said, "Yes, I am a young boy. I love to play outside. Do you like to play too?" The boy thought for a moment and then said, "Yes, I do!" The boy and the man played together all day, laughing and having fun.

At the end of the day, the boy said, "Thank you, man, for playing with me today. I had a great
  In a small village, there lived a boy named Tim. Tim was a very adventurous boy. One day, Tim went to his classroom to play with his friends.

As he was playing, Tim's friend, Lily, sneezed very loud. Tim didn't know what to do. He wanted to talk to Lily, but he didn't want to keep being scared. Tim decided to talk to Lily and tell her about the loud noise that scared Lily.

As Tim talked to Lily, he realized that he was brave. Together, they became even more adventurous. They went to the playground and had lots of fun playing together. Tim was happy that he had
  The puppy was so excited to have a friend. They enjoyed chasing each other and playing together. The little puppy was so happy and the girl was so glad to have made a new friend.


Plots saved to ./outputs/clip/clip_005_lr5e6/
