Device: cuda
GPU: NVIDIA GeForce RTX 5060 Ti

Experiment : lr
Run        : lr_1e-5
Output dir : ./outputs/lr/lr_1e-5

Config:
  model=roneneldan/TinyStories-33M
  batch=64, mini_batch=16, ppo_epochs=4
  kl_mode=adaptive, advantage_normalize=global
  prompts=6000, max_new_tokens=128

[init] Loading tokenizer + policy...
Warning: You are sending unauthenticated requests to the HF Hub. Please set a HF_TOKEN to enable higher rate limits and faster downloads.
Loading weights:   0%|          | 0/56 [00:00<?, ?it/s]Loading weights: 100%|██████████| 56/56 [00:00<00:00, 23159.24it/s]
[1mGPTNeoForCausalLM LOAD REPORT[0m from: roneneldan/TinyStories-33M
Key                                                   | Status     |  | 
------------------------------------------------------+------------+--+-
transformer.h.{0, 1, 2, 3}.attn.attention.masked_bias | UNEXPECTED |  | 
transformer.h.{0, 1, 2, 3}.attn.attention.bias        | UNEXPECTED |  | 

Notes:
- UNEXPECTED:	can be ignored when loading from different task/architecture; not ok if you expect identical arch.
Policy params: 68,514,817

[init] Loading reward model...
Loading weights:   0%|          | 0/201 [00:00<?, ?it/s]Loading weights: 100%|██████████| 201/201 [00:00<00:00, 3136.53it/s]
[1mRobertaForSequenceClassification LOAD REPORT[0m from: SamLowe/roberta-base-go_emotions
Key                             | Status     |  | 
--------------------------------+------------+--+-
roberta.embeddings.position_ids | UNEXPECTED |  | 

Notes:
- UNEXPECTED:	can be ignored when loading from different task/architecture; not ok if you expect identical arch.

[init] Building dataset...
Map:   0%|          | 0/6000 [00:00<?, ? examples/s]Map:  17%|█▋        | 1000/6000 [00:00<00:01, 3044.54 examples/s]Map:  83%|████████▎ | 5000/6000 [00:00<00:00, 14117.27 examples/s]Map: 100%|██████████| 6000/6000 [00:00<00:00, 13091.09 examples/s]
Dataset: 6000 prompts
Example: Tim and Mia like to play in the park.
PPO config: batch=64, mini_batch=16, ppo_epochs=4
LR: 1e-05
KL: mode=adaptive, init_coef=0.3, target=10.0, horizon=500
Advantage normalize: global
Steps per epoch: 93, total: ~186

======================================================================
  Starting training: 2 epochs, cuda
======================================================================

  [step    0] R=0.1746 | KL=0.000 | beta=0.2923 | 5.8s/step
    >> Once upon a time, there was a curious little girl named Lily. One day, she went to the park with her mom and saw her friends playing on the swings. Lily wanted to join them, but her mom told her to wait for her turn.

Suddenly, Lily saw one of her friends take a toy from another kid and say mean things about it. Lily knew that wasn't right, so she went over to her friend and said, "That's not nice. We should tell the teacher about it." The teacher was proud of Lily for being thoughtful and told her that she did the right thing by teaching her the right thing to do.

After class
    >> The little girl loved to slide with the yellow slide in her garden, it was so much fun! One day, she saw her friend walking towards her.

"Hi Lily! What are you up to?" asked her friend.

Lily replied, "My mommy told me to tell mommy that I want to go on the blue slide."

Her friend asked, "Can I slide with you?"

Lily said, "Sure! Let's go slide together!"

They went to the slide and climbed up to the top. Then they slid down together, laughing and having so much fun! From that day on,
    >> One sunny day, the boy went to the train station. He had a great time picking up things and going to see the trains. He got to a train station again and got on the train.

The boy saw a lot of sights as his train went by. He saw tall buildings and bright colored cars. He was having a lot of fun.

He was so happy. He wanted to go on an adventure with his train. So, he put his train on his train and went to a place he had never been.

At the end of the journey, the boy felt very successful. He had made it all by himself! He was so
    >> In a small village, there lived a boy named Tim. Tim had a toy with a handle. He loved to play with his toy all day. One day, Tim was playing with his toy and he forgot what the handle was for.

"Oh no!" said Tim. He looked at the handle in his hand. "I forget this toy!" He felt sad, but then he remembered his mom's words. He asked his mom, "Can I still play with my toy?"

His mom smiled and said, "Yes, Tim, your toy is still fun." Tim was happy again. He played with his toy all day, even though he missed his
    >> The puppy was so excited to see her new friend. He wanted to play too, but couldn't come over the long grass. He was feeling left. One day, the puppy was feeling sad and he sat down. The puppy's tail was wagging so hard that it hurt when the puppy hit it really hard.

The other animals in the forest saw that the puppy was feeling upset and they said "It's ok, puppy, we are here to comfort you." The puppy felt relieved and he thanked everyone for their kindness. 

From then on the puppy didn't feel so alone anymore. He no longer wanted to be left alone and was happy
  [step    5] R=0.2041 | KL=6.404 | beta=0.2568 | 4.7s/step
You seem to be using the pipelines sequentially on GPU. In order to maximize efficiency please use a dataset
  [step   10] R=0.3479 | KL=10.343 | beta=0.2580 | 4.7s/step
  [step   15] R=0.3663 | KL=10.789 | beta=0.2682 | 4.8s/step
  [step   20] R=0.3603 | KL=13.156 | beta=0.2937 | 4.7s/step
    >> Once upon a time, there was a fat chicken. The fat chicken was big, and it was very happy. One day, the fat chicken saw a boy playing nearby. The fat chicken looked at the boy and said, "Hello!" The boy looked surprised and smiled. 
The boy said, "Hi, fat chicken!" Then the fat chicken said, "Let's be friends!" The little boy looked sad and said, "Okay, let's be friends!" The fat chicken was so happy, it jumped and clapped its hands. 
The boy hugged the fat chicken, saying, "Yay!" and they played together everyday.

    >> The little girl loved to play with her toys, especially her robot. One day, she decided to use her robot to do something crazy. She put her robot on the table and watched as it slid around it. It looked so cool! She watched and watched until the robot became too tired. Then, the little girl took a nap with her robot. It was the best decision ever!

    >> One sunny day, the boy went to the park to play on the stage. He saw many people who wanted to help.

The boy thought, "Let's help my friend come to the stage. I will be my lead." So, the boy and his friend played together on the stage. They had lots of fun and the little boy learned how to care for his friend.

    >> In a small village, there lived a three-year-old named Peter. Peter was a happy boy who always went on fun adventures.

One day, Peter noticed a big pile of cardboard boxes in the middle of the village park. He was so excited and decided to gather all the cardboard boxes. He went around the town gathering the boxes to make his own homes.

When he finished, Peter used a small amount of the boxes to build the walls of cardboard. When he was finished, he put his head inside the boxes and felt very happy. They were so full and happy that Peter decided to use the boxes to keep himself busy.

Peter was
    >> The puppy was so excited to see the puppy that he started to wag his tail.

One girl took out the newspaper and she gave her dog some money to pay for it. She gave her dog some money to buy the newspaper.

The puppy was so happy to have a new friend and he was so excited to pay his new friend and pay for it. The girl was so very happy and the dog was so excited he wagged his tail!

  [step   25] R=0.3013 | KL=12.977 | beta=0.3286 | 4.7s/step
  [step   30] R=0.3244 | KL=12.446 | beta=0.3646 | 4.6s/step
  [step   35] R=0.3670 | KL=14.024 | beta=0.4013 | 4.6s/step
  [step   40] R=0.3642 | KL=11.286 | beta=0.4377 | 4.7s/step
    >> Once upon a time, there was a little boy named Timmy. Timmy loved to ride his bike all around the house. One day, Timmy's mom gave him a whip to play with. Timmy held the whip and spun it around. He felt like he was flying!

Timmy's mom told him to be careful with the whip on his head. Timmy didn't know why, but he knew it didn't feel safe. He put the whip away and went outside to ride his bike. As he rode, he remembered the whip on his head and felt a little bit better.

Timmy learned that sometimes things can look fun, but
    >> The little girl loved to use her brain to count things out the things she could. She was very happy whenever she was with her new stuff!

    >> One sunny day, the boy went outside to play. He found a dirty dish in the garden. The boy thought it was very special. So he grabbed the dirty dish and took it inside to clean it. The boy washed the dish, and it started to look new. Then it fell into a clean dish and stood back to look nice. After that, the boy felt so much better. Finally, he picked the dirty dish and gave it back to his friends. The little boy and his friends enjoyed the rest of their day playing in the sunshine.

    >> In a small village, there lived a wealthy man. He had a lot of things that someone had. One day, a police came to the village to ask for help. The wealthy man wanted to lead him to work with love and knowledge, so he walked in front of the wealthy man and showed him the best parts of town. The police listened to him and showed him how to find food and shelter from others. The wealthy man learned that things with care and knowledge can lead to good things. And so, the wealthy man became a better person and always kept his house clean and his money.

    >> The puppy was so excited to see the new puppy he started to wag his tail. The puppy reached out his long tail and the two of them became good friends.

The puppy and the puppy were the best of friends. They would play together every day and even go on adventures. The little boy was so proud to see the puppy having so much fun and was so happy for him. 

The boy and the puppy were happy to have someone to spend time together and love each other. They had lots of fun and became the best of friends.

  [step   45] R=0.2852 | KL=11.634 | beta=0.4757 | 4.8s/step
  [step   50] R=0.2652 | KL=10.981 | beta=0.5222 | 5.0s/step
  [step   55] R=0.3098 | KL=13.382 | beta=0.5867 | 4.7s/step
  [step   60] R=0.3148 | KL=11.927 | beta=0.6569 | 4.6s/step
    >> Once upon a time, there was a little dog named Timmy. Timmy loved to play with his toys upstairs. One day, his owner came to tilling Timmy, jumping on him, and told him, "Timmy, please don't spoil your toys anymore." Timmy didn't like it when his owner teased him, but he listened to his owner and kept playing with his toys. After the show, Timmy's owner gave him a treat and they went upstairs for dinner. Timmy was very happy and went to bed with a big smile on his face. The end.

    >> The little girl loved to use her creative folding to make the world in new ways. It made her feel so happy and content with her creative masterpiece.

    >> One sunny day, the boy went outside to play in the sun. He lay down under a big tree and felt the warm sun on his face. It was soft and green in his body and he was very happy.

As the boy lay there, he saw something moving on the ground. It was a small yellow bird. The bird was chirping loudly and the boy knew it must have been something important. He watched the bird for a little while, wondering what it was doing.

Suddenly, the bird hopped up and flew away. The boy watched it go, feeling grateful for the moment that he had just seen. He stood up and walked back
    >> In a small village, there lived a witch. She was very nice to everyone. Lily was so happy when she could do many tricks. She showed her magic tricks to her friends in the village.

One day, Lily wanted to teach her friends a new trick. She tried to teach them a new trick. But they did not understand. They were very ignorant about the new trick. They did not know what it was. They teased Lily when she taught them this trick.

So, Lily taught them the trick. They worked hard and had fun. Soon, everyone was laughing and cheering. They learned the new trick very well. Lily was happy too. She
    >> The puppy was so excited to be out exploring. He wandered around and saw different things. He saw a tree with birds singing in a tree and a pond with fish swimming in a pond. He even found a rabbit hopping in the grass! He was so happy because he had found something new to explore.

  [step   65] R=0.3252 | KL=12.046 | beta=0.7454 | 5.1s/step
  [step   70] R=0.2425 | KL=12.255 | beta=0.8458 | 4.7s/step
  [step   75] R=0.3282 | KL=11.967 | beta=0.9512 | 4.7s/step
  [step   80] R=0.3133 | KL=14.757 | beta=1.0793 | 4.7s/step
    >> Once upon a time, there was a mighty lion. He loved to sleep all day long. One day, he woke up at noon. He yawned and wanted to go back to sleep forever. But then he realized that resting wasn't enough. So he went back outside and took a nice nap. The end.

    >> The little girl loved to play in the sun all day long. She would put on her favorite dress and go outside in the fresh grass. She would jump and run, and feel so happy and free.

One day, as she was playing, the sun started to blink. She didn't know what was happening very soon, but the little girl didn't know why. That night, she got a cold and it made her feel very sad.

Then, the little girl remembered something. She remembered that when the sky blinks, sunshine makes things seem so bright. She smiled and knew that if the sky blinked too, maybe it could make some
    >> One sunny day, the boy went to the park with his dad. They saw a big machine that was very loud.

The boy wanted to play in the machine, so his dad showed him how the machine worked. They played with their balls and had fun. The boy liked the machine very much.

But then, the wind started to blow fiercely. The boy and his dad were scared, but they held hands and walked over to the machine. The boy said, "Thank you, Dad! You are my hero!" And they lived happily ever after.

    >> In a small village, there lived a mighty ambulance. The ambulance helped people who were sick. Everyone in the village every day.

One day, a little boy named Timmy came to the ambulance. He wanted to play with his toy ambulance. Timmy tried to make it lift, but it was too heavy for him. Timmy felt sad.

Then, a kind doctor came to Timmy and said, "Don't worry, Timmy. I can help you." The doctor lifted the heavy ambulance with ease. Timmy was so happy. He said, "Thank you!"

Timmy and his toy ambulance had many fun days together. Everyone
    >> The puppy was so excited to see the big dog and his big, fluffy tail wagging a tail.

The boy felt the joy of making his own puppy and he said, "Now let's go find him!" The boy ran towards the puppy and hugged him tight.

The puppy licked the boy's waist and the boy laughed. He looked at the puppy and ran to show his mom.

The mother smiled and said, "The result is wonderful." She gave him a big hug and said, "Let's keep Spot!"

The boy held his puppy tight and said, "I love you forever, Spot!"

  [step   85] R=0.2351 | KL=20.321 | beta=1.2248 | 4.7s/step
  [step   90] R=0.1962 | KL=20.497 | beta=1.3898 | 5.0s/step
  [step   95] R=0.1826 | KL=34.356 | beta=1.5770 | 4.7s/step
  [step  100] R=0.0773 | KL=20.903 | beta=1.7894 | 4.6s/step
    >> Once upon a time, there was a z cart with four wheels. And to glossy around the other kids," a nice lady named kidn owned nice.

    >> The little girl loved to play in the ocean.

    >> One sunny day, the boy went to visit his mom.

    >> In a small village, there lived a Spirit Spirit many at.

    >> The puppy was so excited to see the surprise that he ran around the room.

  [step  105] R=0.0791 | KL=17.358 | beta=2.0305 | 4.8s/step
  [step  110] R=0.1196 | KL=14.987 | beta=2.2870 | 2.2s/step
  [step  115] R=0.0759 | KL=12.987 | beta=2.5779 | 2.1s/step
  [step  120] R=0.0536 | KL=12.525 | beta=2.9252 | 1.5s/step
    >> Once upon a time, there was a family left wandation of humor from the leftwasher to set leftovers.

    >> The little girl loved to play in the park.

    >> One sunny day, the boy went left glow bi gag

    >> In a small village, there lived a flip full of fish at Resist Resistism.

    >> The puppy was so excited to have a friend, and they were all happy to be together.

  [step  125] R=0.0713 | KL=25.820 | beta=3.3193 | 1.6s/step
  [step  130] R=0.0609 | KL=14.455 | beta=3.7665 | 1.3s/step
  [step  135] R=0.0463 | KL=15.573 | beta=4.2740 | 1.4s/step
  [step  140] R=0.0536 | KL=13.754 | beta=4.8498 | 1.4s/step
    >> Once upon a time, there was a great set of gazing

    >> The little girl loved to play in the garden.

    >> One sunny day, the boy went new

    >> In a small village, there lived agging gran texted

    >> The puppy was so excited to explore.

  [step  145] R=0.0578 | KL=13.247 | beta=5.5031 | 1.3s/step
  [step  150] R=0.0689 | KL=34.901 | beta=6.2445 | 1.4s/step
  [step  155] R=0.0195 | KL=122.668 | beta=7.0858 | 1.7s/step
  [step  160] R=0.0278 | KL=189.623 | beta=8.0405 | 2.3s/step
    >> Once upon a time, there was aformvationEither gadget QUqueliev issue Bec QUmakermaker Discuss HogEither knowingly summon'?Gen resolved survivor Puzz 555 realizing sear fines kits'? INS operate antique'?iev summon

    >> The little girl loved to layusting flu

    >> One sunny day, the boy wentingle Lars undert Partmediately relEither Lars gifvationada Sne Sneada kits

    >> In a small village, there lived aidget overheustingievshop researchersremlinpellingmatic 555 artworklower Honest Honest fines JasStepult euro

    >> The puppy was so excited to

  [step  165] R=0.0204 | KL=311.854 | beta=9.1237 | 2.7s/step
  [step  170] R=0.0082 | KL=1097.767 | beta=10.3529 | 5.0s/step
  [step  175] R=0.0080 | KL=1163.076 | beta=11.7477 | 4.7s/step
  [step  180] R=0.0035 | KL=1289.148 | beta=13.3303 | 4.7s/step
    >> Once upon a time, there was aSony multiplremlinicians️ ori settFERidgethabcent️ sett multiplces LakeStep️icians LakeGa booster SlimeSonyressivefillhabELLMarsreyiciansicians convenientSony'?Mars gadgets Newsp Lakehabasteredrep Southwest artworkrey'?Sonyicians multipl Discuss settcentificent GiftGalmaticstorematicOGTVSonyressiveaskacutsmatic timely timely timely processionificentSonyidgetressive TicketificentELL Painmatic articleFERSonyificent Pain Painmatic hobrep Painmatic Discuss commercial Newspeli safeguultMars Lakehab oriocker substitute QUrey hauntidgetMarsidgetMars viewsTVTV irrit orimediately Sudhabidgetidgetidget Painificent influencematic'? Part'? timely Pain
    >> The little girl loved to April exceeded sett researchers researchershabusting commercialidget DiscussSelf researchers Pain Newsp Dish fiificenticiansTV processionSony oriultificent symptoms TicketGalificent influence discussions ori Getting DiscussMars Yourself PainSelf QU boosterievressive Discuss jugg discussionsult commercialfill Lakehab QUhabressivehab Lake'? servers granGal hob Jasrep gran articlematicSelfhabificent Raiseidgetrey Newsp influence influence oriTVidget denyingfillhabpler Pain influence consult Painorange QU Newsp consultorange timelyMars consult influenceidgetmatic Sudificentada haunt QU Stepressive Step Dish Bett Gift timely Step granressiveiev artworkorange artwork haunt hobidgetSelfMars consult Raisecutscutsmaticultidget Pain summon
    >> One sunny day, the boy went 21dollar Discuss dynamic hobrep fluid seasoningcentrepressive diceressive hob oriTVSony jerorangeressive Yourself throb throbmaticGal ori influence'? settressiveorange orirep QU influenceSony influence article booster convenient settmatic physical convenient QU'?habult fluid fi antique hob DiscussFER timely hob commercial RaiseStepGal fines NewspificentOGultGal ori Yourselfdollar influence Hog BettStep'? Lakeressive gadget Southwest gif influence NewspidgetGal servers oriificent influence Lake PainSelfOG antiqueidget antiqueidget summonressive DiscussStep hauntMars viewsmatic Sud summonEitherhab tranceMarsidget hob Pain Sudidgetaska Bett Discuss Pain YourselfmaticEither Discussidgetidget PainSelf Lake'?
    >> In a small village, there lived acent flattJean Discuss hobcil hoborangeMarsheetthia safeguMars fimediately hobMars Discusscent TH exceededdollar influence shenanigans satellites safegucil influence LakeTV Discuss 21 sett influence settmediatelyGalrey sett commercial overhe surgingformformGal convenientaskahab sett sett Sudcuts Lake booster dwarves hob Southwest Newspicians settasteredSonyGalidgetprov influenceicians dwarves Ticket Lakeressive LakeMarsrep Discussressive Barber Sudrep Gettingrey commercialressive Southwest PaineliressiveressiveTV StepfaMarsificentMarsEither sharply influence Southwestaska Lake settressive Discuss Discuss summonmatic influenceidget Sud Pain'? Part viewsEither timelymaticrouustingreyEither irrit settmediatelymatic Raise Pain QUmatic
    >> The puppy was so excited to Pain QU'? Newsp DiscussELL Honest Southwest Raise haunt Jas Newsp influence Yourself article Discussrey Raise Sitapingprov eru artwork QUTVmediatelyMars exceededSelffa'?astered Sud Discuss article summon antiqueJean DiscussTV Step booster Pain substitute sett granmatic anim'? Sud influence anim exceeded gran Pain Pain Pain YourselfEitherTV artwork custom Sud customSelfMars SitmaticSelf Step antique Partustingmatic artwork'? Discuss'?astered Step Pain consulthabaska influenceMars hob Discussressive views prescribed Lakematic Lakeidget girlfriend Pain YourselfidgetMars'?usting Yourself Pain Pain ori antiqueasteredusting substituteusting Sud DishSelfidget QU Pain Pain Raise PainEither Yourselfmediately artwork Painusting Yourself Part
  [step  185] R=0.0151 | KL=1215.450 | beta=15.1263 | 4.7s/step

======================================================================
  Done: 186 steps in 711s (3.8s/step avg)
======================================================================

======================================================================
  SUMMARY — lr/lr_1e-5
======================================================================
  Total steps:    186
  Final R (avg):  0.0074
  Peak R:         0.4020
  Final KL (avg): 1210.548
  Final beta:     15.1263
--- Step 0 ---
  Once upon a time, there was a curious little girl named Lily. One day, she went to the park with her mom and saw her friends playing on the swings. Lily wanted to join them, but her mom told her to wait for her turn.

Suddenly, Lily saw one of her friends take a toy from another kid and say mean things about it. Lily knew that wasn't right, so she went over to her friend and said, "That's not nice. We should tell the teacher about it." The teacher was proud of Lily for being thoughtful and told her that she did the right thing by teaching her the right thing to do.

After class
  The little girl loved to slide with the yellow slide in her garden, it was so much fun! One day, she saw her friend walking towards her.

"Hi Lily! What are you up to?" asked her friend.

Lily replied, "My mommy told me to tell mommy that I want to go on the blue slide."

Her friend asked, "Can I slide with you?"

Lily said, "Sure! Let's go slide together!"

They went to the slide and climbed up to the top. Then they slid down together, laughing and having so much fun! From that day on,
  One sunny day, the boy went to the train station. He had a great time picking up things and going to see the trains. He got to a train station again and got on the train.

The boy saw a lot of sights as his train went by. He saw tall buildings and bright colored cars. He was having a lot of fun.

He was so happy. He wanted to go on an adventure with his train. So, he put his train on his train and went to a place he had never been.

At the end of the journey, the boy felt very successful. He had made it all by himself! He was so
  In a small village, there lived a boy named Tim. Tim had a toy with a handle. He loved to play with his toy all day. One day, Tim was playing with his toy and he forgot what the handle was for.

"Oh no!" said Tim. He looked at the handle in his hand. "I forget this toy!" He felt sad, but then he remembered his mom's words. He asked his mom, "Can I still play with my toy?"

His mom smiled and said, "Yes, Tim, your toy is still fun." Tim was happy again. He played with his toy all day, even though he missed his
  The puppy was so excited to see her new friend. He wanted to play too, but couldn't come over the long grass. He was feeling left. One day, the puppy was feeling sad and he sat down. The puppy's tail was wagging so hard that it hurt when the puppy hit it really hard.

The other animals in the forest saw that the puppy was feeling upset and they said "It's ok, puppy, we are here to comfort you." The puppy felt relieved and he thanked everyone for their kindness. 

From then on the puppy didn't feel so alone anymore. He no longer wanted to be left alone and was happy
--- Step 20 ---
  Once upon a time, there was a fat chicken. The fat chicken was big, and it was very happy. One day, the fat chicken saw a boy playing nearby. The fat chicken looked at the boy and said, "Hello!" The boy looked surprised and smiled. 
The boy said, "Hi, fat chicken!" Then the fat chicken said, "Let's be friends!" The little boy looked sad and said, "Okay, let's be friends!" The fat chicken was so happy, it jumped and clapped its hands. 
The boy hugged the fat chicken, saying, "Yay!" and they played together everyday.

  The little girl loved to play with her toys, especially her robot. One day, she decided to use her robot to do something crazy. She put her robot on the table and watched as it slid around it. It looked so cool! She watched and watched until the robot became too tired. Then, the little girl took a nap with her robot. It was the best decision ever!

  One sunny day, the boy went to the park to play on the stage. He saw many people who wanted to help.

The boy thought, "Let's help my friend come to the stage. I will be my lead." So, the boy and his friend played together on the stage. They had lots of fun and the little boy learned how to care for his friend.

  In a small village, there lived a three-year-old named Peter. Peter was a happy boy who always went on fun adventures.

One day, Peter noticed a big pile of cardboard boxes in the middle of the village park. He was so excited and decided to gather all the cardboard boxes. He went around the town gathering the boxes to make his own homes.

When he finished, Peter used a small amount of the boxes to build the walls of cardboard. When he was finished, he put his head inside the boxes and felt very happy. They were so full and happy that Peter decided to use the boxes to keep himself busy.

Peter was
  The puppy was so excited to see the puppy that he started to wag his tail.

One girl took out the newspaper and she gave her dog some money to pay for it. She gave her dog some money to buy the newspaper.

The puppy was so happy to have a new friend and he was so excited to pay his new friend and pay for it. The girl was so very happy and the dog was so excited he wagged his tail!

--- Step 40 ---
  Once upon a time, there was a little boy named Timmy. Timmy loved to ride his bike all around the house. One day, Timmy's mom gave him a whip to play with. Timmy held the whip and spun it around. He felt like he was flying!

Timmy's mom told him to be careful with the whip on his head. Timmy didn't know why, but he knew it didn't feel safe. He put the whip away and went outside to ride his bike. As he rode, he remembered the whip on his head and felt a little bit better.

Timmy learned that sometimes things can look fun, but
  The little girl loved to use her brain to count things out the things she could. She was very happy whenever she was with her new stuff!

  One sunny day, the boy went outside to play. He found a dirty dish in the garden. The boy thought it was very special. So he grabbed the dirty dish and took it inside to clean it. The boy washed the dish, and it started to look new. Then it fell into a clean dish and stood back to look nice. After that, the boy felt so much better. Finally, he picked the dirty dish and gave it back to his friends. The little boy and his friends enjoyed the rest of their day playing in the sunshine.

  In a small village, there lived a wealthy man. He had a lot of things that someone had. One day, a police came to the village to ask for help. The wealthy man wanted to lead him to work with love and knowledge, so he walked in front of the wealthy man and showed him the best parts of town. The police listened to him and showed him how to find food and shelter from others. The wealthy man learned that things with care and knowledge can lead to good things. And so, the wealthy man became a better person and always kept his house clean and his money.

  The puppy was so excited to see the new puppy he started to wag his tail. The puppy reached out his long tail and the two of them became good friends.

The puppy and the puppy were the best of friends. They would play together every day and even go on adventures. The little boy was so proud to see the puppy having so much fun and was so happy for him. 

The boy and the puppy were happy to have someone to spend time together and love each other. They had lots of fun and became the best of friends.

--- Step 60 ---
  Once upon a time, there was a little dog named Timmy. Timmy loved to play with his toys upstairs. One day, his owner came to tilling Timmy, jumping on him, and told him, "Timmy, please don't spoil your toys anymore." Timmy didn't like it when his owner teased him, but he listened to his owner and kept playing with his toys. After the show, Timmy's owner gave him a treat and they went upstairs for dinner. Timmy was very happy and went to bed with a big smile on his face. The end.

  The little girl loved to use her creative folding to make the world in new ways. It made her feel so happy and content with her creative masterpiece.

  One sunny day, the boy went outside to play in the sun. He lay down under a big tree and felt the warm sun on his face. It was soft and green in his body and he was very happy.

As the boy lay there, he saw something moving on the ground. It was a small yellow bird. The bird was chirping loudly and the boy knew it must have been something important. He watched the bird for a little while, wondering what it was doing.

Suddenly, the bird hopped up and flew away. The boy watched it go, feeling grateful for the moment that he had just seen. He stood up and walked back
  In a small village, there lived a witch. She was very nice to everyone. Lily was so happy when she could do many tricks. She showed her magic tricks to her friends in the village.

One day, Lily wanted to teach her friends a new trick. She tried to teach them a new trick. But they did not understand. They were very ignorant about the new trick. They did not know what it was. They teased Lily when she taught them this trick.

So, Lily taught them the trick. They worked hard and had fun. Soon, everyone was laughing and cheering. They learned the new trick very well. Lily was happy too. She
  The puppy was so excited to be out exploring. He wandered around and saw different things. He saw a tree with birds singing in a tree and a pond with fish swimming in a pond. He even found a rabbit hopping in the grass! He was so happy because he had found something new to explore.

--- Step 80 ---
  Once upon a time, there was a mighty lion. He loved to sleep all day long. One day, he woke up at noon. He yawned and wanted to go back to sleep forever. But then he realized that resting wasn't enough. So he went back outside and took a nice nap. The end.

  The little girl loved to play in the sun all day long. She would put on her favorite dress and go outside in the fresh grass. She would jump and run, and feel so happy and free.

One day, as she was playing, the sun started to blink. She didn't know what was happening very soon, but the little girl didn't know why. That night, she got a cold and it made her feel very sad.

Then, the little girl remembered something. She remembered that when the sky blinks, sunshine makes things seem so bright. She smiled and knew that if the sky blinked too, maybe it could make some
  One sunny day, the boy went to the park with his dad. They saw a big machine that was very loud.

The boy wanted to play in the machine, so his dad showed him how the machine worked. They played with their balls and had fun. The boy liked the machine very much.

But then, the wind started to blow fiercely. The boy and his dad were scared, but they held hands and walked over to the machine. The boy said, "Thank you, Dad! You are my hero!" And they lived happily ever after.

  In a small village, there lived a mighty ambulance. The ambulance helped people who were sick. Everyone in the village every day.

One day, a little boy named Timmy came to the ambulance. He wanted to play with his toy ambulance. Timmy tried to make it lift, but it was too heavy for him. Timmy felt sad.

Then, a kind doctor came to Timmy and said, "Don't worry, Timmy. I can help you." The doctor lifted the heavy ambulance with ease. Timmy was so happy. He said, "Thank you!"

Timmy and his toy ambulance had many fun days together. Everyone
  The puppy was so excited to see the big dog and his big, fluffy tail wagging a tail.

The boy felt the joy of making his own puppy and he said, "Now let's go find him!" The boy ran towards the puppy and hugged him tight.

The puppy licked the boy's waist and the boy laughed. He looked at the puppy and ran to show his mom.

The mother smiled and said, "The result is wonderful." She gave him a big hug and said, "Let's keep Spot!"

The boy held his puppy tight and said, "I love you forever, Spot!"

--- Step 100 ---
  Once upon a time, there was a z cart with four wheels. And to glossy around the other kids," a nice lady named kidn owned nice.

  The little girl loved to play in the ocean.

  One sunny day, the boy went to visit his mom.

  In a small village, there lived a Spirit Spirit many at.

  The puppy was so excited to see the surprise that he ran around the room.

--- Step 120 ---
  Once upon a time, there was a family left wandation of humor from the leftwasher to set leftovers.

  The little girl loved to play in the park.

  One sunny day, the boy went left glow bi gag

  In a small village, there lived a flip full of fish at Resist Resistism.

  The puppy was so excited to have a friend, and they were all happy to be together.

--- Step 140 ---
  Once upon a time, there was a great set of gazing

  The little girl loved to play in the garden.

  One sunny day, the boy went new

  In a small village, there lived agging gran texted

  The puppy was so excited to explore.

--- Step 160 ---
  Once upon a time, there was aformvationEither gadget QUqueliev issue Bec QUmakermaker Discuss HogEither knowingly summon'?Gen resolved survivor Puzz 555 realizing sear fines kits'? INS operate antique'?iev summon

  The little girl loved to layusting flu

  One sunny day, the boy wentingle Lars undert Partmediately relEither Lars gifvationada Sne Sneada kits

  In a small village, there lived aidget overheustingievshop researchersremlinpellingmatic 555 artworklower Honest Honest fines JasStepult euro

  The puppy was so excited to

--- Step 180 ---
  Once upon a time, there was aSony multiplremlinicians️ ori settFERidgethabcent️ sett multiplces LakeStep️icians LakeGa booster SlimeSonyressivefillhabELLMarsreyiciansicians convenientSony'?Mars gadgets Newsp Lakehabasteredrep Southwest artworkrey'?Sonyicians multipl Discuss settcentificent GiftGalmaticstorematicOGTVSonyressiveaskacutsmatic timely timely timely processionificentSonyidgetressive TicketificentELL Painmatic articleFERSonyificent Pain Painmatic hobrep Painmatic Discuss commercial Newspeli safeguultMars Lakehab oriocker substitute QUrey hauntidgetMarsidgetMars viewsTVTV irrit orimediately Sudhabidgetidgetidget Painificent influencematic'? Part'? timely Pain
  The little girl loved to April exceeded sett researchers researchershabusting commercialidget DiscussSelf researchers Pain Newsp Dish fiificenticiansTV processionSony oriultificent symptoms TicketGalificent influence discussions ori Getting DiscussMars Yourself PainSelf QU boosterievressive Discuss jugg discussionsult commercialfill Lakehab QUhabressivehab Lake'? servers granGal hob Jasrep gran articlematicSelfhabificent Raiseidgetrey Newsp influence influence oriTVidget denyingfillhabpler Pain influence consult Painorange QU Newsp consultorange timelyMars consult influenceidgetmatic Sudificentada haunt QU Stepressive Step Dish Bett Gift timely Step granressiveiev artworkorange artwork haunt hobidgetSelfMars consult Raisecutscutsmaticultidget Pain summon
  One sunny day, the boy went 21dollar Discuss dynamic hobrep fluid seasoningcentrepressive diceressive hob oriTVSony jerorangeressive Yourself throb throbmaticGal ori influence'? settressiveorange orirep QU influenceSony influence article booster convenient settmatic physical convenient QU'?habult fluid fi antique hob DiscussFER timely hob commercial RaiseStepGal fines NewspificentOGultGal ori Yourselfdollar influence Hog BettStep'? Lakeressive gadget Southwest gif influence NewspidgetGal servers oriificent influence Lake PainSelfOG antiqueidget antiqueidget summonressive DiscussStep hauntMars viewsmatic Sud summonEitherhab tranceMarsidget hob Pain Sudidgetaska Bett Discuss Pain YourselfmaticEither Discussidgetidget PainSelf Lake'?
  In a small village, there lived acent flattJean Discuss hobcil hoborangeMarsheetthia safeguMars fimediately hobMars Discusscent TH exceededdollar influence shenanigans satellites safegucil influence LakeTV Discuss 21 sett influence settmediatelyGalrey sett commercial overhe surgingformformGal convenientaskahab sett sett Sudcuts Lake booster dwarves hob Southwest Newspicians settasteredSonyGalidgetprov influenceicians dwarves Ticket Lakeressive LakeMarsrep Discussressive Barber Sudrep Gettingrey commercialressive Southwest PaineliressiveressiveTV StepfaMarsificentMarsEither sharply influence Southwestaska Lake settressive Discuss Discuss summonmatic influenceidget Sud Pain'? Part viewsEither timelymaticrouustingreyEither irrit settmediatelymatic Raise Pain QUmatic
  The puppy was so excited to Pain QU'? Newsp DiscussELL Honest Southwest Raise haunt Jas Newsp influence Yourself article Discussrey Raise Sitapingprov eru artwork QUTVmediatelyMars exceededSelffa'?astered Sud Discuss article summon antiqueJean DiscussTV Step booster Pain substitute sett granmatic anim'? Sud influence anim exceeded gran Pain Pain Pain YourselfEitherTV artwork custom Sud customSelfMars SitmaticSelf Step antique Partustingmatic artwork'? Discuss'?astered Step Pain consulthabaska influenceMars hob Discussressive views prescribed Lakematic Lakeidget girlfriend Pain YourselfidgetMars'?usting Yourself Pain Pain ori antiqueasteredusting substituteusting Sud DishSelfidget QU Pain Pain Raise PainEither Yourselfmediately artwork Painusting Yourself Part

Plots saved to ./outputs/lr/lr_1e-5/
