Device: cuda
GPU: NVIDIA GeForce RTX 5060 Ti

Experiment : ppo_epochs
Run        : ppo_e8_lr5e6
Output dir : ./outputs/ppo_epochs/ppo_e8_lr5e6

Config:
  model=roneneldan/TinyStories-33M
  batch=64, mini_batch=16, ppo_epochs=8
  kl_mode=adaptive, advantage_normalize=global
  prompts=6000, max_new_tokens=128

[init] Loading tokenizer + policy...
Warning: You are sending unauthenticated requests to the HF Hub. Please set a HF_TOKEN to enable higher rate limits and faster downloads.
Loading weights:   0%|          | 0/56 [00:00<?, ?it/s]Loading weights: 100%|██████████| 56/56 [00:00<00:00, 23591.91it/s]
[1mGPTNeoForCausalLM LOAD REPORT[0m from: roneneldan/TinyStories-33M
Key                                                   | Status     |  | 
------------------------------------------------------+------------+--+-
transformer.h.{0, 1, 2, 3}.attn.attention.masked_bias | UNEXPECTED |  | 
transformer.h.{0, 1, 2, 3}.attn.attention.bias        | UNEXPECTED |  | 

Notes:
- UNEXPECTED:	can be ignored when loading from different task/architecture; not ok if you expect identical arch.
Policy params: 68,514,817

[init] Loading reward model...
Loading weights:   0%|          | 0/201 [00:00<?, ?it/s]Loading weights: 100%|██████████| 201/201 [00:00<00:00, 3707.79it/s]
[1mRobertaForSequenceClassification LOAD REPORT[0m from: SamLowe/roberta-base-go_emotions
Key                             | Status     |  | 
--------------------------------+------------+--+-
roberta.embeddings.position_ids | UNEXPECTED |  | 

Notes:
- UNEXPECTED:	can be ignored when loading from different task/architecture; not ok if you expect identical arch.

[init] Building dataset...
Map:   0%|          | 0/6000 [00:00<?, ? examples/s]Map:  67%|██████▋   | 4000/6000 [00:00<00:00, 13451.52 examples/s]Map: 100%|██████████| 6000/6000 [00:00<00:00, 17169.17 examples/s]
Dataset: 6000 prompts
Example: Tim and Mia like to play in the park.
PPO config: batch=64, mini_batch=16, ppo_epochs=8
LR: 5e-06
KL: mode=adaptive, init_coef=0.3, target=10.0, horizon=500
Advantage normalize: global
Steps per epoch: 93, total: ~186

======================================================================
  Starting training: 2 epochs, cuda
======================================================================

  [step    0] R=0.1746 | KL=0.000 | beta=0.2923 | 8.9s/step
    >> Once upon a time, there was a curious little girl named Lily. One day, she went to the park with her mom and saw her friends playing on the swings. Lily wanted to join them, but her mom told her to wait for her turn.

Suddenly, Lily saw one of her friends take a toy from another kid and say mean things about it. Lily knew that wasn't right, so she went over to her friend and said, "That's not nice. We should tell the teacher about it." The teacher was proud of Lily for being thoughtful and told her that she did the right thing by teaching her the right thing to do.

After seeing
    >> The little girl loved to slide with the yellow slide in her garden, it was so much fun! One day, she saw her friend walking towards her.

"Hi Lily! What are you up to?" asked her friend.

Lily replied, "My mommy told me a funny joke about a silly duck and me."

"That sounds like a great idea!" said Tommy. "Did you know that purple flowers have flowers in trees? They help to grow all day!"

"Wow, I didn't know that flowers always have pretty bows?" asked Lily.

"I guess so. We can go to the store
    >> One sunny day, the boy went to the train station. He had a great time picking up things and going to see the trains. He got to a train station again and got on the train.

The boy saw a long train with lots of seats. He went to the seat and he started to rock it. He rocked it back and forth and he laughed with joy.

The little boy stayed on the train for a long time. He had so much fun. Finally he climbed out and went back home, tired but happy.

    >> In a small village, there lived a boy named Tim. Tim had a toy with a handle. He loved to play with his toy all day. One day, Tim's toy did not complete his game of hide and seek. He felt empty inside.

Tim's friend, Sam, said, "Let's play hide and seek using this handle to hide!" Tim and Sam started to play, but Sam forgot he hid the handle. They found a box and put the handle inside. "Now no one will find it," said Sam with a laugh.

Tim wanted to find the handle, but Sam said, "Let's take turns using it." They played
    >> The puppy was so excited to see her new friend. He wanted to play too, but couldn't come over to the house. He was feeling left. One day, the puppy was feeling sad and he sat down.

The puppy's owner decided she had had enough and picked up the puppy. She put the puppy in the car and drove off.

When they arrived at the house, the owner released the puppy. She wanted him to be happy. As she opened the door, the puppy couldn't see her anywhere. The owner smiled and waited.

Suddenly, the puppy heard a bark and followed the owner to the backyard. A big family
  [step    5] R=0.2266 | KL=7.581 | beta=0.2568 | 7.9s/step
You seem to be using the pipelines sequentially on GPU. In order to maximize efficiency please use a dataset
  [step   10] R=0.3766 | KL=10.316 | beta=0.2521 | 7.9s/step
  [step   15] R=0.3911 | KL=13.116 | beta=0.2786 | 7.9s/step
  [step   20] R=0.3401 | KL=13.049 | beta=0.3121 | 7.8s/step
    >> Once upon a time, there was a fat chicken. The fat chicken was very friendly and liked to give lots of corn to all the other animals.

One day, a little girl came to the farm. She wanted to feed the fat chicken some warm corn. But the fat chicken didn't want all of the corn; it wanted more than the little girl.

So the fat chicken started to eat. Little by little the chicken ate all of the corn. The little girl was so happy to have fed the fat chicken. The little girl and the fat chicken had a great day together.

    >> The little girl loved to play with her toys, especially her dolls. One day, she decided to use her dolls to do something else. She decided to go and cook dinner with her mom.

When they got to the kitchen, her mom showed her a big cook. The little girl was so scared to use her dolls to make dinner tonight. Her mom got angry and told her to calm down.

But she was too stubborn to listen and instead decided to use her dolls to make playtime more fun. Soon, dinner was ready and everything was delicious. The little girl learned that it was important to be creative and have fun with her dolls.
    >> One sunny day, the boy went to the park to play. He saw a grumpy old bird who wanted to help the old bird. The little boy told the bird, "Why are you grumpy?"

The little bird smiled and said, "I want the old bird's help sometimes!" The little boy was happy and said, "Thank you for coming to help me." The bird flew and then helped the little boy carry his broken heart to the grumpy old bird. Now the little boy was not grumpy anymore.

    >> In a small village, there lived a strong woman. She had a pretty pet that could run faster than her own arms.

One day, the strong woman went for a walk in the forest. She saw a little boy who was lost. The strong woman asked him, "What do you do in the forest?" The boy said, "I help my family find their way home."

The strong woman and the little boy found their way home. The strong woman was happy to help. From that day on, they became best friends.

    >> The puppy was so excited to play with Lily that he started to wag his tail.

Lily took the puppy out to the grass and they played together for a long time. They ran and chased each other around and had so much fun. At sunset, Lily and the puppy lay down on the lawn and watched the stars come out. It was a peaceful evening and Lily was so happy to have a new friend.

  [step   25] R=0.4083 | KL=11.334 | beta=0.3512 | 7.9s/step
  [step   30] R=0.3558 | KL=11.406 | beta=0.3955 | 7.9s/step
  [step   35] R=0.2716 | KL=14.125 | beta=0.4394 | 7.9s/step
  [step   40] R=0.3306 | KL=11.549 | beta=0.4942 | 8.2s/step
    >> Once upon a time, there was a naughty dog named Max. Max liked to eat waste. He did not care about the waste that he made in the park.

One day, Max found a big waste to eat. He was very happy. But his mom saw what Max was doing. She was not happy. She wanted to punish Max.

Max said, "Mom, please do not punish me." His mom said, "Max, you must be good and be nice." Max learned his lesson. From that day on, Max was a kind and tidy dog.

    >> The little girl loved to use her eraser to draw pictures. She would make funny shapes and animals too, and it was very fun.

One day, the mommy came home to find that her little three years old girl had used her eraser to draw on her own. She wanted to make sure she was doing it too, so she asked her mommy if she could use her eraser.

The mommy told her that the eraser was not available to her. She said that the little girl had to turn normal from playing in the park.

The little girl was sad, so the mommy talked to her in her
    >> One sunny day, the boy went outside to play. He found a big rock that was just right for him. The rock made a small, quiet sound while he played.

The boy started to yell, "I am not the best!" His mom heard him and came running outside. The boy told her about how the rock was making noise. His mom thought for a moment and said, "You are a brave boy, but sometimes you need to be a quiet, to make yourself and others happy." The boy smiled, and went back to play with his rock and other things.

    >> In a small village, there lived a wealthy man named Tom. Tom was very kind but he was not content. One evening, Tom went for a walk in the forest. He met a lady who was not as happy as he was and spoke to her. She was scared and alone. As Jack urged the elderly lady to go back home, Tom smiled and said, "Let's go home together, young man." The lady was thankful for the wise words of Tom. She thanked him and went back home. From that day on, they became the best of friends and the old man was happy. The moral of the story is that true kindness and good things happen to those
    >> The puppy was so excited to have a new friend he started to run around the yard. The puppy was so happy he could play and wasn't scared anymore. He kept jumping and running around with his new friends until the sun started to go down. Even when it was time to leave, the puppy was still loyal and still had his new friends to play with.

  [step   45] R=0.2503 | KL=12.929 | beta=0.5513 | 7.9s/step
  [step   50] R=0.2486 | KL=12.714 | beta=0.6256 | 7.9s/step
  [step   55] R=0.3018 | KL=14.085 | beta=0.7061 | 8.2s/step
  [step   60] R=0.2830 | KL=13.893 | beta=0.7959 | 7.9s/step
    >> Once upon a time, there was a little dog named Bob. Bob was very lonely because he had no friends to play with. One day, while Bob was playing outside, he started to shiver. He was so cold that he had to go home and take a dry shower. 

As Bob was taking a shower, he noticed that his tail was wet and he had shrunk. He tried to wiggle his tail free, but it wouldn't open. Bob was stuck for hours and he was so very cold. 

Finally, Bob's owner came to get him, but it was too late. Bob had shrunk too much and he was no longer able
    >> The little girl loved to use her creative magic wand to draw things in the sky. It was her favorite thing to do!

    >> One sunny day, the boy went outside to play in the sun. He lay down under a big tree and felt very happy.

As the boy lay under the tree, he saw a bird singing a beautiful song. The bird saw the boy and flew down from the tree. The boy watched the bird sing and then flew away. The bird saw the boy in the sky and flew to him, giving him a big smile. The boy and the bird became friends and played together every day.

    >> In a small village, there lived a witch named Luna. The witch was sad because her veil was not pretty anymore. Luna wanted to find a better veil for her own.

One day, Luna saw a beautiful veil in a store. She asked the store owner, "Can I have that veil for this pretty one?" The rich owner thought for a moment and said, "Yes, I will allow you to buy the veil." Luna was very happy and thanked the kind helper.

The moral of the story is that it is good to ask for help when you need it.

    >> The puppy was so excited to be out exploring. He wandered around and saw different things. He saw a tree with birds singing in them. 
At the end of the adventure and it was time to go home. The puppy was very happy that he had a wonderful time and was happy to have had such a fun adventure.

  [step   65] R=0.2496 | KL=12.022 | beta=0.8971 | 8.0s/step
  [step   70] R=0.2952 | KL=12.024 | beta=1.0054 | 8.0s/step
  [step   75] R=0.2284 | KL=16.080 | beta=1.1409 | 8.2s/step
  [step   80] R=0.1848 | KL=23.789 | beta=1.2946 | 7.8s/step
    >> Once upon a time, there was a little girl named Lily. One sunny Wednesday morning, Sarah woke up feeling miserable. She didn't want to play or eat breakfast. 

Sarah said to Sarah, "What's wrong?" and Sarah said, "I don't know who's sick. I fell down earlier today." 

Sarah thought for a moment and said, "Don't worry, I'll go ask my mommy." 

Sarah ran to her mommy and asked if she could help Sarah feel better. Her mommy said, "Of course, I'll help you!" 

The moral of the story is that even when things
    >> The little girl loved to fly. Every morning she would wake up and open the window so she could get some fresh air.

One sunny day, she looked out the window and saw a big, white bird flying in the sky. The little girl was so excited she couldn't wait to catch it. She opened the window and the bird flew out.

The little girl ran after the bird, following it's easy to move. She kept running until she reached the garden, where she saw a big, tall hedge. She knew the bird would be away for a few minutes.

The little girl hopped around the hedge and then jumped up and
    >> One sunny day, the boy went to the park together. But he didn't like it. He saw some other children playing on the swings and he just felt left out. 

The boy asked the other children if he could play on the swing too. But they said no. The boy felt sad. 

Then one of the other children said, "Let's play tag instead. We can race each other to see who can run the fastest!" 

The boy loved the idea! He smiled and ran around the park with the other children and playing tag. 

The boy realized that playing with friends was much more fun than being on
    >> In a small village, there lived a mighty ambulancever. volunteer from each to all the other, always giving good or kind and bringing joy to everyone.

One night, there was a new emergency – help was to fix a broken toy in the hall. The police were called rescue and whoever could find everyone was very brave and strong enough to fix their missing pieces.

Finally, the rescue arrived, and the brave little helper of the ambulance arrived. With all her strength, she climbed up the ladder and stuck her hand into the hall and pulled out the broken toy. Everyone cheered for her when she did it.

The rescue was a little bit sad,
    >> The puppy was so excited to see a big box of crayons. The puppy's owner picked the biggest one and said they would have lots of fun with it. 

The puppy was so happy! He ran around in the backyard, playing with the crayons and chasing them around. He even found a big stick and started drawing all sorts of things too. He ran around with the stick, and it was so much fun!

The puppy loved playing with the crayons, so he kept playing with them. One day, he found another crayon and started drawing circles and lines in the dirt. He was so happy and kept
  [step   85] R=0.2380 | KL=19.418 | beta=1.4690 | 8.2s/step
  [step   90] R=0.1637 | KL=21.888 | beta=1.6669 | 8.1s/step
  [step   95] R=0.1205 | KL=20.156 | beta=1.8915 | 7.7s/step
  [step  100] R=0.0699 | KL=28.012 | beta=2.1463 | 7.9s/step
    >> Once upon a time, there was a smooth cart with many hard floors. each smooth full nudly cars?" many avoiding only ..."

    >> The little girl loved to play near the ocean.

    >> One sunny day, the boy went to the park to play. He saw a boy sitting on a bench, looking at the same boy every before.
The boy was happy and went up to the boy and said, "Hi, can I play with you?"
The boy said, "No, you can't play with me. You are not good at playing."
The boy said, "I can show you something cool. I can go to the other side of the park where I can play with my friends."
The boy said, "Okay, but can I come too?" 
The boy said, "Sure, let's go!"
So
    >> In a small village, there lived a tornado!" many

    >> The puppy was so excited to see the surprise that he ran as fast as he could. He ran around the garden, jumping and wagging his tail. He explored the grass, chased butterflies and rolled in the dirt. He was so happy to be free and explore. When it started to get dark, the puppy stopped and lay down near the cozy spot. He saw a nice big rock and hopped over to sit on top. He felt so comfortable and warm, he closed his eyes and all around he could see a star twinkling in the sky. He felt happy and content and knew he had a special day.

  [step  105] R=0.0489 | KL=13.385 | beta=2.4274 | 7.0s/step
  [step  110] R=0.0602 | KL=16.290 | beta=2.7544 | 6.1s/step
  [step  115] R=0.0516 | KL=13.586 | beta=3.1255 | 2.6s/step
  [step  120] R=0.0572 | KL=15.018 | beta=3.5466 | 3.0s/step
    >> Once upon a time, there was a glow service of remaining stories.

    >> The little girl loved to spring.

    >> One sunny day, the boy went only.

    >> In a small village, there lived a

    >> The puppy was so excited to explore the world. Everywhere it was met and experienced so many new and wonderful things.

  [step  125] R=0.0760 | KL=39.039 | beta=4.0244 | 3.0s/step
  [step  130] R=0.0608 | KL=14.322 | beta=4.5666 | 2.4s/step
  [step  135] R=0.0460 | KL=15.759 | beta=5.1818 | 2.6s/step
  [step  140] R=0.0535 | KL=17.417 | beta=5.8799 | 2.6s/step
    >> Once upon a time, there was a. wand Celebr

    >> The little girl loved to weep.

    >> One sunny day, the boy went

    >> In a small village, there lived a

    >> The puppy was so excited to be had

  [step  145] R=0.0646 | KL=21.408 | beta=6.6721 | 2.8s/step
  [step  150] R=0.0692 | KL=20.169 | beta=7.5710 | 2.8s/step
  [step  155] R=0.0388 | KL=14.285 | beta=8.5910 | 2.6s/step
  [step  160] R=0.0468 | KL=21.929 | beta=9.7484 | 2.7s/step
    >> Once upon a time, there was a

    >> The little girl loved to

    >> One sunny day, the boy went

    >> In a small village, there lived a

    >> The puppy was so excited to

  [step  165] R=0.0525 | KL=16.124 | beta=11.0617 | 2.7s/step
  [step  170] R=0.0679 | KL=18.586 | beta=12.5520 | 2.8s/step
  [step  175] R=0.0716 | KL=21.786 | beta=14.2430 | 2.6s/step
  [step  180] R=0.0327 | KL=45.350 | beta=16.1619 | 2.8s/step
    >> Once upon a time, there was a

    >> The little girl loved to

    >> One sunny day, the boy went droughtived

    >> In a small village, there lived a Modfill happange

    >> The puppy was so excited to

  [step  185] R=0.0375 | KL=169.696 | beta=18.3393 | 4.7s/step

======================================================================
  Done: 186 steps in 1088s (5.8s/step avg)
======================================================================

======================================================================
  SUMMARY — ppo_epochs/ppo_e8_lr5e6
======================================================================
  Total steps:    186
  Final R (avg):  0.0409
  Peak R:         0.4083
  Final KL (avg): 65.246
  Final beta:     18.3393
--- Step 0 ---
  Once upon a time, there was a curious little girl named Lily. One day, she went to the park with her mom and saw her friends playing on the swings. Lily wanted to join them, but her mom told her to wait for her turn.

Suddenly, Lily saw one of her friends take a toy from another kid and say mean things about it. Lily knew that wasn't right, so she went over to her friend and said, "That's not nice. We should tell the teacher about it." The teacher was proud of Lily for being thoughtful and told her that she did the right thing by teaching her the right thing to do.

After seeing
  The little girl loved to slide with the yellow slide in her garden, it was so much fun! One day, she saw her friend walking towards her.

"Hi Lily! What are you up to?" asked her friend.

Lily replied, "My mommy told me a funny joke about a silly duck and me."

"That sounds like a great idea!" said Tommy. "Did you know that purple flowers have flowers in trees? They help to grow all day!"

"Wow, I didn't know that flowers always have pretty bows?" asked Lily.

"I guess so. We can go to the store
  One sunny day, the boy went to the train station. He had a great time picking up things and going to see the trains. He got to a train station again and got on the train.

The boy saw a long train with lots of seats. He went to the seat and he started to rock it. He rocked it back and forth and he laughed with joy.

The little boy stayed on the train for a long time. He had so much fun. Finally he climbed out and went back home, tired but happy.

  In a small village, there lived a boy named Tim. Tim had a toy with a handle. He loved to play with his toy all day. One day, Tim's toy did not complete his game of hide and seek. He felt empty inside.

Tim's friend, Sam, said, "Let's play hide and seek using this handle to hide!" Tim and Sam started to play, but Sam forgot he hid the handle. They found a box and put the handle inside. "Now no one will find it," said Sam with a laugh.

Tim wanted to find the handle, but Sam said, "Let's take turns using it." They played
  The puppy was so excited to see her new friend. He wanted to play too, but couldn't come over to the house. He was feeling left. One day, the puppy was feeling sad and he sat down.

The puppy's owner decided she had had enough and picked up the puppy. She put the puppy in the car and drove off.

When they arrived at the house, the owner released the puppy. She wanted him to be happy. As she opened the door, the puppy couldn't see her anywhere. The owner smiled and waited.

Suddenly, the puppy heard a bark and followed the owner to the backyard. A big family
--- Step 20 ---
  Once upon a time, there was a fat chicken. The fat chicken was very friendly and liked to give lots of corn to all the other animals.

One day, a little girl came to the farm. She wanted to feed the fat chicken some warm corn. But the fat chicken didn't want all of the corn; it wanted more than the little girl.

So the fat chicken started to eat. Little by little the chicken ate all of the corn. The little girl was so happy to have fed the fat chicken. The little girl and the fat chicken had a great day together.

  The little girl loved to play with her toys, especially her dolls. One day, she decided to use her dolls to do something else. She decided to go and cook dinner with her mom.

When they got to the kitchen, her mom showed her a big cook. The little girl was so scared to use her dolls to make dinner tonight. Her mom got angry and told her to calm down.

But she was too stubborn to listen and instead decided to use her dolls to make playtime more fun. Soon, dinner was ready and everything was delicious. The little girl learned that it was important to be creative and have fun with her dolls.
  One sunny day, the boy went to the park to play. He saw a grumpy old bird who wanted to help the old bird. The little boy told the bird, "Why are you grumpy?"

The little bird smiled and said, "I want the old bird's help sometimes!" The little boy was happy and said, "Thank you for coming to help me." The bird flew and then helped the little boy carry his broken heart to the grumpy old bird. Now the little boy was not grumpy anymore.

  In a small village, there lived a strong woman. She had a pretty pet that could run faster than her own arms.

One day, the strong woman went for a walk in the forest. She saw a little boy who was lost. The strong woman asked him, "What do you do in the forest?" The boy said, "I help my family find their way home."

The strong woman and the little boy found their way home. The strong woman was happy to help. From that day on, they became best friends.

  The puppy was so excited to play with Lily that he started to wag his tail.

Lily took the puppy out to the grass and they played together for a long time. They ran and chased each other around and had so much fun. At sunset, Lily and the puppy lay down on the lawn and watched the stars come out. It was a peaceful evening and Lily was so happy to have a new friend.

--- Step 40 ---
  Once upon a time, there was a naughty dog named Max. Max liked to eat waste. He did not care about the waste that he made in the park.

One day, Max found a big waste to eat. He was very happy. But his mom saw what Max was doing. She was not happy. She wanted to punish Max.

Max said, "Mom, please do not punish me." His mom said, "Max, you must be good and be nice." Max learned his lesson. From that day on, Max was a kind and tidy dog.

  The little girl loved to use her eraser to draw pictures. She would make funny shapes and animals too, and it was very fun.

One day, the mommy came home to find that her little three years old girl had used her eraser to draw on her own. She wanted to make sure she was doing it too, so she asked her mommy if she could use her eraser.

The mommy told her that the eraser was not available to her. She said that the little girl had to turn normal from playing in the park.

The little girl was sad, so the mommy talked to her in her
  One sunny day, the boy went outside to play. He found a big rock that was just right for him. The rock made a small, quiet sound while he played.

The boy started to yell, "I am not the best!" His mom heard him and came running outside. The boy told her about how the rock was making noise. His mom thought for a moment and said, "You are a brave boy, but sometimes you need to be a quiet, to make yourself and others happy." The boy smiled, and went back to play with his rock and other things.

  In a small village, there lived a wealthy man named Tom. Tom was very kind but he was not content. One evening, Tom went for a walk in the forest. He met a lady who was not as happy as he was and spoke to her. She was scared and alone. As Jack urged the elderly lady to go back home, Tom smiled and said, "Let's go home together, young man." The lady was thankful for the wise words of Tom. She thanked him and went back home. From that day on, they became the best of friends and the old man was happy. The moral of the story is that true kindness and good things happen to those
  The puppy was so excited to have a new friend he started to run around the yard. The puppy was so happy he could play and wasn't scared anymore. He kept jumping and running around with his new friends until the sun started to go down. Even when it was time to leave, the puppy was still loyal and still had his new friends to play with.

--- Step 60 ---
  Once upon a time, there was a little dog named Bob. Bob was very lonely because he had no friends to play with. One day, while Bob was playing outside, he started to shiver. He was so cold that he had to go home and take a dry shower. 

As Bob was taking a shower, he noticed that his tail was wet and he had shrunk. He tried to wiggle his tail free, but it wouldn't open. Bob was stuck for hours and he was so very cold. 

Finally, Bob's owner came to get him, but it was too late. Bob had shrunk too much and he was no longer able
  The little girl loved to use her creative magic wand to draw things in the sky. It was her favorite thing to do!

  One sunny day, the boy went outside to play in the sun. He lay down under a big tree and felt very happy.

As the boy lay under the tree, he saw a bird singing a beautiful song. The bird saw the boy and flew down from the tree. The boy watched the bird sing and then flew away. The bird saw the boy in the sky and flew to him, giving him a big smile. The boy and the bird became friends and played together every day.

  In a small village, there lived a witch named Luna. The witch was sad because her veil was not pretty anymore. Luna wanted to find a better veil for her own.

One day, Luna saw a beautiful veil in a store. She asked the store owner, "Can I have that veil for this pretty one?" The rich owner thought for a moment and said, "Yes, I will allow you to buy the veil." Luna was very happy and thanked the kind helper.

The moral of the story is that it is good to ask for help when you need it.

  The puppy was so excited to be out exploring. He wandered around and saw different things. He saw a tree with birds singing in them. 
At the end of the adventure and it was time to go home. The puppy was very happy that he had a wonderful time and was happy to have had such a fun adventure.

--- Step 80 ---
  Once upon a time, there was a little girl named Lily. One sunny Wednesday morning, Sarah woke up feeling miserable. She didn't want to play or eat breakfast. 

Sarah said to Sarah, "What's wrong?" and Sarah said, "I don't know who's sick. I fell down earlier today." 

Sarah thought for a moment and said, "Don't worry, I'll go ask my mommy." 

Sarah ran to her mommy and asked if she could help Sarah feel better. Her mommy said, "Of course, I'll help you!" 

The moral of the story is that even when things
  The little girl loved to fly. Every morning she would wake up and open the window so she could get some fresh air.

One sunny day, she looked out the window and saw a big, white bird flying in the sky. The little girl was so excited she couldn't wait to catch it. She opened the window and the bird flew out.

The little girl ran after the bird, following it's easy to move. She kept running until she reached the garden, where she saw a big, tall hedge. She knew the bird would be away for a few minutes.

The little girl hopped around the hedge and then jumped up and
  One sunny day, the boy went to the park together. But he didn't like it. He saw some other children playing on the swings and he just felt left out. 

The boy asked the other children if he could play on the swing too. But they said no. The boy felt sad. 

Then one of the other children said, "Let's play tag instead. We can race each other to see who can run the fastest!" 

The boy loved the idea! He smiled and ran around the park with the other children and playing tag. 

The boy realized that playing with friends was much more fun than being on
  In a small village, there lived a mighty ambulancever. volunteer from each to all the other, always giving good or kind and bringing joy to everyone.

One night, there was a new emergency – help was to fix a broken toy in the hall. The police were called rescue and whoever could find everyone was very brave and strong enough to fix their missing pieces.

Finally, the rescue arrived, and the brave little helper of the ambulance arrived. With all her strength, she climbed up the ladder and stuck her hand into the hall and pulled out the broken toy. Everyone cheered for her when she did it.

The rescue was a little bit sad,
  The puppy was so excited to see a big box of crayons. The puppy's owner picked the biggest one and said they would have lots of fun with it. 

The puppy was so happy! He ran around in the backyard, playing with the crayons and chasing them around. He even found a big stick and started drawing all sorts of things too. He ran around with the stick, and it was so much fun!

The puppy loved playing with the crayons, so he kept playing with them. One day, he found another crayon and started drawing circles and lines in the dirt. He was so happy and kept
--- Step 100 ---
  Once upon a time, there was a smooth cart with many hard floors. each smooth full nudly cars?" many avoiding only ..."

  The little girl loved to play near the ocean.

  One sunny day, the boy went to the park to play. He saw a boy sitting on a bench, looking at the same boy every before.
The boy was happy and went up to the boy and said, "Hi, can I play with you?"
The boy said, "No, you can't play with me. You are not good at playing."
The boy said, "I can show you something cool. I can go to the other side of the park where I can play with my friends."
The boy said, "Okay, but can I come too?" 
The boy said, "Sure, let's go!"
So
  In a small village, there lived a tornado!" many

  The puppy was so excited to see the surprise that he ran as fast as he could. He ran around the garden, jumping and wagging his tail. He explored the grass, chased butterflies and rolled in the dirt. He was so happy to be free and explore. When it started to get dark, the puppy stopped and lay down near the cozy spot. He saw a nice big rock and hopped over to sit on top. He felt so comfortable and warm, he closed his eyes and all around he could see a star twinkling in the sky. He felt happy and content and knew he had a special day.

--- Step 120 ---
  Once upon a time, there was a glow service of remaining stories.

  The little girl loved to spring.

  One sunny day, the boy went only.

  In a small village, there lived a

  The puppy was so excited to explore the world. Everywhere it was met and experienced so many new and wonderful things.

--- Step 140 ---
  Once upon a time, there was a. wand Celebr

  The little girl loved to weep.

  One sunny day, the boy went

  In a small village, there lived a

  The puppy was so excited to be had

--- Step 160 ---
  Once upon a time, there was a

  The little girl loved to

  One sunny day, the boy went

  In a small village, there lived a

  The puppy was so excited to

--- Step 180 ---
  Once upon a time, there was a

  The little girl loved to

  One sunny day, the boy went droughtived

  In a small village, there lived a Modfill happange

  The puppy was so excited to


Plots saved to ./outputs/ppo_epochs/ppo_e8_lr5e6/
