Device: cuda
GPU: NVIDIA GeForce RTX 5060 Ti

Experiment : adv_norm
Run        : adv_none_lr5e6
Output dir : ./outputs/adv_norm/adv_none_lr5e6

Config:
  model=roneneldan/TinyStories-33M
  batch=64, mini_batch=16, ppo_epochs=4
  kl_mode=adaptive, advantage_normalize=none
  prompts=6000, max_new_tokens=128

[init] Loading tokenizer + policy...
Warning: You are sending unauthenticated requests to the HF Hub. Please set a HF_TOKEN to enable higher rate limits and faster downloads.
Loading weights:   0%|          | 0/56 [00:00<?, ?it/s]Loading weights: 100%|██████████| 56/56 [00:00<00:00, 23795.06it/s]
[1mGPTNeoForCausalLM LOAD REPORT[0m from: roneneldan/TinyStories-33M
Key                                                   | Status     |  | 
------------------------------------------------------+------------+--+-
transformer.h.{0, 1, 2, 3}.attn.attention.bias        | UNEXPECTED |  | 
transformer.h.{0, 1, 2, 3}.attn.attention.masked_bias | UNEXPECTED |  | 

Notes:
- UNEXPECTED:	can be ignored when loading from different task/architecture; not ok if you expect identical arch.
Policy params: 68,514,817

[init] Loading reward model...
Loading weights:   0%|          | 0/201 [00:00<?, ?it/s]Loading weights: 100%|██████████| 201/201 [00:00<00:00, 4402.45it/s]
[1mRobertaForSequenceClassification LOAD REPORT[0m from: SamLowe/roberta-base-go_emotions
Key                             | Status     |  | 
--------------------------------+------------+--+-
roberta.embeddings.position_ids | UNEXPECTED |  | 

Notes:
- UNEXPECTED:	can be ignored when loading from different task/architecture; not ok if you expect identical arch.

[init] Building dataset...
Map:   0%|          | 0/6000 [00:00<?, ? examples/s]Map:  50%|█████     | 3000/6000 [00:00<00:00, 10815.05 examples/s]Map: 100%|██████████| 6000/6000 [00:00<00:00, 17845.72 examples/s]
Dataset: 6000 prompts
Example: Tim and Mia like to play in the park.
PPO config: batch=64, mini_batch=16, ppo_epochs=4
LR: 5e-06
KL: mode=adaptive, init_coef=0.3, target=10.0, horizon=500
Advantage normalize: none
Steps per epoch: 93, total: ~186

======================================================================
  Starting training: 2 epochs, cuda
======================================================================

  [step    0] R=0.1746 | KL=0.000 | beta=0.2923 | 5.6s/step
    >> Once upon a time, there was a curious little girl named Lily. One day, she went to the park with her mom and saw her friends playing on the swings. Lily wanted to join them, but her mom told her to wait for her turn.

Suddenly, Lily saw a big dog running towards her friends. She ran and tried to escape, but the dog was too fast. Just as the dog was about to bite her, Lily's friend jumped up and scratched the dog's nose. Ben came running too, but it was too late. Lily's mom saw what happened and quickly ran to get help.

The end.

    >> The little girl loved to explore and feel the big blue ocean. One day, she went for a walk near the beach again and saw a white bird. The bird was singing a beautiful song and the wind was blowing gently through the trees.

The little girl was so happy to see the bird and she wanted to listen more closely. So, she clapped her hands and sang along with the bird. After a while, the bird flew away and the little girl was excited to tell all of her friends about the special bird she met in the sea.

    >> One sunny day, the boy went to the train station. He had a great time picking up things and going to see the trains. He got to a train station again and got on the train.

The boy saw a long train with lots of seats. He pointed to the seat and said, "Mom, can I get a seat?" His mom smiled and said, "Sure. Let's go get one." 

The mom and the boy paid the conductor and took the train home. The boy spent the whole day looking out the train and all the places it had been. When it was time to go home, all the passengers cheered for the little
    >> In a small village, there lived a boy named Tim. Tim had a toy with a handle. He loved to play with his toy all day. One day, Tim's toy did not complete his game of hide and seek. He felt empty inside.

Tim's friend, Sam, said, "Let's play hide and seek using this handle to hide!" Tim and Sam started to play, but Sam ran away to find a hidden hiding spot. The handle got stuck in a tree. Tim saw Sam hiding there, and he wanted to help.

Tim tried to pull the handle back, but it wouldn't move. He tried to part the branch, but
    >> The puppy was so excited to see her new friend. He wanted to play too, but couldn't come over to the house. He was feeling left. One day, the puppy was feeling sad and he sat down.

The puppy's owner decided to take him out for a walk. The dad was very polite to the puppy and thanked him for coming over. As they were walking, they passed a nearby cafe. The owner's eyes sparkled when he saw the puppy and said to his husband, "I need some money so I can buy you some milk."

The dad was so happy to hear this. He asked the owner if he could have
  [step    5] R=0.2219 | KL=4.568 | beta=0.2568 | 4.8s/step
You seem to be using the pipelines sequentially on GPU. In order to maximize efficiency please use a dataset
  [step   10] R=0.3447 | KL=10.637 | beta=0.2336 | 5.1s/step
  [step   15] R=0.3373 | KL=10.110 | beta=0.2289 | 4.7s/step
  [step   20] R=0.4172 | KL=10.017 | beta=0.2189 | 4.7s/step
    >> Once upon a time, there was a fat chicken. The fat chicken was big, and she was very happy. One day, the fat chicken saw a boy playing nearby. She did not want to go and play with the boy, but the boy found it hard to resist. The fat chicken watched him all day, but then something made her hungry. She started to eat a big meal and was very happy it was food. The end.

    >> The little girl loved to play with her soft cat every day. She loved it because it was so soft and cute. Her cat was always very nice to her too! They played together for hours, and it was an adorable friendship.

    >> One sunny day, the boy went to the park to play. He saw a large bird and got scared. The bird tried to explain to him why it was nice and kind. The bird showed the boy a nice house where he could live without any waste. The boy was happy now and played with his friends in the park.

    >> In a small village, there lived a strong woman. She had a pretty pet. The strong woman and her pet went for a walk. They saw a tree with big leaves. The brave woman and her pet played near the tree all day long. They were very happy. The strong woman and her pet went home.

    >> The puppy was so excited to see the puppy that he started to wag his tail.

One girl noticed the puppy and said, “Let me tie you so tightly so that you can be safe”. So the little girl knelt down and the puppy stayed very still.

The girl was very happy to have found the puppy as her friend. And ever since that day, they have never been apart from each other.

  [step   25] R=0.4113 | KL=11.156 | beta=0.2246 | 4.7s/step
  [step   30] R=0.4450 | KL=7.611 | beta=0.2084 | 4.7s/step
  [step   35] R=0.4791 | KL=9.150 | beta=0.1920 | 4.6s/step
  [step   40] R=0.4526 | KL=8.165 | beta=0.1786 | 4.6s/step
    >> Once upon a time, there was a boy named Timmy. Timmy loved to play catch with his mommy. One day, Timmy and his mommy played catch outside again. They laughed and had so much fun. 

Timmy's mommy said, "When it gets tough, Timmy, you are a good boy." This made Timmy feel happy and he said, "Thank you mommy, I love you." 

After playing catch on the ball, Timmy and his mommy stayed inside to have tea and cookies. They had a normal tea party and had so much fun. Timmy loved playing catch with his mommy
    >> The little girl loved to play with all the fun things in her room. She never felt so happy!

    >> One sunny day, the boy went to the park to dance in the rain. He jumped and spun around and laughed all the time. His happy dance made him feel all the joy.

    >> In a small village, there lived a happy man named Tom. Tom was kind and loved to help others.

One day, Tom met another wise man named Bob. He said, "Tom, have you seen my big red nose? I lost you and my big red nose." Tom was happy to hear this and said, "Yes, Bob. I will provide you with a big red nose." So, Tom gave Bob a big red nose and found him in his big red nose.

Bob was very happy to find his big red nose. He thanked Tom and said, "Thank you, Tom. Your big red nose is very pretty and I love it
    >> The puppy was so excited to find a friendly owner just like her.

  [step   45] R=0.4965 | KL=9.348 | beta=0.1790 | 5.0s/step
  [step   50] R=0.4115 | KL=8.423 | beta=0.1723 | 4.6s/step
  [step   55] R=0.4422 | KL=10.362 | beta=0.1703 | 4.7s/step
  [step   60] R=0.4697 | KL=9.379 | beta=0.1641 | 4.9s/step
    >> Once upon a time, there was a little girl named Claire who loved to spin.

    >> The little girl loved to jog and slide. She was very brave.

    >> One sunny day, the boy went to the park by himself. He looked around and was very successful. The boy saw a very colorful butterfly in the sunshine. 
the boy smiled and started to follow it. He followed the butterfly for a few minutes and soon the butterfly flew away. The boy ran after it and had so much fun.
Eventually the butterfly flew away and the boy went back home. He was very successful for his journey and he loved being outside!

    >> In a small village, there lived a little boy named Jack. Jack was a happy boy who loved to play with his friends. He had a special toy called Mr. Fuzzo.

One day, Jack and Mr. Fuzz went to the village square. They saw a little girl named Lily carrying a red tomato. Jack asked, "Can I have your tomato, please?" Lily said, "Yes, please give it to me. I saw it first." But Jack tried to be nice, and he said, "It's my favorite, Mr. Fuzz has to accept that I get to receive the tomato." 

Lily said, "
    >> The puppy was so excited to finally have a name. The kitten loved to play and explore. One day, while exploring, the puppy came out back in the hole. It was so happy and excited to have its new life in the underground. It quickly hopped back the hole and the puppy lay down, content knowing it was safe.

  [step   65] R=0.4944 | KL=11.266 | beta=0.1638 | 4.7s/step
  [step   70] R=0.4310 | KL=9.963 | beta=0.1532 | 4.7s/step
  [step   75] R=0.4516 | KL=11.098 | beta=0.1445 | 4.6s/step
  [step   80] R=0.5350 | KL=10.307 | beta=0.1449 | 4.7s/step
    >> Once upon a time, there was a little girl named Lily. She loved to play with her dolls and dress them up in pretty clothes.
One day, Lily's uncle came to visit. He brought a new bag of toys with him because he was so kind to her. Lily was so happy and couldn't wait to play with her dolls.

Lily wanted to make her uncle happy, so she asked him if she could borrow the new car. Her uncle said yes, and Lily was so happy! She carried the new car around with her, making her uncle smile.

In the end, Lily was grateful that her uncle was so kind. She loved
    >> The little girl loved to go to the park and climb on the swing. It felt very good, because it rocked back and forth. The end.

    >> One sunny day, the boy went to the park and found an ancient plant. He looked at it and wondered what it was.

The boy took the plant home and asked his mom what it belonged to. His mom told him it belonged to a famous plant. But the boy did not want to give it away. So, he decided to give it to his aunt.

When the boy's aunt saw the beautiful plant she was so happy. She thanked the boy for offering. She was so thankful that she gave the boy the best gift ever.

The boy was glad the generous gift had yielded to him. He knew he had tried to help his
    >> In a small village, there lived a girl named Anna who loved to dance. She would dance in the sun every day and her life was always peaceful and warm.

One year, while dancing, she found a new friend in the old town. He was a little bird, who liked to dance too. They danced together all day and had so much fun.

Anna and the bird were happy. They became the best of friends, and they would dance together every year. Everyone in the town was proud of their friendship, and Anna was very happy.

    >> The puppy was so excited to meet his new friends! He ran around the park with them and had lots of fun in the sunshine. The pup was so happy his adventures were complete and he loved his new family!

  [step   85] R=0.5238 | KL=8.369 | beta=0.1414 | 4.7s/step
  [step   90] R=0.5338 | KL=11.056 | beta=0.1390 | 4.5s/step
  [step   95] R=0.5230 | KL=10.688 | beta=0.1435 | 4.6s/step
  [step  100] R=0.5088 | KL=9.286 | beta=0.1433 | 4.9s/step
    >> Once upon a time, there was a family. The mom and the dad were very honest. They wanted some meat, so they went to the store to buy some.

On their way back home, the mom and the dad stopped walking. The dad said, "The mom and I have a special surprise for you!" He smiled and Mom said, "It's cheese!"

When they got home, the mom got a very dependable letter from the letter. Everyone was very excited. On the envelope, it said, "Happy birthday!” On the letter, it said how much the mom and the dad valued the steak.

The mom and
    >> The little girl loved to make things.
One day, the little girl found a new tool in the box.
The tool was made for digging.
The little girl was very excited and she said to her mom, "Mommy, what is it?"
Her mom said, "It's a special tool. I guess it is used for digging."
The little girl held the tool and took it out to the garden. She started to dig the holes with it.
The little girl and the tool kept digging until they had made a whole wall!
The little girl was so happy and she said, "Look! You made a big hole
    >> One sunny day, the boy went to the store in his jeep. He was so excited! 

When he arrived, he was filled with anticipation. He got out of his jeep and saw a big, colorful surprise! It was a big, bouncy ball. The boy was so happy! 

He took the ball and began to play catch. It was so much fun! The boy threw it, and the ball bounced. Everywhere he threw it, he laughed and clapped. He had a great time! 

The boy was so surprised and happy with his new ball. He never again threw the ball than before and enjoyed it
    >> In a small village, there lived a boy named Tom. Tom loved to jog in the wild forest near his house every day. His mom and dad always watched Tom jog in the morning and they liked to have Tom jogging too.

One sunny day, Tom and his family went to the wild forest. They jogged and jogged and jogged. The sun was shining and the leaves were green. Tom and his family laughed and jogged along the trees. They felt very happy.

After that day, Tom and his family had a great time jogging in the wild forest and they had a new friend. They jogged and jogged with Tom's
    >> The puppy was so excited to explore his new home! He was now a part of a happier and better puppy. 

The puppy had lots of fun new things to explore. He was happy to have found his new family!

  [step  105] R=0.4997 | KL=9.362 | beta=0.1425 | 4.7s/step
  [step  110] R=0.5228 | KL=8.967 | beta=0.1400 | 4.7s/step
  [step  115] R=0.4597 | KL=10.256 | beta=0.1335 | 5.0s/step
  [step  120] R=0.4043 | KL=10.123 | beta=0.1323 | 4.7s/step
    >> Once upon a time, there was a girl named Emma. She had a very special thing. It was unique because it was her special thing.

One day, Emma went outside and saw a big surprise. It was a garden full of flowers. They were so beautiful. Emma was so happy. She ran outside and started gathering the flowers. She added them to her special thing and it looked even more special.

Emma loved her special thing and all of her new things. She played in the garden everyday with her unique things. Emma was very happy and enjoyed watching the flowers bloom.

    >> The little girl loved to play with the jug. She would push it around the floor and imagine she was pushing it into a car. She felt so good when she played with the jug. The jug was a great friend to the girl. They played together every day, always having fun.

    >> One sunny day, the boy went outside to play. He saw a big tree and a little bird in the tree. The boy liked the bird and wanted to protect it. So, he took the bird home and made a nice place with him. They shared their seeds and played together every day.

    >> In a small village, there lived a friendly cat named Daisy. Daisy loved to play with her friends every day.

One day, Daisy and her friends were playing in the park. Daisy saw a big box under a tree. She decided to deliver the box to her friends. She walked and walked until she found Daisy. Daisy's friends were happy to see her with the box.

The box had lots of useful things inside. Daisy's friends were excited too. They played with Daisy and had lots of fun. They were always happy to see Daisy with the box.

    >> The puppy was so excited to have found its new home. They became the best of friends and always did fun things together!

  [step  125] R=0.4157 | KL=10.430 | beta=0.1253 | 4.8s/step
  [step  130] R=0.5158 | KL=10.987 | beta=0.1199 | 5.0s/step
  [step  135] R=0.6204 | KL=8.319 | beta=0.1176 | 4.6s/step
  [step  140] R=0.5450 | KL=8.810 | beta=0.1162 | 4.7s/step
    >> Once upon a time, there was a little girl named Lily. She loved to play outside in the garden with her toys. One day, Lily found a big box of toys inside the garden. She opened the box and saw lots of pretty dolls and teddy bears. She smiled and played with them all day. When it was time to go inside, Lily said goodbye to the box and promised to come back and play again soon. The end.

    >> The little girl loved to take care of all the creatures that lived in her house. She also liked to go outside and dance around in funny ways. Her friends at school wanted to join her. Every morning at school with the animals she made.

The girl and the animals were so happy. Together they created the most fun memories. They all sang, laughed and made silly things. The little girl wanted to always play and make the animals smile. Every day they could make this happy memories.

The end.

    >> One sunny day, the boy went outside to play with his toys. He saw a toy car on the ground and wanted to pick it up and play with it. The toy car was very pretty, and the boy wanted to touch it.

The boy took the pretty toy car in his hand and threw it in the air. But the toy car fell down and broke into pieces. The boy was very sad, and he cried. He wished he had not played with the toy car. He learned that he should not play with things without asking his mommy and daddy.

    >> In a small village, there lived a three year old named Michael.  Michael was very curious and loved to explore nature. One day, he got lost in his neighbourhood and tried to discover all sorts of interesting things in the neighbourhood. He was so confused!

Then, he decided to look around and noticed a small bird flying overhead. He wondered what it was doing and opened his bag to take a look.  Then, he noticed something moving in the park below the trees. He quickly realised that it was a friendly animal! Michael was amazed and carefully watched it until it disappeared into the sky.

He felt happy and excited to have discovered something exciting. As
    >> The puppy was so excited to be outside and explore. As the infant went closer, he kept repeating the same movement back and forth with his little body. The puppy continued to jump around with joy. Finally, the puppy reached the top and took a look around. It was so high and so high! The puppy grinned and held his paw up high, showing his delight to the other puppy. He laughed with joy!

  [step  145] R=0.5217 | KL=10.829 | beta=0.1231 | 4.7s/step
  [step  150] R=0.4331 | KL=10.974 | beta=0.1241 | 4.7s/step
  [step  155] R=0.5414 | KL=7.271 | beta=0.1191 | 4.6s/step
  [step  160] R=0.4452 | KL=8.736 | beta=0.1123 | 4.7s/step
    >> Once upon a time, there was a big crane. The crane was very slow and could not walk very fast. 

One day, the crane saw a tiny bird. The bird was not very fast, but the crane wanted to be friends. So, the crane and the bird became good friends. They played together every day. 

One day, the crane got very dirty. But the crane was still not fast like the tiny bird. So, the crane decided to help the bird heal. They became the best of friends like each other and were never slow again.

    >> The little girl loved to count too. She enjoyed counting things with her family before buying vegetables. The little girl loved counting things and was very happy.

    >> One sunny day, the boy went to the park to dance with his friends. They all danced and laughed together. Everyone was so happy. The boy and his friends stayed at the park until the sun went down. They danced until the sun went down. Then they went home with big smiles on their faces.

    >> In a small village, there lived a little boy named Bob. Bob loved to play outside in the sun. He would run around and have lots of fun.

One sunny day, Bob was playing with his toy airplane in the sun. He threw the airplane high in the sky. The sky turned bright and blue. Bob was so happy to see his airplane fly into the air.

Bob played all day until it was time to go home. He said goodbye to his airplane and ran back to his house. Bob couldn't wait to play with his airplane again tomorrow.

    >> The puppy was so excited to find this lovely bone. She quickly took off each day, feeling full of joy.
Each time it was the same – the puppy was now full of joy. 
The puppy never forgot how much the leash made her feel and she lived sadly for many years to come.

  [step  165] R=0.5894 | KL=10.703 | beta=0.1118 | 4.7s/step
  [step  170] R=0.5391 | KL=9.714 | beta=0.1090 | 4.6s/step
  [step  175] R=0.5341 | KL=10.282 | beta=0.1086 | 4.7s/step
  [step  180] R=0.5305 | KL=9.685 | beta=0.1036 | 4.7s/step
    >> Once upon a time, there was a little girl named Sally. She was having a hard time at home. She wished her mum and dad would come home too. 

One day, her parents arrived. They had a big picnic with food. There was delicious food to eat. "What kind of food is this?" asked Sally. "This is a very special food," her mum said. "It will make you feel much better!" 

Sally was so happy. She looked at all the picnied things to eat! The food was yummy and she had a big smile on her face. She felt so much better! 

The
    >> The little girl loved to use her toys and play outside with her friends. Then, she heard a noise being made by her parent. They had a surprise party! The little girl was so excited and started to play with her favorite toys and even made a little bit noise to distract them from their surprise. She was so happy to finally have a parent to her.

    >> One sunny day, the boy went outside to play. He saw a big, red ball and wanted to play with it. He rolled the ball, and it made a fun noise. The boy was having a good day playing with the ball.

    >> In a small village, there lived a happy girl named Lily. Lily loved to play outside with her friends.

One day, Lily and her friends met at the same part. They played and had fun. They all played together and helped each other gain more happy memories. And, Lily learned that having friends made her feel even better when she gained someone and was always happy.

    >> The puppy was so excited to explore the park.
He ran around and played games. He loved to bark and jump.
He soon forgot all about itchy feeling.
What a fun adventure!

  [step  185] R=0.5936 | KL=11.251 | beta=0.1017 | 4.7s/step

======================================================================
  Done: 186 steps in 880s (4.7s/step avg)
======================================================================

======================================================================
  SUMMARY — adv_norm/adv_none_lr5e6
======================================================================
  Total steps:    186
  Final R (avg):  0.5460
  Peak R:         0.6224
  Final KL (avg): 9.442
  Final beta:     0.1017
--- Step 0 ---
  Once upon a time, there was a curious little girl named Lily. One day, she went to the park with her mom and saw her friends playing on the swings. Lily wanted to join them, but her mom told her to wait for her turn.

Suddenly, Lily saw a big dog running towards her friends. She ran and tried to escape, but the dog was too fast. Just as the dog was about to bite her, Lily's friend jumped up and scratched the dog's nose. Ben came running too, but it was too late. Lily's mom saw what happened and quickly ran to get help.

The end.

  The little girl loved to explore and feel the big blue ocean. One day, she went for a walk near the beach again and saw a white bird. The bird was singing a beautiful song and the wind was blowing gently through the trees.

The little girl was so happy to see the bird and she wanted to listen more closely. So, she clapped her hands and sang along with the bird. After a while, the bird flew away and the little girl was excited to tell all of her friends about the special bird she met in the sea.

  One sunny day, the boy went to the train station. He had a great time picking up things and going to see the trains. He got to a train station again and got on the train.

The boy saw a long train with lots of seats. He pointed to the seat and said, "Mom, can I get a seat?" His mom smiled and said, "Sure. Let's go get one." 

The mom and the boy paid the conductor and took the train home. The boy spent the whole day looking out the train and all the places it had been. When it was time to go home, all the passengers cheered for the little
  In a small village, there lived a boy named Tim. Tim had a toy with a handle. He loved to play with his toy all day. One day, Tim's toy did not complete his game of hide and seek. He felt empty inside.

Tim's friend, Sam, said, "Let's play hide and seek using this handle to hide!" Tim and Sam started to play, but Sam ran away to find a hidden hiding spot. The handle got stuck in a tree. Tim saw Sam hiding there, and he wanted to help.

Tim tried to pull the handle back, but it wouldn't move. He tried to part the branch, but
  The puppy was so excited to see her new friend. He wanted to play too, but couldn't come over to the house. He was feeling left. One day, the puppy was feeling sad and he sat down.

The puppy's owner decided to take him out for a walk. The dad was very polite to the puppy and thanked him for coming over. As they were walking, they passed a nearby cafe. The owner's eyes sparkled when he saw the puppy and said to his husband, "I need some money so I can buy you some milk."

The dad was so happy to hear this. He asked the owner if he could have
--- Step 20 ---
  Once upon a time, there was a fat chicken. The fat chicken was big, and she was very happy. One day, the fat chicken saw a boy playing nearby. She did not want to go and play with the boy, but the boy found it hard to resist. The fat chicken watched him all day, but then something made her hungry. She started to eat a big meal and was very happy it was food. The end.

  The little girl loved to play with her soft cat every day. She loved it because it was so soft and cute. Her cat was always very nice to her too! They played together for hours, and it was an adorable friendship.

  One sunny day, the boy went to the park to play. He saw a large bird and got scared. The bird tried to explain to him why it was nice and kind. The bird showed the boy a nice house where he could live without any waste. The boy was happy now and played with his friends in the park.

  In a small village, there lived a strong woman. She had a pretty pet. The strong woman and her pet went for a walk. They saw a tree with big leaves. The brave woman and her pet played near the tree all day long. They were very happy. The strong woman and her pet went home.

  The puppy was so excited to see the puppy that he started to wag his tail.

One girl noticed the puppy and said, “Let me tie you so tightly so that you can be safe”. So the little girl knelt down and the puppy stayed very still.

The girl was very happy to have found the puppy as her friend. And ever since that day, they have never been apart from each other.

--- Step 40 ---
  Once upon a time, there was a boy named Timmy. Timmy loved to play catch with his mommy. One day, Timmy and his mommy played catch outside again. They laughed and had so much fun. 

Timmy's mommy said, "When it gets tough, Timmy, you are a good boy." This made Timmy feel happy and he said, "Thank you mommy, I love you." 

After playing catch on the ball, Timmy and his mommy stayed inside to have tea and cookies. They had a normal tea party and had so much fun. Timmy loved playing catch with his mommy
  The little girl loved to play with all the fun things in her room. She never felt so happy!

  One sunny day, the boy went to the park to dance in the rain. He jumped and spun around and laughed all the time. His happy dance made him feel all the joy.

  In a small village, there lived a happy man named Tom. Tom was kind and loved to help others.

One day, Tom met another wise man named Bob. He said, "Tom, have you seen my big red nose? I lost you and my big red nose." Tom was happy to hear this and said, "Yes, Bob. I will provide you with a big red nose." So, Tom gave Bob a big red nose and found him in his big red nose.

Bob was very happy to find his big red nose. He thanked Tom and said, "Thank you, Tom. Your big red nose is very pretty and I love it
  The puppy was so excited to find a friendly owner just like her.

--- Step 60 ---
  Once upon a time, there was a little girl named Claire who loved to spin.

  The little girl loved to jog and slide. She was very brave.

  One sunny day, the boy went to the park by himself. He looked around and was very successful. The boy saw a very colorful butterfly in the sunshine. 
the boy smiled and started to follow it. He followed the butterfly for a few minutes and soon the butterfly flew away. The boy ran after it and had so much fun.
Eventually the butterfly flew away and the boy went back home. He was very successful for his journey and he loved being outside!

  In a small village, there lived a little boy named Jack. Jack was a happy boy who loved to play with his friends. He had a special toy called Mr. Fuzzo.

One day, Jack and Mr. Fuzz went to the village square. They saw a little girl named Lily carrying a red tomato. Jack asked, "Can I have your tomato, please?" Lily said, "Yes, please give it to me. I saw it first." But Jack tried to be nice, and he said, "It's my favorite, Mr. Fuzz has to accept that I get to receive the tomato." 

Lily said, "
  The puppy was so excited to finally have a name. The kitten loved to play and explore. One day, while exploring, the puppy came out back in the hole. It was so happy and excited to have its new life in the underground. It quickly hopped back the hole and the puppy lay down, content knowing it was safe.

--- Step 80 ---
  Once upon a time, there was a little girl named Lily. She loved to play with her dolls and dress them up in pretty clothes.
One day, Lily's uncle came to visit. He brought a new bag of toys with him because he was so kind to her. Lily was so happy and couldn't wait to play with her dolls.

Lily wanted to make her uncle happy, so she asked him if she could borrow the new car. Her uncle said yes, and Lily was so happy! She carried the new car around with her, making her uncle smile.

In the end, Lily was grateful that her uncle was so kind. She loved
  The little girl loved to go to the park and climb on the swing. It felt very good, because it rocked back and forth. The end.

  One sunny day, the boy went to the park and found an ancient plant. He looked at it and wondered what it was.

The boy took the plant home and asked his mom what it belonged to. His mom told him it belonged to a famous plant. But the boy did not want to give it away. So, he decided to give it to his aunt.

When the boy's aunt saw the beautiful plant she was so happy. She thanked the boy for offering. She was so thankful that she gave the boy the best gift ever.

The boy was glad the generous gift had yielded to him. He knew he had tried to help his
  In a small village, there lived a girl named Anna who loved to dance. She would dance in the sun every day and her life was always peaceful and warm.

One year, while dancing, she found a new friend in the old town. He was a little bird, who liked to dance too. They danced together all day and had so much fun.

Anna and the bird were happy. They became the best of friends, and they would dance together every year. Everyone in the town was proud of their friendship, and Anna was very happy.

  The puppy was so excited to meet his new friends! He ran around the park with them and had lots of fun in the sunshine. The pup was so happy his adventures were complete and he loved his new family!

--- Step 100 ---
  Once upon a time, there was a family. The mom and the dad were very honest. They wanted some meat, so they went to the store to buy some.

On their way back home, the mom and the dad stopped walking. The dad said, "The mom and I have a special surprise for you!" He smiled and Mom said, "It's cheese!"

When they got home, the mom got a very dependable letter from the letter. Everyone was very excited. On the envelope, it said, "Happy birthday!” On the letter, it said how much the mom and the dad valued the steak.

The mom and
  The little girl loved to make things.
One day, the little girl found a new tool in the box.
The tool was made for digging.
The little girl was very excited and she said to her mom, "Mommy, what is it?"
Her mom said, "It's a special tool. I guess it is used for digging."
The little girl held the tool and took it out to the garden. She started to dig the holes with it.
The little girl and the tool kept digging until they had made a whole wall!
The little girl was so happy and she said, "Look! You made a big hole
  One sunny day, the boy went to the store in his jeep. He was so excited! 

When he arrived, he was filled with anticipation. He got out of his jeep and saw a big, colorful surprise! It was a big, bouncy ball. The boy was so happy! 

He took the ball and began to play catch. It was so much fun! The boy threw it, and the ball bounced. Everywhere he threw it, he laughed and clapped. He had a great time! 

The boy was so surprised and happy with his new ball. He never again threw the ball than before and enjoyed it
  In a small village, there lived a boy named Tom. Tom loved to jog in the wild forest near his house every day. His mom and dad always watched Tom jog in the morning and they liked to have Tom jogging too.

One sunny day, Tom and his family went to the wild forest. They jogged and jogged and jogged. The sun was shining and the leaves were green. Tom and his family laughed and jogged along the trees. They felt very happy.

After that day, Tom and his family had a great time jogging in the wild forest and they had a new friend. They jogged and jogged with Tom's
  The puppy was so excited to explore his new home! He was now a part of a happier and better puppy. 

The puppy had lots of fun new things to explore. He was happy to have found his new family!

--- Step 120 ---
  Once upon a time, there was a girl named Emma. She had a very special thing. It was unique because it was her special thing.

One day, Emma went outside and saw a big surprise. It was a garden full of flowers. They were so beautiful. Emma was so happy. She ran outside and started gathering the flowers. She added them to her special thing and it looked even more special.

Emma loved her special thing and all of her new things. She played in the garden everyday with her unique things. Emma was very happy and enjoyed watching the flowers bloom.

  The little girl loved to play with the jug. She would push it around the floor and imagine she was pushing it into a car. She felt so good when she played with the jug. The jug was a great friend to the girl. They played together every day, always having fun.

  One sunny day, the boy went outside to play. He saw a big tree and a little bird in the tree. The boy liked the bird and wanted to protect it. So, he took the bird home and made a nice place with him. They shared their seeds and played together every day.

  In a small village, there lived a friendly cat named Daisy. Daisy loved to play with her friends every day.

One day, Daisy and her friends were playing in the park. Daisy saw a big box under a tree. She decided to deliver the box to her friends. She walked and walked until she found Daisy. Daisy's friends were happy to see her with the box.

The box had lots of useful things inside. Daisy's friends were excited too. They played with Daisy and had lots of fun. They were always happy to see Daisy with the box.

  The puppy was so excited to have found its new home. They became the best of friends and always did fun things together!

--- Step 140 ---
  Once upon a time, there was a little girl named Lily. She loved to play outside in the garden with her toys. One day, Lily found a big box of toys inside the garden. She opened the box and saw lots of pretty dolls and teddy bears. She smiled and played with them all day. When it was time to go inside, Lily said goodbye to the box and promised to come back and play again soon. The end.

  The little girl loved to take care of all the creatures that lived in her house. She also liked to go outside and dance around in funny ways. Her friends at school wanted to join her. Every morning at school with the animals she made.

The girl and the animals were so happy. Together they created the most fun memories. They all sang, laughed and made silly things. The little girl wanted to always play and make the animals smile. Every day they could make this happy memories.

The end.

  One sunny day, the boy went outside to play with his toys. He saw a toy car on the ground and wanted to pick it up and play with it. The toy car was very pretty, and the boy wanted to touch it.

The boy took the pretty toy car in his hand and threw it in the air. But the toy car fell down and broke into pieces. The boy was very sad, and he cried. He wished he had not played with the toy car. He learned that he should not play with things without asking his mommy and daddy.

  In a small village, there lived a three year old named Michael.  Michael was very curious and loved to explore nature. One day, he got lost in his neighbourhood and tried to discover all sorts of interesting things in the neighbourhood. He was so confused!

Then, he decided to look around and noticed a small bird flying overhead. He wondered what it was doing and opened his bag to take a look.  Then, he noticed something moving in the park below the trees. He quickly realised that it was a friendly animal! Michael was amazed and carefully watched it until it disappeared into the sky.

He felt happy and excited to have discovered something exciting. As
  The puppy was so excited to be outside and explore. As the infant went closer, he kept repeating the same movement back and forth with his little body. The puppy continued to jump around with joy. Finally, the puppy reached the top and took a look around. It was so high and so high! The puppy grinned and held his paw up high, showing his delight to the other puppy. He laughed with joy!

--- Step 160 ---
  Once upon a time, there was a big crane. The crane was very slow and could not walk very fast. 

One day, the crane saw a tiny bird. The bird was not very fast, but the crane wanted to be friends. So, the crane and the bird became good friends. They played together every day. 

One day, the crane got very dirty. But the crane was still not fast like the tiny bird. So, the crane decided to help the bird heal. They became the best of friends like each other and were never slow again.

  The little girl loved to count too. She enjoyed counting things with her family before buying vegetables. The little girl loved counting things and was very happy.

  One sunny day, the boy went to the park to dance with his friends. They all danced and laughed together. Everyone was so happy. The boy and his friends stayed at the park until the sun went down. They danced until the sun went down. Then they went home with big smiles on their faces.

  In a small village, there lived a little boy named Bob. Bob loved to play outside in the sun. He would run around and have lots of fun.

One sunny day, Bob was playing with his toy airplane in the sun. He threw the airplane high in the sky. The sky turned bright and blue. Bob was so happy to see his airplane fly into the air.

Bob played all day until it was time to go home. He said goodbye to his airplane and ran back to his house. Bob couldn't wait to play with his airplane again tomorrow.

  The puppy was so excited to find this lovely bone. She quickly took off each day, feeling full of joy.
Each time it was the same – the puppy was now full of joy. 
The puppy never forgot how much the leash made her feel and she lived sadly for many years to come.

--- Step 180 ---
  Once upon a time, there was a little girl named Sally. She was having a hard time at home. She wished her mum and dad would come home too. 

One day, her parents arrived. They had a big picnic with food. There was delicious food to eat. "What kind of food is this?" asked Sally. "This is a very special food," her mum said. "It will make you feel much better!" 

Sally was so happy. She looked at all the picnied things to eat! The food was yummy and she had a big smile on her face. She felt so much better! 

The
  The little girl loved to use her toys and play outside with her friends. Then, she heard a noise being made by her parent. They had a surprise party! The little girl was so excited and started to play with her favorite toys and even made a little bit noise to distract them from their surprise. She was so happy to finally have a parent to her.

  One sunny day, the boy went outside to play. He saw a big, red ball and wanted to play with it. He rolled the ball, and it made a fun noise. The boy was having a good day playing with the ball.

  In a small village, there lived a happy girl named Lily. Lily loved to play outside with her friends.

One day, Lily and her friends met at the same part. They played and had fun. They all played together and helped each other gain more happy memories. And, Lily learned that having friends made her feel even better when she gained someone and was always happy.

  The puppy was so excited to explore the park.
He ran around and played games. He loved to bark and jump.
He soon forgot all about itchy feeling.
What a fun adventure!


Plots saved to ./outputs/adv_norm/adv_none_lr5e6/
