Device: cuda
GPU: NVIDIA GeForce RTX 5060 Ti

Experiment : kl_mode
Run        : kl_fixed_b0.3_lr5e6
Output dir : ./outputs/kl_mode/kl_fixed_b0.3_lr5e6

Config:
  model=roneneldan/TinyStories-33M
  batch=64, mini_batch=16, ppo_epochs=4
  kl_mode=fixed, advantage_normalize=global
  prompts=6000, max_new_tokens=128

[init] Loading tokenizer + policy...
Warning: You are sending unauthenticated requests to the HF Hub. Please set a HF_TOKEN to enable higher rate limits and faster downloads.
Loading weights:   0%|          | 0/56 [00:00<?, ?it/s]Loading weights: 100%|██████████| 56/56 [00:00<00:00, 23679.91it/s]
[1mGPTNeoForCausalLM LOAD REPORT[0m from: roneneldan/TinyStories-33M
Key                                                   | Status     |  | 
------------------------------------------------------+------------+--+-
transformer.h.{0, 1, 2, 3}.attn.attention.masked_bias | UNEXPECTED |  | 
transformer.h.{0, 1, 2, 3}.attn.attention.bias        | UNEXPECTED |  | 

Notes:
- UNEXPECTED:	can be ignored when loading from different task/architecture; not ok if you expect identical arch.
Policy params: 68,514,817

[init] Loading reward model...
Loading weights:   0%|          | 0/201 [00:00<?, ?it/s]Loading weights: 100%|██████████| 201/201 [00:00<00:00, 3429.21it/s]
[1mRobertaForSequenceClassification LOAD REPORT[0m from: SamLowe/roberta-base-go_emotions
Key                             | Status     |  | 
--------------------------------+------------+--+-
roberta.embeddings.position_ids | UNEXPECTED |  | 

Notes:
- UNEXPECTED:	can be ignored when loading from different task/architecture; not ok if you expect identical arch.

[init] Building dataset...
Map:   0%|          | 0/6000 [00:00<?, ? examples/s]Map:  50%|█████     | 3000/6000 [00:00<00:00, 12614.35 examples/s]Map: 100%|██████████| 6000/6000 [00:00<00:00, 19835.88 examples/s]
Dataset: 6000 prompts
Example: Tim and Mia like to play in the park.
PPO config: batch=64, mini_batch=16, ppo_epochs=4
LR: 5e-06
KL: mode=fixed, init_coef=0.3, target=10.0, horizon=500
Advantage normalize: global
Steps per epoch: 93, total: ~186

======================================================================
  Starting training: 2 epochs, cuda
======================================================================

  [step    0] R=0.1746 | KL=0.000 | beta=0.3000 | 5.7s/step
    >> Once upon a time, there was a curious little girl named Lily. One day, she went to the park with her mom and saw her friends playing on the swings. Lily wanted to join them, but her mom told her to wait for her turn.

Suddenly, Lily saw a big dog running towards her friends. She ran and tried to escape, but the dog was too fast. Just as the dog was about to bite her, Lily's friend jumped up and scratched the dog's nose. Ben came running too, but it was too late. Lily's mom saw what happened and quickly ran to get help.

The end.

    >> The little girl loved to explore and feel the big blue ocean. One day, she went for a walk near the beach again and saw a white bird. The bird was singing a beautiful song and the wind was blowing gently through the trees.

The little girl was so happy and started singing a song about being kind to animals along the way. The bird flew down to listen to her and they became friends. From that day on, they always went for walks together and the bird would sing a beautiful song. The little girl learned that being kind to animals is important and it's always good to sing a song that we can hear!

    >> One sunny day, the boy went to the train station. He had a great time picking up things and going to see the trains. He got to a train station again and got on the train.

The boy saw a long train with lots of seats. He pointed to the seat and said, "Mom, can I get a seat?" His mom smiled and said, "Sure. Let's go get one." 

The mom and the boy paid the conductor and took the train home. The boy spent the whole day looking out the train and all the places it had been. When it was time to go home, all the passengers cheered for the little
    >> In a small village, there lived a boy named Tim. Tim had a toy with a handle. He loved to play with his toy all day. One day, Tim's toy did not complete his game of hide and seek. He felt empty inside.

Tim's friend, Sam, said, "Let's play hide and seek using this dull stick." But Tim wanted to play with his toy with the handle. He asked his other friends, "Can we play with the dull stick too?" Sam said, "No, we can't play with that. It's not nice to hurt others."

Tim felt sad, but he did not want to break his
    >> The puppy was so excited to see her new friend. He wanted to play too, but couldn't come over to the house. He was feeling left. One day, the puppy was feeling sad and he sat down.

The puppy's owner decided to take him out for a walk. The dad was very polite to the puppy and thanked him for coming over. As they were walking, they passed a nearby cafe. They went inside and bought some delicious ice cream for having ice cream. 

The puppy loved it! He was so happy that he started wagging his tail and barking excitedly. He followed his owner and enjoyed his ice cream, and
  [step    5] R=0.2317 | KL=3.990 | beta=0.3000 | 4.9s/step
You seem to be using the pipelines sequentially on GPU. In order to maximize efficiency please use a dataset
  [step   10] R=0.3331 | KL=5.008 | beta=0.3000 | 4.9s/step
  [step   15] R=0.2965 | KL=6.185 | beta=0.3000 | 5.0s/step
  [step   20] R=0.3046 | KL=6.205 | beta=0.3000 | 4.8s/step
    >> Once upon a time, there was a fat chicken. The fat chicken was big, and it was very happy. One day, the fat chicken saw a boy playing nearby. The fat chicken looked at the boy and said, "Hello, little boy. Do you want to play with me?" 

The little boy smiled and said, "Yes, fat chicken. Let's race and we can race!" The fat chicken clucked with excitement, and said, "Caa cluck, say, "Baa clock, say I am first!" 

The little boy laughed and said, "You're right, small chicken. Let's race now!"
    >> The little girl loved to play with her marbles every day. She loved to spread them out in different patterns and watch them fly from one patch of carpet to the other. She could enjoy watching her marbles travel across the sky whenever she could. The little girl was a very happy little girl and loved the little marbles a lot.

    >> One sunny day, the boy went to the park to play. He saw a large bird and thought it wanted to help. So, the boy thought of a plan and carefully put it closer to the bird.

The bird was so happy it could see the large bird. When they both looked at each other, they realized they both had made a different choice. The boy was so excited he ran all around the park.

They smiled at each other as they looked out and the boy knew that the bird was happy too. In the end, both the boy and the bird became good friends and had loads of fun together.

    >> In a small village, there lived a boy named Tom. Tom was very stubborn. He liked to play without playing with his toys. One day, Tom decided to go for a walk in the forest.

In the forest, Tom found a big tree. He saw a sharp knife on the tree. He wanted to pick it up, but he remembered his mom's warning. The knife looked more sharp now. This is not Tom's mom's blade. She was looking for it.

Tom was too stubborn to listen to the knife. He picked up the knife and took it back to his house. He put the knife away and learned that it is not good
    >> The puppy was so excited to see the puppy that he started to bark even louder. The children started to laugh and said they were having fun. The puppy liked feeling different so he stayed near the little house. He never got tired of being near the house, and the children loved to play with him there.

  [step   25] R=0.3333 | KL=5.444 | beta=0.3000 | 4.9s/step
  [step   30] R=0.3383 | KL=5.026 | beta=0.3000 | 5.2s/step
  [step   35] R=0.3391 | KL=5.311 | beta=0.3000 | 4.9s/step
  [step   40] R=0.3912 | KL=4.422 | beta=0.3000 | 4.9s/step
    >> Once upon a time, there was a little boy named Timmy. Timmy loved to ride his bike all around the park. One day, he was riding his bike when suddenly he heard someone screaming. Timmy stopped his bike and looked around. He saw his mommy on the news that a big storm had come during the law. The street was dangerous and Timmy knew he had to be careful.

Timmy rode his bike as fast as he could while his mommy was inside the house. He was so happy he could ride his bike and stay safe. Timmy's mommy thanked him for being careful and taking care of the law. Timmy felt
    >> The little girl loved to use her brain. She used it to think about the world and all the things that she was learning. She would sometimes use her voice to do things she liked about the environment.

The little girl's name was Jane. She was always trying to learn new things and have lots of fun. Jane was very proud of her brain and often taught her new things like playing games with her friends. 

One day, the little girl's brain told her that they were going to have a picnic in the park. Everyone laughed in delight and the little girl was very happy. She ran to the park with her friends, her head
    >> One sunny day, the boy went to the park to play. He saw a big tree with a loop in it. The boy was very excited.

The boy ran to the tree and yelled, "Wow! What is that? Can I try?" He grabbed the loop of his toy and threw it up in the air. Suddenly, a tiny squirrel appeared and yelled, "That's a funny bird! Can it eat it?"

The boy giggled and said, "No, sorry! That's just a stupid bird!" The boy and the squirrel played together and had a lot of fun. And they lived happily ever after. The end.

    >> In a small village, there lived a wealthy man. He had a big house with a big tree in the middle. In his house, there lived a cat, named Kitty. Kitty loved to sleep all day.

One sunny day, Kitty found a piece of thread on the floor. She decided to take care of her new home. She used her soft paw to carefully wrap the thread around the tree. As the thread was twisted, Kitty felt happy and warm.

Kitty's friend, a kind lady, came to visit. She saw the thread and smiled. She said, "Kitty, you are so useful. You found my thread. Thank you
    >> The puppy was so excited to see the new puppy he started to wag his tail. The puppy reached out his long tail and the two animals cuddled up to each other and were safe together.

  [step   45] R=0.3380 | KL=5.368 | beta=0.3000 | 4.9s/step
  [step   50] R=0.3302 | KL=6.114 | beta=0.3000 | 4.9s/step
  [step   55] R=0.3616 | KL=4.615 | beta=0.3000 | 4.9s/step
  [step   60] R=0.3102 | KL=5.587 | beta=0.3000 | 4.9s/step
    >> Once upon a time, there was a little dog named Bob. Bob was very lonely because he didn't have a owner. One day, he saw a little girl named Lily walking by. Bob wagged his tail and Lily petted him. Bob felt very happy. 

From that day on, Bob and Lily became friends. They would play together and have lots of fun. Bob was no longer lonely because he had a friend like Lily. They would go for walks together every day and always had a great time. The end.

    >> The little girl loved to use her creative magic wand. She would make things fly, say words, and even use her imagination. But one day, she accidentally broke her toy. She was sad, but she knew just what to do. She used her fake wand to make the magic work.

    >> One sunny day, the boy went outside and found a shiny stone. He thought it was very special and wanted to put it in his pocket. 
So, he found a big box and put the stone inside. As soon as he put the box, the stone started to glow brightly. 
The boy was very happy. He wanted to show his friends the stone that helped him make his wish come true. So, he ran off to put the stone in his pocket, so he could always remember the ordinary stone that made his wish come true.

    >> In a small village, there lived a little girl named Ann. Ann was sad because she had no toys to play with. She wanted to build something to make her happy.

One day, Ann saw an old man sitting under a tree. He seemed very sad. Ann went to talk to him. "Hello, old man. Why are you sad?" she asked. "I have no toys to play with," he replied. "I have nothing to build with."

Ann thought for a moment. "You can have some of my toys!" she said. The old man was so happy. They played together and made new toys. They had lots of fun
    >> The puppy was so excited to go out exploring. He ran in and out of his house, looking for places he could go. He saw a big red door and couldn't reach it. He looked around and noticed a big yellow key next to the door, so he picked it up and put it in the keyhole. He tried to turn it and it worked! He was so excited, he pushed the door open and ran outside. He was so happy to finally be able to go explore. He ran and ran, exploring the world around him. He was so thrilled to discover new things!

  [step   65] R=0.3554 | KL=5.822 | beta=0.3000 | 4.9s/step
  [step   70] R=0.2941 | KL=5.276 | beta=0.3000 | 4.9s/step
  [step   75] R=0.3217 | KL=5.041 | beta=0.3000 | 5.2s/step
  [step   80] R=0.3293 | KL=5.907 | beta=0.3000 | 4.9s/step
    >> Once upon a time, there was a dog named Max. Max was very happy playing with his ball in the park. One day, he saw a cat and wanted to play with her. The cat ignored Max and started to chase him. Max felt sad and didn't understand why the cat was being mean. However, he soon realized that the cat had a lot of value because she didn't want to be lonely. Max and the cat became good friends and played together every day. The end.

    >> The little girl loved to play outside. She liked to touch the flowers and the trees. She was happy when the sun shone on the bright, yellow things she touched.

One day, the little girl went outside with her friends. They were playing a game of hide and seek. The little girl was so giddy that she couldn't touch the ground. She was too hot and scared, but she knew she could touch it if she tried.

So she touched the ground and found some new flowers. She touched the flowers with her mouth, and they felt soft. She picked all the flowers and put them in her pocket. She was so proud
    >> One sunny day, the boy went to the park. He saw a sign that said, "Dog Mine - No Loudyy". He didn't know what it meant, so he started to yell at the cars.

At dinner, Tim saw a nice lady who said, "She's very sad. You did a great job yelling at the cars!" The boy felt much better and said, "I'm sorry, Mom. I tried to be quiet but it was too loud."

The lady smiled and said, "It's alright, Tim. Everyone makes mistakes." She gave Tim a hug and said, "No more loud noises for too long.
    >> In a small village, there lived a happy dog named Max. Max loved to play with his ball all day long. One day, Max saw a big ball that was very large. The big ball was as large as his body.

Max wanted to play with the big ball, so he took it with him to his backyard. Max tossed the big ball to his friend, a small cat named Lily. Lily was there to support the big ball with her paw. Lily and Max had so much fun playing with the large ball together.

As they played, Max and Lily laughed and laughed. They were very happy to be together. The big ball in the end
    >> The puppy was so excited to see the big dog so he ran over to him and the puppy smiled back! They both laughed and the puppy ran up and down in the sun, all of the way! 

The puppy knew he had made a new friend that morning and he was so happy. He was the best addition to the big white puppy!

  [step   85] R=0.2918 | KL=5.252 | beta=0.3000 | 4.9s/step
  [step   90] R=0.3016 | KL=5.246 | beta=0.3000 | 4.9s/step
  [step   95] R=0.3852 | KL=6.965 | beta=0.3000 | 4.9s/step
  [step  100] R=0.2662 | KL=5.273 | beta=0.3000 | 4.9s/step
    >> Once upon a time, there was a little green girl named Lily. She loved to play in the park with her friends. One day, while they were playing hide and seek, Lily found a hole in the ground. She wondered what kind of secret hole she might find. 

As she was getting closer to the hole, she heard her friends calling out about it. She couldn't resist the urge to go underground to see what was down there. So, she went anyway. 

When she got to the bottom of the hole, she saw a family of friendly fairies living there. They welcomed her warmly and told her she was a brave girl for
    >> The little girl loved to play near the grill. One day, while she was playing, she got too close to the grill and her hand got stuck. She tried to pull her hand to be free but it wouldn't work. 

Luckily, her mom saw what happened and quickly came to help. She gently pulled the little girl's hand out of the grill. From then on, she made sure not to get too close to the grill when she was little. 

The naughty little girl learned an important lesson that day. She realized that it's important to always be careful and never get too close to things that can harm you.

    >> One sunny day, the boy went to the park to play. He saw a big dog doing a puzzle. The boy wanted to help, but the big dog said no. The boy felt sad.

The next day, the boy went to the park again. He saw that the big dog kept taking pieces of the puzzle. The boy felt even more sad. Then, a nice lady came to him. The kind lady said, "If you help the small dog, he will help too." The boy and the nice lady walked over to the big dog.

The big dog did not say "please" or "thank you. The nice lady took the
    >> In a small village, there lived a kind mouse. He loved to share his food with his friends. One day, he saw a big pile of food near his home. He was very excited and wanted to share it with his friends.

The kind mouse called all his friends to come and see the piles. He said, "Don't eat all the food, or I won't be happy!" His friends did not listen and they started eating all the food.

As they were eating, they laughed and said, "This is fun! We can share this food with everyone!" They were all happy and they enjoyed the food together. In the end, they
    >> The puppy was so excited to see the mailman deliver the mail that he jumped up and gave it a big lick on the face! The mailman said, "You're an honest puppy and I'm proud of you!"

  [step  105] R=0.3013 | KL=5.893 | beta=0.3000 | 5.0s/step
  [step  110] R=0.3327 | KL=6.076 | beta=0.3000 | 4.9s/step
  [step  115] R=0.3264 | KL=6.591 | beta=0.3000 | 5.3s/step
  [step  120] R=0.3710 | KL=5.189 | beta=0.3000 | 4.9s/step
    >> Once upon a time, there was a little girl named Sue. Sue had a very comfortable bed that she loved. Every night, Sue would lie down in her bed and sleep very fine.

One day, Sue was very tired from playing. She got into her bed and lay down. Sue slept all week and all night. Sue had to stay in the same place every day, even though she tried very nice.

At the end of the week, Sue was very happy. She had slept well and felt rested. Sue's comfortable bed was now filled with all the love she had. And she was back to that night, ready to enjoy the bed.

    >> The little girl loved to play with the animals in the spring. They would run and jump and have lots of fun. One day, while they were playing, they found a big, red ball. It was so big that the little girl could not hold it anymore. The little girl was very happy.

But then, the big, red ball started to shrink. It got smaller and smaller, and the little girl started to feel helpless. She didn't know what was going on. The big, red ball became flat and sad, and the little girl was sad too.

The big, red ball was gone forever. The little girl could not
    >> One sunny day, the boy went to the beach. He wore a hat to keep the sun off his face. He was so happy because the beach was safe and the sun would come back soon and the sky would be blue and clear. 

The boy played in the sand and looked out to the sea. He laughed and smiled and looked out to the shore. He watched the surf rolling by and he felt so lucky to have such an amazing day. 

Finally, it was time to go home. The boy was sad to leave the beach, but he was also happy because he had made a new day even more special and exciting. His sand shovel
    >> In a small village, there lived a girl named Mia. Mia was nervous because she was afraid of the hospital. So, she would pray to the gods and ask for help.

One day, a kind bird named Mr. Bird saw Mia praying. He flew down and said, "Do not be nervous, Mia. I will help you not be scared of the hospital." Mia, the parrot, and all her friends decided to help Mia.

They went to the hospital and asked for help. The nursebugs heard their wish and came to see Mr. Bird. The nursebugs and the children worked together to help Mia. The hospital got Mia's life
    >> The puppy was so excited to be there. She started running around, barking and wagging her tail. The puppy's owner laughed and helped to organize him in a big hug. After playing for a while, the puppy was tired, so she went back home with the leash. She was very happy to have an adventure with her new friend.

  [step  125] R=0.3262 | KL=5.575 | beta=0.3000 | 5.1s/step
  [step  130] R=0.3447 | KL=6.258 | beta=0.3000 | 4.8s/step
  [step  135] R=0.3020 | KL=5.632 | beta=0.3000 | 5.0s/step
  [step  140] R=0.2999 | KL=5.863 | beta=0.3000 | 4.8s/step
    >> Once upon a time, there was a little girl named Lily. She had a big brown teddy bear that she loved to play with every day. One day, Lily's mom gave her a gift wrapped in pink paper. Lily was so happy and excited to open it right away. 

Inside the gift, Lily's mom gave her a big book with lots of stories. Lily loved the book so much that she wanted to read it every day. She asked her mom if she could read it, and her mom said yes. So, Lily snuggled up with her teddy bear and started reading. 

After a while, Lily got tired from playing
    >> The little girl loved to ride her bike in the park. She would ride fast, jump off trees and go through the paths. 

One day, the little girl went to the park and she saw something new. It was a beautiful red bike with two little pedals. The little girl was very excited and hopped on the bike. 

The little girl rode her bike around the park and had lots of fun. When she was done, the girl hopped off the bike and smiled because she had a great time. 

From then on, the little girl would ride her bike every day in the park. She was never bored, and always
    >> One sunny day, the boy went outside. He saw a nice big puddle. He wanted to jump in it.

The little boy walked over to the puddle. He jumped in it with his shoes. He splashed water on his shoes. He was having so much fun.

After playing in the puddle, the little boy was very wet. He jumped back in the puddle. He jumped off and went back to his house. The little boy was so happy and proud of himself. He had lots of fun jumping in the puddle.

    >> In a small village, there lived a little girl named Emma. Emma was only three years old, and she was very happy.

One day, Emma went outside to play. She looked around and spotted a nice tree. She ran over to the tree and looked underneath. To her surprise, there was a small box filled with a yummy pastry! 

Emma was so excited. She quickly reached out and hugged the pastries. She carefully grabbed them and tucked them into her pocket.

Suddenly, a voice said. "Emma!"

It was her dad. He smiled at her.

"Come inside with me, Emma,"
    >> The puppy was so excited to get some food!
The puppy's tail kept wagging and his tail kept wagging.
The puppy's tail kept him happy and he loved spending time with his new friends.
The puppy's tail was always ready to bring him friends.

  [step  145] R=0.3451 | KL=4.836 | beta=0.3000 | 4.8s/step
  [step  150] R=0.3479 | KL=6.002 | beta=0.3000 | 4.8s/step
  [step  155] R=0.3721 | KL=6.574 | beta=0.3000 | 4.8s/step
  [step  160] R=0.3426 | KL=6.043 | beta=0.3000 | 4.8s/step
    >> Once upon a time, there was a big, big boat. The boat was very heavy, and it moved slowly in the water. One day, a little boy came to the boat. His name was Jack and he was only three years old.

Jack loved to ride on the boat. He went up and down in the water, and all around the boat. He laughed and smiled the whole time.

In the end, Jack decided to take a ride on the boat. He found a nice spot on the water and laid down on the beach. The sunlight shone on him and he felt so happy.

Jack had the loveliest day of his
    >> The little girl loved to play pretend with her friends. They would all gather in the green field and play together. The little girl always won the games.

One day, the little girl and her friends decided to have a picnic in the green field. They brought lots of yummy food and laughed together. But then, something bad happened. A big cat came and knocked over the little girl's toys.

The little girl got so angry and started to cry. Her friends felt bad for her and decided to help her. They gathered all the toys in their arms and brought them back to the little girl. She was so happy to have her toys
    >> One sunny day, the boy went to the park. He saw a big green dragon slide. The dragon slide was so much fun! The boy slid back and forth, feeling the wind in his hair. It was the best day ever!

    >> In a small village, there lived a powerful wizard. The wizard loved to design things. One day, he decided to buy a missile.

He walked to the dragon's house and said to the king, "I want to design a missile that will make me fly high." The king looked at the missile and said, "That's a great idea!"

The wizard worked hard on his design. He used lots of sticks and rocks to make it look shiny. He was very happy when he saw his missile could fly high. The people in the village cheered for the wizard.

One day, a little girl came to the wizard's house. She saw
    >> The puppy was so excited to see everything. It jumped and ran around the park. After a while, the puppy started to feel very sleepy. So it curled up and went off to sleep. The puppy dreamed of chasing butterflies, playing tag with its friends, and having lots of fun. Before long, it was time for dinner, so the puppy went back to bed and slept until the next day.

  [step  165] R=0.2814 | KL=6.698 | beta=0.3000 | 4.8s/step
  [step  170] R=0.3065 | KL=6.744 | beta=0.3000 | 4.8s/step
  [step  175] R=0.3058 | KL=6.836 | beta=0.3000 | 4.8s/step
  [step  180] R=0.3185 | KL=6.441 | beta=0.3000 | 4.8s/step
    >> Once upon a time, there was a clumsy little boy called Jake. Jake was very clumsy and always got into things that he couldn't control.

One day, Jake decided to explore an ancient tower. He walked up it steps and stepped onto the old wooden platform and peeped out from between the tower and platform.

Just when Jake was about to turn around something strange happened. He felt a tug and then he felt himself being pulled onto something. He realized that he had stepped onto the string of the string. He had stepped into a long, furry knot!

"Where is this knot out there?" he shouted to the tree, "please,
    >> The little girl loved to jump, but she had a problem. Her jump was too wobbly and she kept falling off the bed. One day, she found a big mirror in her room. It was very organized and made her look like a little mountain. She jumped on it and started to swing back and forth. It was so much fun!

    >> One sunny day, the boy went outside to have some fun with his toys. He played all day long, feeling the warm sun on his skin. When it was time to go inside, the boy was sad to leave his toys outside. But he knew he could play until the sun went down. So, he picked up his toys and said goodnight to his toys, knowing he would play with them again soon.

    >> In a small village, there lived a wise old lady. She was very kind and wise. Every evening, she would help people who needed it. She was a useful helper for everyone.

One day, a bad man came to the village. He wanted to steal some food without asking the villagers. Everyone was scared. They did not want to be mean to the wise old lady. So they tried to stop her.

The wise old lady was brave. She told the bad man not to steal. She gave the villagers their food. The bad man was not happy, but the villagers were nice. They did not want to be mean to the old lady.
    >> The puppy was so excited to have the new friend. He spent all the time playing with the puppy while they ran around the park together. 
They were the best of friends. The puppy was so glad that his brown wool had not made so many new friends.

  [step  185] R=0.2807 | KL=7.168 | beta=0.3000 | 4.8s/step

======================================================================
  Done: 186 steps in 918s (4.9s/step avg)
======================================================================

======================================================================
  SUMMARY — kl_mode/kl_fixed_b0.3_lr5e6
======================================================================
  Total steps:    186
  Final R (avg):  0.3194
  Peak R:         0.4068
  Final KL (avg): 6.451
  Final beta:     0.3000
--- Step 0 ---
  Once upon a time, there was a curious little girl named Lily. One day, she went to the park with her mom and saw her friends playing on the swings. Lily wanted to join them, but her mom told her to wait for her turn.

Suddenly, Lily saw a big dog running towards her friends. She ran and tried to escape, but the dog was too fast. Just as the dog was about to bite her, Lily's friend jumped up and scratched the dog's nose. Ben came running too, but it was too late. Lily's mom saw what happened and quickly ran to get help.

The end.

  The little girl loved to explore and feel the big blue ocean. One day, she went for a walk near the beach again and saw a white bird. The bird was singing a beautiful song and the wind was blowing gently through the trees.

The little girl was so happy and started singing a song about being kind to animals along the way. The bird flew down to listen to her and they became friends. From that day on, they always went for walks together and the bird would sing a beautiful song. The little girl learned that being kind to animals is important and it's always good to sing a song that we can hear!

  One sunny day, the boy went to the train station. He had a great time picking up things and going to see the trains. He got to a train station again and got on the train.

The boy saw a long train with lots of seats. He pointed to the seat and said, "Mom, can I get a seat?" His mom smiled and said, "Sure. Let's go get one." 

The mom and the boy paid the conductor and took the train home. The boy spent the whole day looking out the train and all the places it had been. When it was time to go home, all the passengers cheered for the little
  In a small village, there lived a boy named Tim. Tim had a toy with a handle. He loved to play with his toy all day. One day, Tim's toy did not complete his game of hide and seek. He felt empty inside.

Tim's friend, Sam, said, "Let's play hide and seek using this dull stick." But Tim wanted to play with his toy with the handle. He asked his other friends, "Can we play with the dull stick too?" Sam said, "No, we can't play with that. It's not nice to hurt others."

Tim felt sad, but he did not want to break his
  The puppy was so excited to see her new friend. He wanted to play too, but couldn't come over to the house. He was feeling left. One day, the puppy was feeling sad and he sat down.

The puppy's owner decided to take him out for a walk. The dad was very polite to the puppy and thanked him for coming over. As they were walking, they passed a nearby cafe. They went inside and bought some delicious ice cream for having ice cream. 

The puppy loved it! He was so happy that he started wagging his tail and barking excitedly. He followed his owner and enjoyed his ice cream, and
--- Step 20 ---
  Once upon a time, there was a fat chicken. The fat chicken was big, and it was very happy. One day, the fat chicken saw a boy playing nearby. The fat chicken looked at the boy and said, "Hello, little boy. Do you want to play with me?" 

The little boy smiled and said, "Yes, fat chicken. Let's race and we can race!" The fat chicken clucked with excitement, and said, "Caa cluck, say, "Baa clock, say I am first!" 

The little boy laughed and said, "You're right, small chicken. Let's race now!"
  The little girl loved to play with her marbles every day. She loved to spread them out in different patterns and watch them fly from one patch of carpet to the other. She could enjoy watching her marbles travel across the sky whenever she could. The little girl was a very happy little girl and loved the little marbles a lot.

  One sunny day, the boy went to the park to play. He saw a large bird and thought it wanted to help. So, the boy thought of a plan and carefully put it closer to the bird.

The bird was so happy it could see the large bird. When they both looked at each other, they realized they both had made a different choice. The boy was so excited he ran all around the park.

They smiled at each other as they looked out and the boy knew that the bird was happy too. In the end, both the boy and the bird became good friends and had loads of fun together.

  In a small village, there lived a boy named Tom. Tom was very stubborn. He liked to play without playing with his toys. One day, Tom decided to go for a walk in the forest.

In the forest, Tom found a big tree. He saw a sharp knife on the tree. He wanted to pick it up, but he remembered his mom's warning. The knife looked more sharp now. This is not Tom's mom's blade. She was looking for it.

Tom was too stubborn to listen to the knife. He picked up the knife and took it back to his house. He put the knife away and learned that it is not good
  The puppy was so excited to see the puppy that he started to bark even louder. The children started to laugh and said they were having fun. The puppy liked feeling different so he stayed near the little house. He never got tired of being near the house, and the children loved to play with him there.

--- Step 40 ---
  Once upon a time, there was a little boy named Timmy. Timmy loved to ride his bike all around the park. One day, he was riding his bike when suddenly he heard someone screaming. Timmy stopped his bike and looked around. He saw his mommy on the news that a big storm had come during the law. The street was dangerous and Timmy knew he had to be careful.

Timmy rode his bike as fast as he could while his mommy was inside the house. He was so happy he could ride his bike and stay safe. Timmy's mommy thanked him for being careful and taking care of the law. Timmy felt
  The little girl loved to use her brain. She used it to think about the world and all the things that she was learning. She would sometimes use her voice to do things she liked about the environment.

The little girl's name was Jane. She was always trying to learn new things and have lots of fun. Jane was very proud of her brain and often taught her new things like playing games with her friends. 

One day, the little girl's brain told her that they were going to have a picnic in the park. Everyone laughed in delight and the little girl was very happy. She ran to the park with her friends, her head
  One sunny day, the boy went to the park to play. He saw a big tree with a loop in it. The boy was very excited.

The boy ran to the tree and yelled, "Wow! What is that? Can I try?" He grabbed the loop of his toy and threw it up in the air. Suddenly, a tiny squirrel appeared and yelled, "That's a funny bird! Can it eat it?"

The boy giggled and said, "No, sorry! That's just a stupid bird!" The boy and the squirrel played together and had a lot of fun. And they lived happily ever after. The end.

  In a small village, there lived a wealthy man. He had a big house with a big tree in the middle. In his house, there lived a cat, named Kitty. Kitty loved to sleep all day.

One sunny day, Kitty found a piece of thread on the floor. She decided to take care of her new home. She used her soft paw to carefully wrap the thread around the tree. As the thread was twisted, Kitty felt happy and warm.

Kitty's friend, a kind lady, came to visit. She saw the thread and smiled. She said, "Kitty, you are so useful. You found my thread. Thank you
  The puppy was so excited to see the new puppy he started to wag his tail. The puppy reached out his long tail and the two animals cuddled up to each other and were safe together.

--- Step 60 ---
  Once upon a time, there was a little dog named Bob. Bob was very lonely because he didn't have a owner. One day, he saw a little girl named Lily walking by. Bob wagged his tail and Lily petted him. Bob felt very happy. 

From that day on, Bob and Lily became friends. They would play together and have lots of fun. Bob was no longer lonely because he had a friend like Lily. They would go for walks together every day and always had a great time. The end.

  The little girl loved to use her creative magic wand. She would make things fly, say words, and even use her imagination. But one day, she accidentally broke her toy. She was sad, but she knew just what to do. She used her fake wand to make the magic work.

  One sunny day, the boy went outside and found a shiny stone. He thought it was very special and wanted to put it in his pocket. 
So, he found a big box and put the stone inside. As soon as he put the box, the stone started to glow brightly. 
The boy was very happy. He wanted to show his friends the stone that helped him make his wish come true. So, he ran off to put the stone in his pocket, so he could always remember the ordinary stone that made his wish come true.

  In a small village, there lived a little girl named Ann. Ann was sad because she had no toys to play with. She wanted to build something to make her happy.

One day, Ann saw an old man sitting under a tree. He seemed very sad. Ann went to talk to him. "Hello, old man. Why are you sad?" she asked. "I have no toys to play with," he replied. "I have nothing to build with."

Ann thought for a moment. "You can have some of my toys!" she said. The old man was so happy. They played together and made new toys. They had lots of fun
  The puppy was so excited to go out exploring. He ran in and out of his house, looking for places he could go. He saw a big red door and couldn't reach it. He looked around and noticed a big yellow key next to the door, so he picked it up and put it in the keyhole. He tried to turn it and it worked! He was so excited, he pushed the door open and ran outside. He was so happy to finally be able to go explore. He ran and ran, exploring the world around him. He was so thrilled to discover new things!

--- Step 80 ---
  Once upon a time, there was a dog named Max. Max was very happy playing with his ball in the park. One day, he saw a cat and wanted to play with her. The cat ignored Max and started to chase him. Max felt sad and didn't understand why the cat was being mean. However, he soon realized that the cat had a lot of value because she didn't want to be lonely. Max and the cat became good friends and played together every day. The end.

  The little girl loved to play outside. She liked to touch the flowers and the trees. She was happy when the sun shone on the bright, yellow things she touched.

One day, the little girl went outside with her friends. They were playing a game of hide and seek. The little girl was so giddy that she couldn't touch the ground. She was too hot and scared, but she knew she could touch it if she tried.

So she touched the ground and found some new flowers. She touched the flowers with her mouth, and they felt soft. She picked all the flowers and put them in her pocket. She was so proud
  One sunny day, the boy went to the park. He saw a sign that said, "Dog Mine - No Loudyy". He didn't know what it meant, so he started to yell at the cars.

At dinner, Tim saw a nice lady who said, "She's very sad. You did a great job yelling at the cars!" The boy felt much better and said, "I'm sorry, Mom. I tried to be quiet but it was too loud."

The lady smiled and said, "It's alright, Tim. Everyone makes mistakes." She gave Tim a hug and said, "No more loud noises for too long.
  In a small village, there lived a happy dog named Max. Max loved to play with his ball all day long. One day, Max saw a big ball that was very large. The big ball was as large as his body.

Max wanted to play with the big ball, so he took it with him to his backyard. Max tossed the big ball to his friend, a small cat named Lily. Lily was there to support the big ball with her paw. Lily and Max had so much fun playing with the large ball together.

As they played, Max and Lily laughed and laughed. They were very happy to be together. The big ball in the end
  The puppy was so excited to see the big dog so he ran over to him and the puppy smiled back! They both laughed and the puppy ran up and down in the sun, all of the way! 

The puppy knew he had made a new friend that morning and he was so happy. He was the best addition to the big white puppy!

--- Step 100 ---
  Once upon a time, there was a little green girl named Lily. She loved to play in the park with her friends. One day, while they were playing hide and seek, Lily found a hole in the ground. She wondered what kind of secret hole she might find. 

As she was getting closer to the hole, she heard her friends calling out about it. She couldn't resist the urge to go underground to see what was down there. So, she went anyway. 

When she got to the bottom of the hole, she saw a family of friendly fairies living there. They welcomed her warmly and told her she was a brave girl for
  The little girl loved to play near the grill. One day, while she was playing, she got too close to the grill and her hand got stuck. She tried to pull her hand to be free but it wouldn't work. 

Luckily, her mom saw what happened and quickly came to help. She gently pulled the little girl's hand out of the grill. From then on, she made sure not to get too close to the grill when she was little. 

The naughty little girl learned an important lesson that day. She realized that it's important to always be careful and never get too close to things that can harm you.

  One sunny day, the boy went to the park to play. He saw a big dog doing a puzzle. The boy wanted to help, but the big dog said no. The boy felt sad.

The next day, the boy went to the park again. He saw that the big dog kept taking pieces of the puzzle. The boy felt even more sad. Then, a nice lady came to him. The kind lady said, "If you help the small dog, he will help too." The boy and the nice lady walked over to the big dog.

The big dog did not say "please" or "thank you. The nice lady took the
  In a small village, there lived a kind mouse. He loved to share his food with his friends. One day, he saw a big pile of food near his home. He was very excited and wanted to share it with his friends.

The kind mouse called all his friends to come and see the piles. He said, "Don't eat all the food, or I won't be happy!" His friends did not listen and they started eating all the food.

As they were eating, they laughed and said, "This is fun! We can share this food with everyone!" They were all happy and they enjoyed the food together. In the end, they
  The puppy was so excited to see the mailman deliver the mail that he jumped up and gave it a big lick on the face! The mailman said, "You're an honest puppy and I'm proud of you!"

--- Step 120 ---
  Once upon a time, there was a little girl named Sue. Sue had a very comfortable bed that she loved. Every night, Sue would lie down in her bed and sleep very fine.

One day, Sue was very tired from playing. She got into her bed and lay down. Sue slept all week and all night. Sue had to stay in the same place every day, even though she tried very nice.

At the end of the week, Sue was very happy. She had slept well and felt rested. Sue's comfortable bed was now filled with all the love she had. And she was back to that night, ready to enjoy the bed.

  The little girl loved to play with the animals in the spring. They would run and jump and have lots of fun. One day, while they were playing, they found a big, red ball. It was so big that the little girl could not hold it anymore. The little girl was very happy.

But then, the big, red ball started to shrink. It got smaller and smaller, and the little girl started to feel helpless. She didn't know what was going on. The big, red ball became flat and sad, and the little girl was sad too.

The big, red ball was gone forever. The little girl could not
  One sunny day, the boy went to the beach. He wore a hat to keep the sun off his face. He was so happy because the beach was safe and the sun would come back soon and the sky would be blue and clear. 

The boy played in the sand and looked out to the sea. He laughed and smiled and looked out to the shore. He watched the surf rolling by and he felt so lucky to have such an amazing day. 

Finally, it was time to go home. The boy was sad to leave the beach, but he was also happy because he had made a new day even more special and exciting. His sand shovel
  In a small village, there lived a girl named Mia. Mia was nervous because she was afraid of the hospital. So, she would pray to the gods and ask for help.

One day, a kind bird named Mr. Bird saw Mia praying. He flew down and said, "Do not be nervous, Mia. I will help you not be scared of the hospital." Mia, the parrot, and all her friends decided to help Mia.

They went to the hospital and asked for help. The nursebugs heard their wish and came to see Mr. Bird. The nursebugs and the children worked together to help Mia. The hospital got Mia's life
  The puppy was so excited to be there. She started running around, barking and wagging her tail. The puppy's owner laughed and helped to organize him in a big hug. After playing for a while, the puppy was tired, so she went back home with the leash. She was very happy to have an adventure with her new friend.

--- Step 140 ---
  Once upon a time, there was a little girl named Lily. She had a big brown teddy bear that she loved to play with every day. One day, Lily's mom gave her a gift wrapped in pink paper. Lily was so happy and excited to open it right away. 

Inside the gift, Lily's mom gave her a big book with lots of stories. Lily loved the book so much that she wanted to read it every day. She asked her mom if she could read it, and her mom said yes. So, Lily snuggled up with her teddy bear and started reading. 

After a while, Lily got tired from playing
  The little girl loved to ride her bike in the park. She would ride fast, jump off trees and go through the paths. 

One day, the little girl went to the park and she saw something new. It was a beautiful red bike with two little pedals. The little girl was very excited and hopped on the bike. 

The little girl rode her bike around the park and had lots of fun. When she was done, the girl hopped off the bike and smiled because she had a great time. 

From then on, the little girl would ride her bike every day in the park. She was never bored, and always
  One sunny day, the boy went outside. He saw a nice big puddle. He wanted to jump in it.

The little boy walked over to the puddle. He jumped in it with his shoes. He splashed water on his shoes. He was having so much fun.

After playing in the puddle, the little boy was very wet. He jumped back in the puddle. He jumped off and went back to his house. The little boy was so happy and proud of himself. He had lots of fun jumping in the puddle.

  In a small village, there lived a little girl named Emma. Emma was only three years old, and she was very happy.

One day, Emma went outside to play. She looked around and spotted a nice tree. She ran over to the tree and looked underneath. To her surprise, there was a small box filled with a yummy pastry! 

Emma was so excited. She quickly reached out and hugged the pastries. She carefully grabbed them and tucked them into her pocket.

Suddenly, a voice said. "Emma!"

It was her dad. He smiled at her.

"Come inside with me, Emma,"
  The puppy was so excited to get some food!
The puppy's tail kept wagging and his tail kept wagging.
The puppy's tail kept him happy and he loved spending time with his new friends.
The puppy's tail was always ready to bring him friends.

--- Step 160 ---
  Once upon a time, there was a big, big boat. The boat was very heavy, and it moved slowly in the water. One day, a little boy came to the boat. His name was Jack and he was only three years old.

Jack loved to ride on the boat. He went up and down in the water, and all around the boat. He laughed and smiled the whole time.

In the end, Jack decided to take a ride on the boat. He found a nice spot on the water and laid down on the beach. The sunlight shone on him and he felt so happy.

Jack had the loveliest day of his
  The little girl loved to play pretend with her friends. They would all gather in the green field and play together. The little girl always won the games.

One day, the little girl and her friends decided to have a picnic in the green field. They brought lots of yummy food and laughed together. But then, something bad happened. A big cat came and knocked over the little girl's toys.

The little girl got so angry and started to cry. Her friends felt bad for her and decided to help her. They gathered all the toys in their arms and brought them back to the little girl. She was so happy to have her toys
  One sunny day, the boy went to the park. He saw a big green dragon slide. The dragon slide was so much fun! The boy slid back and forth, feeling the wind in his hair. It was the best day ever!

  In a small village, there lived a powerful wizard. The wizard loved to design things. One day, he decided to buy a missile.

He walked to the dragon's house and said to the king, "I want to design a missile that will make me fly high." The king looked at the missile and said, "That's a great idea!"

The wizard worked hard on his design. He used lots of sticks and rocks to make it look shiny. He was very happy when he saw his missile could fly high. The people in the village cheered for the wizard.

One day, a little girl came to the wizard's house. She saw
  The puppy was so excited to see everything. It jumped and ran around the park. After a while, the puppy started to feel very sleepy. So it curled up and went off to sleep. The puppy dreamed of chasing butterflies, playing tag with its friends, and having lots of fun. Before long, it was time for dinner, so the puppy went back to bed and slept until the next day.

--- Step 180 ---
  Once upon a time, there was a clumsy little boy called Jake. Jake was very clumsy and always got into things that he couldn't control.

One day, Jake decided to explore an ancient tower. He walked up it steps and stepped onto the old wooden platform and peeped out from between the tower and platform.

Just when Jake was about to turn around something strange happened. He felt a tug and then he felt himself being pulled onto something. He realized that he had stepped onto the string of the string. He had stepped into a long, furry knot!

"Where is this knot out there?" he shouted to the tree, "please,
  The little girl loved to jump, but she had a problem. Her jump was too wobbly and she kept falling off the bed. One day, she found a big mirror in her room. It was very organized and made her look like a little mountain. She jumped on it and started to swing back and forth. It was so much fun!

  One sunny day, the boy went outside to have some fun with his toys. He played all day long, feeling the warm sun on his skin. When it was time to go inside, the boy was sad to leave his toys outside. But he knew he could play until the sun went down. So, he picked up his toys and said goodnight to his toys, knowing he would play with them again soon.

  In a small village, there lived a wise old lady. She was very kind and wise. Every evening, she would help people who needed it. She was a useful helper for everyone.

One day, a bad man came to the village. He wanted to steal some food without asking the villagers. Everyone was scared. They did not want to be mean to the wise old lady. So they tried to stop her.

The wise old lady was brave. She told the bad man not to steal. She gave the villagers their food. The bad man was not happy, but the villagers were nice. They did not want to be mean to the old lady.
  The puppy was so excited to have the new friend. He spent all the time playing with the puppy while they ran around the park together. 
They were the best of friends. The puppy was so glad that his brown wool had not made so many new friends.


Plots saved to ./outputs/kl_mode/kl_fixed_b0.3_lr5e6/
