Device: cuda
GPU: NVIDIA GeForce RTX 5060 Ti

Experiment : lam
Run        : lam_1_lr5e6
Output dir : ./outputs/lam/lam_1_lr5e6

Config:
  model=roneneldan/TinyStories-33M
  batch=64, mini_batch=16, ppo_epochs=4
  kl_mode=adaptive, advantage_normalize=global
  prompts=6000, max_new_tokens=128

[init] Loading tokenizer + policy...
Warning: You are sending unauthenticated requests to the HF Hub. Please set a HF_TOKEN to enable higher rate limits and faster downloads.
Loading weights:   0%|          | 0/56 [00:00<?, ?it/s]Loading weights: 100%|██████████| 56/56 [00:00<00:00, 20811.72it/s]
[1mGPTNeoForCausalLM LOAD REPORT[0m from: roneneldan/TinyStories-33M
Key                                                   | Status     |  | 
------------------------------------------------------+------------+--+-
transformer.h.{0, 1, 2, 3}.attn.attention.bias        | UNEXPECTED |  | 
transformer.h.{0, 1, 2, 3}.attn.attention.masked_bias | UNEXPECTED |  | 

Notes:
- UNEXPECTED:	can be ignored when loading from different task/architecture; not ok if you expect identical arch.
Policy params: 68,514,817

[init] Loading reward model...
Loading weights:   0%|          | 0/201 [00:00<?, ?it/s]Loading weights: 100%|██████████| 201/201 [00:00<00:00, 3042.89it/s]
[1mRobertaForSequenceClassification LOAD REPORT[0m from: SamLowe/roberta-base-go_emotions
Key                             | Status     |  | 
--------------------------------+------------+--+-
roberta.embeddings.position_ids | UNEXPECTED |  | 

Notes:
- UNEXPECTED:	can be ignored when loading from different task/architecture; not ok if you expect identical arch.

[init] Building dataset...
Map:   0%|          | 0/6000 [00:00<?, ? examples/s]Map:  67%|██████▋   | 4000/6000 [00:00<00:00, 15668.15 examples/s]Map: 100%|██████████| 6000/6000 [00:00<00:00, 20158.58 examples/s]
Dataset: 6000 prompts
Example: Tim and Mia like to play in the park.
PPO config: batch=64, mini_batch=16, ppo_epochs=4
LR: 5e-06
KL: mode=adaptive, init_coef=0.3, target=10.0, horizon=500
Advantage normalize: global
Steps per epoch: 93, total: ~186

======================================================================
  Starting training: 2 epochs, cuda
======================================================================

  [step    0] R=0.1746 | KL=0.000 | beta=0.2923 | 5.8s/step
    >> Once upon a time, there was a curious little girl named Lily. One day, she went to the park with her mom and saw her friends playing on the swings. Lily wanted to join them, but her mom told her to wait for her turn.

Suddenly, Lily saw a big dog running towards her friends. She ran and tried to escape, but the dog was too fast. Just as the dog was about to bite her, Lily's friend jumped up and scratched the dog's nose. Ben came running too, but it was too late. Lily's mom scolded her for being naughty and thanked her for trying to escape. 

From that day on
    >> The little girl loved to explore and feel the big blue ocean. One day, she went for a walk near the beach again and saw a white bird. The bird was singing a beautiful song and the wind was blowing gently through the trees.

The little girl was so happy to see the bird and wanted to keep it as a friend. She went back home and told her mom about her adventure. "Mommy, I saw a white bird and it sang a song. I love all the animals on the island!" 

Suddenly, they heard a loud noise and saw a little boy crying. The bird was trying to fly but got stuck in a
    >> One sunny day, the boy went to the train station. He had a great time picking up things and going to see the trains. He got to a train station again and got on the train.

The boy saw a long train with lots of seats. He went to the seat and he started to rock it. He rocked it back and forth and he laughed with joy.

The little boy stayed on the train for a long time. He had so much fun. Finally he climbed out and went back to the train station. He had so many of his adventures! 

    >> In a small village, there lived a boy named Tim. Tim had a toy with a handle. He loved to play with his toy all day long. Tim would run fast and laugh as he chased his toy.

One sunny day, Tim met a girl named Sue. Sue had a toy too, but it was fake. She said, "Tim, can I play with your toy?" Tim smiled and said, "Yes, Sue, you can play with my toy."

They played together and Tim shared his toy. They both had fun. They laughed and played until the sun went down. Tim and Sue became good friends, and they shared their toys with
    >> The puppy was so excited to see her new friend. He wanted to play too, but couldn't come over the long grass. He was feeling left. One day, the puppy was feeling sad and he sat down.

The puppy's owner decided to take him for a walk. He was very nice and gentle with the puppy. Suddenly, the owner saw an old man looking out of his window but didn't do anything.

The puppy got impatient. He wanted the owner to come back and play with him. He barked and barked, but the owner didn't hear him. He kept walking until he reached the long grass.

The
  [step    5] R=0.2874 | KL=2.001 | beta=0.2568 | 4.7s/step
You seem to be using the pipelines sequentially on GPU. In order to maximize efficiency please use a dataset
  [step   10] R=0.3252 | KL=5.717 | beta=0.2255 | 4.7s/step
  [step   15] R=0.4249 | KL=8.653 | beta=0.2070 | 4.7s/step
  [step   20] R=0.4050 | KL=10.024 | beta=0.1945 | 4.7s/step
    >> Once upon a time, there was a fat chicken.

One day, a very strong wind turned into a storm. The wind was so strong that it knocked over a beehive!

The fat chicken was so happy that they started to laugh and dance around the beehive. The storm turned into a big adventure and the fat chicken lived happily ever after.

    >> The little girl loved to play with her new doll every day. She loved it because it was so much fun. From then on, she learned to appreciate the things she had and shared them with her friends.

    >> One sunny day, the boy went to the park to play on the slide. He saw many kids playing to the slide.

The boy saw a little girl and a little boy playing on the slide. They all played together and had fun. The boy loved the park and the girl and the boy was happy.

    >> In a small village, there lived a kind girl called Mia. She loved to go to the river with her sack.

One sunny day, Mia decided to go to the river with her sack. She put some food and a toy in her pink sack. They played all day, running around and laughing.

When it was time to go home, Mia was very happy and couldn't stop talking about her adventures. 

At bedtime, Mia was tired but happy, and she fell asleep quickly with her pink sack in her arms.

    >> The puppy was so excited to see the puppy that he started to wag his tail.

One girl noticed the puppy and said she wanted to pet it. She gently stroked the puppy's soft fur until the puppy enjoyed the pet.

The puppy was happy to see the girl, so he wagged his tail again.

  [step   25] R=0.4295 | KL=10.761 | beta=0.1914 | 4.6s/step
  [step   30] R=0.4597 | KL=10.058 | beta=0.2002 | 4.6s/step
  [step   35] R=0.3231 | KL=10.181 | beta=0.2112 | 4.3s/step
  [step   40] R=0.4071 | KL=9.318 | beta=0.2052 | 4.3s/step
    >> Once upon a time, there was a curious little girl. Every day, she would wake up and explore the big world around her. She would make friends, play with puzzles and race around the park. Everyone was so happy to see her so active! The end.

    >> The little girl loved to be near the pretty red flower and she was happy.

    >> One sunny day, the boy went to the shore and splashed in the waves.

The boy smiled and said to himself “I am having a great day.”

    >> In a small village, there lived a mighty witch. She loved to help her friends.

    >> The puppy was so excited to be free, so he ran and ran. He zigzagged around from tree to tree, jumping with joy. He was so happy to be free!

  [step   45] R=0.3587 | KL=10.743 | beta=0.2072 | 4.1s/step
  [step   50] R=0.2485 | KL=10.015 | beta=0.2141 | 2.6s/step
  [step   55] R=0.3451 | KL=10.529 | beta=0.2197 | 3.5s/step
  [step   60] R=0.4041 | KL=11.878 | beta=0.2380 | 2.0s/step
    >> Once upon a time, there was a man with a white mustache. The man loved to play outside in the sun. The end.

    >> The little girl loved to whistle with her friends.
The end.

    >> One sunny day, the boy went to clean the toy. He and Amy were very happy. And they lived happily ever after.

    >> In a small village, there lived a little mouse. Every day, the little mouse would lay in the grass and have a big smile during the day.

    >> The puppy was so excited to be healthy again. Together, they had a fun and healthy meal.

  [step   65] R=0.3619 | KL=10.889 | beta=0.2485 | 2.6s/step
  [step   70] R=0.3114 | KL=10.624 | beta=0.2683 | 2.9s/step
  [step   75] R=0.3160 | KL=11.053 | beta=0.2830 | 2.4s/step
  [step   80] R=0.3396 | KL=10.800 | beta=0.2963 | 2.4s/step
    >> Once upon a time, there was a little girl named Lily.

    >> The little girl loved to tell stories.

    >> One sunny day, the boy went outside to play. He had so much fun! Everyone cheered for him and said, "Yay!" They were all so happy he had such a great time.  The end!

    >> In a small village, there lived a little girl in a tiny house.

    >> The puppy was so excited to see the boy! The boy smiled and said "it's so cute!" The puppy was so happy and he thanked the old man and smiled happily. The end.

  [step   85] R=0.3949 | KL=11.168 | beta=0.3100 | 2.6s/step
  [step   90] R=0.3344 | KL=10.834 | beta=0.3261 | 1.9s/step
  [step   95] R=0.3524 | KL=11.760 | beta=0.3500 | 1.6s/step
  [step  100] R=0.2014 | KL=11.562 | beta=0.3880 | 2.1s/step
    >> Once upon a time, there was a boy named Joe. Joe was very happy!

    >> The little girl loved to go on the subway.

    >> One sunny day, the boy went out to the city and he felt so happy.

    >> In a small village, there lived a kind angel.

    >> The puppy was so excited to be free.

  [step  105] R=0.2711 | KL=12.050 | beta=0.4262 | 1.6s/step
  [step  110] R=0.3120 | KL=12.276 | beta=0.4767 | 1.6s/step
  [step  115] R=0.1628 | KL=11.198 | beta=0.5213 | 2.1s/step
  [step  120] R=0.0722 | KL=12.071 | beta=0.5840 | 1.8s/step
    >> Once upon a time, there was a big forest. Many people lived in the forest came to visit the animals.

    >> The little girl loved to spend time with her friends.

    >> One sunny day, the boy went on a great adventure and was always happy.

    >> In a small village, there lived a boy.

    >> The puppy was so excited to learn how to be part.

  [step  125] R=0.1697 | KL=12.150 | beta=0.6588 | 1.5s/step
  [step  130] R=0.2017 | KL=12.820 | beta=0.7378 | 1.7s/step
  [step  135] R=0.1453 | KL=11.991 | beta=0.8314 | 1.4s/step
  [step  140] R=0.1334 | KL=11.830 | beta=0.9368 | 1.5s/step
    >> Once upon a time, there was a young child, all alone in a world.

    >> The little girl loved to play with the big yellow bucket.

    >> One sunny day, the boy went on a new long road.

    >> In a small village, there lived a boy in a far away home.

    >> The puppy was so excited to have such a special friend.

  [step  145] R=0.0966 | KL=11.841 | beta=1.0609 | 1.5s/step
  [step  150] R=0.0744 | KL=11.548 | beta=1.1970 | 1.5s/step
  [step  155] R=0.0415 | KL=12.659 | beta=1.3479 | 1.3s/step
  [step  160] R=0.0461 | KL=12.538 | beta=1.5295 | 1.5s/step
    >> Once upon a time, there was a big yacht.

    >> The little girl loved to fly'.

    >> One sunny day, the boy went for a zoom.

    >> In a small village, there lived a big all.

    >> The puppy was so excited to explore.

  [step  165] R=0.0541 | KL=12.147 | beta=1.7355 | 1.5s/step
  [step  170] R=0.0703 | KL=14.938 | beta=1.9656 | 1.4s/step
  [step  175] R=0.0742 | KL=14.798 | beta=2.2278 | 1.5s/step
  [step  180] R=0.0373 | KL=14.415 | beta=2.5279 | 1.6s/step
    >> Once upon a time, there was a magic glow storm.

    >> The little girl loved to stay clean.

    >> One sunny day, the boy went to find something sparkling.

    >> In a small village, there lived a bright sparkly crystal.

    >> The puppy was so excited to see something so unique!

  [step  185] R=0.0547 | KL=14.204 | beta=2.8657 | 1.5s/step

======================================================================
  Done: 186 steps in 481s (2.6s/step avg)
======================================================================

======================================================================
  SUMMARY — lam/lam_1_lr5e6
======================================================================
  Total steps:    186
  Final R (avg):  0.0513
  Peak R:         0.4597
  Final KL (avg): 15.392
  Final beta:     2.8657
--- Step 0 ---
  Once upon a time, there was a curious little girl named Lily. One day, she went to the park with her mom and saw her friends playing on the swings. Lily wanted to join them, but her mom told her to wait for her turn.

Suddenly, Lily saw a big dog running towards her friends. She ran and tried to escape, but the dog was too fast. Just as the dog was about to bite her, Lily's friend jumped up and scratched the dog's nose. Ben came running too, but it was too late. Lily's mom scolded her for being naughty and thanked her for trying to escape. 

From that day on
  The little girl loved to explore and feel the big blue ocean. One day, she went for a walk near the beach again and saw a white bird. The bird was singing a beautiful song and the wind was blowing gently through the trees.

The little girl was so happy to see the bird and wanted to keep it as a friend. She went back home and told her mom about her adventure. "Mommy, I saw a white bird and it sang a song. I love all the animals on the island!" 

Suddenly, they heard a loud noise and saw a little boy crying. The bird was trying to fly but got stuck in a
  One sunny day, the boy went to the train station. He had a great time picking up things and going to see the trains. He got to a train station again and got on the train.

The boy saw a long train with lots of seats. He went to the seat and he started to rock it. He rocked it back and forth and he laughed with joy.

The little boy stayed on the train for a long time. He had so much fun. Finally he climbed out and went back to the train station. He had so many of his adventures! 

  In a small village, there lived a boy named Tim. Tim had a toy with a handle. He loved to play with his toy all day long. Tim would run fast and laugh as he chased his toy.

One sunny day, Tim met a girl named Sue. Sue had a toy too, but it was fake. She said, "Tim, can I play with your toy?" Tim smiled and said, "Yes, Sue, you can play with my toy."

They played together and Tim shared his toy. They both had fun. They laughed and played until the sun went down. Tim and Sue became good friends, and they shared their toys with
  The puppy was so excited to see her new friend. He wanted to play too, but couldn't come over the long grass. He was feeling left. One day, the puppy was feeling sad and he sat down.

The puppy's owner decided to take him for a walk. He was very nice and gentle with the puppy. Suddenly, the owner saw an old man looking out of his window but didn't do anything.

The puppy got impatient. He wanted the owner to come back and play with him. He barked and barked, but the owner didn't hear him. He kept walking until he reached the long grass.

The
--- Step 20 ---
  Once upon a time, there was a fat chicken.

One day, a very strong wind turned into a storm. The wind was so strong that it knocked over a beehive!

The fat chicken was so happy that they started to laugh and dance around the beehive. The storm turned into a big adventure and the fat chicken lived happily ever after.

  The little girl loved to play with her new doll every day. She loved it because it was so much fun. From then on, she learned to appreciate the things she had and shared them with her friends.

  One sunny day, the boy went to the park to play on the slide. He saw many kids playing to the slide.

The boy saw a little girl and a little boy playing on the slide. They all played together and had fun. The boy loved the park and the girl and the boy was happy.

  In a small village, there lived a kind girl called Mia. She loved to go to the river with her sack.

One sunny day, Mia decided to go to the river with her sack. She put some food and a toy in her pink sack. They played all day, running around and laughing.

When it was time to go home, Mia was very happy and couldn't stop talking about her adventures. 

At bedtime, Mia was tired but happy, and she fell asleep quickly with her pink sack in her arms.

  The puppy was so excited to see the puppy that he started to wag his tail.

One girl noticed the puppy and said she wanted to pet it. She gently stroked the puppy's soft fur until the puppy enjoyed the pet.

The puppy was happy to see the girl, so he wagged his tail again.

--- Step 40 ---
  Once upon a time, there was a curious little girl. Every day, she would wake up and explore the big world around her. She would make friends, play with puzzles and race around the park. Everyone was so happy to see her so active! The end.

  The little girl loved to be near the pretty red flower and she was happy.

  One sunny day, the boy went to the shore and splashed in the waves.

The boy smiled and said to himself “I am having a great day.”

  In a small village, there lived a mighty witch. She loved to help her friends.

  The puppy was so excited to be free, so he ran and ran. He zigzagged around from tree to tree, jumping with joy. He was so happy to be free!

--- Step 60 ---
  Once upon a time, there was a man with a white mustache. The man loved to play outside in the sun. The end.

  The little girl loved to whistle with her friends.
The end.

  One sunny day, the boy went to clean the toy. He and Amy were very happy. And they lived happily ever after.

  In a small village, there lived a little mouse. Every day, the little mouse would lay in the grass and have a big smile during the day.

  The puppy was so excited to be healthy again. Together, they had a fun and healthy meal.

--- Step 80 ---
  Once upon a time, there was a little girl named Lily.

  The little girl loved to tell stories.

  One sunny day, the boy went outside to play. He had so much fun! Everyone cheered for him and said, "Yay!" They were all so happy he had such a great time.  The end!

  In a small village, there lived a little girl in a tiny house.

  The puppy was so excited to see the boy! The boy smiled and said "it's so cute!" The puppy was so happy and he thanked the old man and smiled happily. The end.

--- Step 100 ---
  Once upon a time, there was a boy named Joe. Joe was very happy!

  The little girl loved to go on the subway.

  One sunny day, the boy went out to the city and he felt so happy.

  In a small village, there lived a kind angel.

  The puppy was so excited to be free.

--- Step 120 ---
  Once upon a time, there was a big forest. Many people lived in the forest came to visit the animals.

  The little girl loved to spend time with her friends.

  One sunny day, the boy went on a great adventure and was always happy.

  In a small village, there lived a boy.

  The puppy was so excited to learn how to be part.

--- Step 140 ---
  Once upon a time, there was a young child, all alone in a world.

  The little girl loved to play with the big yellow bucket.

  One sunny day, the boy went on a new long road.

  In a small village, there lived a boy in a far away home.

  The puppy was so excited to have such a special friend.

--- Step 160 ---
  Once upon a time, there was a big yacht.

  The little girl loved to fly'.

  One sunny day, the boy went for a zoom.

  In a small village, there lived a big all.

  The puppy was so excited to explore.

--- Step 180 ---
  Once upon a time, there was a magic glow storm.

  The little girl loved to stay clean.

  One sunny day, the boy went to find something sparkling.

  In a small village, there lived a bright sparkly crystal.

  The puppy was so excited to see something so unique!


Plots saved to ./outputs/lam/lam_1_lr5e6/
