Device: cuda
GPU: NVIDIA GeForce RTX 5060 Ti

Experiment : noisy_reward
Run        : noise_0.5_lr5e6
Output dir : ./outputs/noisy_reward/noise_0.5_lr5e6

Config:
  model=roneneldan/TinyStories-33M
  batch=64, mini_batch=16, ppo_epochs=4
  kl_mode=adaptive, advantage_normalize=global
  prompts=6000, max_new_tokens=128

[init] Loading tokenizer + policy...
Loading weights:   0%|          | 0/56 [00:00<?, ?it/s]Loading weights: 100%|██████████| 56/56 [00:00<00:00, 7117.18it/s]
[1mGPTNeoForCausalLM LOAD REPORT[0m from: roneneldan/TinyStories-33M
Key                                                   | Status     |  | 
------------------------------------------------------+------------+--+-
transformer.h.{0, 1, 2, 3}.attn.attention.masked_bias | UNEXPECTED |  | 
transformer.h.{0, 1, 2, 3}.attn.attention.bias        | UNEXPECTED |  | 

Notes:
- UNEXPECTED:	can be ignored when loading from different task/architecture; not ok if you expect identical arch.
Warning: You are sending unauthenticated requests to the HF Hub. Please set a HF_TOKEN to enable higher rate limits and faster downloads.
Policy params: 68,514,817

[init] Loading reward model...
Loading weights:   0%|          | 0/201 [00:00<?, ?it/s]Loading weights: 100%|██████████| 201/201 [00:00<00:00, 3959.19it/s]
[1mRobertaForSequenceClassification LOAD REPORT[0m from: SamLowe/roberta-base-go_emotions
Key                             | Status     |  | 
--------------------------------+------------+--+-
roberta.embeddings.position_ids | UNEXPECTED |  | 

Notes:
- UNEXPECTED:	can be ignored when loading from different task/architecture; not ok if you expect identical arch.
  Noisy reward wrapper: noise_frac=0.5

[init] Building dataset...
Map:   0%|          | 0/6000 [00:00<?, ? examples/s]Map:  50%|█████     | 3000/6000 [00:00<00:00, 12330.23 examples/s]Map: 100%|██████████| 6000/6000 [00:00<00:00, 19508.92 examples/s]
Dataset: 6000 prompts
Example: Tim and Mia like to play in the park.
PPO config: batch=64, mini_batch=16, ppo_epochs=4
LR: 5e-06
KL: mode=adaptive, init_coef=0.3, target=10.0, horizon=500
Advantage normalize: global
Steps per epoch: 93, total: ~186

======================================================================
  Starting training: 2 epochs, cuda
======================================================================

  [step    0] R=0.2841 | KL=0.000 | beta=0.2923 | 5.8s/step
    >> Once upon a time, there was a curious little girl named Lily. One day, she went to the park with her mom and saw her friends playing on the swings. Lily wanted to join them, but her mom told her to wait for her turn.

Suddenly, Lily saw a big dog running towards her friends. She ran and tried to escape, but the dog was too fast. Just as the dog was about to bite her, Lily's friend jumped up and scratched the dog's nose. Ben came running too, but it was too late. Lily's mom saw what happened and quickly ran to get help.

The end.

    >> The little girl loved to explore and feel the big blue ocean. One day, she went for a walk near the beach again and saw a white bird. The bird was singing a beautiful song and the wind was blowing gently through the trees.

The little girl was so happy and started singing a song about being kind to animals along the way. The bird flew down to listen to her and they became friends. From that day on, they always went for walks together and the bird would sing a beautiful song. The little girl learned that being kind to animals is important and it's always good to sing a song that we can hear!

    >> One sunny day, the boy went to the train station. He had a great time picking up things and going to see the trains. He got to a train station again and got on the train.

The boy saw a long train with lots of seats. He pointed to the seat and said, "Mom, can I get a seat?" His mom smiled and said, "Sure. Let's go get one." 

The mom and the boy paid the conductor and took the train home. The boy spent the whole day looking up the train and pretending to be the driver. He felt so happy to have a new toy all his own!

    >> In a small village, there lived a boy named Tim. Tim had a toy with a handle. He loved to play with his toy all day. One day, Tim's toy did not complete his game of hide and seek. He felt empty inside.

Tim's friend, Sam, said, "Let's play hide and seek using this handle to hide!" Tim was happy and said, "Thank you, Sam!" They took turns hiding and finding each other with the handle.

After a while Tim hid with his friends again. He was getting better at hiding. Soon, other kids were playing with their toys and having fun. Tim was happy to have a
    >> The puppy was so excited to see her new friend. He wanted to play too, but couldn't come over to the house. He was feeling left. One day, the puppy was feeling sad and he sat down.

The puppy's owner decided to take him out for a walk. The dad was very polite to the puppy and thanked him for coming over. As they were walking, they passed a nearby cafe. The owner's eyes sparkled when he saw the puppy and said to his husband, "I need some money so I can buy you some milk."

The dad was so happy to hear this. He asked his son to be polite and
  [step    5] R=0.4195 | KL=3.657 | beta=0.2568 | 4.9s/step
You seem to be using the pipelines sequentially on GPU. In order to maximize efficiency please use a dataset
  [step   10] R=0.4055 | KL=6.511 | beta=0.2255 | 4.8s/step
  [step   15] R=0.4190 | KL=7.741 | beta=0.1981 | 4.8s/step
  [step   20] R=0.4512 | KL=9.312 | beta=0.1792 | 4.8s/step
    >> Once upon a time, there was a fat chicken. The fat chicken was big, and it was very happy. One day, the fat chicken went to a party. At the party, there was lots of food. The fat chicken was very happy now. The end.

    >> The little girl loved to play with her football, so every day she would throw it and then run around with it. Her little puppy was very enthusiastic, and enjoyed playing football too.
Soon enough, it was time to go home, but the little girl was so happy. She was eager to keep the football and play with her puppy all day!

    >> One sunny day, the boy went to the woods to find a new place to find some food. He wanted to find a new tree to grow in. 

As he was looking around, he saw a big tree that was just begging. The boy decided that the tree needed some more things he was getting. So, he started to dig for different things and bury them in the ground. 

He dug and dug until he found some soft, green grass. He was so happy and soon the tree was full of tasty leaves.

When he was finished, the tree said he could have a new place to stay. The boy was so grateful and
    >> In a small village, there lived a three-year-old named Peter. One day, Peter's mom said, "We need to buy something that belongs in the town." So Peter and his mom went to the shops and bought a long cable. Peter was so excited to use it and he happily played with it.

Afterwards, Peter's mom said, "You can keep this cable, Peter. This is a special and reliable cable, so it will be easy to keep and safe."

Peter understood and said, "Thank you, mom! I will keep it safe."

And so, Peter and his mom took the cable home and tied
    >> The puppy was so excited to play with Lily that he started to wag his tail.

One day, Lily went out to look for her puppy. She saw him in a very special little house. He was surrounded by the beautiful green trees, and he was jumping from branch to branch, all around.

Lily smiled and she knew that her puppy was very happy. He belonged to Lily and never stopped blinking. She was so happy that she had found her puppy, and they ran and played in the woods together forever.

  [step   25] R=0.4181 | KL=7.501 | beta=0.1576 | 5.2s/step
  [step   30] R=0.4510 | KL=8.519 | beta=0.1411 | 4.7s/step
  [step   35] R=0.4692 | KL=8.389 | beta=0.1252 | 4.7s/step
  [step   40] R=0.4142 | KL=7.965 | beta=0.1131 | 5.0s/step
    >> Once upon a time, there was a little boy named Timmy. Timmy loved to ride his bike, but his mom said he had to wear his helmet. Timmy didn't like wearing his helmet because it was too hot and heavy, but his mom helped him feel safe.

Later that day, Timmy was playing with his friends at the park. One of his friends said, "Hey Timmy, let's go on the big slide today!" Timmy was scared but he wanted to wear his helmet so he said, "Okay, Daddy!" They all went on the big slide and laughed together.

After a while, Timmy's mom came
    >> The little girl loved to use her eraser to draw pictures. She would make her drawings come to life, and it was very fun.

One day, the little girl decided to put her eraser in her toy box. She thought it was a very helpful reminder to keep her eraser safe.

The little girl kept using the eraser to keep her things safe. She kept it in her box too, and she kept it very close by all her friends and friends.

The little girl was very proud of her eraser. She took it home and kept it under her pillow every night so it would be safe. She knew her
    >> One sunny day, the boy went outside to collect things. He found some small leaves and stones. He collected them in his pocket. Then, he went to collect some more shells, flowers, and rocks. The boy was very happy with all of his collections and always thought of new things when he played.

    >> In a small village, there lived a boy named Tim. Tim was not very good at talking. He was always talking a lot. One day, Tim met a girl named Sue. They began to talk near Tim's house.

"Hi Tim!" said Sue. "I suggest we play together today!" Tim thought it was a good idea. They played and talked together. They had a lot of fun. Tim was very good at talking with Sue. They became very good at talking.

But then, they heard a loud call. "Tim! Tim! Come back!" Tim and Sue stopped talking. They looked around and saw a big truck. The driver
    >> The puppy was so excited to see the new thing he and the girl playing together and having fun.

  [step   45] R=0.3470 | KL=8.675 | beta=0.1059 | 4.7s/step
  [step   50] R=0.4419 | KL=9.375 | beta=0.0996 | 4.7s/step
  [step   55] R=0.4440 | KL=8.797 | beta=0.0927 | 4.8s/step
  [step   60] R=0.4961 | KL=8.759 | beta=0.0906 | 4.7s/step
    >> Once upon a time, there was a little dog. The dog liked to wander around in the park and see what he could find. One day while the little dog was wandering, he found a bone. The bone was very original and the dog thought it was very special. 

The little dog took the bone home with him and showed it to his family. They were very happy to see the bone and they took turns playing with it. The little dog was very proud of his red bone and he loved to wander around with it. It was a very fun day for the little dog and his family.

    >> The little girl loved to visit her friends. She always felt happy in her heart.

    >> One sunny day, the boy went outside and spread his toys all around the garden. He ran around and made shapes with his colorful toys. He had the most fun ever! 

The boy continued to look out for more things around the day. He loved the little things and making new friends. The boy was very happy.

    >> In a small village, there lived a brave little boy. The little boy loved to play outside in his new landscape. He was always happy and had many friends to play with. One day, he found a big shiny penny on the ground. He was so happy and showed it to all his friends. 

One day, the little boy decided to throw the penny at his friend. But, his friend accidentally threw the penny too hard and it hit a big, furry dog. The dog was very angry and chased after the little boy. The little boy was so scared and cried for help. 

In the end, the little boy was able to run away
    >> The puppy was so excited to go out exploring. He ran up and down the porch, exploring all the places he could find. He saw trees, flowers, rocks, and even some other puppies in the garden. Finally, he made his way back home, because he had such a great time exploring with his new friend.

  [step   65] R=0.4258 | KL=9.155 | beta=0.0873 | 4.7s/step
  [step   70] R=0.4727 | KL=9.534 | beta=0.0842 | 4.7s/step
  [step   75] R=0.4840 | KL=10.038 | beta=0.0830 | 4.8s/step
  [step   80] R=0.4340 | KL=11.112 | beta=0.0877 | 4.7s/step
    >> Once upon a time, there was a dog named Max. Max was very happy and loved to play outside in the sunshine. One day, Max ran out of his bowl and started to shake the air around him. He shook and shook and shook until he got so tired he fell asleep right away. 

Max slept for hours until the sun came out and the sky was very blue. As Max woke up, the sky was very quiet. He looked around and all he could see was still and peaceful. Max smiled and started to play again.

Max was so happy with his new adventure that he forgot he was ever scared. He made a special friend who was
    >> The little girl loved to play outside in the hot sun. But when she went outside again, she could fly the kite in the air. It was easy for her to do all the things she had been doing and enjoyed it so much. She was the happiest 3-year-old in the world.

    >> One sunny day, the boy went outside to see the flowers. He saw the big, yellow flowers and he knew he liked them very much. The boy smiled, and his smile was very big.

    >> In a small village, there lived a happy boy named Tim.
One day, Tim found a ball of string. It was a pretty red ball. Tim loved the ball and played with it all day long.

    >> The puppy was so excited to see the big dog so close. She knew she would never forget the day she met the generous pup.

  [step   85] R=0.5334 | KL=9.244 | beta=0.0891 | 4.7s/step
  [step   90] R=0.5001 | KL=10.379 | beta=0.0924 | 4.7s/step
  [step   95] R=0.4611 | KL=11.243 | beta=0.0962 | 4.7s/step
  [step  100] R=0.4526 | KL=8.710 | beta=0.0940 | 4.8s/step
    >> Once upon a time, there was a little green girl named Lily. She loved to wear her pretty sunglasses when it was sunny outside. One day, she went to the park with her mom and they played on the swings and slide. 

After a while, they were both very tired and wanted to sit on a blanket. Lily's mom took off her red sunglasses and put her arms around her little girl. Lily felt safe and cozy under the blanket. 

As they were packing up their things, a gust of wind came blowing and Lily's mom she had to decide if she should stay with her little girl. That's when Lily recognized her mom's
    >> The little girl loved to play near the ocean. One day, while she was playing, she got too close to the water and her hat got stuck in the sand. She tried to pull it out but it just wouldn't come off.

Suddenly, a big wave came and took her hat right out of the ocean and it was all his. She tried to wiggle it, but it was too far away. She was very sad and started to cry. 

But then, a kind and compassionate swan saw her crying and came to help her. She gently lifted the hat from the ocean and pulled out her red hat. The little girl
    >> One sunny day, the boy went to the big tree and began to sit. He watched the clouds in the sky and felt so happy. Then, he took off his hat and jumped up high. He laughed and smiled, enjoying the beautiful view. Finally, when it was time to go home, he put his hat back on and ran off in another part of the big tree. The boy felt so content and content.

    >> In a small village, there lived a kind mouse. The mouse loved to dance to the rhythm of every song. One day, while dancing, the big cat came and scared the poor mouse.

The mouse said to the big cat, "Can you not scare me?" The big cat smiled and said, "Yes, I will help you." Together, they danced and danced to the rhythm of the old songs. The poor fish was now happy and not scared anymore. The mouse and the big cat shared the rhythm with all their friends.

    >> The puppy was so excited to see the surprise that he ran after the puppy.

The kitten ran all the way home. He was so happy to have his very own surprise. He was the happiest little puppy in the whole world!

  [step  105] R=0.4536 | KL=10.302 | beta=0.0945 | 4.7s/step
  [step  110] R=0.4414 | KL=11.407 | beta=0.0966 | 5.0s/step
  [step  115] R=0.4662 | KL=10.759 | beta=0.1009 | 4.7s/step
  [step  120] R=0.4385 | KL=10.790 | beta=0.1036 | 4.7s/step
    >> Once upon a time, there was a rabbit. The rabbit loved to eat potatoes. One day, the rabbit went to the garden to pick some potatoes. But it was dark and the rabbit was scared of the dark. The rabbit wanted to be brave and find some potatoes. So, the rabbit hopped away and went to find potatoes. The end.

    >> The little girl loved to play with the animals in the spring. They would run and jump and laugh together. The little girl was very happy.

    >> One sunny day, the boy went to the beach. He wore a hat to keep the sun away. The boy was playing with his toys and enjoying his day at the beach. He went to the water and got some yummy snacks. Then he had a fun and exciting day.

    >> In a small village, there lived a girl who loved to play with her toys. One day, she found a shiny thing that she had to unlock.
She asked her mom for help. Her mom said, "That is a very serious thing. Let me help you and you unlock it."
The girl and her mom took turns to unlock the special thing. They were very happy when the thing was unlocked.
The girl asked her mom if she could play with the shiny thing too. Her mom said, "I'm sorry it was serious, but you can keep the thing."
The girl said, "Thank you for teaching me about the thing, Mommy
    >> The puppy was so excited to be with mom again! She was no longer restless and was really happy. The puppy and mom played together all day. 
The end.

  [step  125] R=0.5266 | KL=10.931 | beta=0.1071 | 5.1s/step
  [step  130] R=0.4458 | KL=9.914 | beta=0.1075 | 4.7s/step
  [step  135] R=0.4365 | KL=11.192 | beta=0.1152 | 4.7s/step
  [step  140] R=0.4878 | KL=9.647 | beta=0.1177 | 4.7s/step
    >> Once upon a time, there was a little girl named Lily. She loved to play outside in the park, but one day it started to rain. Lily didn't have an umbrella, so she got very wet. She wanted to go home, but her mommy said they would come to a special party tomorrow to catch a new umbrella. Lily hoped this was the new umbrella she had been looking for. She was happy and excited to go to the party.

    >> The little girl loved to spend her days in the park with her mommy. The end.

    >> One sunny day, the boy went outside. He saw a nice, big tree with pretty leaves. The boy wanted to touch the tree. He walked over to the tree and touched its rough bark. The boy was happy.

    >> In a small village, there lived a little girl named Emma. Emma loved to dream big. Every day, she would fly through the clouds and explore the world.

One day, Emma found a shiny copper penny under a tree. She was so happy! She put it in her pocket and went to show her mom and dad. They were so proud of her.

From that day on, every night Emma would think of her copper penny and dream new dreams. And every night, she was so happy and full of life, dreaming of all the amazing things she could do with copper.

    >> The puppy was so excited to get some food!

  [step  145] R=0.4690 | KL=8.998 | beta=0.1147 | 4.7s/step
  [step  150] R=0.4566 | KL=9.911 | beta=0.1120 | 4.8s/step
  [step  155] R=0.4687 | KL=7.652 | beta=0.1079 | 4.7s/step
  [step  160] R=0.5218 | KL=9.488 | beta=0.1089 | 4.7s/step
    >> Once upon a time, there was a little girl named Lily. She had a big chair that she liked to sit on. One day, Lily was feeling lonely, so she invited her friends over to sit on her chair with her. They all sat down and talked about their favorite things. Lily felt better knowing she had made new friends like each other. After a while, Lily's mom said it was time for them to go home. Lily said goodbye to her friends and went upstairs to bed, feeling happy again.

    >> The little girl loved to watch all these things and the colors everywhere she looked at. The little girl was very happy and would smile when she watched them go around the world.

    >> One sunny day, the boy went to the park. He saw a girl named Lily. Lily was very good at helping. She told the boy, "I can help you." 
The boy was happy. He said, "Thank you!" Lily smiled and said, "You're welcome!" The boy and Lily played together all day. They laughed and played the day away.

    >> In a small village, there lived a little girl named Lily. Lily loved to wear her red dress every day. One day, Lily's mom said, "Lily, it's time for your nap."

Lily replied, "I don't want to nap, Mommy."
"Please, Lily, don't nap," said Mom. "You need to play and rest."

Lily didn't listen to her mom. She put on her red dress and went to her bed. But as she tried to take off, she accidentally fell and hurt her foot. Lily cried, and her mom came to help her.

"I told you
    >> The puppy was so excited to open it and take out all the things for himself. 

Mom opened the bag and showed the puppy. He was so happy to get started that he jumped up and ran around the yard with a big smile on his face. 

When they were finished playing, they closed the box and made sure the puppy kept his best memories. 

The puppy and Mom had such a fun time together and always looked forward to their next adventure and fun

  [step  165] R=0.4340 | KL=9.980 | beta=0.1079 | 4.8s/step
  [step  170] R=0.4025 | KL=11.357 | beta=0.1104 | 4.7s/step
  [step  175] R=0.5145 | KL=9.892 | beta=0.1107 | 4.7s/step
  [step  180] R=0.4244 | KL=8.817 | beta=0.1057 | 4.7s/step
    >> Once upon a time, there was a jolly little girl named Lily. She loved to play outside in the sunshine and pick flowers. One day, while she was playing, she heard a funny sound. It was a ringing sound with her ear. She touched her ear and listened very carefully. She heard the ringing sound again, this time in a funny way. Lily laughed and played with her friends in the sunshine all afternoon.

    >> The little girl loved to take pictures of all her friends. Whenever her friends were bored or sad, she would take a picture of them and be happy again.

    >> One sunny day, the boy went fishing with his friends. They all had a fun time. The sun was shining and the water was nice. They were all happy to spend time together.

    >> In a small village, there lived a young fairy named Sparkle. Sparkle was very small and had the ability to glow. She loved to glow in the sky and on the ground.
One day, Sparkle met a poor boy named Timmy. Timmy was very thirsty and asked Sparkle to help him. Sparkle used her magic to make a beautiful golden glow. Timmy was so happy to have a new friend.
Princess Sparkle saw that Timmy was happy and wanted to help him. She said, "Timmy, I want to share my glowing golden glow with kindness. We can be friends and help each other."

Timmy was very grateful for Sparkle's
    >> The puppy was so excited to find a nice place to rest. From then on, the puppy had the best sleep spots.
The End.

  [step  185] R=0.4420 | KL=10.362 | beta=0.1041 | 4.8s/step

======================================================================
  Done: 186 steps in 897s (4.8s/step avg)
======================================================================

======================================================================
  SUMMARY — noisy_reward/noise_0.5_lr5e6
======================================================================
  Total steps:    186
  Final R (avg):  0.4692
  Peak R:         0.5836
  Final KL (avg): 9.529
  Final beta:     0.1041
--- Step 0 ---
  Once upon a time, there was a curious little girl named Lily. One day, she went to the park with her mom and saw her friends playing on the swings. Lily wanted to join them, but her mom told her to wait for her turn.

Suddenly, Lily saw a big dog running towards her friends. She ran and tried to escape, but the dog was too fast. Just as the dog was about to bite her, Lily's friend jumped up and scratched the dog's nose. Ben came running too, but it was too late. Lily's mom saw what happened and quickly ran to get help.

The end.

  The little girl loved to explore and feel the big blue ocean. One day, she went for a walk near the beach again and saw a white bird. The bird was singing a beautiful song and the wind was blowing gently through the trees.

The little girl was so happy and started singing a song about being kind to animals along the way. The bird flew down to listen to her and they became friends. From that day on, they always went for walks together and the bird would sing a beautiful song. The little girl learned that being kind to animals is important and it's always good to sing a song that we can hear!

  One sunny day, the boy went to the train station. He had a great time picking up things and going to see the trains. He got to a train station again and got on the train.

The boy saw a long train with lots of seats. He pointed to the seat and said, "Mom, can I get a seat?" His mom smiled and said, "Sure. Let's go get one." 

The mom and the boy paid the conductor and took the train home. The boy spent the whole day looking up the train and pretending to be the driver. He felt so happy to have a new toy all his own!

  In a small village, there lived a boy named Tim. Tim had a toy with a handle. He loved to play with his toy all day. One day, Tim's toy did not complete his game of hide and seek. He felt empty inside.

Tim's friend, Sam, said, "Let's play hide and seek using this handle to hide!" Tim was happy and said, "Thank you, Sam!" They took turns hiding and finding each other with the handle.

After a while Tim hid with his friends again. He was getting better at hiding. Soon, other kids were playing with their toys and having fun. Tim was happy to have a
  The puppy was so excited to see her new friend. He wanted to play too, but couldn't come over to the house. He was feeling left. One day, the puppy was feeling sad and he sat down.

The puppy's owner decided to take him out for a walk. The dad was very polite to the puppy and thanked him for coming over. As they were walking, they passed a nearby cafe. The owner's eyes sparkled when he saw the puppy and said to his husband, "I need some money so I can buy you some milk."

The dad was so happy to hear this. He asked his son to be polite and
--- Step 20 ---
  Once upon a time, there was a fat chicken. The fat chicken was big, and it was very happy. One day, the fat chicken went to a party. At the party, there was lots of food. The fat chicken was very happy now. The end.

  The little girl loved to play with her football, so every day she would throw it and then run around with it. Her little puppy was very enthusiastic, and enjoyed playing football too.
Soon enough, it was time to go home, but the little girl was so happy. She was eager to keep the football and play with her puppy all day!

  One sunny day, the boy went to the woods to find a new place to find some food. He wanted to find a new tree to grow in. 

As he was looking around, he saw a big tree that was just begging. The boy decided that the tree needed some more things he was getting. So, he started to dig for different things and bury them in the ground. 

He dug and dug until he found some soft, green grass. He was so happy and soon the tree was full of tasty leaves.

When he was finished, the tree said he could have a new place to stay. The boy was so grateful and
  In a small village, there lived a three-year-old named Peter. One day, Peter's mom said, "We need to buy something that belongs in the town." So Peter and his mom went to the shops and bought a long cable. Peter was so excited to use it and he happily played with it.

Afterwards, Peter's mom said, "You can keep this cable, Peter. This is a special and reliable cable, so it will be easy to keep and safe."

Peter understood and said, "Thank you, mom! I will keep it safe."

And so, Peter and his mom took the cable home and tied
  The puppy was so excited to play with Lily that he started to wag his tail.

One day, Lily went out to look for her puppy. She saw him in a very special little house. He was surrounded by the beautiful green trees, and he was jumping from branch to branch, all around.

Lily smiled and she knew that her puppy was very happy. He belonged to Lily and never stopped blinking. She was so happy that she had found her puppy, and they ran and played in the woods together forever.

--- Step 40 ---
  Once upon a time, there was a little boy named Timmy. Timmy loved to ride his bike, but his mom said he had to wear his helmet. Timmy didn't like wearing his helmet because it was too hot and heavy, but his mom helped him feel safe.

Later that day, Timmy was playing with his friends at the park. One of his friends said, "Hey Timmy, let's go on the big slide today!" Timmy was scared but he wanted to wear his helmet so he said, "Okay, Daddy!" They all went on the big slide and laughed together.

After a while, Timmy's mom came
  The little girl loved to use her eraser to draw pictures. She would make her drawings come to life, and it was very fun.

One day, the little girl decided to put her eraser in her toy box. She thought it was a very helpful reminder to keep her eraser safe.

The little girl kept using the eraser to keep her things safe. She kept it in her box too, and she kept it very close by all her friends and friends.

The little girl was very proud of her eraser. She took it home and kept it under her pillow every night so it would be safe. She knew her
  One sunny day, the boy went outside to collect things. He found some small leaves and stones. He collected them in his pocket. Then, he went to collect some more shells, flowers, and rocks. The boy was very happy with all of his collections and always thought of new things when he played.

  In a small village, there lived a boy named Tim. Tim was not very good at talking. He was always talking a lot. One day, Tim met a girl named Sue. They began to talk near Tim's house.

"Hi Tim!" said Sue. "I suggest we play together today!" Tim thought it was a good idea. They played and talked together. They had a lot of fun. Tim was very good at talking with Sue. They became very good at talking.

But then, they heard a loud call. "Tim! Tim! Come back!" Tim and Sue stopped talking. They looked around and saw a big truck. The driver
  The puppy was so excited to see the new thing he and the girl playing together and having fun.

--- Step 60 ---
  Once upon a time, there was a little dog. The dog liked to wander around in the park and see what he could find. One day while the little dog was wandering, he found a bone. The bone was very original and the dog thought it was very special. 

The little dog took the bone home with him and showed it to his family. They were very happy to see the bone and they took turns playing with it. The little dog was very proud of his red bone and he loved to wander around with it. It was a very fun day for the little dog and his family.

  The little girl loved to visit her friends. She always felt happy in her heart.

  One sunny day, the boy went outside and spread his toys all around the garden. He ran around and made shapes with his colorful toys. He had the most fun ever! 

The boy continued to look out for more things around the day. He loved the little things and making new friends. The boy was very happy.

  In a small village, there lived a brave little boy. The little boy loved to play outside in his new landscape. He was always happy and had many friends to play with. One day, he found a big shiny penny on the ground. He was so happy and showed it to all his friends. 

One day, the little boy decided to throw the penny at his friend. But, his friend accidentally threw the penny too hard and it hit a big, furry dog. The dog was very angry and chased after the little boy. The little boy was so scared and cried for help. 

In the end, the little boy was able to run away
  The puppy was so excited to go out exploring. He ran up and down the porch, exploring all the places he could find. He saw trees, flowers, rocks, and even some other puppies in the garden. Finally, he made his way back home, because he had such a great time exploring with his new friend.

--- Step 80 ---
  Once upon a time, there was a dog named Max. Max was very happy and loved to play outside in the sunshine. One day, Max ran out of his bowl and started to shake the air around him. He shook and shook and shook until he got so tired he fell asleep right away. 

Max slept for hours until the sun came out and the sky was very blue. As Max woke up, the sky was very quiet. He looked around and all he could see was still and peaceful. Max smiled and started to play again.

Max was so happy with his new adventure that he forgot he was ever scared. He made a special friend who was
  The little girl loved to play outside in the hot sun. But when she went outside again, she could fly the kite in the air. It was easy for her to do all the things she had been doing and enjoyed it so much. She was the happiest 3-year-old in the world.

  One sunny day, the boy went outside to see the flowers. He saw the big, yellow flowers and he knew he liked them very much. The boy smiled, and his smile was very big.

  In a small village, there lived a happy boy named Tim.
One day, Tim found a ball of string. It was a pretty red ball. Tim loved the ball and played with it all day long.

  The puppy was so excited to see the big dog so close. She knew she would never forget the day she met the generous pup.

--- Step 100 ---
  Once upon a time, there was a little green girl named Lily. She loved to wear her pretty sunglasses when it was sunny outside. One day, she went to the park with her mom and they played on the swings and slide. 

After a while, they were both very tired and wanted to sit on a blanket. Lily's mom took off her red sunglasses and put her arms around her little girl. Lily felt safe and cozy under the blanket. 

As they were packing up their things, a gust of wind came blowing and Lily's mom she had to decide if she should stay with her little girl. That's when Lily recognized her mom's
  The little girl loved to play near the ocean. One day, while she was playing, she got too close to the water and her hat got stuck in the sand. She tried to pull it out but it just wouldn't come off.

Suddenly, a big wave came and took her hat right out of the ocean and it was all his. She tried to wiggle it, but it was too far away. She was very sad and started to cry. 

But then, a kind and compassionate swan saw her crying and came to help her. She gently lifted the hat from the ocean and pulled out her red hat. The little girl
  One sunny day, the boy went to the big tree and began to sit. He watched the clouds in the sky and felt so happy. Then, he took off his hat and jumped up high. He laughed and smiled, enjoying the beautiful view. Finally, when it was time to go home, he put his hat back on and ran off in another part of the big tree. The boy felt so content and content.

  In a small village, there lived a kind mouse. The mouse loved to dance to the rhythm of every song. One day, while dancing, the big cat came and scared the poor mouse.

The mouse said to the big cat, "Can you not scare me?" The big cat smiled and said, "Yes, I will help you." Together, they danced and danced to the rhythm of the old songs. The poor fish was now happy and not scared anymore. The mouse and the big cat shared the rhythm with all their friends.

  The puppy was so excited to see the surprise that he ran after the puppy.

The kitten ran all the way home. He was so happy to have his very own surprise. He was the happiest little puppy in the whole world!

--- Step 120 ---
  Once upon a time, there was a rabbit. The rabbit loved to eat potatoes. One day, the rabbit went to the garden to pick some potatoes. But it was dark and the rabbit was scared of the dark. The rabbit wanted to be brave and find some potatoes. So, the rabbit hopped away and went to find potatoes. The end.

  The little girl loved to play with the animals in the spring. They would run and jump and laugh together. The little girl was very happy.

  One sunny day, the boy went to the beach. He wore a hat to keep the sun away. The boy was playing with his toys and enjoying his day at the beach. He went to the water and got some yummy snacks. Then he had a fun and exciting day.

  In a small village, there lived a girl who loved to play with her toys. One day, she found a shiny thing that she had to unlock.
She asked her mom for help. Her mom said, "That is a very serious thing. Let me help you and you unlock it."
The girl and her mom took turns to unlock the special thing. They were very happy when the thing was unlocked.
The girl asked her mom if she could play with the shiny thing too. Her mom said, "I'm sorry it was serious, but you can keep the thing."
The girl said, "Thank you for teaching me about the thing, Mommy
  The puppy was so excited to be with mom again! She was no longer restless and was really happy. The puppy and mom played together all day. 
The end.

--- Step 140 ---
  Once upon a time, there was a little girl named Lily. She loved to play outside in the park, but one day it started to rain. Lily didn't have an umbrella, so she got very wet. She wanted to go home, but her mommy said they would come to a special party tomorrow to catch a new umbrella. Lily hoped this was the new umbrella she had been looking for. She was happy and excited to go to the party.

  The little girl loved to spend her days in the park with her mommy. The end.

  One sunny day, the boy went outside. He saw a nice, big tree with pretty leaves. The boy wanted to touch the tree. He walked over to the tree and touched its rough bark. The boy was happy.

  In a small village, there lived a little girl named Emma. Emma loved to dream big. Every day, she would fly through the clouds and explore the world.

One day, Emma found a shiny copper penny under a tree. She was so happy! She put it in her pocket and went to show her mom and dad. They were so proud of her.

From that day on, every night Emma would think of her copper penny and dream new dreams. And every night, she was so happy and full of life, dreaming of all the amazing things she could do with copper.

  The puppy was so excited to get some food!

--- Step 160 ---
  Once upon a time, there was a little girl named Lily. She had a big chair that she liked to sit on. One day, Lily was feeling lonely, so she invited her friends over to sit on her chair with her. They all sat down and talked about their favorite things. Lily felt better knowing she had made new friends like each other. After a while, Lily's mom said it was time for them to go home. Lily said goodbye to her friends and went upstairs to bed, feeling happy again.

  The little girl loved to watch all these things and the colors everywhere she looked at. The little girl was very happy and would smile when she watched them go around the world.

  One sunny day, the boy went to the park. He saw a girl named Lily. Lily was very good at helping. She told the boy, "I can help you." 
The boy was happy. He said, "Thank you!" Lily smiled and said, "You're welcome!" The boy and Lily played together all day. They laughed and played the day away.

  In a small village, there lived a little girl named Lily. Lily loved to wear her red dress every day. One day, Lily's mom said, "Lily, it's time for your nap."

Lily replied, "I don't want to nap, Mommy."
"Please, Lily, don't nap," said Mom. "You need to play and rest."

Lily didn't listen to her mom. She put on her red dress and went to her bed. But as she tried to take off, she accidentally fell and hurt her foot. Lily cried, and her mom came to help her.

"I told you
  The puppy was so excited to open it and take out all the things for himself. 

Mom opened the bag and showed the puppy. He was so happy to get started that he jumped up and ran around the yard with a big smile on his face. 

When they were finished playing, they closed the box and made sure the puppy kept his best memories. 

The puppy and Mom had such a fun time together and always looked forward to their next adventure and fun

--- Step 180 ---
  Once upon a time, there was a jolly little girl named Lily. She loved to play outside in the sunshine and pick flowers. One day, while she was playing, she heard a funny sound. It was a ringing sound with her ear. She touched her ear and listened very carefully. She heard the ringing sound again, this time in a funny way. Lily laughed and played with her friends in the sunshine all afternoon.

  The little girl loved to take pictures of all her friends. Whenever her friends were bored or sad, she would take a picture of them and be happy again.

  One sunny day, the boy went fishing with his friends. They all had a fun time. The sun was shining and the water was nice. They were all happy to spend time together.

  In a small village, there lived a young fairy named Sparkle. Sparkle was very small and had the ability to glow. She loved to glow in the sky and on the ground.
One day, Sparkle met a poor boy named Timmy. Timmy was very thirsty and asked Sparkle to help him. Sparkle used her magic to make a beautiful golden glow. Timmy was so happy to have a new friend.
Princess Sparkle saw that Timmy was happy and wanted to help him. She said, "Timmy, I want to share my glowing golden glow with kindness. We can be friends and help each other."

Timmy was very grateful for Sparkle's
  The puppy was so excited to find a nice place to rest. From then on, the puppy had the best sleep spots.
The End.


Plots saved to ./outputs/noisy_reward/noise_0.5_lr5e6/
