Device: cuda
GPU: NVIDIA GeForce RTX 5060 Ti

Experiment : gamma
Run        : gamma_099_lr5e6
Output dir : ./outputs/gamma/gamma_099_lr5e6

Config:
  model=roneneldan/TinyStories-33M
  batch=64, mini_batch=16, ppo_epochs=4
  kl_mode=adaptive, advantage_normalize=global
  prompts=6000, max_new_tokens=128

[init] Loading tokenizer + policy...
Warning: You are sending unauthenticated requests to the HF Hub. Please set a HF_TOKEN to enable higher rate limits and faster downloads.
Loading weights:   0%|          | 0/56 [00:00<?, ?it/s]Loading weights: 100%|██████████| 56/56 [00:00<00:00, 23287.83it/s]
[1mGPTNeoForCausalLM LOAD REPORT[0m from: roneneldan/TinyStories-33M
Key                                                   | Status     |  | 
------------------------------------------------------+------------+--+-
transformer.h.{0, 1, 2, 3}.attn.attention.masked_bias | UNEXPECTED |  | 
transformer.h.{0, 1, 2, 3}.attn.attention.bias        | UNEXPECTED |  | 

Notes:
- UNEXPECTED:	can be ignored when loading from different task/architecture; not ok if you expect identical arch.
Policy params: 68,514,817

[init] Loading reward model...
Loading weights:   0%|          | 0/201 [00:00<?, ?it/s]Loading weights: 100%|██████████| 201/201 [00:00<00:00, 3711.56it/s]
[1mRobertaForSequenceClassification LOAD REPORT[0m from: SamLowe/roberta-base-go_emotions
Key                             | Status     |  | 
--------------------------------+------------+--+-
roberta.embeddings.position_ids | UNEXPECTED |  | 

Notes:
- UNEXPECTED:	can be ignored when loading from different task/architecture; not ok if you expect identical arch.

[init] Building dataset...
Map:   0%|          | 0/6000 [00:00<?, ? examples/s]Map:  17%|█▋        | 1000/6000 [00:00<00:01, 3509.80 examples/s]Map:  83%|████████▎ | 5000/6000 [00:00<00:00, 14729.64 examples/s]Map: 100%|██████████| 6000/6000 [00:00<00:00, 13898.19 examples/s]
Dataset: 6000 prompts
Example: Tim and Mia like to play in the park.
PPO config: batch=64, mini_batch=16, ppo_epochs=4
LR: 5e-06
KL: mode=adaptive, init_coef=0.3, target=10.0, horizon=500
Advantage normalize: global
Steps per epoch: 93, total: ~186

======================================================================
  Starting training: 2 epochs, cuda
======================================================================

  [step    0] R=0.1746 | KL=0.000 | beta=0.2923 | 6.1s/step
    >> Once upon a time, there was a curious little girl named Lily. One day, she went to the park with her mom and saw her friends playing on the swings. Lily wanted to join them, but her mom told her to wait for her turn.

Suddenly, Lily saw a big dog running towards her friends. She ran and tried to escape, but the dog was too fast. Just as the dog was about to bite her, Lily's friend jumped up and scratched the dog's nose. Ben came running too, but it was too late. Lily's mom saw what happened and quickly ran to get help.

The end.

    >> The little girl loved to explore and feel the big blue ocean. One day, she went for a walk near the beach again and saw a white bird. The bird was singing a beautiful song and the wind was blowing gently through the trees.

The little girl was so happy to see the bird and she wanted to listen more closely. So, she clapped her hands and sang along with the bird. After a while, the bird flew away and the little girl was excited to tell all of her friends about the special bird she met in the sea.

    >> One sunny day, the boy went to the train station. He had a great time picking up things and going to see the trains. He got to a train station again and got on the train.

The boy saw a long train with lots of seats. He pointed to the seat and said, "Mom, can I get a seat?" His mom smiled and said, "Sure. Let's go get one." 

The mom and the boy paid the conductor and took the train home. The boy spent the whole day looking up the train and pretending to be the driver. He felt so happy to have a new toy all his own!

    >> In a small village, there lived a boy named Tim. Tim had a toy with a handle. He loved to play with his toy all day. One day, Tim's toy did not complete his game of hide and seek. He felt empty inside.

Tim's friend, Sam, said, "Why are you empty, Tim?" Tim said, "I did not win the game." Sam felt sad too. He asked, "What can we do now?" Tim thought for a moment and said, "Let's play a game with the handle. Maybe it will make us both feel better."

So Tim and Sam sat with the handle, the toy,
    >> The puppy was so excited to see her new friend. He wanted to play too, but couldn't come over to the house. He was feeling left. One day, the puppy was feeling sad and he sat down.

The puppy's owner decided to take him out for a walk. The dad was very polite to the puppy and thanked him for coming over. As they were walking, they passed a nearby cafe. The owner's eyes sparkled when he saw the puppy and said to his husband, "I need some money so I can buy you some milk."

The dad was so happy to hear this. He asked the owner if he could have
  [step    5] R=0.2197 | KL=2.751 | beta=0.2568 | 4.9s/step
You seem to be using the pipelines sequentially on GPU. In order to maximize efficiency please use a dataset
  [step   10] R=0.2438 | KL=5.879 | beta=0.2255 | 4.9s/step
  [step   15] R=0.3184 | KL=6.749 | beta=0.1981 | 4.9s/step
  [step   20] R=0.3256 | KL=7.643 | beta=0.1740 | 4.9s/step
    >> Once upon a time, there was a fat chicken. The fat chicken was big, and it was very happy. One day, the fat chicken went to a store. The store had lots of things for the fat chicken. The fat chicken got to have some special things that the fat chicken could do. The fat chicken was so happy and it was the best day ever. The fat chicken kept getting its special things.

    >> The little girl loved to play with her toys, especially her dolls. One day, she decided to build a house out of the blocks she had built. She put the blocks together and decorated the house very nicely. It looked impressive!

But then, disaster struck! A big storm came and destroyed the house. The windows shattered and all the furniture was scattered everywhere. Little Jane was very sad and she cried.

But, luckily, her mom came home. She took her inside and built a cozy shelter with warm blankets and some cushions. It was very impressive to be the middle of something that could be ruined.

The girls were very
    >> One sunny day, the boy went to the park to play. He saw a large bird in a tree. The bird had a gift to give to the little boy and a family. The boy was excited.

The park became a happy place. People loved the park and the birds and the boy was getting better. He played and laughed with the family and then returned home in his nice bed.

He was so happy to visit the park every day. He had lots of fun and felt like the bird in the large tree. He was always sure to come back, to give the park another time.

    >> In a small village, there lived a boy named Tom. Tom was very stubborn and did not want to change. One day, Tom's mom asked: "Tom, why are you so stubborn? You should always change, when you need it".

Tom thought about what his mom said. He decided that she was right and started to change. He stopped being stubborn and started to listen to his mom. He grew more and more and soon he was running more and playing better than ever.

At the event, Tom was the most happy. He found out that he had changed and that he got paid. Soon, the other children were also playing at the event
    >> The puppy was so excited to see the puppy that he started to wag his tail.

One girl noticed that the puppy was running around and asked her, "What's wrong, puppy? Why are you so happy?"

The puppy grinned as he turned his attention to the girl, "Look around, everyone. Why are you so happy? Do you like it?"

The girl smiled and said, "Of course I like it here! We like to find things in the park every day, so they stay safe and happy. I love puppies!" The puppy barked with joy and everyone laughed together.

  [step   25] R=0.2951 | KL=8.211 | beta=0.1537 | 5.0s/step
  [step   30] R=0.3405 | KL=7.320 | beta=0.1360 | 4.9s/step
  [step   35] R=0.3279 | KL=7.429 | beta=0.1200 | 4.9s/step
  [step   40] R=0.4257 | KL=8.975 | beta=0.1088 | 4.8s/step
    >> Once upon a time, there was a little boy named Timmy. Timmy loved to ride his bike all around the park. One day, Timmy's mommy showed him a calendar. It was a normal day, but Timmy liked the calendar. He pointed at the next calendar and said "look mommy, the calendar is so cool!"

    >> The little girl loved to use her eraser to draw pictures. She would make funny shapes and animals.

One day, the little girl wanted to use her eraser on something else but her mom didn't want to yield her eraser. The little girl was persistent and didn't want to give it up.

Then, something magical happened. The little girl's mom changed her mind and decided to let the little girl use her crayons to draw something special. The little girl was very happy and had lots of fun with her eraser.

    >> One sunny day, the boy went to the park to play with his friends. They all played with the ball and had so much fun. The intelligent boy was happy that he could make his friends smile.

    >> In a small village, there lived a boy named Tim. Tim was a very happy boy who liked to play with his friends all day long.

One day, Tim's little sister Sally came to him and told him, "Tim, you need to learn how to care for our earth. Let the people care for our tree for our seeds." Tim listened to Sally and decided to take Sally to their family and friends.

Tim and his friends worked together to help their tree every day. They grew big and strong, and they learned to care for their house. Tim and his friend Sally played all day and had fun. They were happy they learned that caring for
    >> The puppy was so excited to see the new thing he and the girl. They thanked him for the surprise. 

The puppy followed them around the park to play hide and seek and eat together. The girl enjoyed watching the new thing and she was filled with an excited puppy!

  [step   45] R=0.3383 | KL=9.105 | beta=0.1011 | 4.9s/step
  [step   50] R=0.4349 | KL=7.553 | beta=0.0935 | 4.9s/step
  [step   55] R=0.5268 | KL=8.533 | beta=0.0902 | 4.9s/step
  [step   60] R=0.5247 | KL=9.394 | beta=0.0855 | 5.0s/step
    >> Once upon a time, there was a little dog named Spot. Spot was very lonely because he didn't have any friends. One day, Spot saw a bird and he promised to make a new friend. The bird was very happy to hear that and they became best friends forever. They played together and even had a delicious snack. Spot was very happy that he kept his promise to make a new friend.

    >> The little girl loved to use her creative magic wand. She would use it to do fun things like play games, draw pictures or help her mom with lots of fun things.

The little girl used her magical wand every single day. She used it to make things happen. She would use her creative magic to make things happen. 

The little girl had so much fun using her magical wand to make things. She used her creativity to turn everything around. 


The end.

    >> One sunny day, the boy went outside and spread his toys all around the garden. He ran around and made shapes with his colorful toys. He had the most fun playing with his toys. The boy was very happy he enjoyed playing with his toys.

    >> In a small village, there lived a brave little boy named Tom. Tom loved to play outside in his big backyard. One day, while he was playing, a tornado came and swept him away. Tom was scared and ran to his mom.

"Mom, mom, a tornado coming!" Tom said. Mom looked at her brave little boy and held his hand. They walked deeper into the forest to find a safe place to hide. They found a big cave and went inside to stay safe there. They waited for the tornado to pass, and it went away safely. When it was safe, Tom and his mom went back home to play together.

    >> The puppy was so excited to go out and feel the sun on its nose.

The puppy went out and felt warm and happy. It felt like the sun was shining down and it enjoyed the sunny days.

The end!

  [step   65] R=0.4953 | KL=9.126 | beta=0.0818 | 4.8s/step
  [step   70] R=0.4089 | KL=9.528 | beta=0.0781 | 4.8s/step
  [step   75] R=0.4153 | KL=9.682 | beta=0.0756 | 4.7s/step
  [step   80] R=0.4593 | KL=10.265 | beta=0.0769 | 4.7s/step
    >> Once upon a time, there was a lazy fox. The fox liked to sleep all day long. One day, the fox was so tired that he fell asleep. The fox had a cozy little ball to play with! The lazy fox played with the ball until he was full of energy again.

    >> The little girl loved to play a new game. She liked it when the other children played it together. They all had fun in their beautiful blue vests.

    >> One sunny day, the boy went outside to play. It had a wide path that he liked to walk on. He walked and walked, enjoying the sun and the warm breeze. The boy was very happy.

    >> In a small village, there lived a girl named Mia. Mia had a small, old horse named Blue. Blue was very hungry. When he was hungry, Mia would give Blue food. Blue always ate a lot of grass. Mia would smile every time she gave Blue food.

One day, Mia and Blue went to the market to trade some food for some food. They both found a big apple, and Mia gave Blue a small potato. Suddenly, Blue saw the farmer coming. The farmer was happy to see Lily because she knew Blue liked to be eaten.

In the end, Mia gave Blue some food for him to enjoy. Sunny was very happy and
    >> The puppy was so excited to be at the party. He had his own special leash and he was so happy - he was going to have the best time ever!

  [step   85] R=0.4571 | KL=9.228 | beta=0.0727 | 4.7s/step
  [step   90] R=0.5304 | KL=10.874 | beta=0.0729 | 4.7s/step
  [step   95] R=0.5535 | KL=10.809 | beta=0.0781 | 4.6s/step
  [step  100] R=0.5784 | KL=9.895 | beta=0.0806 | 4.7s/step
    >> Once upon a time, there was a lazy bear. The bear lived in a big forest with so many other animals. The bear liked to sleep all day and never stop moving. 

One day, a little bird flew by the bear and said to him, "Hello, lazy bear! Do you want to be friends?" 

The bear replied, "No, I'm too tired to move. I just can't do anything!" 

The little bird said, "It's okay! I'll help you wake up. Close your eyes and count to ten." 

The lazy bear closed his eyes and counted. "Ten! Watch this
    >> The little girl loved to play all day, and she was never sad again.

    >> One sunny day, the boy went out to collect some flowers. As he walked, he saw lots of pretty things in the field. The boy was happy.

    >> In a small village, there lived a little prince. He loved to play with his friends all day long. One sunny day, the prince went to the park to play with his friends. They played on the swings and the slides, and had a lot of fun. The prince felt very happy.

    >> The puppy was so excited to see the colorful place in the field. The puppy and the duck played together for hours. They became very close friends.

  [step  105] R=0.6068 | KL=10.207 | beta=0.0848 | 4.7s/step
  [step  110] R=0.5146 | KL=11.076 | beta=0.0884 | 4.7s/step
  [step  115] R=0.5507 | KL=11.246 | beta=0.0910 | 4.6s/step
  [step  120] R=0.5549 | KL=8.804 | beta=0.0917 | 4.6s/step
    >> Once upon a time, there was a little boy named Tim. Tim loved to play with his toy boat. One sunny day, Tim went to the pond to play with his boat.

Tim wanted to bury his boat in the water. He filled it up with water and then put some dirt on top. Tim laughed and put the boat inside the water. He pretended the boat was sailing on a big, fun adventure.

Tim and his silly boat played all day long. They had so much fun. When it was time to go home, Tim said, "Bye, boat! See you soon!" The boat made a splash in the water as Tim went
    >> The little girl loved to play with her toy in the living room. One day, they decided to play with the big red telephone. They pressed some buttons and talked on the phone, and they had a wonderful time.

    >> One sunny day, the boy went outside to play. He saw a bug on a leaf. The boy was happy.

    >> In a small village, there lived a cat named Tom. Tom did not like to sleep at night. One night, Tom found a big piece of meat in the field. He wanted to eat the meat, but he could not reach it. He saw a small rock nearby. He tried to climb the rock, but it was hard.

Tom had an idea. He asked the wind to help him. The wind blew the rock near the meat. The wind blew the rock down to Tom. Tom was very happy. He ate the meat and felt warm inside. He thanked the wind for helping him. From that night on, Tom was never cold at night again.
    >> The puppy was so excited to have new friends!

  [step  125] R=0.5034 | KL=11.991 | beta=0.0955 | 4.7s/step
  [step  130] R=0.5561 | KL=9.631 | beta=0.0995 | 4.6s/step
  [step  135] R=0.5601 | KL=11.711 | beta=0.1021 | 4.6s/step
  [step  140] R=0.5065 | KL=8.556 | beta=0.1007 | 4.6s/step
    >> Once upon a time, there was a little girl named Lily. She loved to play with water and the little boats that sailed their way. One day, she found a big, shiny anchor in the ocean. She picked it up and brought it home to show her mommy. Her mommy was proud of her for finding such a special treasure. Lily felt happy and safe knowing that she had found such a special treasure.

    >> The little girl loved to go to the hotel and rest. It was a noisy place because there was so loud and many people wanted to rest. She always seemed so happy when her mommy and daddy took her to the hotel.

    >> One sunny day, the boy went to the ocean. He was very happy. He had a new toy with many toys. The boy loved it so much.

    >> In a small village, there lived a little boy named Tommy. Tommy liked to play with his dog, Max. They would run and jump in the park together. Tommy and Max were very happy. They both loved each other very much.

    >> The puppy was so excited to have a new name and friends. But the puppy was so miserable, nothing seemed to be fun. 

Finally, the puppy had to give up and go back to the stable. And each time he would come back, he would bring a bit of joy, and something else he hoped for the best. 

The end.

  [step  145] R=0.5507 | KL=9.808 | beta=0.1009 | 4.6s/step
  [step  150] R=0.4161 | KL=10.122 | beta=0.1026 | 4.7s/step
  [step  155] R=0.5196 | KL=9.002 | beta=0.1003 | 4.6s/step
  [step  160] R=0.5876 | KL=10.247 | beta=0.1008 | 4.6s/step
    >> Once upon a time, there was a rabbit named Benny. Benny liked to hop around in the grass and eat carrots. One day, Benny decided to go on a picnic. He hopped along until he reached a big tree. Benny laid down under the tree and had a nap. When he woke up, he felt happy and refreshed. Benny hopped home, feeling satisfied that he had a fun day. The end.

    >> The little girl loved to play the violin with her dad before bedtime. The little girl loved the sound of the violin and would play it every night before bed.

    >> One sunny day, the boy went to the park. The park was wide and full of fun things to do. The boy had so much fun running, swinging, and climbing up the slides. He enjoyed it so much that he stayed at the park for a long time.

    >> In a small village, there lived a little bunny named Ben. One day, Ben went outside to play with his friends. It started to rain, so Ben had to find a place to stay when it rained.

Ben saw a small hill and wanted to go up it. But when he got to the top of the hill, he started to feel dizzy. He remembered how hard he worked to get up the hill, so he decided to go back down the hill to rest.

When Ben reached the bottom of the hill, he felt better. He learned that being patient and careful can help you get what you need. The moral of the story is
    >> The puppy was so excited to be back home. The puppy was so happy to be home.

  [step  165] R=0.4670 | KL=9.728 | beta=0.1033 | 4.7s/step
  [step  170] R=0.5133 | KL=11.595 | beta=0.1085 | 4.6s/step
  [step  175] R=0.4561 | KL=10.104 | beta=0.1070 | 4.6s/step
  [step  180] R=0.4656 | KL=11.064 | beta=0.1048 | 4.7s/step
    >> Once upon a time, there was a little girl named Lily. She loved to go to the park and play with her friends. One day, Lily's mom took her to the store to buy a toy. Lily saw a bright pink doll that she really wanted, but her mom said no.

Lily asked, "Mom, can I have the doll?"

Her mom replied, "You can't have it, Lily. It's too expensive."

Lily was sad and started to cry. Her mom felt sorry for her and said, "Don't worry, Lily. We can buy a new doll so you can play with it."


    >> The little girl loved to take pictures with her camera so that she could remember the story of her day with her mom.

    >> One sunny day, the boy went outside to play. He had so much fun!

    >> In a small village, there lived a little girl named Lily. Lily was three years old. One day, Lily went to the market with her mom.

At the market, Lily saw a vendor. The vendor had an amazing toy. It was a small, colorful ball. Lily wanted it, and her mom bought the ball for her. They went back home and played with the ball. Lily was very happy. They played together all day long.

    >> The puppy was so excited to meet her friend.

The girl and the puppy quickly became best friends. Now they play together everyday and the girl is no longer hungry.

  [step  185] R=0.4546 | KL=10.513 | beta=0.1054 | 4.7s/step

======================================================================
  Done: 186 steps in 895s (4.8s/step avg)
======================================================================

======================================================================
  SUMMARY — gamma/gamma_099_lr5e6
======================================================================
  Total steps:    186
  Final R (avg):  0.4358
  Peak R:         0.6429
  Final KL (avg): 9.894
  Final beta:     0.1054
--- Step 0 ---
  Once upon a time, there was a curious little girl named Lily. One day, she went to the park with her mom and saw her friends playing on the swings. Lily wanted to join them, but her mom told her to wait for her turn.

Suddenly, Lily saw a big dog running towards her friends. She ran and tried to escape, but the dog was too fast. Just as the dog was about to bite her, Lily's friend jumped up and scratched the dog's nose. Ben came running too, but it was too late. Lily's mom saw what happened and quickly ran to get help.

The end.

  The little girl loved to explore and feel the big blue ocean. One day, she went for a walk near the beach again and saw a white bird. The bird was singing a beautiful song and the wind was blowing gently through the trees.

The little girl was so happy to see the bird and she wanted to listen more closely. So, she clapped her hands and sang along with the bird. After a while, the bird flew away and the little girl was excited to tell all of her friends about the special bird she met in the sea.

  One sunny day, the boy went to the train station. He had a great time picking up things and going to see the trains. He got to a train station again and got on the train.

The boy saw a long train with lots of seats. He pointed to the seat and said, "Mom, can I get a seat?" His mom smiled and said, "Sure. Let's go get one." 

The mom and the boy paid the conductor and took the train home. The boy spent the whole day looking up the train and pretending to be the driver. He felt so happy to have a new toy all his own!

  In a small village, there lived a boy named Tim. Tim had a toy with a handle. He loved to play with his toy all day. One day, Tim's toy did not complete his game of hide and seek. He felt empty inside.

Tim's friend, Sam, said, "Why are you empty, Tim?" Tim said, "I did not win the game." Sam felt sad too. He asked, "What can we do now?" Tim thought for a moment and said, "Let's play a game with the handle. Maybe it will make us both feel better."

So Tim and Sam sat with the handle, the toy,
  The puppy was so excited to see her new friend. He wanted to play too, but couldn't come over to the house. He was feeling left. One day, the puppy was feeling sad and he sat down.

The puppy's owner decided to take him out for a walk. The dad was very polite to the puppy and thanked him for coming over. As they were walking, they passed a nearby cafe. The owner's eyes sparkled when he saw the puppy and said to his husband, "I need some money so I can buy you some milk."

The dad was so happy to hear this. He asked the owner if he could have
--- Step 20 ---
  Once upon a time, there was a fat chicken. The fat chicken was big, and it was very happy. One day, the fat chicken went to a store. The store had lots of things for the fat chicken. The fat chicken got to have some special things that the fat chicken could do. The fat chicken was so happy and it was the best day ever. The fat chicken kept getting its special things.

  The little girl loved to play with her toys, especially her dolls. One day, she decided to build a house out of the blocks she had built. She put the blocks together and decorated the house very nicely. It looked impressive!

But then, disaster struck! A big storm came and destroyed the house. The windows shattered and all the furniture was scattered everywhere. Little Jane was very sad and she cried.

But, luckily, her mom came home. She took her inside and built a cozy shelter with warm blankets and some cushions. It was very impressive to be the middle of something that could be ruined.

The girls were very
  One sunny day, the boy went to the park to play. He saw a large bird in a tree. The bird had a gift to give to the little boy and a family. The boy was excited.

The park became a happy place. People loved the park and the birds and the boy was getting better. He played and laughed with the family and then returned home in his nice bed.

He was so happy to visit the park every day. He had lots of fun and felt like the bird in the large tree. He was always sure to come back, to give the park another time.

  In a small village, there lived a boy named Tom. Tom was very stubborn and did not want to change. One day, Tom's mom asked: "Tom, why are you so stubborn? You should always change, when you need it".

Tom thought about what his mom said. He decided that she was right and started to change. He stopped being stubborn and started to listen to his mom. He grew more and more and soon he was running more and playing better than ever.

At the event, Tom was the most happy. He found out that he had changed and that he got paid. Soon, the other children were also playing at the event
  The puppy was so excited to see the puppy that he started to wag his tail.

One girl noticed that the puppy was running around and asked her, "What's wrong, puppy? Why are you so happy?"

The puppy grinned as he turned his attention to the girl, "Look around, everyone. Why are you so happy? Do you like it?"

The girl smiled and said, "Of course I like it here! We like to find things in the park every day, so they stay safe and happy. I love puppies!" The puppy barked with joy and everyone laughed together.

--- Step 40 ---
  Once upon a time, there was a little boy named Timmy. Timmy loved to ride his bike all around the park. One day, Timmy's mommy showed him a calendar. It was a normal day, but Timmy liked the calendar. He pointed at the next calendar and said "look mommy, the calendar is so cool!"

  The little girl loved to use her eraser to draw pictures. She would make funny shapes and animals.

One day, the little girl wanted to use her eraser on something else but her mom didn't want to yield her eraser. The little girl was persistent and didn't want to give it up.

Then, something magical happened. The little girl's mom changed her mind and decided to let the little girl use her crayons to draw something special. The little girl was very happy and had lots of fun with her eraser.

  One sunny day, the boy went to the park to play with his friends. They all played with the ball and had so much fun. The intelligent boy was happy that he could make his friends smile.

  In a small village, there lived a boy named Tim. Tim was a very happy boy who liked to play with his friends all day long.

One day, Tim's little sister Sally came to him and told him, "Tim, you need to learn how to care for our earth. Let the people care for our tree for our seeds." Tim listened to Sally and decided to take Sally to their family and friends.

Tim and his friends worked together to help their tree every day. They grew big and strong, and they learned to care for their house. Tim and his friend Sally played all day and had fun. They were happy they learned that caring for
  The puppy was so excited to see the new thing he and the girl. They thanked him for the surprise. 

The puppy followed them around the park to play hide and seek and eat together. The girl enjoyed watching the new thing and she was filled with an excited puppy!

--- Step 60 ---
  Once upon a time, there was a little dog named Spot. Spot was very lonely because he didn't have any friends. One day, Spot saw a bird and he promised to make a new friend. The bird was very happy to hear that and they became best friends forever. They played together and even had a delicious snack. Spot was very happy that he kept his promise to make a new friend.

  The little girl loved to use her creative magic wand. She would use it to do fun things like play games, draw pictures or help her mom with lots of fun things.

The little girl used her magical wand every single day. She used it to make things happen. She would use her creative magic to make things happen. 

The little girl had so much fun using her magical wand to make things. She used her creativity to turn everything around. 


The end.

  One sunny day, the boy went outside and spread his toys all around the garden. He ran around and made shapes with his colorful toys. He had the most fun playing with his toys. The boy was very happy he enjoyed playing with his toys.

  In a small village, there lived a brave little boy named Tom. Tom loved to play outside in his big backyard. One day, while he was playing, a tornado came and swept him away. Tom was scared and ran to his mom.

"Mom, mom, a tornado coming!" Tom said. Mom looked at her brave little boy and held his hand. They walked deeper into the forest to find a safe place to hide. They found a big cave and went inside to stay safe there. They waited for the tornado to pass, and it went away safely. When it was safe, Tom and his mom went back home to play together.

  The puppy was so excited to go out and feel the sun on its nose.

The puppy went out and felt warm and happy. It felt like the sun was shining down and it enjoyed the sunny days.

The end!

--- Step 80 ---
  Once upon a time, there was a lazy fox. The fox liked to sleep all day long. One day, the fox was so tired that he fell asleep. The fox had a cozy little ball to play with! The lazy fox played with the ball until he was full of energy again.

  The little girl loved to play a new game. She liked it when the other children played it together. They all had fun in their beautiful blue vests.

  One sunny day, the boy went outside to play. It had a wide path that he liked to walk on. He walked and walked, enjoying the sun and the warm breeze. The boy was very happy.

  In a small village, there lived a girl named Mia. Mia had a small, old horse named Blue. Blue was very hungry. When he was hungry, Mia would give Blue food. Blue always ate a lot of grass. Mia would smile every time she gave Blue food.

One day, Mia and Blue went to the market to trade some food for some food. They both found a big apple, and Mia gave Blue a small potato. Suddenly, Blue saw the farmer coming. The farmer was happy to see Lily because she knew Blue liked to be eaten.

In the end, Mia gave Blue some food for him to enjoy. Sunny was very happy and
  The puppy was so excited to be at the party. He had his own special leash and he was so happy - he was going to have the best time ever!

--- Step 100 ---
  Once upon a time, there was a lazy bear. The bear lived in a big forest with so many other animals. The bear liked to sleep all day and never stop moving. 

One day, a little bird flew by the bear and said to him, "Hello, lazy bear! Do you want to be friends?" 

The bear replied, "No, I'm too tired to move. I just can't do anything!" 

The little bird said, "It's okay! I'll help you wake up. Close your eyes and count to ten." 

The lazy bear closed his eyes and counted. "Ten! Watch this
  The little girl loved to play all day, and she was never sad again.

  One sunny day, the boy went out to collect some flowers. As he walked, he saw lots of pretty things in the field. The boy was happy.

  In a small village, there lived a little prince. He loved to play with his friends all day long. One sunny day, the prince went to the park to play with his friends. They played on the swings and the slides, and had a lot of fun. The prince felt very happy.

  The puppy was so excited to see the colorful place in the field. The puppy and the duck played together for hours. They became very close friends.

--- Step 120 ---
  Once upon a time, there was a little boy named Tim. Tim loved to play with his toy boat. One sunny day, Tim went to the pond to play with his boat.

Tim wanted to bury his boat in the water. He filled it up with water and then put some dirt on top. Tim laughed and put the boat inside the water. He pretended the boat was sailing on a big, fun adventure.

Tim and his silly boat played all day long. They had so much fun. When it was time to go home, Tim said, "Bye, boat! See you soon!" The boat made a splash in the water as Tim went
  The little girl loved to play with her toy in the living room. One day, they decided to play with the big red telephone. They pressed some buttons and talked on the phone, and they had a wonderful time.

  One sunny day, the boy went outside to play. He saw a bug on a leaf. The boy was happy.

  In a small village, there lived a cat named Tom. Tom did not like to sleep at night. One night, Tom found a big piece of meat in the field. He wanted to eat the meat, but he could not reach it. He saw a small rock nearby. He tried to climb the rock, but it was hard.

Tom had an idea. He asked the wind to help him. The wind blew the rock near the meat. The wind blew the rock down to Tom. Tom was very happy. He ate the meat and felt warm inside. He thanked the wind for helping him. From that night on, Tom was never cold at night again.
  The puppy was so excited to have new friends!

--- Step 140 ---
  Once upon a time, there was a little girl named Lily. She loved to play with water and the little boats that sailed their way. One day, she found a big, shiny anchor in the ocean. She picked it up and brought it home to show her mommy. Her mommy was proud of her for finding such a special treasure. Lily felt happy and safe knowing that she had found such a special treasure.

  The little girl loved to go to the hotel and rest. It was a noisy place because there was so loud and many people wanted to rest. She always seemed so happy when her mommy and daddy took her to the hotel.

  One sunny day, the boy went to the ocean. He was very happy. He had a new toy with many toys. The boy loved it so much.

  In a small village, there lived a little boy named Tommy. Tommy liked to play with his dog, Max. They would run and jump in the park together. Tommy and Max were very happy. They both loved each other very much.

  The puppy was so excited to have a new name and friends. But the puppy was so miserable, nothing seemed to be fun. 

Finally, the puppy had to give up and go back to the stable. And each time he would come back, he would bring a bit of joy, and something else he hoped for the best. 

The end.

--- Step 160 ---
  Once upon a time, there was a rabbit named Benny. Benny liked to hop around in the grass and eat carrots. One day, Benny decided to go on a picnic. He hopped along until he reached a big tree. Benny laid down under the tree and had a nap. When he woke up, he felt happy and refreshed. Benny hopped home, feeling satisfied that he had a fun day. The end.

  The little girl loved to play the violin with her dad before bedtime. The little girl loved the sound of the violin and would play it every night before bed.

  One sunny day, the boy went to the park. The park was wide and full of fun things to do. The boy had so much fun running, swinging, and climbing up the slides. He enjoyed it so much that he stayed at the park for a long time.

  In a small village, there lived a little bunny named Ben. One day, Ben went outside to play with his friends. It started to rain, so Ben had to find a place to stay when it rained.

Ben saw a small hill and wanted to go up it. But when he got to the top of the hill, he started to feel dizzy. He remembered how hard he worked to get up the hill, so he decided to go back down the hill to rest.

When Ben reached the bottom of the hill, he felt better. He learned that being patient and careful can help you get what you need. The moral of the story is
  The puppy was so excited to be back home. The puppy was so happy to be home.

--- Step 180 ---
  Once upon a time, there was a little girl named Lily. She loved to go to the park and play with her friends. One day, Lily's mom took her to the store to buy a toy. Lily saw a bright pink doll that she really wanted, but her mom said no.

Lily asked, "Mom, can I have the doll?"

Her mom replied, "You can't have it, Lily. It's too expensive."

Lily was sad and started to cry. Her mom felt sorry for her and said, "Don't worry, Lily. We can buy a new doll so you can play with it."


  The little girl loved to take pictures with her camera so that she could remember the story of her day with her mom.

  One sunny day, the boy went outside to play. He had so much fun!

  In a small village, there lived a little girl named Lily. Lily was three years old. One day, Lily went to the market with her mom.

At the market, Lily saw a vendor. The vendor had an amazing toy. It was a small, colorful ball. Lily wanted it, and her mom bought the ball for her. They went back home and played with the ball. Lily was very happy. They played together all day long.

  The puppy was so excited to meet her friend.

The girl and the puppy quickly became best friends. Now they play together everyday and the girl is no longer hungry.


Plots saved to ./outputs/gamma/gamma_099_lr5e6/
