Device: cuda
GPU: NVIDIA GeForce RTX 5060 Ti

Experiment : ppo_epochs
Run        : ppo_e1_lr1e6
Output dir : ./outputs/ppo_epochs/ppo_e1_lr1e6

Config:
  model=roneneldan/TinyStories-33M
  batch=64, mini_batch=16, ppo_epochs=1
  kl_mode=adaptive, advantage_normalize=global
  prompts=6000, max_new_tokens=128

[init] Loading tokenizer + policy...
Warning: You are sending unauthenticated requests to the HF Hub. Please set a HF_TOKEN to enable higher rate limits and faster downloads.
Loading weights:   0%|          | 0/56 [00:00<?, ?it/s]Loading weights: 100%|██████████| 56/56 [00:00<00:00, 23081.86it/s]
[1mGPTNeoForCausalLM LOAD REPORT[0m from: roneneldan/TinyStories-33M
Key                                                   | Status     |  | 
------------------------------------------------------+------------+--+-
transformer.h.{0, 1, 2, 3}.attn.attention.masked_bias | UNEXPECTED |  | 
transformer.h.{0, 1, 2, 3}.attn.attention.bias        | UNEXPECTED |  | 

Notes:
- UNEXPECTED:	can be ignored when loading from different task/architecture; not ok if you expect identical arch.
Policy params: 68,514,817

[init] Loading reward model...
Loading weights:   0%|          | 0/201 [00:00<?, ?it/s]Loading weights: 100%|██████████| 201/201 [00:00<00:00, 4589.90it/s]
[1mRobertaForSequenceClassification LOAD REPORT[0m from: SamLowe/roberta-base-go_emotions
Key                             | Status     |  | 
--------------------------------+------------+--+-
roberta.embeddings.position_ids | UNEXPECTED |  | 

Notes:
- UNEXPECTED:	can be ignored when loading from different task/architecture; not ok if you expect identical arch.

[init] Building dataset...
Map:   0%|          | 0/6000 [00:00<?, ? examples/s]Map:  50%|█████     | 3000/6000 [00:00<00:00, 9833.00 examples/s]Map: 100%|██████████| 6000/6000 [00:00<00:00, 15774.48 examples/s]
Dataset: 6000 prompts
Example: Tim and Mia like to play in the park.
PPO config: batch=64, mini_batch=16, ppo_epochs=1
LR: 1e-06
KL: mode=adaptive, init_coef=0.3, target=10.0, horizon=500
Advantage normalize: global
Steps per epoch: 93, total: ~186

======================================================================
  Starting training: 2 epochs, cuda
======================================================================

  [step    0] R=0.1746 | KL=0.000 | beta=0.2923 | 3.3s/step
    >> Once upon a time, there was a curious little girl named Lily. One day, she went to the park with her mom and saw her friends playing on the swings. Lily wanted to join them, but her mom told her to wait for her turn.

Suddenly, Lily saw a boy being rude to his sister. He ran and slapped his sister's hand. Lily knew that wasn't nice, so she told her mom. Her mom explained that it's important to be kind to others and not be rude.

The moral of the story is that we should always be kind to others and not get hurt.

    >> The little girl loved to explore and feel the big blue ocean. One day she decided to go to the beach. When she got there she had lots of fun. She found shells in the sand and dug deep in the sand. Then she discovered her hat! It was so bright and white, almost like a rainbow. She put it on, and went for a swim. It was such a big, fun adventure!

The little girl splashed around for lots of hours. Then all of a sudden she heard a noise. It was a fierce, deep roar! She was scared and wanted to come back to shore. So she quickly got her swimsuit
    >> One sunny day, the boy went to the train station. He had a bag loaded with delicious things. He was very excited. 

The boy saw a group of people talking and standing around a big train. He liked it and wanted to go on it too. 

The boy asked the conductor, "Can I go on the train?" The conductor smiled and said, "Of course you can. Come on, be safe and have fun!" 

The boy was so happy. He loaded up the train with the delicious food so he could go on the train. 

He enjoyed the ride. He waved goodbye to everyone before leaving town
    >> In a small village, there lived a boy named Tim. Tim had a toy fork. He loved to play with his fork all day long. He would use it to eat his food, even when he was not supposed to.

One day, while playing outside with his fork, Tim fell down and got a big cut. His mom saw the cut and said, "Oh no, Tim! Your fork is so big and sticky. We need to use it to make a clean home for your toy fork."

Tim's mom helped him tie the fork to a cloth and they went inside. They put the cloth on the table with the fork, made a warm
    >> The puppy was so excited to see her new friend. He wanted to play too, but couldn't come over the long grass. He was feeling very uncomfortable.

Suddenly, a soft voice came from the puppy's paw. "Let's go for a walk," said the voice.

The dog and the puppy started walking together, through the forest and down the long grass. All through the warm summer air brought them to a new place - the place of a special surprise!

The puppy couldn't wait to explore. The puppy was so excited. He hopped and jumped and laughed all day long. 

He enjoyed his new life, and
  [step    5] R=0.2115 | KL=0.015 | beta=0.2568 | 2.3s/step
You seem to be using the pipelines sequentially on GPU. In order to maximize efficiency please use a dataset
  [step   10] R=0.2509 | KL=0.657 | beta=0.2255 | 2.3s/step
  [step   15] R=0.2708 | KL=1.945 | beta=0.1981 | 2.3s/step
  [step   20] R=0.2510 | KL=2.984 | beta=0.1740 | 2.3s/step
    >> Once upon a time, there was a fat chicken. He was living in the barn and was very content. He was a very content chicken and he never wanted to leave the barn. Everyone looked on in awe of his fluffy white feathers and they asked the farmer to take the chicken to the woods there.

The farmer and his animals made his way to the woods. The animals wanted the farmer to take it. He wanted the chicken, so he asked in a loud voice, and promised to bring another chicken-filled basket.

The farmer looked at the other farmer and said, "Okay, I'll take some food with me to the woods. But I will
    >> The little girl loved to play with her marbles every day. She loved picking up pink, round and square. She was also very alert and watched for marbles when throwing them.
Soon, the marbles had lots of little balls. They would go up tight and then play a game. The marbles would go a little game where they spun around and roll around the room.
Mum cheered every time the marbles would come out. She was so proud that she had so much fun with the little marbles.
At the end of the day, the little girl was happy with her game. They all laughed and hugged one another, and
    >> One sunny day, the boy went to the park to play. He saw a large bird and thought it wanted to help. So, the boy thought of a plan and carefully put it closer to the bird.

The bird was so happy it could now rest its wings. When it was over, the boy was happy too! He decided to take the bird home with him in his basket.

The bird was so thankful and gave the boy a big hug. They were both so happy and soon became best friends. The boy and the bird played together every day and, when it was time for the bird to rest, the boy would take it back to the
    >> In a small village, there lived a three-year-old named Peter. One day, Peter's mom said, "We're going for a walk!" Peter was so happy that he ran out to the open field.

In the distance, Peter saw a big brown tree. He looked up at it and asked his mom, "What's that?"
"That's a tree," his mom said. "We use it to give shade to the animals."

Peter was so impressed with the tree. He wanted to get even closer. He wanted to see if he could climb the tree. So his mom said, "Yes, that's a great idea
    >> The puppy was so excited to see the puppy that he started to bark. 

The puppy had a surprise. In one of his arms he had found a stick. The puppy was so grateful. He hopped over to his owner and the puppy hugged him tight. 

The parents were so proud of their loyal pup. They all lived happily ever after!

  [step   25] R=0.2870 | KL=4.075 | beta=0.1529 | 2.4s/step
  [step   30] R=0.3070 | KL=6.032 | beta=0.1343 | 2.3s/step
  [step   35] R=0.2671 | KL=7.353 | beta=0.1179 | 2.3s/step
  [step   40] R=0.2715 | KL=9.285 | beta=0.1069 | 2.3s/step
    >> Once upon a time, there was a naughty dog named Max. Max liked to eat waste. He would play with it all day long. Max's mom said, "Max, please don't eat waste."

One day, Max saw a bird. He wanted to eat the bird. But his mom said, "No, Max. Save it."

So Max listened to his mom and stopped eating waste. He went back to playing with the big bird. And they all lived happily ever after.

    >> The little girl loved to use her eraser to draw pictures. She would make funny shapes and animals. She loved to use her eraser to make her pictures strong and special.

One day, the little girl was playing with her eraser on the wall and her drawings came to life. Her mother was surprised to see how powerful her eraser was. She wanted to make it happen, but the little girl was so proud of her pictures. 

The little girl was amazed at how powerful her eraser could make anything she could get. She took the eraser and made all her drawings and shapes so strong it was. 

The
    >> One sunny day, the boy went outside that he met a bird flying high in the sky. The boy said, "Hello! Why don't you fly up and join me in the sky? I have lots of colorful feathers and you want to be my friend."

The bird said, "Are you a friend to play with?" The boy said, "Yes!"

The bird flew down and picked the boy up and gave him the colorful feathers as a gift. The boy was so happy - he played with the colorful feathers all day. 

The end.

    >> In a small village, there lived a wealthy man and two young children. One day, the children were running and laughing a lot, and the man was laughing with his friends. 

The man went to the pond, and they splashed and drank water from the pond. He had lots of food around him to snack on.
 
The woman showed the children the best seat on the table. The children were so happy that the man had such beautiful and healthy drinks. 

The man and the village all lived happily ever after.

    >> The puppy was so excited to see the new puppy he started to run. He wanted to play with the puppy but he could not because there was gas.

So instead, if he wanted to stay still he started to bark. He got so happy when he was barking in the garden that made other puppies stop and run. After a while, the puppy was happy once again and all the puppies hugged him tight.

The puppy was happy again. From then on, the puppy and the puppy were always together. The puppy would always sit on his back legs in the garden and bark for fun. The little puppy was always happy again.

  [step   45] R=0.2647 | KL=9.668 | beta=0.1087 | 2.4s/step
  [step   50] R=0.3222 | KL=10.722 | beta=0.1153 | 2.3s/step
  [step   55] R=0.3880 | KL=13.071 | beta=0.1269 | 2.3s/step
  [step   60] R=0.3287 | KL=9.616 | beta=0.1313 | 2.3s/step
    >> Once upon a time, there was a little dog named Bobo. Bobo loved to race with his friends. One morning, he was ready to race.

Bobo started with his friends. They all went to the race. But a mean cat named Mimi came. Mimi said, "We can't race with that!" This made Bobo sad.

The day was hard for Bobo and his friends. But Toto, Bobo, was brave for trying to race. They said, "We are sorry, Mimi and Bobo are still friends, even if they are a bit different. We all have different will and we want to
    >> The little girl loved to use her creative magic wand. She would use it to do fun things like play and use her imagination. But one day, she accidentally forgot her wand at home and she couldn't find it. The little fairy felt very sad and knew she needed to go back home.

    >> One sunny day, the boy went outside and spread his toys from his bed on the carpet. Mom and dad came to find him. They were so happy to see him. They said he did a great job. The boy and his toys played for a long time.

    >> In a small village, there lived a brave lion. The lion did not like to play tricks on his friends. He felt sad about the victory. So, the lion had an idea to separate from all his friends in a way that was too big.

The lion and elephant talked to each other. The cat said, "Let's help each other, then that you stay with us all. But don't worry, we can all play together as a team."

The team agreed, and the lion helped the cat find a way to separate. He used his strong body to help the lion jump high. Now, all the other animals in the village were happy
    >> The puppy was so excited to go out exploring. He ran in and out of the house, wagging his tail. He did happy to see all the other animals. The adventure was great, and he was so glad he was loyal enough to come out!

  [step   65] R=0.3435 | KL=8.643 | beta=0.1225 | 2.3s/step
  [step   70] R=0.3123 | KL=9.047 | beta=0.1165 | 2.3s/step
  [step   75] R=0.3987 | KL=7.951 | beta=0.1099 | 2.4s/step
  [step   80] R=0.3531 | KL=9.798 | beta=0.1019 | 2.3s/step
    >> Once upon a time, there was a dog named Max. Max was very happy playing with his toys, but he was also lonely because he did not have any friends to play with. He wanted to make a new friend, but he just couldn't find someone to play with.

One night, Max was feeling very sad because he remembered his mother he had been trying to have fun. So, he decided to go outside and play with his new toy. At first, but soon he was wagging his tail with excitement. He found a new friend by the toy and they played together all night long.

In the end, Max realized that even though he was
    >> The little girl loved to play with the bear every day, and they both enjoyed it so much.

    >> One sunny day, the boy went outside and sat together in the grass and the birds and bugs. They both watched the sun and the flowers and the butterflies and the frogs and the flowers. They felt happy and free.

At dinner time, the mom served a very special meal. The boy and his mom talked about all the wonderful things they were having. It was such a lovely day, and the two of them were so happy together.

    >> In a small village, there lived a family of three. The mother, the father, and their three children were very loyal to each other. The children enjoyed playing around the room, always smiling and laughing while they were playing.

The day was quite special, as the family played together in their original home.

One fine day, a small 3-year-old boy came in to the room and he called out to the family. He said, “You're so special because I value you because I knew you were always kind.”

Suddenly, their faces changed and he smiled and said, “I like playing with you. I
    >> The puppy was so excited to see the big dog and his two best friends, and the one puppy were both very happy.

  [step   85] R=0.3692 | KL=9.863 | beta=0.1015 | 2.3s/step
  [step   90] R=0.3914 | KL=10.423 | beta=0.1027 | 2.3s/step
  [step   95] R=0.3903 | KL=11.147 | beta=0.1040 | 2.3s/step
  [step  100] R=0.3893 | KL=9.173 | beta=0.1024 | 2.4s/step
    >> Once upon a time, there was a poor little girl named Lily. She lived in a house with a stove. The stove was big and shiny. 

One day, Lily went to work and met a man. The man asked her to help him with his job. Lily said, "Yes, I will help you. What can I do to help you?" The man said, "You need to put me in the yard of flowers. They give out food and water." 

Lily worked very hard every day. She picked up all the flowers and put them in the man's yard. The other people in the house saw how helpful and kind the
    >> The little girl loved to play near the ocean. One day, while she was playing, she got too close to the water and her mother said, "Stay away from the water! It is a fun thing to do." The little girl was scared and did not want to disobey her mother.

The family was walking to the water safely. But then they saw a wave. The little girl said, "Mama, I am so happy I came to see the ocean. I will not be scared and let the water spray me, Mama."

From that day on, the family always stayed away from the ocean. The little girl was able
    >> One sunny day, the boy went to the big tree and began to sit. He watched the clouds in the sky and the birds in the trees as he was eating his breakfast.

As the day went on, the boy and the big tree made more and more happy times. They were always at the same big tree and enjoyed each friendly moment.

    >> In a small village, there lived a kind lady. She loved to take care of her little dog every day. The dog, named Max, was big and soft, like a soft toy. They had many friends in the village, as long as they played together.

One day, the lady and Max went to the big tree in the village. A big tree had fallen down and made a mess of the leaves. Many people were scared and sad when they saw the mess, but they did not say anything. They just stayed and cried. The lady would always be there because Max was their special friend.

But one day, a big storm came and the
    >> The puppy was so excited to see the surprise that he ran as fast and jumped around the room, exploring all the fun things. He especially enjoyed this special day together. 

When it was time for the puppy to go home, he was very happy. With the adventure that was about to take him back home and the fun things he could enjoy.

  [step  105] R=0.3766 | KL=10.935 | beta=0.0997 | 2.4s/step
  [step  110] R=0.4114 | KL=10.720 | beta=0.0945 | 2.3s/step
  [step  115] R=0.4122 | KL=8.539 | beta=0.0896 | 2.3s/step
  [step  120] R=0.3998 | KL=7.565 | beta=0.0835 | 2.3s/step
    >> Once upon a time, there was a rabbit. The rabbit loved to play in the garden. One day, the rabbit saw a piece of wood. The rabbit wanted to play with the wood. The rabbit was impatient and hopped out of the garden. 

The rabbit played with the wood, and the farmer saw. The farmer called the rabbit over to the rabbit. The rabbit was happy to hear this. The farmer showed the rabbit how to play with the wood. They laughed and had fun together. The rabbit learned to play with the wood and the farmer learned to play with the other animals.

    >> The little girl loved to play with the animals in the spring. They would run and jump and play together. The animals were happy and they were always there to help.

    >> One sunny day, the boy went to the beach, and the sea seemed to reach the sky. The little girl was playing with an ice cream she was eating up the trees and the little boy and his friends. They were all so happy to watch and the little girl laughed with joy. 

Eventually, it was time to go home. As they said goodbye, the boy could not stop smiling. He was so excited for it to end early. The sky was still there, but the little girl and her friends were happy.

The day was over, and the sky was still big and purple. The day was still the best of days with the boy
    >> In a small village, there lived a girl who loved to play with her toys. She was very brave, and found many new things every day. She liked to try new things, but also liked to stay inside and play.

As she played, she also liked to find new and new places to play. She liked to play with the trees that were green and tall. She liked to hide at the top of the trees and jump from place to place. The little girl was very happy and made many fun games.

One day, the girl met a new friend in her mind, named Tom. They played with the green blocks together. They laughed and had
    >> The puppy was so excited to be with mommy! She was happy to be back with her and safe.

  [step  125] R=0.3893 | KL=9.662 | beta=0.0849 | 2.3s/step
  [step  130] R=0.4476 | KL=9.531 | beta=0.0834 | 2.4s/step
  [step  135] R=0.4557 | KL=13.863 | beta=0.0872 | 2.3s/step
  [step  140] R=0.4333 | KL=9.262 | beta=0.0916 | 2.3s/step
    >> Once upon a time, there was a little girl named Lily. She loved to play outside in the sun, but one day it started to rain. Lily didn't mind the rain because she loved to splash in it. She was a big girl and wanted to play in the rain too.

    >> The little girl loved to ride her bike in the park. She loved the trees, the flowers, and the birds. One day, she decided to explore a big space with rocks and a river. She climbed onto her bike and rode through the park. 

She enjoyed the space and felt very excited. The sky was so big and blue and she felt like she could ride forever. It was the perfect ending to a perfect day.

    >> One sunny day, the boy went outside. He saw a nice big puddle. He thought it was very shiny. The boy was so happy and smiled at the clear water.

The boy splashed and played in the clean water. He laughed and had so much fun. The other kids joined him too. They all had a great day in the park.

    >> In a small village, there lived a little girl named Emma. She loved to perform for her friends and family. They were very happy.

One day, Emma made an order. She said, "I will make a new, tasty treat for everyone!" All her friends were happy to help.

Emma and her friends made a big, tasty treat. It was so big, they all ate it together. They were so happy with the tasty treat. And that was the end of the delicious day for everyone and many happy.

    >> The puppy was so excited to get some food! He tried eating and playing, having his favorite way of catching. He had so much fun!

The end.

  [step  145] R=0.3957 | KL=9.918 | beta=0.0945 | 2.3s/step
  [step  150] R=0.3651 | KL=10.648 | beta=0.0986 | 2.4s/step
  [step  155] R=0.4739 | KL=10.060 | beta=0.0979 | 2.3s/step
  [step  160] R=0.4542 | KL=9.475 | beta=0.0961 | 2.4s/step
    >> Once upon a time, there was a boy who liked to drive. He would drive and drive until he got to the beach. He loved to go fast and it made him happy.

One day, the boy was driving down the road, but he was getting very tired. He decided to take a break and had dinner. After he finished, he went back the next day and drove down the way again. The boy was very happy that he had a fun day at the beach.

    >> The little girl loved to eat spicy food and every night she would have her mouth open for it. One day, the little girl was eating a very spicy snack when she heard a loud noise outside. She peeked over the fence and saw her friend, a squirrel, jumping from tree to tree in the sky. 

The little girl ran outside to meet her friend, but when she got there, she saw that the squirrel had left a tip of a spicy acorn on the ground. When the little girl picked it up, it was the same, so her friend said it was very yummy. They both laughed and enjoyed their snack together.

    >> One sunny day, the boy went for a walk. He met a squirrel on the way and the squirrel said the boy's name. They started to talk and talked and made the forest prettier. The boy was happy and had a new friend. They talked and talked until the sun went down. The boy said he had to go home now but he knew he could come back and play with his friend again.

    >> In a small village, there lived a little girl named Sarah. She was playing with her toys when one of them ran away. Sarah was angry, so she started to run after it.

Sarah followed the toy and saw it a home. She stopped, and asked, "Oh my! Who is here?"

The door opened, and a friendly dog came in. It had big brown eyes, with a big smile, and said, "Hello Sarah, I'm home." The dog and Sarah spent all afternoon at the house.

The playtime ended and Sarah said, "It's time to go home." The dog thanked Sarah, and gave her
    >> The puppy was so excited to have a new friend and they started to play together. They chased each other and laughed and had a lot of fun together. 

Then, after running around their garden, they both jumped and hugged each other and laughed. They played together, the puppy and the puppy had so much fun. 

Finally, they both got up with a big hug from the puppy and went off to do something else. They continued on to the backyard and were both very happy and content.

  [step  165] R=0.4507 | KL=9.641 | beta=0.0928 | 2.4s/step
  [step  170] R=0.4403 | KL=9.513 | beta=0.0890 | 2.3s/step
  [step  175] R=0.4589 | KL=9.974 | beta=0.0861 | 2.3s/step
  [step  180] R=0.4986 | KL=9.576 | beta=0.0814 | 2.3s/step
    >> Once upon a time, there was a little girl named Lily. She loved to play outside in the park. One day, she went to the park and saw a little boy playing with a stick. She went up to him and said, "Hello! Let's march around and play with our friends!" The boy smiled and said, "Yes, I like that!" So, they marched and sang together.

After a long day, Lily and the little boy were tired. They went to their shelter near a fire. Lily said, "I don't like to be dirty anymore." The little boy nodded and said, "Me too." They played some more and had
    >> The little girl loved to run around and play in the rain. One day, when it was time for a nap, her mommy let her jump up on the floor, which made her smile.

"This is so fun!" she shouted as she jumped up and down. She jumped so high, the carpet beneath her feet made a zigzag pattern as she enjoyed it. 

Her mom joined her at the end and the little girl laughed and giggled as they jumped and played together. 

When it was time for a nap, the happy little girl put her toes up on the couch and snuggled inside her cozy bed
    >> One sunny day, the boy went outside and noticed something he had never seen before. He saw a patch of colourful flowers all around the garden. They were so beautiful that the boy smiled. He could see that all his friends were happy too.

He loved that moment of fun and laughter and he knew that he wouldn't forget this special day. He was so happy and he knew the joy of going outside with the flowers every day. He thanked the kind patch of flowers for letting him have so much fun and enjoyed this wonderful day.

    >> In a small village, there lived a little girl named Lucy. She lived there with her Mama and Papa. She always wore her orange dress whenever she visited the village. Everyone loved to play with her and share their happiness.

One day, Lucy's Mama said, "Lucy, do not forget to help Papa. The village needs help to take care of the animals." Lucy wanted to do it. She put a basket up to the animals and made a promise to never forget. She said, " Mama and Papa, you are all so wise. I do not regret helping him."

Lucy's Mama, Papa, and the animals thanked her. They
    >> The puppy was so excited to start playing with his owner and the little dog was so happy. They did a big play with more leaves until the sun went down and it was time for bed.

  [step  185] R=0.4392 | KL=10.648 | beta=0.0797 | 2.7s/step

======================================================================
  Done: 186 steps in 445s (2.4s/step avg)
======================================================================

======================================================================
  SUMMARY — ppo_epochs/ppo_e1_lr1e6
======================================================================
  Total steps:    186
  Final R (avg):  0.4417
  Peak R:         0.4986
  Final KL (avg): 9.402
  Final beta:     0.0797
--- Step 0 ---
  Once upon a time, there was a curious little girl named Lily. One day, she went to the park with her mom and saw her friends playing on the swings. Lily wanted to join them, but her mom told her to wait for her turn.

Suddenly, Lily saw a boy being rude to his sister. He ran and slapped his sister's hand. Lily knew that wasn't nice, so she told her mom. Her mom explained that it's important to be kind to others and not be rude.

The moral of the story is that we should always be kind to others and not get hurt.

  The little girl loved to explore and feel the big blue ocean. One day she decided to go to the beach. When she got there she had lots of fun. She found shells in the sand and dug deep in the sand. Then she discovered her hat! It was so bright and white, almost like a rainbow. She put it on, and went for a swim. It was such a big, fun adventure!

The little girl splashed around for lots of hours. Then all of a sudden she heard a noise. It was a fierce, deep roar! She was scared and wanted to come back to shore. So she quickly got her swimsuit
  One sunny day, the boy went to the train station. He had a bag loaded with delicious things. He was very excited. 

The boy saw a group of people talking and standing around a big train. He liked it and wanted to go on it too. 

The boy asked the conductor, "Can I go on the train?" The conductor smiled and said, "Of course you can. Come on, be safe and have fun!" 

The boy was so happy. He loaded up the train with the delicious food so he could go on the train. 

He enjoyed the ride. He waved goodbye to everyone before leaving town
  In a small village, there lived a boy named Tim. Tim had a toy fork. He loved to play with his fork all day long. He would use it to eat his food, even when he was not supposed to.

One day, while playing outside with his fork, Tim fell down and got a big cut. His mom saw the cut and said, "Oh no, Tim! Your fork is so big and sticky. We need to use it to make a clean home for your toy fork."

Tim's mom helped him tie the fork to a cloth and they went inside. They put the cloth on the table with the fork, made a warm
  The puppy was so excited to see her new friend. He wanted to play too, but couldn't come over the long grass. He was feeling very uncomfortable.

Suddenly, a soft voice came from the puppy's paw. "Let's go for a walk," said the voice.

The dog and the puppy started walking together, through the forest and down the long grass. All through the warm summer air brought them to a new place - the place of a special surprise!

The puppy couldn't wait to explore. The puppy was so excited. He hopped and jumped and laughed all day long. 

He enjoyed his new life, and
--- Step 20 ---
  Once upon a time, there was a fat chicken. He was living in the barn and was very content. He was a very content chicken and he never wanted to leave the barn. Everyone looked on in awe of his fluffy white feathers and they asked the farmer to take the chicken to the woods there.

The farmer and his animals made his way to the woods. The animals wanted the farmer to take it. He wanted the chicken, so he asked in a loud voice, and promised to bring another chicken-filled basket.

The farmer looked at the other farmer and said, "Okay, I'll take some food with me to the woods. But I will
  The little girl loved to play with her marbles every day. She loved picking up pink, round and square. She was also very alert and watched for marbles when throwing them.
Soon, the marbles had lots of little balls. They would go up tight and then play a game. The marbles would go a little game where they spun around and roll around the room.
Mum cheered every time the marbles would come out. She was so proud that she had so much fun with the little marbles.
At the end of the day, the little girl was happy with her game. They all laughed and hugged one another, and
  One sunny day, the boy went to the park to play. He saw a large bird and thought it wanted to help. So, the boy thought of a plan and carefully put it closer to the bird.

The bird was so happy it could now rest its wings. When it was over, the boy was happy too! He decided to take the bird home with him in his basket.

The bird was so thankful and gave the boy a big hug. They were both so happy and soon became best friends. The boy and the bird played together every day and, when it was time for the bird to rest, the boy would take it back to the
  In a small village, there lived a three-year-old named Peter. One day, Peter's mom said, "We're going for a walk!" Peter was so happy that he ran out to the open field.

In the distance, Peter saw a big brown tree. He looked up at it and asked his mom, "What's that?"
"That's a tree," his mom said. "We use it to give shade to the animals."

Peter was so impressed with the tree. He wanted to get even closer. He wanted to see if he could climb the tree. So his mom said, "Yes, that's a great idea
  The puppy was so excited to see the puppy that he started to bark. 

The puppy had a surprise. In one of his arms he had found a stick. The puppy was so grateful. He hopped over to his owner and the puppy hugged him tight. 

The parents were so proud of their loyal pup. They all lived happily ever after!

--- Step 40 ---
  Once upon a time, there was a naughty dog named Max. Max liked to eat waste. He would play with it all day long. Max's mom said, "Max, please don't eat waste."

One day, Max saw a bird. He wanted to eat the bird. But his mom said, "No, Max. Save it."

So Max listened to his mom and stopped eating waste. He went back to playing with the big bird. And they all lived happily ever after.

  The little girl loved to use her eraser to draw pictures. She would make funny shapes and animals. She loved to use her eraser to make her pictures strong and special.

One day, the little girl was playing with her eraser on the wall and her drawings came to life. Her mother was surprised to see how powerful her eraser was. She wanted to make it happen, but the little girl was so proud of her pictures. 

The little girl was amazed at how powerful her eraser could make anything she could get. She took the eraser and made all her drawings and shapes so strong it was. 

The
  One sunny day, the boy went outside that he met a bird flying high in the sky. The boy said, "Hello! Why don't you fly up and join me in the sky? I have lots of colorful feathers and you want to be my friend."

The bird said, "Are you a friend to play with?" The boy said, "Yes!"

The bird flew down and picked the boy up and gave him the colorful feathers as a gift. The boy was so happy - he played with the colorful feathers all day. 

The end.

  In a small village, there lived a wealthy man and two young children. One day, the children were running and laughing a lot, and the man was laughing with his friends. 

The man went to the pond, and they splashed and drank water from the pond. He had lots of food around him to snack on.
 
The woman showed the children the best seat on the table. The children were so happy that the man had such beautiful and healthy drinks. 

The man and the village all lived happily ever after.

  The puppy was so excited to see the new puppy he started to run. He wanted to play with the puppy but he could not because there was gas.

So instead, if he wanted to stay still he started to bark. He got so happy when he was barking in the garden that made other puppies stop and run. After a while, the puppy was happy once again and all the puppies hugged him tight.

The puppy was happy again. From then on, the puppy and the puppy were always together. The puppy would always sit on his back legs in the garden and bark for fun. The little puppy was always happy again.

--- Step 60 ---
  Once upon a time, there was a little dog named Bobo. Bobo loved to race with his friends. One morning, he was ready to race.

Bobo started with his friends. They all went to the race. But a mean cat named Mimi came. Mimi said, "We can't race with that!" This made Bobo sad.

The day was hard for Bobo and his friends. But Toto, Bobo, was brave for trying to race. They said, "We are sorry, Mimi and Bobo are still friends, even if they are a bit different. We all have different will and we want to
  The little girl loved to use her creative magic wand. She would use it to do fun things like play and use her imagination. But one day, she accidentally forgot her wand at home and she couldn't find it. The little fairy felt very sad and knew she needed to go back home.

  One sunny day, the boy went outside and spread his toys from his bed on the carpet. Mom and dad came to find him. They were so happy to see him. They said he did a great job. The boy and his toys played for a long time.

  In a small village, there lived a brave lion. The lion did not like to play tricks on his friends. He felt sad about the victory. So, the lion had an idea to separate from all his friends in a way that was too big.

The lion and elephant talked to each other. The cat said, "Let's help each other, then that you stay with us all. But don't worry, we can all play together as a team."

The team agreed, and the lion helped the cat find a way to separate. He used his strong body to help the lion jump high. Now, all the other animals in the village were happy
  The puppy was so excited to go out exploring. He ran in and out of the house, wagging his tail. He did happy to see all the other animals. The adventure was great, and he was so glad he was loyal enough to come out!

--- Step 80 ---
  Once upon a time, there was a dog named Max. Max was very happy playing with his toys, but he was also lonely because he did not have any friends to play with. He wanted to make a new friend, but he just couldn't find someone to play with.

One night, Max was feeling very sad because he remembered his mother he had been trying to have fun. So, he decided to go outside and play with his new toy. At first, but soon he was wagging his tail with excitement. He found a new friend by the toy and they played together all night long.

In the end, Max realized that even though he was
  The little girl loved to play with the bear every day, and they both enjoyed it so much.

  One sunny day, the boy went outside and sat together in the grass and the birds and bugs. They both watched the sun and the flowers and the butterflies and the frogs and the flowers. They felt happy and free.

At dinner time, the mom served a very special meal. The boy and his mom talked about all the wonderful things they were having. It was such a lovely day, and the two of them were so happy together.

  In a small village, there lived a family of three. The mother, the father, and their three children were very loyal to each other. The children enjoyed playing around the room, always smiling and laughing while they were playing.

The day was quite special, as the family played together in their original home.

One fine day, a small 3-year-old boy came in to the room and he called out to the family. He said, “You're so special because I value you because I knew you were always kind.”

Suddenly, their faces changed and he smiled and said, “I like playing with you. I
  The puppy was so excited to see the big dog and his two best friends, and the one puppy were both very happy.

--- Step 100 ---
  Once upon a time, there was a poor little girl named Lily. She lived in a house with a stove. The stove was big and shiny. 

One day, Lily went to work and met a man. The man asked her to help him with his job. Lily said, "Yes, I will help you. What can I do to help you?" The man said, "You need to put me in the yard of flowers. They give out food and water." 

Lily worked very hard every day. She picked up all the flowers and put them in the man's yard. The other people in the house saw how helpful and kind the
  The little girl loved to play near the ocean. One day, while she was playing, she got too close to the water and her mother said, "Stay away from the water! It is a fun thing to do." The little girl was scared and did not want to disobey her mother.

The family was walking to the water safely. But then they saw a wave. The little girl said, "Mama, I am so happy I came to see the ocean. I will not be scared and let the water spray me, Mama."

From that day on, the family always stayed away from the ocean. The little girl was able
  One sunny day, the boy went to the big tree and began to sit. He watched the clouds in the sky and the birds in the trees as he was eating his breakfast.

As the day went on, the boy and the big tree made more and more happy times. They were always at the same big tree and enjoyed each friendly moment.

  In a small village, there lived a kind lady. She loved to take care of her little dog every day. The dog, named Max, was big and soft, like a soft toy. They had many friends in the village, as long as they played together.

One day, the lady and Max went to the big tree in the village. A big tree had fallen down and made a mess of the leaves. Many people were scared and sad when they saw the mess, but they did not say anything. They just stayed and cried. The lady would always be there because Max was their special friend.

But one day, a big storm came and the
  The puppy was so excited to see the surprise that he ran as fast and jumped around the room, exploring all the fun things. He especially enjoyed this special day together. 

When it was time for the puppy to go home, he was very happy. With the adventure that was about to take him back home and the fun things he could enjoy.

--- Step 120 ---
  Once upon a time, there was a rabbit. The rabbit loved to play in the garden. One day, the rabbit saw a piece of wood. The rabbit wanted to play with the wood. The rabbit was impatient and hopped out of the garden. 

The rabbit played with the wood, and the farmer saw. The farmer called the rabbit over to the rabbit. The rabbit was happy to hear this. The farmer showed the rabbit how to play with the wood. They laughed and had fun together. The rabbit learned to play with the wood and the farmer learned to play with the other animals.

  The little girl loved to play with the animals in the spring. They would run and jump and play together. The animals were happy and they were always there to help.

  One sunny day, the boy went to the beach, and the sea seemed to reach the sky. The little girl was playing with an ice cream she was eating up the trees and the little boy and his friends. They were all so happy to watch and the little girl laughed with joy. 

Eventually, it was time to go home. As they said goodbye, the boy could not stop smiling. He was so excited for it to end early. The sky was still there, but the little girl and her friends were happy.

The day was over, and the sky was still big and purple. The day was still the best of days with the boy
  In a small village, there lived a girl who loved to play with her toys. She was very brave, and found many new things every day. She liked to try new things, but also liked to stay inside and play.

As she played, she also liked to find new and new places to play. She liked to play with the trees that were green and tall. She liked to hide at the top of the trees and jump from place to place. The little girl was very happy and made many fun games.

One day, the girl met a new friend in her mind, named Tom. They played with the green blocks together. They laughed and had
  The puppy was so excited to be with mommy! She was happy to be back with her and safe.

--- Step 140 ---
  Once upon a time, there was a little girl named Lily. She loved to play outside in the sun, but one day it started to rain. Lily didn't mind the rain because she loved to splash in it. She was a big girl and wanted to play in the rain too.

  The little girl loved to ride her bike in the park. She loved the trees, the flowers, and the birds. One day, she decided to explore a big space with rocks and a river. She climbed onto her bike and rode through the park. 

She enjoyed the space and felt very excited. The sky was so big and blue and she felt like she could ride forever. It was the perfect ending to a perfect day.

  One sunny day, the boy went outside. He saw a nice big puddle. He thought it was very shiny. The boy was so happy and smiled at the clear water.

The boy splashed and played in the clean water. He laughed and had so much fun. The other kids joined him too. They all had a great day in the park.

  In a small village, there lived a little girl named Emma. She loved to perform for her friends and family. They were very happy.

One day, Emma made an order. She said, "I will make a new, tasty treat for everyone!" All her friends were happy to help.

Emma and her friends made a big, tasty treat. It was so big, they all ate it together. They were so happy with the tasty treat. And that was the end of the delicious day for everyone and many happy.

  The puppy was so excited to get some food! He tried eating and playing, having his favorite way of catching. He had so much fun!

The end.

--- Step 160 ---
  Once upon a time, there was a boy who liked to drive. He would drive and drive until he got to the beach. He loved to go fast and it made him happy.

One day, the boy was driving down the road, but he was getting very tired. He decided to take a break and had dinner. After he finished, he went back the next day and drove down the way again. The boy was very happy that he had a fun day at the beach.

  The little girl loved to eat spicy food and every night she would have her mouth open for it. One day, the little girl was eating a very spicy snack when she heard a loud noise outside. She peeked over the fence and saw her friend, a squirrel, jumping from tree to tree in the sky. 

The little girl ran outside to meet her friend, but when she got there, she saw that the squirrel had left a tip of a spicy acorn on the ground. When the little girl picked it up, it was the same, so her friend said it was very yummy. They both laughed and enjoyed their snack together.

  One sunny day, the boy went for a walk. He met a squirrel on the way and the squirrel said the boy's name. They started to talk and talked and made the forest prettier. The boy was happy and had a new friend. They talked and talked until the sun went down. The boy said he had to go home now but he knew he could come back and play with his friend again.

  In a small village, there lived a little girl named Sarah. She was playing with her toys when one of them ran away. Sarah was angry, so she started to run after it.

Sarah followed the toy and saw it a home. She stopped, and asked, "Oh my! Who is here?"

The door opened, and a friendly dog came in. It had big brown eyes, with a big smile, and said, "Hello Sarah, I'm home." The dog and Sarah spent all afternoon at the house.

The playtime ended and Sarah said, "It's time to go home." The dog thanked Sarah, and gave her
  The puppy was so excited to have a new friend and they started to play together. They chased each other and laughed and had a lot of fun together. 

Then, after running around their garden, they both jumped and hugged each other and laughed. They played together, the puppy and the puppy had so much fun. 

Finally, they both got up with a big hug from the puppy and went off to do something else. They continued on to the backyard and were both very happy and content.

--- Step 180 ---
  Once upon a time, there was a little girl named Lily. She loved to play outside in the park. One day, she went to the park and saw a little boy playing with a stick. She went up to him and said, "Hello! Let's march around and play with our friends!" The boy smiled and said, "Yes, I like that!" So, they marched and sang together.

After a long day, Lily and the little boy were tired. They went to their shelter near a fire. Lily said, "I don't like to be dirty anymore." The little boy nodded and said, "Me too." They played some more and had
  The little girl loved to run around and play in the rain. One day, when it was time for a nap, her mommy let her jump up on the floor, which made her smile.

"This is so fun!" she shouted as she jumped up and down. She jumped so high, the carpet beneath her feet made a zigzag pattern as she enjoyed it. 

Her mom joined her at the end and the little girl laughed and giggled as they jumped and played together. 

When it was time for a nap, the happy little girl put her toes up on the couch and snuggled inside her cozy bed
  One sunny day, the boy went outside and noticed something he had never seen before. He saw a patch of colourful flowers all around the garden. They were so beautiful that the boy smiled. He could see that all his friends were happy too.

He loved that moment of fun and laughter and he knew that he wouldn't forget this special day. He was so happy and he knew the joy of going outside with the flowers every day. He thanked the kind patch of flowers for letting him have so much fun and enjoyed this wonderful day.

  In a small village, there lived a little girl named Lucy. She lived there with her Mama and Papa. She always wore her orange dress whenever she visited the village. Everyone loved to play with her and share their happiness.

One day, Lucy's Mama said, "Lucy, do not forget to help Papa. The village needs help to take care of the animals." Lucy wanted to do it. She put a basket up to the animals and made a promise to never forget. She said, " Mama and Papa, you are all so wise. I do not regret helping him."

Lucy's Mama, Papa, and the animals thanked her. They
  The puppy was so excited to start playing with his owner and the little dog was so happy. They did a big play with more leaves until the sun went down and it was time for bed.


Plots saved to ./outputs/ppo_epochs/ppo_e1_lr1e6/
